<?xml version="1.0" encoding="UTF-8"?>
<testsuite xmlns:xsi="http://www.w3.org/2001/XMLSchema-instance" xsi:noNamespaceSchemaLocation="https://maven.apache.org/surefire/maven-surefire-plugin/xsd/surefire-test-report-3.0.xsd" version="3.0" name="com.toniferr.spring6restmvc.controller.BeerControllerRestAssuredTest" time="10.491" tests="1" errors="0" skipped="0" failures="0">
  <properties>
    <property name="java.specification.version" value="21"/>
    <property name="sun.jnu.encoding" value="UTF-8"/>
    <property name="java.class.path" value="/home/toniferr/Workspace/peeper-Spring6-rest/target/test-classes:/home/toniferr/Workspace/peeper-Spring6-rest/target/classes:/home/toniferr/.m2/repository/org/springframework/boot/spring-boot-starter-web/3.3.1/spring-boot-starter-web-3.3.1.jar:/home/toniferr/.m2/repository/org/springframework/boot/spring-boot-starter/3.3.1/spring-boot-starter-3.3.1.jar:/home/toniferr/.m2/repository/org/springframework/boot/spring-boot-starter-logging/3.3.1/spring-boot-starter-logging-3.3.1.jar:/home/toniferr/.m2/repository/org/apache/logging/log4j/log4j-to-slf4j/2.23.1/log4j-to-slf4j-2.23.1.jar:/home/toniferr/.m2/repository/org/apache/logging/log4j/log4j-api/2.23.1/log4j-api-2.23.1.jar:/home/toniferr/.m2/repository/org/slf4j/jul-to-slf4j/2.0.13/jul-to-slf4j-2.0.13.jar:/home/toniferr/.m2/repository/jakarta/annotation/jakarta.annotation-api/2.1.1/jakarta.annotation-api-2.1.1.jar:/home/toniferr/.m2/repository/org/yaml/snakeyaml/2.2/snakeyaml-2.2.jar:/home/toniferr/.m2/repository/org/springframework/boot/spring-boot-starter-json/3.3.1/spring-boot-starter-json-3.3.1.jar:/home/toniferr/.m2/repository/com/fasterxml/jackson/datatype/jackson-datatype-jdk8/2.17.1/jackson-datatype-jdk8-2.17.1.jar:/home/toniferr/.m2/repository/com/fasterxml/jackson/datatype/jackson-datatype-jsr310/2.17.1/jackson-datatype-jsr310-2.17.1.jar:/home/toniferr/.m2/repository/com/fasterxml/jackson/module/jackson-module-parameter-names/2.17.1/jackson-module-parameter-names-2.17.1.jar:/home/toniferr/.m2/repository/org/springframework/boot/spring-boot-starter-tomcat/3.3.1/spring-boot-starter-tomcat-3.3.1.jar:/home/toniferr/.m2/repository/org/apache/tomcat/embed/tomcat-embed-core/10.1.25/tomcat-embed-core-10.1.25.jar:/home/toniferr/.m2/repository/org/apache/tomcat/embed/tomcat-embed-websocket/10.1.25/tomcat-embed-websocket-10.1.25.jar:/home/toniferr/.m2/repository/org/springframework/spring-web/6.1.10/spring-web-6.1.10.jar:/home/toniferr/.m2/repository/org/springframework/spring-beans/6.1.10/spring-beans-6.1.10.jar:/home/toniferr/.m2/repository/org/springframework/spring-webmvc/6.1.10/spring-webmvc-6.1.10.jar:/home/toniferr/.m2/repository/org/springframework/spring-context/6.1.10/spring-context-6.1.10.jar:/home/toniferr/.m2/repository/org/springframework/spring-expression/6.1.10/spring-expression-6.1.10.jar:/home/toniferr/.m2/repository/org/projectlombok/lombok/1.18.32/lombok-1.18.32.jar:/home/toniferr/.m2/repository/org/mapstruct/mapstruct/1.5.5.Final/mapstruct-1.5.5.Final.jar:/home/toniferr/.m2/repository/org/springframework/boot/spring-boot-starter-validation/3.3.1/spring-boot-starter-validation-3.3.1.jar:/home/toniferr/.m2/repository/org/apache/tomcat/embed/tomcat-embed-el/10.1.25/tomcat-embed-el-10.1.25.jar:/home/toniferr/.m2/repository/org/hibernate/validator/hibernate-validator/8.0.1.Final/hibernate-validator-8.0.1.Final.jar:/home/toniferr/.m2/repository/jakarta/validation/jakarta.validation-api/3.0.2/jakarta.validation-api-3.0.2.jar:/home/toniferr/.m2/repository/org/jboss/logging/jboss-logging/3.5.3.Final/jboss-logging-3.5.3.Final.jar:/home/toniferr/.m2/repository/com/fasterxml/classmate/1.7.0/classmate-1.7.0.jar:/home/toniferr/.m2/repository/org/springframework/boot/spring-boot-starter-data-jpa/3.3.1/spring-boot-starter-data-jpa-3.3.1.jar:/home/toniferr/.m2/repository/org/springframework/boot/spring-boot-starter-aop/3.3.1/spring-boot-starter-aop-3.3.1.jar:/home/toniferr/.m2/repository/org/aspectj/aspectjweaver/1.9.22/aspectjweaver-1.9.22.jar:/home/toniferr/.m2/repository/org/springframework/boot/spring-boot-starter-jdbc/3.3.1/spring-boot-starter-jdbc-3.3.1.jar:/home/toniferr/.m2/repository/com/zaxxer/HikariCP/5.1.0/HikariCP-5.1.0.jar:/home/toniferr/.m2/repository/org/springframework/spring-jdbc/6.1.10/spring-jdbc-6.1.10.jar:/home/toniferr/.m2/repository/org/hibernate/orm/hibernate-core/6.5.2.Final/hibernate-core-6.5.2.Final.jar:/home/toniferr/.m2/repository/jakarta/persistence/jakarta.persistence-api/3.1.0/jakarta.persistence-api-3.1.0.jar:/home/toniferr/.m2/repository/jakarta/transaction/jakarta.transaction-api/2.0.1/jakarta.transaction-api-2.0.1.jar:/home/toniferr/.m2/repository/org/hibernate/common/hibernate-commons-annotations/6.0.6.Final/hibernate-commons-annotations-6.0.6.Final.jar:/home/toniferr/.m2/repository/io/smallrye/jandex/3.1.2/jandex-3.1.2.jar:/home/toniferr/.m2/repository/net/bytebuddy/byte-buddy/1.14.17/byte-buddy-1.14.17.jar:/home/toniferr/.m2/repository/org/glassfish/jaxb/jaxb-runtime/4.0.5/jaxb-runtime-4.0.5.jar:/home/toniferr/.m2/repository/org/glassfish/jaxb/jaxb-core/4.0.5/jaxb-core-4.0.5.jar:/home/toniferr/.m2/repository/org/eclipse/angus/angus-activation/2.0.2/angus-activation-2.0.2.jar:/home/toniferr/.m2/repository/org/glassfish/jaxb/txw2/4.0.5/txw2-4.0.5.jar:/home/toniferr/.m2/repository/com/sun/istack/istack-commons-runtime/4.1.2/istack-commons-runtime-4.1.2.jar:/home/toniferr/.m2/repository/jakarta/inject/jakarta.inject-api/2.0.1/jakarta.inject-api-2.0.1.jar:/home/toniferr/.m2/repository/org/antlr/antlr4-runtime/4.13.0/antlr4-runtime-4.13.0.jar:/home/toniferr/.m2/repository/org/springframework/data/spring-data-jpa/3.3.1/spring-data-jpa-3.3.1.jar:/home/toniferr/.m2/repository/org/springframework/data/spring-data-commons/3.3.1/spring-data-commons-3.3.1.jar:/home/toniferr/.m2/repository/org/springframework/spring-orm/6.1.10/spring-orm-6.1.10.jar:/home/toniferr/.m2/repository/org/springframework/spring-tx/6.1.10/spring-tx-6.1.10.jar:/home/toniferr/.m2/repository/org/springframework/spring-aspects/6.1.10/spring-aspects-6.1.10.jar:/home/toniferr/.m2/repository/com/mysql/mysql-connector-j/8.3.0/mysql-connector-j-8.3.0.jar:/home/toniferr/.m2/repository/com/h2database/h2/2.2.224/h2-2.2.224.jar:/home/toniferr/.m2/repository/org/flywaydb/flyway-mysql/10.10.0/flyway-mysql-10.10.0.jar:/home/toniferr/.m2/repository/org/flywaydb/flyway-core/10.10.0/flyway-core-10.10.0.jar:/home/toniferr/.m2/repository/com/fasterxml/jackson/dataformat/jackson-dataformat-toml/2.17.1/jackson-dataformat-toml-2.17.1.jar:/home/toniferr/.m2/repository/com/google/code/gson/gson/2.10.1/gson-2.10.1.jar:/home/toniferr/.m2/repository/com/opencsv/opencsv/5.9/opencsv-5.9.jar:/home/toniferr/.m2/repository/org/apache/commons/commons-lang3/3.14.0/commons-lang3-3.14.0.jar:/home/toniferr/.m2/repository/org/apache/commons/commons-text/1.11.0/commons-text-1.11.0.jar:/home/toniferr/.m2/repository/commons-beanutils/commons-beanutils/1.9.4/commons-beanutils-1.9.4.jar:/home/toniferr/.m2/repository/commons-logging/commons-logging/1.2/commons-logging-1.2.jar:/home/toniferr/.m2/repository/commons-collections/commons-collections/3.2.2/commons-collections-3.2.2.jar:/home/toniferr/.m2/repository/org/apache/commons/commons-collections4/4.4/commons-collections4-4.4.jar:/home/toniferr/.m2/repository/org/springframework/boot/spring-boot-devtools/3.3.1/spring-boot-devtools-3.3.1.jar:/home/toniferr/.m2/repository/org/springframework/boot/spring-boot/3.3.1/spring-boot-3.3.1.jar:/home/toniferr/.m2/repository/org/springframework/boot/spring-boot-autoconfigure/3.3.1/spring-boot-autoconfigure-3.3.1.jar:/home/toniferr/.m2/repository/org/springframework/boot/spring-boot-starter-security/3.3.1/spring-boot-starter-security-3.3.1.jar:/home/toniferr/.m2/repository/org/springframework/spring-aop/6.1.10/spring-aop-6.1.10.jar:/home/toniferr/.m2/repository/org/springframework/security/spring-security-config/6.3.1/spring-security-config-6.3.1.jar:/home/toniferr/.m2/repository/org/springframework/security/spring-security-web/6.3.1/spring-security-web-6.3.1.jar:/home/toniferr/.m2/repository/org/springframework/boot/spring-boot-starter-oauth2-resource-server/3.3.1/spring-boot-starter-oauth2-resource-server-3.3.1.jar:/home/toniferr/.m2/repository/org/springframework/security/spring-security-core/6.3.1/spring-security-core-6.3.1.jar:/home/toniferr/.m2/repository/org/springframework/security/spring-security-crypto/6.3.1/spring-security-crypto-6.3.1.jar:/home/toniferr/.m2/repository/org/springframework/security/spring-security-oauth2-resource-server/6.3.1/spring-security-oauth2-resource-server-6.3.1.jar:/home/toniferr/.m2/repository/org/springframework/security/spring-security-oauth2-core/6.3.1/spring-security-oauth2-core-6.3.1.jar:/home/toniferr/.m2/repository/org/springframework/security/spring-security-oauth2-jose/6.3.1/spring-security-oauth2-jose-6.3.1.jar:/home/toniferr/.m2/repository/com/nimbusds/nimbus-jose-jwt/9.37.3/nimbus-jose-jwt-9.37.3.jar:/home/toniferr/.m2/repository/com/github/stephenc/jcip/jcip-annotations/1.0-1/jcip-annotations-1.0-1.jar:/home/toniferr/.m2/repository/org/springdoc/springdoc-openapi-starter-webmvc-ui/2.0.2/springdoc-openapi-starter-webmvc-ui-2.0.2.jar:/home/toniferr/.m2/repository/org/springdoc/springdoc-openapi-starter-webmvc-api/2.0.2/springdoc-openapi-starter-webmvc-api-2.0.2.jar:/home/toniferr/.m2/repository/org/webjars/swagger-ui/4.15.5/swagger-ui-4.15.5.jar:/home/toniferr/.m2/repository/org/webjars/webjars-locator-core/0.58/webjars-locator-core-0.58.jar:/home/toniferr/.m2/repository/io/github/classgraph/classgraph/4.8.149/classgraph-4.8.149.jar:/home/toniferr/.m2/repository/org/springdoc/springdoc-openapi-starter-common/2.0.2/springdoc-openapi-starter-common-2.0.2.jar:/home/toniferr/.m2/repository/io/swagger/core/v3/swagger-core-jakarta/2.2.7/swagger-core-jakarta-2.2.7.jar:/home/toniferr/.m2/repository/io/swagger/core/v3/swagger-annotations-jakarta/2.2.7/swagger-annotations-jakarta-2.2.7.jar:/home/toniferr/.m2/repository/io/swagger/core/v3/swagger-models-jakarta/2.2.7/swagger-models-jakarta-2.2.7.jar:/home/toniferr/.m2/repository/com/fasterxml/jackson/core/jackson-annotations/2.17.1/jackson-annotations-2.17.1.jar:/home/toniferr/.m2/repository/com/fasterxml/jackson/dataformat/jackson-dataformat-yaml/2.17.1/jackson-dataformat-yaml-2.17.1.jar:/home/toniferr/.m2/repository/org/springframework/boot/spring-boot-starter-actuator/3.3.1/spring-boot-starter-actuator-3.3.1.jar:/home/toniferr/.m2/repository/org/springframework/boot/spring-boot-actuator-autoconfigure/3.3.1/spring-boot-actuator-autoconfigure-3.3.1.jar:/home/toniferr/.m2/repository/org/springframework/boot/spring-boot-actuator/3.3.1/spring-boot-actuator-3.3.1.jar:/home/toniferr/.m2/repository/io/micrometer/micrometer-observation/1.13.1/micrometer-observation-1.13.1.jar:/home/toniferr/.m2/repository/io/micrometer/micrometer-commons/1.13.1/micrometer-commons-1.13.1.jar:/home/toniferr/.m2/repository/io/micrometer/micrometer-jakarta9/1.13.1/micrometer-jakarta9-1.13.1.jar:/home/toniferr/.m2/repository/io/micrometer/micrometer-core/1.13.1/micrometer-core-1.13.1.jar:/home/toniferr/.m2/repository/org/hdrhistogram/HdrHistogram/2.2.2/HdrHistogram-2.2.2.jar:/home/toniferr/.m2/repository/org/latencyutils/LatencyUtils/2.0.3/LatencyUtils-2.0.3.jar:/home/toniferr/.m2/repository/org/zalando/logbook-spring-boot-starter/3.8.0/logbook-spring-boot-starter-3.8.0.jar:/home/toniferr/.m2/repository/org/zalando/logbook-spring-boot-autoconfigure/3.8.0/logbook-spring-boot-autoconfigure-3.8.0.jar:/home/toniferr/.m2/repository/org/zalando/logbook-core/3.8.0/logbook-core-3.8.0.jar:/home/toniferr/.m2/repository/org/zalando/logbook-spring/3.8.0/logbook-spring-3.8.0.jar:/home/toniferr/.m2/repository/org/zalando/logbook-servlet/3.8.0/logbook-servlet-3.8.0.jar:/home/toniferr/.m2/repository/org/apiguardian/apiguardian-api/1.1.2/apiguardian-api-1.1.2.jar:/home/toniferr/.m2/repository/org/zalando/faux-pas/0.9.0/faux-pas-0.9.0.jar:/home/toniferr/.m2/repository/com/google/code/findbugs/jsr305/3.0.2/jsr305-3.0.2.jar:/home/toniferr/.m2/repository/org/slf4j/slf4j-api/2.0.13/slf4j-api-2.0.13.jar:/home/toniferr/.m2/repository/net/logstash/logback/logstash-logback-encoder/7.4/logstash-logback-encoder-7.4.jar:/home/toniferr/.m2/repository/com/fasterxml/jackson/core/jackson-databind/2.17.1/jackson-databind-2.17.1.jar:/home/toniferr/.m2/repository/com/fasterxml/jackson/core/jackson-core/2.17.1/jackson-core-2.17.1.jar:/home/toniferr/.m2/repository/org/zalando/logbook-logstash/3.8.0/logbook-logstash-3.8.0.jar:/home/toniferr/.m2/repository/org/zalando/logbook-api/3.8.0/logbook-api-3.8.0.jar:/home/toniferr/.m2/repository/org/zalando/logbook-json/3.8.0/logbook-json-3.8.0.jar:/home/toniferr/.m2/repository/org/zalando/logbook-common/3.8.0/logbook-common-3.8.0.jar:/home/toniferr/.m2/repository/ch/qos/logback/logback-classic/1.5.6/logback-classic-1.5.6.jar:/home/toniferr/.m2/repository/ch/qos/logback/logback-core/1.5.6/logback-core-1.5.6.jar:/home/toniferr/.m2/repository/org/springframework/boot/spring-boot-starter-cache/3.3.1/spring-boot-starter-cache-3.3.1.jar:/home/toniferr/.m2/repository/org/springframework/spring-context-support/6.1.10/spring-context-support-6.1.10.jar:/home/toniferr/.m2/repository/org/springframework/boot/spring-boot-starter-test/3.3.1/spring-boot-starter-test-3.3.1.jar:/home/toniferr/.m2/repository/org/springframework/boot/spring-boot-test/3.3.1/spring-boot-test-3.3.1.jar:/home/toniferr/.m2/repository/org/springframework/boot/spring-boot-test-autoconfigure/3.3.1/spring-boot-test-autoconfigure-3.3.1.jar:/home/toniferr/.m2/repository/com/jayway/jsonpath/json-path/2.9.0/json-path-2.9.0.jar:/home/toniferr/.m2/repository/jakarta/xml/bind/jakarta.xml.bind-api/4.0.2/jakarta.xml.bind-api-4.0.2.jar:/home/toniferr/.m2/repository/jakarta/activation/jakarta.activation-api/2.1.3/jakarta.activation-api-2.1.3.jar:/home/toniferr/.m2/repository/net/minidev/json-smart/2.5.1/json-smart-2.5.1.jar:/home/toniferr/.m2/repository/net/minidev/accessors-smart/2.5.1/accessors-smart-2.5.1.jar:/home/toniferr/.m2/repository/org/ow2/asm/asm/9.6/asm-9.6.jar:/home/toniferr/.m2/repository/org/assertj/assertj-core/3.25.3/assertj-core-3.25.3.jar:/home/toniferr/.m2/repository/org/awaitility/awaitility/4.2.1/awaitility-4.2.1.jar:/home/toniferr/.m2/repository/org/hamcrest/hamcrest/2.2/hamcrest-2.2.jar:/home/toniferr/.m2/repository/org/junit/jupiter/junit-jupiter/5.10.2/junit-jupiter-5.10.2.jar:/home/toniferr/.m2/repository/org/junit/jupiter/junit-jupiter-api/5.10.2/junit-jupiter-api-5.10.2.jar:/home/toniferr/.m2/repository/org/opentest4j/opentest4j/1.3.0/opentest4j-1.3.0.jar:/home/toniferr/.m2/repository/org/junit/platform/junit-platform-commons/1.10.2/junit-platform-commons-1.10.2.jar:/home/toniferr/.m2/repository/org/junit/jupiter/junit-jupiter-params/5.10.2/junit-jupiter-params-5.10.2.jar:/home/toniferr/.m2/repository/org/junit/jupiter/junit-jupiter-engine/5.10.2/junit-jupiter-engine-5.10.2.jar:/home/toniferr/.m2/repository/org/junit/platform/junit-platform-engine/1.10.2/junit-platform-engine-1.10.2.jar:/home/toniferr/.m2/repository/org/mockito/mockito-core/5.11.0/mockito-core-5.11.0.jar:/home/toniferr/.m2/repository/net/bytebuddy/byte-buddy-agent/1.14.17/byte-buddy-agent-1.14.17.jar:/home/toniferr/.m2/repository/org/objenesis/objenesis/3.3/objenesis-3.3.jar:/home/toniferr/.m2/repository/org/mockito/mockito-junit-jupiter/5.11.0/mockito-junit-jupiter-5.11.0.jar:/home/toniferr/.m2/repository/org/skyscreamer/jsonassert/1.5.1/jsonassert-1.5.1.jar:/home/toniferr/.m2/repository/com/vaadin/external/google/android-json/0.0.20131108.vaadin1/android-json-0.0.20131108.vaadin1.jar:/home/toniferr/.m2/repository/org/springframework/spring-core/6.1.10/spring-core-6.1.10.jar:/home/toniferr/.m2/repository/org/springframework/spring-jcl/6.1.10/spring-jcl-6.1.10.jar:/home/toniferr/.m2/repository/org/springframework/spring-test/6.1.10/spring-test-6.1.10.jar:/home/toniferr/.m2/repository/org/xmlunit/xmlunit-core/2.9.1/xmlunit-core-2.9.1.jar:/home/toniferr/.m2/repository/org/springframework/security/spring-security-test/6.3.1/spring-security-test-6.3.1.jar:/home/toniferr/.m2/repository/io/rest-assured/rest-assured/5.4.0/rest-assured-5.4.0.jar:/home/toniferr/.m2/repository/org/apache/groovy/groovy/4.0.21/groovy-4.0.21.jar:/home/toniferr/.m2/repository/org/apache/groovy/groovy-xml/4.0.21/groovy-xml-4.0.21.jar:/home/toniferr/.m2/repository/org/apache/httpcomponents/httpclient/4.5.13/httpclient-4.5.13.jar:/home/toniferr/.m2/repository/org/apache/httpcomponents/httpcore/4.4.16/httpcore-4.4.16.jar:/home/toniferr/.m2/repository/commons-codec/commons-codec/1.16.1/commons-codec-1.16.1.jar:/home/toniferr/.m2/repository/org/apache/httpcomponents/httpmime/4.5.13/httpmime-4.5.13.jar:/home/toniferr/.m2/repository/org/ccil/cowan/tagsoup/tagsoup/1.2.1/tagsoup-1.2.1.jar:/home/toniferr/.m2/repository/io/rest-assured/json-path/5.4.0/json-path-5.4.0.jar:/home/toniferr/.m2/repository/org/apache/groovy/groovy-json/4.0.21/groovy-json-4.0.21.jar:/home/toniferr/.m2/repository/io/rest-assured/rest-assured-common/5.4.0/rest-assured-common-5.4.0.jar:/home/toniferr/.m2/repository/io/rest-assured/xml-path/5.4.0/xml-path-5.4.0.jar:/home/toniferr/.m2/repository/com/atlassian/oai/swagger-request-validator-restassured/2.40.0/swagger-request-validator-restassured-2.40.0.jar:/home/toniferr/.m2/repository/com/atlassian/oai/swagger-request-validator-core/2.40.0/swagger-request-validator-core-2.40.0.jar:/home/toniferr/.m2/repository/io/swagger/parser/v3/swagger-parser/2.1.20/swagger-parser-2.1.20.jar:/home/toniferr/.m2/repository/io/swagger/parser/v3/swagger-parser-v2-converter/2.1.20/swagger-parser-v2-converter-2.1.20.jar:/home/toniferr/.m2/repository/io/swagger/swagger-core/1.6.12/swagger-core-1.6.12.jar:/home/toniferr/.m2/repository/io/swagger/swagger-models/1.6.12/swagger-models-1.6.12.jar:/home/toniferr/.m2/repository/io/swagger/swagger-annotations/1.6.12/swagger-annotations-1.6.12.jar:/home/toniferr/.m2/repository/io/swagger/swagger-parser/1.0.69/swagger-parser-1.0.69.jar:/home/toniferr/.m2/repository/io/swagger/swagger-parser-safe-url-resolver/1.0.69/swagger-parser-safe-url-resolver-1.0.69.jar:/home/toniferr/.m2/repository/io/swagger/swagger-compat-spec-parser/1.0.69/swagger-compat-spec-parser-1.0.69.jar:/home/toniferr/.m2/repository/com/github/java-json-tools/json-patch/1.13/json-patch-1.13.jar:/home/toniferr/.m2/repository/io/swagger/core/v3/swagger-models/2.2.20/swagger-models-2.2.20.jar:/home/toniferr/.m2/repository/io/swagger/parser/v3/swagger-parser-core/2.1.20/swagger-parser-core-2.1.20.jar:/home/toniferr/.m2/repository/io/swagger/parser/v3/swagger-parser-v3/2.1.20/swagger-parser-v3-2.1.20.jar:/home/toniferr/.m2/repository/io/swagger/core/v3/swagger-core/2.2.20/swagger-core-2.2.20.jar:/home/toniferr/.m2/repository/io/swagger/core/v3/swagger-annotations/2.2.20/swagger-annotations-2.2.20.jar:/home/toniferr/.m2/repository/io/swagger/parser/v3/swagger-parser-safe-url-resolver/2.1.20/swagger-parser-safe-url-resolver-2.1.20.jar:/home/toniferr/.m2/repository/commons-io/commons-io/2.15.1/commons-io-2.15.1.jar:/home/toniferr/.m2/repository/com/github/java-json-tools/json-schema-validator/2.2.14/json-schema-validator-2.2.14.jar:/home/toniferr/.m2/repository/com/github/java-json-tools/jackson-coreutils-equivalence/1.0/jackson-coreutils-equivalence-1.0.jar:/home/toniferr/.m2/repository/com/github/java-json-tools/jackson-coreutils/2.0/jackson-coreutils-2.0.jar:/home/toniferr/.m2/repository/com/github/java-json-tools/msg-simple/1.2/msg-simple-1.2.jar:/home/toniferr/.m2/repository/com/github/java-json-tools/btf/1.3/btf-1.3.jar:/home/toniferr/.m2/repository/com/github/java-json-tools/json-schema-core/1.2.14/json-schema-core-1.2.14.jar:/home/toniferr/.m2/repository/com/github/java-json-tools/uri-template/0.10/uri-template-0.10.jar:/home/toniferr/.m2/repository/org/mozilla/rhino/1.7.7.2/rhino-1.7.7.2.jar:/home/toniferr/.m2/repository/com/sun/mail/mailapi/1.6.2/mailapi-1.6.2.jar:/home/toniferr/.m2/repository/joda-time/joda-time/2.10.5/joda-time-2.10.5.jar:/home/toniferr/.m2/repository/com/googlecode/libphonenumber/libphonenumber/8.11.1/libphonenumber-8.11.1.jar:/home/toniferr/.m2/repository/net/sf/jopt-simple/jopt-simple/5.0.4/jopt-simple-5.0.4.jar:/home/toniferr/.m2/repository/com/google/guava/guava/33.0.0-jre/guava-33.0.0-jre.jar:/home/toniferr/.m2/repository/com/google/guava/failureaccess/1.0.2/failureaccess-1.0.2.jar:/home/toniferr/.m2/repository/com/google/guava/listenablefuture/9999.0-empty-to-avoid-conflict-with-guava/listenablefuture-9999.0-empty-to-avoid-conflict-with-guava.jar:/home/toniferr/.m2/repository/org/checkerframework/checker-qual/3.41.0/checker-qual-3.41.0.jar:/home/toniferr/.m2/repository/com/google/errorprone/error_prone_annotations/2.23.0/error_prone_annotations-2.23.0.jar:/home/toniferr/.m2/repository/com/google/j2objc/j2objc-annotations/2.8/j2objc-annotations-2.8.jar:"/>
    <property name="java.vm.vendor" value="Oracle Corporation"/>
    <property name="sun.arch.data.model" value="64"/>
    <property name="java.vendor.url" value="https://java.oracle.com/"/>
    <property name="catalina.useNaming" value="false"/>
    <property name="user.timezone" value="Europe/Madrid"/>
    <property name="org.jboss.logging.provider" value="slf4j"/>
    <property name="os.name" value="Linux"/>
    <property name="java.vm.specification.version" value="21"/>
    <property name="sun.java.launcher" value="SUN_STANDARD"/>
    <property name="user.country" value="ES"/>
    <property name="sun.boot.library.path" value="/home/toniferr/Software/jdk-21.0.3/lib"/>
    <property name="sun.java.command" value="/home/toniferr/Workspace/peeper-Spring6-rest/target/surefire/surefirebooter-20240628094700206_3.jar /home/toniferr/Workspace/peeper-Spring6-rest/target/surefire 2024-06-28T09-47-00_067-jvmRun1 surefire-20240628094700206_1tmp surefire_0-20240628094700206_2tmp"/>
    <property name="jdk.debug" value="release"/>
    <property name="surefire.test.class.path" value="/home/toniferr/Workspace/peeper-Spring6-rest/target/test-classes:/home/toniferr/Workspace/peeper-Spring6-rest/target/classes:/home/toniferr/.m2/repository/org/springframework/boot/spring-boot-starter-web/3.3.1/spring-boot-starter-web-3.3.1.jar:/home/toniferr/.m2/repository/org/springframework/boot/spring-boot-starter/3.3.1/spring-boot-starter-3.3.1.jar:/home/toniferr/.m2/repository/org/springframework/boot/spring-boot-starter-logging/3.3.1/spring-boot-starter-logging-3.3.1.jar:/home/toniferr/.m2/repository/org/apache/logging/log4j/log4j-to-slf4j/2.23.1/log4j-to-slf4j-2.23.1.jar:/home/toniferr/.m2/repository/org/apache/logging/log4j/log4j-api/2.23.1/log4j-api-2.23.1.jar:/home/toniferr/.m2/repository/org/slf4j/jul-to-slf4j/2.0.13/jul-to-slf4j-2.0.13.jar:/home/toniferr/.m2/repository/jakarta/annotation/jakarta.annotation-api/2.1.1/jakarta.annotation-api-2.1.1.jar:/home/toniferr/.m2/repository/org/yaml/snakeyaml/2.2/snakeyaml-2.2.jar:/home/toniferr/.m2/repository/org/springframework/boot/spring-boot-starter-json/3.3.1/spring-boot-starter-json-3.3.1.jar:/home/toniferr/.m2/repository/com/fasterxml/jackson/datatype/jackson-datatype-jdk8/2.17.1/jackson-datatype-jdk8-2.17.1.jar:/home/toniferr/.m2/repository/com/fasterxml/jackson/datatype/jackson-datatype-jsr310/2.17.1/jackson-datatype-jsr310-2.17.1.jar:/home/toniferr/.m2/repository/com/fasterxml/jackson/module/jackson-module-parameter-names/2.17.1/jackson-module-parameter-names-2.17.1.jar:/home/toniferr/.m2/repository/org/springframework/boot/spring-boot-starter-tomcat/3.3.1/spring-boot-starter-tomcat-3.3.1.jar:/home/toniferr/.m2/repository/org/apache/tomcat/embed/tomcat-embed-core/10.1.25/tomcat-embed-core-10.1.25.jar:/home/toniferr/.m2/repository/org/apache/tomcat/embed/tomcat-embed-websocket/10.1.25/tomcat-embed-websocket-10.1.25.jar:/home/toniferr/.m2/repository/org/springframework/spring-web/6.1.10/spring-web-6.1.10.jar:/home/toniferr/.m2/repository/org/springframework/spring-beans/6.1.10/spring-beans-6.1.10.jar:/home/toniferr/.m2/repository/org/springframework/spring-webmvc/6.1.10/spring-webmvc-6.1.10.jar:/home/toniferr/.m2/repository/org/springframework/spring-context/6.1.10/spring-context-6.1.10.jar:/home/toniferr/.m2/repository/org/springframework/spring-expression/6.1.10/spring-expression-6.1.10.jar:/home/toniferr/.m2/repository/org/projectlombok/lombok/1.18.32/lombok-1.18.32.jar:/home/toniferr/.m2/repository/org/mapstruct/mapstruct/1.5.5.Final/mapstruct-1.5.5.Final.jar:/home/toniferr/.m2/repository/org/springframework/boot/spring-boot-starter-validation/3.3.1/spring-boot-starter-validation-3.3.1.jar:/home/toniferr/.m2/repository/org/apache/tomcat/embed/tomcat-embed-el/10.1.25/tomcat-embed-el-10.1.25.jar:/home/toniferr/.m2/repository/org/hibernate/validator/hibernate-validator/8.0.1.Final/hibernate-validator-8.0.1.Final.jar:/home/toniferr/.m2/repository/jakarta/validation/jakarta.validation-api/3.0.2/jakarta.validation-api-3.0.2.jar:/home/toniferr/.m2/repository/org/jboss/logging/jboss-logging/3.5.3.Final/jboss-logging-3.5.3.Final.jar:/home/toniferr/.m2/repository/com/fasterxml/classmate/1.7.0/classmate-1.7.0.jar:/home/toniferr/.m2/repository/org/springframework/boot/spring-boot-starter-data-jpa/3.3.1/spring-boot-starter-data-jpa-3.3.1.jar:/home/toniferr/.m2/repository/org/springframework/boot/spring-boot-starter-aop/3.3.1/spring-boot-starter-aop-3.3.1.jar:/home/toniferr/.m2/repository/org/aspectj/aspectjweaver/1.9.22/aspectjweaver-1.9.22.jar:/home/toniferr/.m2/repository/org/springframework/boot/spring-boot-starter-jdbc/3.3.1/spring-boot-starter-jdbc-3.3.1.jar:/home/toniferr/.m2/repository/com/zaxxer/HikariCP/5.1.0/HikariCP-5.1.0.jar:/home/toniferr/.m2/repository/org/springframework/spring-jdbc/6.1.10/spring-jdbc-6.1.10.jar:/home/toniferr/.m2/repository/org/hibernate/orm/hibernate-core/6.5.2.Final/hibernate-core-6.5.2.Final.jar:/home/toniferr/.m2/repository/jakarta/persistence/jakarta.persistence-api/3.1.0/jakarta.persistence-api-3.1.0.jar:/home/toniferr/.m2/repository/jakarta/transaction/jakarta.transaction-api/2.0.1/jakarta.transaction-api-2.0.1.jar:/home/toniferr/.m2/repository/org/hibernate/common/hibernate-commons-annotations/6.0.6.Final/hibernate-commons-annotations-6.0.6.Final.jar:/home/toniferr/.m2/repository/io/smallrye/jandex/3.1.2/jandex-3.1.2.jar:/home/toniferr/.m2/repository/net/bytebuddy/byte-buddy/1.14.17/byte-buddy-1.14.17.jar:/home/toniferr/.m2/repository/org/glassfish/jaxb/jaxb-runtime/4.0.5/jaxb-runtime-4.0.5.jar:/home/toniferr/.m2/repository/org/glassfish/jaxb/jaxb-core/4.0.5/jaxb-core-4.0.5.jar:/home/toniferr/.m2/repository/org/eclipse/angus/angus-activation/2.0.2/angus-activation-2.0.2.jar:/home/toniferr/.m2/repository/org/glassfish/jaxb/txw2/4.0.5/txw2-4.0.5.jar:/home/toniferr/.m2/repository/com/sun/istack/istack-commons-runtime/4.1.2/istack-commons-runtime-4.1.2.jar:/home/toniferr/.m2/repository/jakarta/inject/jakarta.inject-api/2.0.1/jakarta.inject-api-2.0.1.jar:/home/toniferr/.m2/repository/org/antlr/antlr4-runtime/4.13.0/antlr4-runtime-4.13.0.jar:/home/toniferr/.m2/repository/org/springframework/data/spring-data-jpa/3.3.1/spring-data-jpa-3.3.1.jar:/home/toniferr/.m2/repository/org/springframework/data/spring-data-commons/3.3.1/spring-data-commons-3.3.1.jar:/home/toniferr/.m2/repository/org/springframework/spring-orm/6.1.10/spring-orm-6.1.10.jar:/home/toniferr/.m2/repository/org/springframework/spring-tx/6.1.10/spring-tx-6.1.10.jar:/home/toniferr/.m2/repository/org/springframework/spring-aspects/6.1.10/spring-aspects-6.1.10.jar:/home/toniferr/.m2/repository/com/mysql/mysql-connector-j/8.3.0/mysql-connector-j-8.3.0.jar:/home/toniferr/.m2/repository/com/h2database/h2/2.2.224/h2-2.2.224.jar:/home/toniferr/.m2/repository/org/flywaydb/flyway-mysql/10.10.0/flyway-mysql-10.10.0.jar:/home/toniferr/.m2/repository/org/flywaydb/flyway-core/10.10.0/flyway-core-10.10.0.jar:/home/toniferr/.m2/repository/com/fasterxml/jackson/dataformat/jackson-dataformat-toml/2.17.1/jackson-dataformat-toml-2.17.1.jar:/home/toniferr/.m2/repository/com/google/code/gson/gson/2.10.1/gson-2.10.1.jar:/home/toniferr/.m2/repository/com/opencsv/opencsv/5.9/opencsv-5.9.jar:/home/toniferr/.m2/repository/org/apache/commons/commons-lang3/3.14.0/commons-lang3-3.14.0.jar:/home/toniferr/.m2/repository/org/apache/commons/commons-text/1.11.0/commons-text-1.11.0.jar:/home/toniferr/.m2/repository/commons-beanutils/commons-beanutils/1.9.4/commons-beanutils-1.9.4.jar:/home/toniferr/.m2/repository/commons-logging/commons-logging/1.2/commons-logging-1.2.jar:/home/toniferr/.m2/repository/commons-collections/commons-collections/3.2.2/commons-collections-3.2.2.jar:/home/toniferr/.m2/repository/org/apache/commons/commons-collections4/4.4/commons-collections4-4.4.jar:/home/toniferr/.m2/repository/org/springframework/boot/spring-boot-devtools/3.3.1/spring-boot-devtools-3.3.1.jar:/home/toniferr/.m2/repository/org/springframework/boot/spring-boot/3.3.1/spring-boot-3.3.1.jar:/home/toniferr/.m2/repository/org/springframework/boot/spring-boot-autoconfigure/3.3.1/spring-boot-autoconfigure-3.3.1.jar:/home/toniferr/.m2/repository/org/springframework/boot/spring-boot-starter-security/3.3.1/spring-boot-starter-security-3.3.1.jar:/home/toniferr/.m2/repository/org/springframework/spring-aop/6.1.10/spring-aop-6.1.10.jar:/home/toniferr/.m2/repository/org/springframework/security/spring-security-config/6.3.1/spring-security-config-6.3.1.jar:/home/toniferr/.m2/repository/org/springframework/security/spring-security-web/6.3.1/spring-security-web-6.3.1.jar:/home/toniferr/.m2/repository/org/springframework/boot/spring-boot-starter-oauth2-resource-server/3.3.1/spring-boot-starter-oauth2-resource-server-3.3.1.jar:/home/toniferr/.m2/repository/org/springframework/security/spring-security-core/6.3.1/spring-security-core-6.3.1.jar:/home/toniferr/.m2/repository/org/springframework/security/spring-security-crypto/6.3.1/spring-security-crypto-6.3.1.jar:/home/toniferr/.m2/repository/org/springframework/security/spring-security-oauth2-resource-server/6.3.1/spring-security-oauth2-resource-server-6.3.1.jar:/home/toniferr/.m2/repository/org/springframework/security/spring-security-oauth2-core/6.3.1/spring-security-oauth2-core-6.3.1.jar:/home/toniferr/.m2/repository/org/springframework/security/spring-security-oauth2-jose/6.3.1/spring-security-oauth2-jose-6.3.1.jar:/home/toniferr/.m2/repository/com/nimbusds/nimbus-jose-jwt/9.37.3/nimbus-jose-jwt-9.37.3.jar:/home/toniferr/.m2/repository/com/github/stephenc/jcip/jcip-annotations/1.0-1/jcip-annotations-1.0-1.jar:/home/toniferr/.m2/repository/org/springdoc/springdoc-openapi-starter-webmvc-ui/2.0.2/springdoc-openapi-starter-webmvc-ui-2.0.2.jar:/home/toniferr/.m2/repository/org/springdoc/springdoc-openapi-starter-webmvc-api/2.0.2/springdoc-openapi-starter-webmvc-api-2.0.2.jar:/home/toniferr/.m2/repository/org/webjars/swagger-ui/4.15.5/swagger-ui-4.15.5.jar:/home/toniferr/.m2/repository/org/webjars/webjars-locator-core/0.58/webjars-locator-core-0.58.jar:/home/toniferr/.m2/repository/io/github/classgraph/classgraph/4.8.149/classgraph-4.8.149.jar:/home/toniferr/.m2/repository/org/springdoc/springdoc-openapi-starter-common/2.0.2/springdoc-openapi-starter-common-2.0.2.jar:/home/toniferr/.m2/repository/io/swagger/core/v3/swagger-core-jakarta/2.2.7/swagger-core-jakarta-2.2.7.jar:/home/toniferr/.m2/repository/io/swagger/core/v3/swagger-annotations-jakarta/2.2.7/swagger-annotations-jakarta-2.2.7.jar:/home/toniferr/.m2/repository/io/swagger/core/v3/swagger-models-jakarta/2.2.7/swagger-models-jakarta-2.2.7.jar:/home/toniferr/.m2/repository/com/fasterxml/jackson/core/jackson-annotations/2.17.1/jackson-annotations-2.17.1.jar:/home/toniferr/.m2/repository/com/fasterxml/jackson/dataformat/jackson-dataformat-yaml/2.17.1/jackson-dataformat-yaml-2.17.1.jar:/home/toniferr/.m2/repository/org/springframework/boot/spring-boot-starter-actuator/3.3.1/spring-boot-starter-actuator-3.3.1.jar:/home/toniferr/.m2/repository/org/springframework/boot/spring-boot-actuator-autoconfigure/3.3.1/spring-boot-actuator-autoconfigure-3.3.1.jar:/home/toniferr/.m2/repository/org/springframework/boot/spring-boot-actuator/3.3.1/spring-boot-actuator-3.3.1.jar:/home/toniferr/.m2/repository/io/micrometer/micrometer-observation/1.13.1/micrometer-observation-1.13.1.jar:/home/toniferr/.m2/repository/io/micrometer/micrometer-commons/1.13.1/micrometer-commons-1.13.1.jar:/home/toniferr/.m2/repository/io/micrometer/micrometer-jakarta9/1.13.1/micrometer-jakarta9-1.13.1.jar:/home/toniferr/.m2/repository/io/micrometer/micrometer-core/1.13.1/micrometer-core-1.13.1.jar:/home/toniferr/.m2/repository/org/hdrhistogram/HdrHistogram/2.2.2/HdrHistogram-2.2.2.jar:/home/toniferr/.m2/repository/org/latencyutils/LatencyUtils/2.0.3/LatencyUtils-2.0.3.jar:/home/toniferr/.m2/repository/org/zalando/logbook-spring-boot-starter/3.8.0/logbook-spring-boot-starter-3.8.0.jar:/home/toniferr/.m2/repository/org/zalando/logbook-spring-boot-autoconfigure/3.8.0/logbook-spring-boot-autoconfigure-3.8.0.jar:/home/toniferr/.m2/repository/org/zalando/logbook-core/3.8.0/logbook-core-3.8.0.jar:/home/toniferr/.m2/repository/org/zalando/logbook-spring/3.8.0/logbook-spring-3.8.0.jar:/home/toniferr/.m2/repository/org/zalando/logbook-servlet/3.8.0/logbook-servlet-3.8.0.jar:/home/toniferr/.m2/repository/org/apiguardian/apiguardian-api/1.1.2/apiguardian-api-1.1.2.jar:/home/toniferr/.m2/repository/org/zalando/faux-pas/0.9.0/faux-pas-0.9.0.jar:/home/toniferr/.m2/repository/com/google/code/findbugs/jsr305/3.0.2/jsr305-3.0.2.jar:/home/toniferr/.m2/repository/org/slf4j/slf4j-api/2.0.13/slf4j-api-2.0.13.jar:/home/toniferr/.m2/repository/net/logstash/logback/logstash-logback-encoder/7.4/logstash-logback-encoder-7.4.jar:/home/toniferr/.m2/repository/com/fasterxml/jackson/core/jackson-databind/2.17.1/jackson-databind-2.17.1.jar:/home/toniferr/.m2/repository/com/fasterxml/jackson/core/jackson-core/2.17.1/jackson-core-2.17.1.jar:/home/toniferr/.m2/repository/org/zalando/logbook-logstash/3.8.0/logbook-logstash-3.8.0.jar:/home/toniferr/.m2/repository/org/zalando/logbook-api/3.8.0/logbook-api-3.8.0.jar:/home/toniferr/.m2/repository/org/zalando/logbook-json/3.8.0/logbook-json-3.8.0.jar:/home/toniferr/.m2/repository/org/zalando/logbook-common/3.8.0/logbook-common-3.8.0.jar:/home/toniferr/.m2/repository/ch/qos/logback/logback-classic/1.5.6/logback-classic-1.5.6.jar:/home/toniferr/.m2/repository/ch/qos/logback/logback-core/1.5.6/logback-core-1.5.6.jar:/home/toniferr/.m2/repository/org/springframework/boot/spring-boot-starter-cache/3.3.1/spring-boot-starter-cache-3.3.1.jar:/home/toniferr/.m2/repository/org/springframework/spring-context-support/6.1.10/spring-context-support-6.1.10.jar:/home/toniferr/.m2/repository/org/springframework/boot/spring-boot-starter-test/3.3.1/spring-boot-starter-test-3.3.1.jar:/home/toniferr/.m2/repository/org/springframework/boot/spring-boot-test/3.3.1/spring-boot-test-3.3.1.jar:/home/toniferr/.m2/repository/org/springframework/boot/spring-boot-test-autoconfigure/3.3.1/spring-boot-test-autoconfigure-3.3.1.jar:/home/toniferr/.m2/repository/com/jayway/jsonpath/json-path/2.9.0/json-path-2.9.0.jar:/home/toniferr/.m2/repository/jakarta/xml/bind/jakarta.xml.bind-api/4.0.2/jakarta.xml.bind-api-4.0.2.jar:/home/toniferr/.m2/repository/jakarta/activation/jakarta.activation-api/2.1.3/jakarta.activation-api-2.1.3.jar:/home/toniferr/.m2/repository/net/minidev/json-smart/2.5.1/json-smart-2.5.1.jar:/home/toniferr/.m2/repository/net/minidev/accessors-smart/2.5.1/accessors-smart-2.5.1.jar:/home/toniferr/.m2/repository/org/ow2/asm/asm/9.6/asm-9.6.jar:/home/toniferr/.m2/repository/org/assertj/assertj-core/3.25.3/assertj-core-3.25.3.jar:/home/toniferr/.m2/repository/org/awaitility/awaitility/4.2.1/awaitility-4.2.1.jar:/home/toniferr/.m2/repository/org/hamcrest/hamcrest/2.2/hamcrest-2.2.jar:/home/toniferr/.m2/repository/org/junit/jupiter/junit-jupiter/5.10.2/junit-jupiter-5.10.2.jar:/home/toniferr/.m2/repository/org/junit/jupiter/junit-jupiter-api/5.10.2/junit-jupiter-api-5.10.2.jar:/home/toniferr/.m2/repository/org/opentest4j/opentest4j/1.3.0/opentest4j-1.3.0.jar:/home/toniferr/.m2/repository/org/junit/platform/junit-platform-commons/1.10.2/junit-platform-commons-1.10.2.jar:/home/toniferr/.m2/repository/org/junit/jupiter/junit-jupiter-params/5.10.2/junit-jupiter-params-5.10.2.jar:/home/toniferr/.m2/repository/org/junit/jupiter/junit-jupiter-engine/5.10.2/junit-jupiter-engine-5.10.2.jar:/home/toniferr/.m2/repository/org/junit/platform/junit-platform-engine/1.10.2/junit-platform-engine-1.10.2.jar:/home/toniferr/.m2/repository/org/mockito/mockito-core/5.11.0/mockito-core-5.11.0.jar:/home/toniferr/.m2/repository/net/bytebuddy/byte-buddy-agent/1.14.17/byte-buddy-agent-1.14.17.jar:/home/toniferr/.m2/repository/org/objenesis/objenesis/3.3/objenesis-3.3.jar:/home/toniferr/.m2/repository/org/mockito/mockito-junit-jupiter/5.11.0/mockito-junit-jupiter-5.11.0.jar:/home/toniferr/.m2/repository/org/skyscreamer/jsonassert/1.5.1/jsonassert-1.5.1.jar:/home/toniferr/.m2/repository/com/vaadin/external/google/android-json/0.0.20131108.vaadin1/android-json-0.0.20131108.vaadin1.jar:/home/toniferr/.m2/repository/org/springframework/spring-core/6.1.10/spring-core-6.1.10.jar:/home/toniferr/.m2/repository/org/springframework/spring-jcl/6.1.10/spring-jcl-6.1.10.jar:/home/toniferr/.m2/repository/org/springframework/spring-test/6.1.10/spring-test-6.1.10.jar:/home/toniferr/.m2/repository/org/xmlunit/xmlunit-core/2.9.1/xmlunit-core-2.9.1.jar:/home/toniferr/.m2/repository/org/springframework/security/spring-security-test/6.3.1/spring-security-test-6.3.1.jar:/home/toniferr/.m2/repository/io/rest-assured/rest-assured/5.4.0/rest-assured-5.4.0.jar:/home/toniferr/.m2/repository/org/apache/groovy/groovy/4.0.21/groovy-4.0.21.jar:/home/toniferr/.m2/repository/org/apache/groovy/groovy-xml/4.0.21/groovy-xml-4.0.21.jar:/home/toniferr/.m2/repository/org/apache/httpcomponents/httpclient/4.5.13/httpclient-4.5.13.jar:/home/toniferr/.m2/repository/org/apache/httpcomponents/httpcore/4.4.16/httpcore-4.4.16.jar:/home/toniferr/.m2/repository/commons-codec/commons-codec/1.16.1/commons-codec-1.16.1.jar:/home/toniferr/.m2/repository/org/apache/httpcomponents/httpmime/4.5.13/httpmime-4.5.13.jar:/home/toniferr/.m2/repository/org/ccil/cowan/tagsoup/tagsoup/1.2.1/tagsoup-1.2.1.jar:/home/toniferr/.m2/repository/io/rest-assured/json-path/5.4.0/json-path-5.4.0.jar:/home/toniferr/.m2/repository/org/apache/groovy/groovy-json/4.0.21/groovy-json-4.0.21.jar:/home/toniferr/.m2/repository/io/rest-assured/rest-assured-common/5.4.0/rest-assured-common-5.4.0.jar:/home/toniferr/.m2/repository/io/rest-assured/xml-path/5.4.0/xml-path-5.4.0.jar:/home/toniferr/.m2/repository/com/atlassian/oai/swagger-request-validator-restassured/2.40.0/swagger-request-validator-restassured-2.40.0.jar:/home/toniferr/.m2/repository/com/atlassian/oai/swagger-request-validator-core/2.40.0/swagger-request-validator-core-2.40.0.jar:/home/toniferr/.m2/repository/io/swagger/parser/v3/swagger-parser/2.1.20/swagger-parser-2.1.20.jar:/home/toniferr/.m2/repository/io/swagger/parser/v3/swagger-parser-v2-converter/2.1.20/swagger-parser-v2-converter-2.1.20.jar:/home/toniferr/.m2/repository/io/swagger/swagger-core/1.6.12/swagger-core-1.6.12.jar:/home/toniferr/.m2/repository/io/swagger/swagger-models/1.6.12/swagger-models-1.6.12.jar:/home/toniferr/.m2/repository/io/swagger/swagger-annotations/1.6.12/swagger-annotations-1.6.12.jar:/home/toniferr/.m2/repository/io/swagger/swagger-parser/1.0.69/swagger-parser-1.0.69.jar:/home/toniferr/.m2/repository/io/swagger/swagger-parser-safe-url-resolver/1.0.69/swagger-parser-safe-url-resolver-1.0.69.jar:/home/toniferr/.m2/repository/io/swagger/swagger-compat-spec-parser/1.0.69/swagger-compat-spec-parser-1.0.69.jar:/home/toniferr/.m2/repository/com/github/java-json-tools/json-patch/1.13/json-patch-1.13.jar:/home/toniferr/.m2/repository/io/swagger/core/v3/swagger-models/2.2.20/swagger-models-2.2.20.jar:/home/toniferr/.m2/repository/io/swagger/parser/v3/swagger-parser-core/2.1.20/swagger-parser-core-2.1.20.jar:/home/toniferr/.m2/repository/io/swagger/parser/v3/swagger-parser-v3/2.1.20/swagger-parser-v3-2.1.20.jar:/home/toniferr/.m2/repository/io/swagger/core/v3/swagger-core/2.2.20/swagger-core-2.2.20.jar:/home/toniferr/.m2/repository/io/swagger/core/v3/swagger-annotations/2.2.20/swagger-annotations-2.2.20.jar:/home/toniferr/.m2/repository/io/swagger/parser/v3/swagger-parser-safe-url-resolver/2.1.20/swagger-parser-safe-url-resolver-2.1.20.jar:/home/toniferr/.m2/repository/commons-io/commons-io/2.15.1/commons-io-2.15.1.jar:/home/toniferr/.m2/repository/com/github/java-json-tools/json-schema-validator/2.2.14/json-schema-validator-2.2.14.jar:/home/toniferr/.m2/repository/com/github/java-json-tools/jackson-coreutils-equivalence/1.0/jackson-coreutils-equivalence-1.0.jar:/home/toniferr/.m2/repository/com/github/java-json-tools/jackson-coreutils/2.0/jackson-coreutils-2.0.jar:/home/toniferr/.m2/repository/com/github/java-json-tools/msg-simple/1.2/msg-simple-1.2.jar:/home/toniferr/.m2/repository/com/github/java-json-tools/btf/1.3/btf-1.3.jar:/home/toniferr/.m2/repository/com/github/java-json-tools/json-schema-core/1.2.14/json-schema-core-1.2.14.jar:/home/toniferr/.m2/repository/com/github/java-json-tools/uri-template/0.10/uri-template-0.10.jar:/home/toniferr/.m2/repository/org/mozilla/rhino/1.7.7.2/rhino-1.7.7.2.jar:/home/toniferr/.m2/repository/com/sun/mail/mailapi/1.6.2/mailapi-1.6.2.jar:/home/toniferr/.m2/repository/joda-time/joda-time/2.10.5/joda-time-2.10.5.jar:/home/toniferr/.m2/repository/com/googlecode/libphonenumber/libphonenumber/8.11.1/libphonenumber-8.11.1.jar:/home/toniferr/.m2/repository/net/sf/jopt-simple/jopt-simple/5.0.4/jopt-simple-5.0.4.jar:/home/toniferr/.m2/repository/com/google/guava/guava/33.0.0-jre/guava-33.0.0-jre.jar:/home/toniferr/.m2/repository/com/google/guava/failureaccess/1.0.2/failureaccess-1.0.2.jar:/home/toniferr/.m2/repository/com/google/guava/listenablefuture/9999.0-empty-to-avoid-conflict-with-guava/listenablefuture-9999.0-empty-to-avoid-conflict-with-guava.jar:/home/toniferr/.m2/repository/org/checkerframework/checker-qual/3.41.0/checker-qual-3.41.0.jar:/home/toniferr/.m2/repository/com/google/errorprone/error_prone_annotations/2.23.0/error_prone_annotations-2.23.0.jar:/home/toniferr/.m2/repository/com/google/j2objc/j2objc-annotations/2.8/j2objc-annotations-2.8.jar:"/>
    <property name="sun.cpu.endian" value="little"/>
    <property name="user.home" value="/home/toniferr"/>
    <property name="user.language" value="es"/>
    <property name="java.specification.vendor" value="Oracle Corporation"/>
    <property name="java.version.date" value="2024-04-16"/>
    <property name="java.home" value="/home/toniferr/Software/jdk-21.0.3"/>
    <property name="file.separator" value="/"/>
    <property name="basedir" value="/home/toniferr/Workspace/peeper-Spring6-rest"/>
    <property name="java.vm.compressedOopsMode" value="32-bit"/>
    <property name="line.separator" value="&#10;"/>
    <property name="java.vm.specification.vendor" value="Oracle Corporation"/>
    <property name="java.specification.name" value="Java Platform API Specification"/>
    <property name="FILE_LOG_CHARSET" value="UTF-8"/>
    <property name="java.awt.headless" value="true"/>
    <property name="surefire.real.class.path" value="/home/toniferr/Workspace/peeper-Spring6-rest/target/surefire/surefirebooter-20240628094700206_3.jar"/>
    <property name="sun.management.compiler" value="HotSpot 64-Bit Tiered Compilers"/>
    <property name="java.runtime.version" value="21.0.3+7-LTS-152"/>
    <property name="user.name" value="toniferr"/>
    <property name="stdout.encoding" value="UTF-8"/>
    <property name="path.separator" value=":"/>
    <property name="os.version" value="6.1.0-21-amd64"/>
    <property name="java.runtime.name" value="Java(TM) SE Runtime Environment"/>
    <property name="file.encoding" value="UTF-8"/>
    <property name="java.vm.name" value="Java HotSpot(TM) 64-Bit Server VM"/>
    <property name="localRepository" value="/home/toniferr/.m2/repository"/>
    <property name="java.vendor.url.bug" value="https://bugreport.java.com/bugreport/"/>
    <property name="java.io.tmpdir" value="/tmp"/>
    <property name="idea.version" value="2024.1.2"/>
    <property name="catalina.home" value="/tmp/tomcat.0.8951767934320717135"/>
    <property name="com.zaxxer.hikari.pool_number" value="1"/>
    <property name="java.version" value="21.0.3"/>
    <property name="user.dir" value="/home/toniferr/Workspace/peeper-Spring6-rest"/>
    <property name="os.arch" value="amd64"/>
    <property name="java.vm.specification.name" value="Java Virtual Machine Specification"/>
    <property name="PID" value="6790"/>
    <property name="CONSOLE_LOG_CHARSET" value="UTF-8"/>
    <property name="catalina.base" value="/tmp/tomcat.0.8951767934320717135"/>
    <property name="native.encoding" value="UTF-8"/>
    <property name="java.library.path" value="/usr/java/packages/lib:/usr/lib64:/lib64:/lib:/usr/lib"/>
    <property name="java.vm.info" value="mixed mode, sharing"/>
    <property name="stderr.encoding" value="UTF-8"/>
    <property name="java.vendor" value="Oracle Corporation"/>
    <property name="java.vm.version" value="21.0.3+7-LTS-152"/>
    <property name="sun.io.unicode.encoding" value="UnicodeLittle"/>
    <property name="java.class.version" value="65.0"/>
  </properties>
  <testcase name="testListBeers" classname="com.toniferr.spring6restmvc.controller.BeerControllerRestAssuredTest" time="1.842">
    <system-out><![CDATA[{"@timestamp":"2024-06-28T09:47:19.000125964+02:00","@version":"1","message":"Restart disabled due to context in which it is running","logger_name":"org.springframework.boot.devtools.restart.RestartApplicationListener","thread_name":"main","level":"INFO","level_value":20000}

  .   ____          _            __ _ _
 /\\ / ___'_ __ _ _(_)_ __  __ _ \ \ \ \
( ( )\___ | '_ | '_| | '_ \/ _` | \ \ \ \
 \\/  ___)| |_)| | | | | || (_| |  ) ) ) )
  '  |____| .__|_| |_|_| |_\__, | / / / /
 =========|_|==============|___/=/_/_/_/

 :: Spring Boot ::                (v3.3.1)

{"@timestamp":"2024-06-28T09:47:19.038056153+02:00","@version":"1","message":"Starting BeerControllerRestAssuredTest using Java 21.0.3 with PID 6790 (started by toniferr in /home/toniferr/Workspace/peeper-Spring6-rest)","logger_name":"com.toniferr.spring6restmvc.controller.BeerControllerRestAssuredTest","thread_name":"main","level":"INFO","level_value":20000}
{"@timestamp":"2024-06-28T09:47:19.038291314+02:00","@version":"1","message":"Running with Spring Boot v3.3.1, Spring v6.1.10","logger_name":"com.toniferr.spring6restmvc.controller.BeerControllerRestAssuredTest","thread_name":"main","level":"DEBUG","level_value":10000}
{"@timestamp":"2024-06-28T09:47:19.038749452+02:00","@version":"1","message":"The following 1 profile is active: \"test\"","logger_name":"com.toniferr.spring6restmvc.controller.BeerControllerRestAssuredTest","thread_name":"main","level":"INFO","level_value":20000}
{"@timestamp":"2024-06-28T09:47:20.133975866+02:00","@version":"1","message":"Bootstrapping Spring Data JPA repositories in DEFAULT mode.","logger_name":"org.springframework.data.repository.config.RepositoryConfigurationDelegate","thread_name":"main","level":"INFO","level_value":20000}
{"@timestamp":"2024-06-28T09:47:20.159433835+02:00","@version":"1","message":"Finished Spring Data repository scanning in 24 ms. Found 5 JPA repository interfaces.","logger_name":"org.springframework.data.repository.config.RepositoryConfigurationDelegate","thread_name":"main","level":"INFO","level_value":20000}
{"@timestamp":"2024-06-28T09:47:21.002522681+02:00","@version":"1","message":"Tomcat initialized with port 0 (http)","logger_name":"org.springframework.boot.web.embedded.tomcat.TomcatWebServer","thread_name":"main","level":"INFO","level_value":20000}
{"@timestamp":"2024-06-28T09:47:21.019734846+02:00","@version":"1","message":"Initializing ProtocolHandler [\"http-nio-auto-1\"]","logger_name":"org.apache.coyote.http11.Http11NioProtocol","thread_name":"main","level":"INFO","level_value":20000}
{"@timestamp":"2024-06-28T09:47:21.022088563+02:00","@version":"1","message":"Starting service [Tomcat]","logger_name":"org.apache.catalina.core.StandardService","thread_name":"main","level":"INFO","level_value":20000}
{"@timestamp":"2024-06-28T09:47:21.02256765+02:00","@version":"1","message":"Starting Servlet engine: [Apache Tomcat/10.1.25]","logger_name":"org.apache.catalina.core.StandardEngine","thread_name":"main","level":"INFO","level_value":20000}
{"@timestamp":"2024-06-28T09:47:21.10771724+02:00","@version":"1","message":"Initializing Spring embedded WebApplicationContext","logger_name":"org.apache.catalina.core.ContainerBase.[Tomcat].[localhost].[/]","thread_name":"main","level":"INFO","level_value":20000}
{"@timestamp":"2024-06-28T09:47:21.108182552+02:00","@version":"1","message":"Root WebApplicationContext: initialization completed in 2067 ms","logger_name":"org.springframework.boot.web.servlet.context.ServletWebServerApplicationContext","thread_name":"main","level":"INFO","level_value":20000}
Standard Commons Logging discovery in action with spring-jcl: please remove commons-logging.jar from classpath in order to avoid potential conflicts
{"@timestamp":"2024-06-28T09:47:21.774866215+02:00","@version":"1","message":"HikariPool-1 - Starting...","logger_name":"com.zaxxer.hikari.HikariDataSource","thread_name":"main","level":"INFO","level_value":20000}
{"@timestamp":"2024-06-28T09:47:21.796092533+02:00","@version":"1","message":"HikariPool-1 - Added connection conn6: url=jdbc:h2:mem:7dc59acf-6aea-4202-8394-247d350cea40 user=SA","logger_name":"com.zaxxer.hikari.pool.HikariPool","thread_name":"main","level":"INFO","level_value":20000}
{"@timestamp":"2024-06-28T09:47:21.799141361+02:00","@version":"1","message":"HikariPool-1 - Start completed.","logger_name":"com.zaxxer.hikari.HikariDataSource","thread_name":"main","level":"INFO","level_value":20000}
{"@timestamp":"2024-06-28T09:47:21.813233778+02:00","@version":"1","message":"HHH000204: Processing PersistenceUnitInfo [name: default]","logger_name":"org.hibernate.jpa.internal.util.LogHelper","thread_name":"main","level":"INFO","level_value":20000}
{"@timestamp":"2024-06-28T09:47:21.819074369+02:00","@version":"1","message":"HHH000026: Second-level cache disabled","logger_name":"org.hibernate.cache.internal.RegionFactoryInitiator","thread_name":"main","level":"INFO","level_value":20000}
{"@timestamp":"2024-06-28T09:47:21.838047635+02:00","@version":"1","message":"No LoadTimeWeaver setup: ignoring JPA class transformer","logger_name":"org.springframework.orm.jpa.persistenceunit.SpringPersistenceUnitInfo","thread_name":"main","level":"INFO","level_value":20000}
{"@timestamp":"2024-06-28T09:47:22.228096609+02:00","@version":"1","message":"HHH000489: No JTA platform available (set 'hibernate.transaction.jta.platform' to enable JTA platform integration)","logger_name":"org.hibernate.engine.transaction.jta.platform.internal.JtaPlatformInitiator","thread_name":"main","level":"INFO","level_value":20000}
{"@timestamp":"2024-06-28T09:47:22.266829627+02:00","@version":"1","message":"Initialized JPA EntityManagerFactory for persistence unit 'default'","logger_name":"org.springframework.orm.jpa.LocalContainerEntityManagerFactoryBean","thread_name":"main","level":"INFO","level_value":20000}
{"@timestamp":"2024-06-28T09:47:22.838005139+02:00","@version":"1","message":"spring.jpa.open-in-view is enabled by default. Therefore, database queries may be performed during view rendering. Explicitly configure spring.jpa.open-in-view to disable this warning","logger_name":"org.springframework.boot.autoconfigure.orm.jpa.JpaBaseConfiguration$JpaWebConfiguration","thread_name":"main","level":"WARN","level_value":30000}
{"@timestamp":"2024-06-28T09:47:24.367682534+02:00","@version":"1","message":"Exposing 1 endpoint beneath base path '/actuator'","logger_name":"org.springframework.boot.actuate.endpoint.web.EndpointLinksResolver","thread_name":"main","level":"INFO","level_value":20000}
{"@timestamp":"2024-06-28T09:47:25.288148218+02:00","@version":"1","message":"Starting ProtocolHandler [\"http-nio-auto-1\"]","logger_name":"org.apache.coyote.http11.Http11NioProtocol","thread_name":"main","level":"INFO","level_value":20000}
{"@timestamp":"2024-06-28T09:47:25.312239653+02:00","@version":"1","message":"Tomcat started on port 33951 (http) with context path '/'","logger_name":"org.springframework.boot.web.embedded.tomcat.TomcatWebServer","thread_name":"main","level":"INFO","level_value":20000}
{"@timestamp":"2024-06-28T09:47:25.329195454+02:00","@version":"1","message":"Started BeerControllerRestAssuredTest in 6.33 seconds (process running for 25.03)","logger_name":"com.toniferr.spring6restmvc.controller.BeerControllerRestAssuredTest","thread_name":"main","level":"INFO","level_value":20000}
{"@timestamp":"2024-06-28T09:47:28.455591137+02:00","@version":"1","message":"Initializing Spring DispatcherServlet 'dispatcherServlet'","logger_name":"org.apache.catalina.core.ContainerBase.[Tomcat].[localhost].[/]","thread_name":"http-nio-auto-1-exec-1","level":"INFO","level_value":20000}
{"@timestamp":"2024-06-28T09:47:28.455920405+02:00","@version":"1","message":"Initializing Servlet 'dispatcherServlet'","logger_name":"org.springframework.web.servlet.DispatcherServlet","thread_name":"http-nio-auto-1-exec-1","level":"INFO","level_value":20000}
{"@timestamp":"2024-06-28T09:47:28.45772487+02:00","@version":"1","message":"Completed initialization in 1 ms","logger_name":"org.springframework.web.servlet.DispatcherServlet","thread_name":"http-nio-auto-1-exec-1","level":"INFO","level_value":20000}
{"@timestamp":"2024-06-28T09:47:28.522989424+02:00","@version":"1","message":"GET http://localhost:33951/api/v1/beer","logger_name":"org.zalando.logbook.Logbook","thread_name":"http-nio-auto-1-exec-1","level":"TRACE","level_value":5000,"http":{"origin":"remote","type":"request","correlation":"820dfcbb786d2b9a","protocol":"HTTP/1.1","remote":"127.0.0.1","method":"GET","uri":"http://localhost:33951/api/v1/beer","host":"localhost","path":"/api/v1/beer","scheme":"http","port":"33951","headers":{"accept":["*/*"],"accept-encoding":["gzip,deflate"],"connection":["Keep-Alive"],"content-type":["application/json"],"host":["localhost:33951"],"user-agent":["Apache-HttpClient/4.5.13 (Java/21.0.3)"]}}}
{"@timestamp":"2024-06-28T09:47:28.531493703+02:00","@version":"1","message":"List Beers - in service","logger_name":"com.toniferr.spring6restmvc.services.impl.BeerServiceJPA","thread_name":"http-nio-auto-1-exec-1","level":"INFO","level_value":20000}
{"@timestamp":"2024-06-28T09:47:28.59141596+02:00","@version":"1","message":"Serializing PageImpl instances as-is is not supported, meaning that there is no guarantee about the stability of the resulting JSON structure!\n\tFor a stable JSON structure, please use Spring Data's PagedModel (globally via @EnableSpringDataWebSupport(pageSerializationMode = VIA_DTO))\n\tor Spring HATEOAS and Spring Data's PagedResourcesAssembler as documented in https://docs.spring.io/spring-data/commons/reference/repositories/core-extensions.html#core.web.pageables.\n","logger_name":"org.springframework.data.web.config.SpringDataJacksonConfiguration$PageModule$PlainPageSerializationWarning","thread_name":"http-nio-auto-1-exec-1","level":"WARN","level_value":30000}
{"@timestamp":"2024-06-28T09:47:28.637532474+02:00","@version":"1","message":"200 OK GET http://localhost:33951/api/v1/beer","logger_name":"org.zalando.logbook.Logbook","thread_name":"http-nio-auto-1-exec-1","level":"TRACE","level_value":5000,"http":{"origin":"local","type":"response","correlation":"820dfcbb786d2b9a","duration":113,"protocol":"HTTP/1.1","status":200,"headers":{"Cache-Control":["no-cache, no-store, max-age=0, must-revalidate"],"Connection":["keep-alive"],"Content-Type":["application/json"],"Date":["Fri, 28 Jun 2024 07:47:28 GMT"],"Expires":["0"],"Keep-Alive":["timeout=60"],"Pragma":["no-cache"],"Transfer-Encoding":["chunked"],"Vary":["Origin","Access-Control-Request-Method","Access-Control-Request-Headers"],"X-Content-Type-Options":["nosniff"],"X-Frame-Options":["DENY"],"X-XSS-Protection":["0"]},"body":{"totalPages":97,"totalElements":2413,"first":true,"last":false,"size":25,"content":[{"id":"38ba463e-746f-4ef4-8c87-76e50f32a828","version":0,"beerName":"#001 Golden Amber Lager","beerStyle":"PILSNER","upc":"2382","quantityOnHand":2382,"price":10.0,"createdDate":"2024-06-28T09:47:26.930152","updateDate":"2024-06-28T09:47:26.930157"},{"id":"87020714-a766-4d52-ab74-3d75a1f2f6de","version":0,"beerName":"#002 American I.P.A.","beerStyle":"IPA","upc":"2383","quantityOnHand":2383,"price":10.0,"createdDate":"2024-06-28T09:47:26.93038","updateDate":"2024-06-28T09:47:26.930387"},{"id":"e5aea8a7-96bf-4436-a20a-51d343dfcf38","version":0,"beerName":"#003 Brown & Robust Porter","beerStyle":"PORTER","upc":"2384","quantityOnHand":2384,"price":10.0,"createdDate":"2024-06-28T09:47:26.930586","updateDate":"2024-06-28T09:47:26.930592"},{"id":"29e2580e-0e71-42e9-b260-3aadd2cd2402","version":0,"beerName":"#004 Session I.P.A.","beerStyle":"IPA","upc":"2385","quantityOnHand":2385,"price":10.0,"createdDate":"2024-06-28T09:47:26.930776","updateDate":"2024-06-28T09:47:26.930782"},{"id":"09fbf713-c818-4e3d-b0f1-c5d8750acab3","version":0,"beerName":"#9","beerStyle":"WHEAT","upc":"1253","quantityOnHand":1253,"price":10.0,"createdDate":"2024-06-28T09:47:26.784617","updateDate":"2024-06-28T09:47:26.784621"},{"id":"ea7a6ad6-d03c-4f8a-9e4d-29db37cb185c","version":0,"beerName":"#9","beerStyle":"WHEAT","upc":"1255","quantityOnHand":1255,"price":10.0,"createdDate":"2024-06-28T09:47:26.784847","updateDate":"2024-06-28T09:47:26.78485"},{"id":"4d444b95-12cc-4bd3-a073-404a58b69479","version":0,"beerName":"077XX","beerStyle":"IPA","upc":"551","quantityOnHand":551,"price":10.0,"createdDate":"2024-06-28T09:47:26.67327","updateDate":"2024-06-28T09:47:26.673278"},{"id":"411bf110-d456-4436-914a-c47dc9f7150d","version":0,"beerName":"10 Degrees of Separation","beerStyle":"PILSNER","upc":"1195","quantityOnHand":1195,"price":10.0,"createdDate":"2024-06-28T09:47:26.775572","updateDate":"2024-06-28T09:47:26.775575"},{"id":"feee7209-ec1d-4678-90d8-1b79a88181a9","version":0,"beerName":"10 Ton","beerStyle":"STOUT","upc":"2333","quantityOnHand":2333,"price":10.0,"createdDate":"2024-06-28T09:47:26.923905","updateDate":"2024-06-28T09:47:26.923908"},{"id":"6f5f403e-43a6-4789-8647-d00c12b76784","version":0,"beerName":"113 IPA","beerStyle":"IPA","upc":"1907","quantityOnHand":1907,"price":10.0,"createdDate":"2024-06-28T09:47:26.87089","updateDate":"2024-06-28T09:47:26.870893"},{"id":"84318313-2bf4-4c63-bc6c-e535750227b2","version":0,"beerName":"11th Hour IPA","beerStyle":"IPA","upc":"672","quantityOnHand":672,"price":10.0,"createdDate":"2024-06-28T09:47:26.693404","updateDate":"2024-06-28T09:47:26.693408"},{"id":"7e5f9902-4dca-464a-a98a-3d33ab6fc05c","version":0,"beerName":"12 Man Pale Ale","beerStyle":"ALE","upc":"727","quantityOnHand":727,"price":10.0,"createdDate":"2024-06-28T09:47:26.70345","updateDate":"2024-06-28T09:47:26.703454"},{"id":"df333cf3-0052-42ab-bbd0-3d89399b1297","version":0,"beerName":"12th Round","beerStyle":"PILSNER","upc":"1768","quantityOnHand":1768,"price":10.0,"createdDate":"2024-06-28T09:47:26.853164","updateDate":"2024-06-28T09:47:26.853167"},{"id":"e5ced16d-1071-422a-9592-d6ca7eb7bafa","version":0,"beerName":"13 Rebels ESB","beerStyle":"PILSNER","upc":"884","quantityOnHand":884,"price":10.0,"createdDate":"2024-06-28T09:47:26.727263","updateDate":"2024-06-28T09:47:26.727267"},{"id":"23906d03-b46b-4c6f-9198-a9310187bca0","version":0,"beerName":"1327 Pod's ESB","beerStyle":"PILSNER","upc":"304","quantityOnHand":304,"price":10.0,"createdDate":"2024-06-28T09:47:26.560993","updateDate":"2024-06-28T09:47:26.561003"},{"id":"8646f22a-5b1c-4954-b91d-9fa73562d649","version":0,"beerName":"1327 Pod's ESB","beerStyle":"PILSNER","upc":"305","quantityOnHand":305,"price":10.0,"createdDate":"2024-06-28T09:47:26.561617","updateDate":"2024-06-28T09:47:26.561627"},{"id":"3a3cb797-b581-4b44-81cf-bd251e1d1c5a","version":0,"beerName":"1327 Pod's ESB","beerStyle":"PILSNER","upc":"306","quantityOnHand":306,"price":10.0,"createdDate":"2024-06-28T09:47:26.562325","updateDate":"2024-06-28T09:47:26.56234"},{"id":"2cc3c86b-e25c-4fe1-9f09-9e36408d73e8","version":0,"beerName":"1335 Wicked Snout","beerStyle":"SAISON","upc":"302","quantityOnHand":302,"price":10.0,"createdDate":"2024-06-28T09:47:26.559976","updateDate":"2024-06-28T09:47:26.559986"},{"id":"9ed67477-7055-4bb4-9565-328f0e0302d6","version":0,"beerName":"1492","beerStyle":"ALE","upc":"369","quantityOnHand":369,"price":10.0,"createdDate":"2024-06-28T09:47:26.59644","updateDate":"2024-06-28T09:47:26.596449"},{"id":"ac6dec58-588e-4dcf-a218-034ec6d099e5","version":0,"beerName":"14Â° ESB","beerStyle":"PILSNER","upc":"229","quantityOnHand":229,"price":10.0,"createdDate":"2024-06-28T09:47:26.511395","updateDate":"2024-06-28T09:47:26.511409"},{"id":"23eb0cfa-56a3-4098-b570-605e7e154dae","version":0,"beerName":"1554 Black Lager","beerStyle":"PILSNER","upc":"1447","quantityOnHand":1447,"price":10.0,"createdDate":"2024-06-28T09:47:26.810669","updateDate":"2024-06-28T09:47:26.810673"},{"id":"1777da70-9b13-4dd0-9211-3f059026aeec","version":0,"beerName":"15th Anniversary Abbey Ale (2012)","beerStyle":"ALE","upc":"1573","quantityOnHand":1573,"price":10.0,"createdDate":"2024-06-28T09:47:26.827135","updateDate":"2024-06-28T09:47:26.827139"},{"id":"afb93c85-6ca7-4462-acc0-4caa968ffd00","version":0,"beerName":"1800 Big Log Wheat (2012)","beerStyle":"PILSNER","upc":"294","quantityOnHand":294,"price":10.0,"createdDate":"2024-06-28T09:47:26.555628","updateDate":"2024-06-28T09:47:26.555638"},{"id":"1b20aaa9-f209-41d3-a497-99013d4039d1","version":0,"beerName":"1811 Lager","beerStyle":"PILSNER","upc":"835","quantityOnHand":835,"price":10.0,"createdDate":"2024-06-28T09:47:26.720076","updateDate":"2024-06-28T09:47:26.720079"},{"id":"87f9a60c-814b-4c3a-8040-70c817e5efa9","version":0,"beerName":"1836","beerStyle":"ALE","upc":"473","quantityOnHand":473,"price":10.0,"createdDate":"2024-06-28T09:47:26.647532","updateDate":"2024-06-28T09:47:26.647542"}],"number":0,"sort":{"empty":false,"sorted":true,"unsorted":false},"numberOfElements":25,"pageable":{"pageNumber":0,"pageSize":25,"sort":{"empty":false,"sorted":true,"unsorted":false},"offset":0,"paged":true,"unpaged":false},"empty":false}}}
]]></system-out>
  </testcase>
</testsuite>