<?xml version="1.0" encoding="UTF-8"?>
<testsuite xmlns:xsi="http://www.w3.org/2001/XMLSchema-instance" xsi:noNamespaceSchemaLocation="https://maven.apache.org/surefire/maven-surefire-plugin/xsd/surefire-test-report-3.0.xsd" version="3.0" name="com.toniferr.spring6restmvc.bootstrap.BootstrapDataTest" time="10.973" tests="1" errors="0" skipped="0" failures="0">
  <properties>
    <property name="java.specification.version" value="21"/>
    <property name="sun.jnu.encoding" value="UTF-8"/>
    <property name="java.class.path" value="/home/toniferr/Workspace/peeper-Spring6-rest/target/test-classes:/home/toniferr/Workspace/peeper-Spring6-rest/target/classes:/home/toniferr/.m2/repository/org/springframework/boot/spring-boot-starter-web/3.3.1/spring-boot-starter-web-3.3.1.jar:/home/toniferr/.m2/repository/org/springframework/boot/spring-boot-starter/3.3.1/spring-boot-starter-3.3.1.jar:/home/toniferr/.m2/repository/org/springframework/boot/spring-boot-starter-logging/3.3.1/spring-boot-starter-logging-3.3.1.jar:/home/toniferr/.m2/repository/org/apache/logging/log4j/log4j-to-slf4j/2.23.1/log4j-to-slf4j-2.23.1.jar:/home/toniferr/.m2/repository/org/apache/logging/log4j/log4j-api/2.23.1/log4j-api-2.23.1.jar:/home/toniferr/.m2/repository/org/slf4j/jul-to-slf4j/2.0.13/jul-to-slf4j-2.0.13.jar:/home/toniferr/.m2/repository/jakarta/annotation/jakarta.annotation-api/2.1.1/jakarta.annotation-api-2.1.1.jar:/home/toniferr/.m2/repository/org/yaml/snakeyaml/2.2/snakeyaml-2.2.jar:/home/toniferr/.m2/repository/org/springframework/boot/spring-boot-starter-json/3.3.1/spring-boot-starter-json-3.3.1.jar:/home/toniferr/.m2/repository/com/fasterxml/jackson/datatype/jackson-datatype-jdk8/2.17.1/jackson-datatype-jdk8-2.17.1.jar:/home/toniferr/.m2/repository/com/fasterxml/jackson/datatype/jackson-datatype-jsr310/2.17.1/jackson-datatype-jsr310-2.17.1.jar:/home/toniferr/.m2/repository/com/fasterxml/jackson/module/jackson-module-parameter-names/2.17.1/jackson-module-parameter-names-2.17.1.jar:/home/toniferr/.m2/repository/org/springframework/boot/spring-boot-starter-tomcat/3.3.1/spring-boot-starter-tomcat-3.3.1.jar:/home/toniferr/.m2/repository/org/apache/tomcat/embed/tomcat-embed-core/10.1.25/tomcat-embed-core-10.1.25.jar:/home/toniferr/.m2/repository/org/apache/tomcat/embed/tomcat-embed-websocket/10.1.25/tomcat-embed-websocket-10.1.25.jar:/home/toniferr/.m2/repository/org/springframework/spring-web/6.1.10/spring-web-6.1.10.jar:/home/toniferr/.m2/repository/org/springframework/spring-beans/6.1.10/spring-beans-6.1.10.jar:/home/toniferr/.m2/repository/org/springframework/spring-webmvc/6.1.10/spring-webmvc-6.1.10.jar:/home/toniferr/.m2/repository/org/springframework/spring-context/6.1.10/spring-context-6.1.10.jar:/home/toniferr/.m2/repository/org/springframework/spring-expression/6.1.10/spring-expression-6.1.10.jar:/home/toniferr/.m2/repository/org/projectlombok/lombok/1.18.32/lombok-1.18.32.jar:/home/toniferr/.m2/repository/org/mapstruct/mapstruct/1.5.5.Final/mapstruct-1.5.5.Final.jar:/home/toniferr/.m2/repository/org/springframework/boot/spring-boot-starter-validation/3.3.1/spring-boot-starter-validation-3.3.1.jar:/home/toniferr/.m2/repository/org/apache/tomcat/embed/tomcat-embed-el/10.1.25/tomcat-embed-el-10.1.25.jar:/home/toniferr/.m2/repository/org/hibernate/validator/hibernate-validator/8.0.1.Final/hibernate-validator-8.0.1.Final.jar:/home/toniferr/.m2/repository/jakarta/validation/jakarta.validation-api/3.0.2/jakarta.validation-api-3.0.2.jar:/home/toniferr/.m2/repository/org/jboss/logging/jboss-logging/3.5.3.Final/jboss-logging-3.5.3.Final.jar:/home/toniferr/.m2/repository/com/fasterxml/classmate/1.7.0/classmate-1.7.0.jar:/home/toniferr/.m2/repository/org/springframework/boot/spring-boot-starter-data-jpa/3.3.1/spring-boot-starter-data-jpa-3.3.1.jar:/home/toniferr/.m2/repository/org/springframework/boot/spring-boot-starter-aop/3.3.1/spring-boot-starter-aop-3.3.1.jar:/home/toniferr/.m2/repository/org/aspectj/aspectjweaver/1.9.22/aspectjweaver-1.9.22.jar:/home/toniferr/.m2/repository/org/springframework/boot/spring-boot-starter-jdbc/3.3.1/spring-boot-starter-jdbc-3.3.1.jar:/home/toniferr/.m2/repository/com/zaxxer/HikariCP/5.1.0/HikariCP-5.1.0.jar:/home/toniferr/.m2/repository/org/springframework/spring-jdbc/6.1.10/spring-jdbc-6.1.10.jar:/home/toniferr/.m2/repository/org/hibernate/orm/hibernate-core/6.5.2.Final/hibernate-core-6.5.2.Final.jar:/home/toniferr/.m2/repository/jakarta/persistence/jakarta.persistence-api/3.1.0/jakarta.persistence-api-3.1.0.jar:/home/toniferr/.m2/repository/jakarta/transaction/jakarta.transaction-api/2.0.1/jakarta.transaction-api-2.0.1.jar:/home/toniferr/.m2/repository/org/hibernate/common/hibernate-commons-annotations/6.0.6.Final/hibernate-commons-annotations-6.0.6.Final.jar:/home/toniferr/.m2/repository/io/smallrye/jandex/3.1.2/jandex-3.1.2.jar:/home/toniferr/.m2/repository/net/bytebuddy/byte-buddy/1.14.17/byte-buddy-1.14.17.jar:/home/toniferr/.m2/repository/org/glassfish/jaxb/jaxb-runtime/4.0.5/jaxb-runtime-4.0.5.jar:/home/toniferr/.m2/repository/org/glassfish/jaxb/jaxb-core/4.0.5/jaxb-core-4.0.5.jar:/home/toniferr/.m2/repository/org/eclipse/angus/angus-activation/2.0.2/angus-activation-2.0.2.jar:/home/toniferr/.m2/repository/org/glassfish/jaxb/txw2/4.0.5/txw2-4.0.5.jar:/home/toniferr/.m2/repository/com/sun/istack/istack-commons-runtime/4.1.2/istack-commons-runtime-4.1.2.jar:/home/toniferr/.m2/repository/jakarta/inject/jakarta.inject-api/2.0.1/jakarta.inject-api-2.0.1.jar:/home/toniferr/.m2/repository/org/antlr/antlr4-runtime/4.13.0/antlr4-runtime-4.13.0.jar:/home/toniferr/.m2/repository/org/springframework/data/spring-data-jpa/3.3.1/spring-data-jpa-3.3.1.jar:/home/toniferr/.m2/repository/org/springframework/data/spring-data-commons/3.3.1/spring-data-commons-3.3.1.jar:/home/toniferr/.m2/repository/org/springframework/spring-orm/6.1.10/spring-orm-6.1.10.jar:/home/toniferr/.m2/repository/org/springframework/spring-tx/6.1.10/spring-tx-6.1.10.jar:/home/toniferr/.m2/repository/org/springframework/spring-aspects/6.1.10/spring-aspects-6.1.10.jar:/home/toniferr/.m2/repository/com/mysql/mysql-connector-j/8.3.0/mysql-connector-j-8.3.0.jar:/home/toniferr/.m2/repository/com/h2database/h2/2.2.224/h2-2.2.224.jar:/home/toniferr/.m2/repository/org/flywaydb/flyway-mysql/10.10.0/flyway-mysql-10.10.0.jar:/home/toniferr/.m2/repository/org/flywaydb/flyway-core/10.10.0/flyway-core-10.10.0.jar:/home/toniferr/.m2/repository/com/fasterxml/jackson/dataformat/jackson-dataformat-toml/2.17.1/jackson-dataformat-toml-2.17.1.jar:/home/toniferr/.m2/repository/com/google/code/gson/gson/2.10.1/gson-2.10.1.jar:/home/toniferr/.m2/repository/com/opencsv/opencsv/5.9/opencsv-5.9.jar:/home/toniferr/.m2/repository/org/apache/commons/commons-lang3/3.14.0/commons-lang3-3.14.0.jar:/home/toniferr/.m2/repository/org/apache/commons/commons-text/1.11.0/commons-text-1.11.0.jar:/home/toniferr/.m2/repository/commons-beanutils/commons-beanutils/1.9.4/commons-beanutils-1.9.4.jar:/home/toniferr/.m2/repository/commons-logging/commons-logging/1.2/commons-logging-1.2.jar:/home/toniferr/.m2/repository/commons-collections/commons-collections/3.2.2/commons-collections-3.2.2.jar:/home/toniferr/.m2/repository/org/apache/commons/commons-collections4/4.4/commons-collections4-4.4.jar:/home/toniferr/.m2/repository/org/springframework/boot/spring-boot-devtools/3.3.1/spring-boot-devtools-3.3.1.jar:/home/toniferr/.m2/repository/org/springframework/boot/spring-boot/3.3.1/spring-boot-3.3.1.jar:/home/toniferr/.m2/repository/org/springframework/boot/spring-boot-autoconfigure/3.3.1/spring-boot-autoconfigure-3.3.1.jar:/home/toniferr/.m2/repository/org/springframework/boot/spring-boot-starter-security/3.3.1/spring-boot-starter-security-3.3.1.jar:/home/toniferr/.m2/repository/org/springframework/spring-aop/6.1.10/spring-aop-6.1.10.jar:/home/toniferr/.m2/repository/org/springframework/security/spring-security-config/6.3.1/spring-security-config-6.3.1.jar:/home/toniferr/.m2/repository/org/springframework/security/spring-security-web/6.3.1/spring-security-web-6.3.1.jar:/home/toniferr/.m2/repository/org/springframework/boot/spring-boot-starter-oauth2-resource-server/3.3.1/spring-boot-starter-oauth2-resource-server-3.3.1.jar:/home/toniferr/.m2/repository/org/springframework/security/spring-security-core/6.3.1/spring-security-core-6.3.1.jar:/home/toniferr/.m2/repository/org/springframework/security/spring-security-crypto/6.3.1/spring-security-crypto-6.3.1.jar:/home/toniferr/.m2/repository/org/springframework/security/spring-security-oauth2-resource-server/6.3.1/spring-security-oauth2-resource-server-6.3.1.jar:/home/toniferr/.m2/repository/org/springframework/security/spring-security-oauth2-core/6.3.1/spring-security-oauth2-core-6.3.1.jar:/home/toniferr/.m2/repository/org/springframework/security/spring-security-oauth2-jose/6.3.1/spring-security-oauth2-jose-6.3.1.jar:/home/toniferr/.m2/repository/com/nimbusds/nimbus-jose-jwt/9.37.3/nimbus-jose-jwt-9.37.3.jar:/home/toniferr/.m2/repository/com/github/stephenc/jcip/jcip-annotations/1.0-1/jcip-annotations-1.0-1.jar:/home/toniferr/.m2/repository/org/springdoc/springdoc-openapi-starter-webmvc-ui/2.0.2/springdoc-openapi-starter-webmvc-ui-2.0.2.jar:/home/toniferr/.m2/repository/org/springdoc/springdoc-openapi-starter-webmvc-api/2.0.2/springdoc-openapi-starter-webmvc-api-2.0.2.jar:/home/toniferr/.m2/repository/org/webjars/swagger-ui/4.15.5/swagger-ui-4.15.5.jar:/home/toniferr/.m2/repository/org/webjars/webjars-locator-core/0.58/webjars-locator-core-0.58.jar:/home/toniferr/.m2/repository/io/github/classgraph/classgraph/4.8.149/classgraph-4.8.149.jar:/home/toniferr/.m2/repository/org/springdoc/springdoc-openapi-starter-common/2.0.2/springdoc-openapi-starter-common-2.0.2.jar:/home/toniferr/.m2/repository/io/swagger/core/v3/swagger-core-jakarta/2.2.7/swagger-core-jakarta-2.2.7.jar:/home/toniferr/.m2/repository/io/swagger/core/v3/swagger-annotations-jakarta/2.2.7/swagger-annotations-jakarta-2.2.7.jar:/home/toniferr/.m2/repository/io/swagger/core/v3/swagger-models-jakarta/2.2.7/swagger-models-jakarta-2.2.7.jar:/home/toniferr/.m2/repository/com/fasterxml/jackson/core/jackson-annotations/2.17.1/jackson-annotations-2.17.1.jar:/home/toniferr/.m2/repository/com/fasterxml/jackson/dataformat/jackson-dataformat-yaml/2.17.1/jackson-dataformat-yaml-2.17.1.jar:/home/toniferr/.m2/repository/org/springframework/boot/spring-boot-starter-actuator/3.3.1/spring-boot-starter-actuator-3.3.1.jar:/home/toniferr/.m2/repository/org/springframework/boot/spring-boot-actuator-autoconfigure/3.3.1/spring-boot-actuator-autoconfigure-3.3.1.jar:/home/toniferr/.m2/repository/org/springframework/boot/spring-boot-actuator/3.3.1/spring-boot-actuator-3.3.1.jar:/home/toniferr/.m2/repository/io/micrometer/micrometer-observation/1.13.1/micrometer-observation-1.13.1.jar:/home/toniferr/.m2/repository/io/micrometer/micrometer-commons/1.13.1/micrometer-commons-1.13.1.jar:/home/toniferr/.m2/repository/io/micrometer/micrometer-jakarta9/1.13.1/micrometer-jakarta9-1.13.1.jar:/home/toniferr/.m2/repository/io/micrometer/micrometer-core/1.13.1/micrometer-core-1.13.1.jar:/home/toniferr/.m2/repository/org/hdrhistogram/HdrHistogram/2.2.2/HdrHistogram-2.2.2.jar:/home/toniferr/.m2/repository/org/latencyutils/LatencyUtils/2.0.3/LatencyUtils-2.0.3.jar:/home/toniferr/.m2/repository/org/zalando/logbook-spring-boot-starter/3.8.0/logbook-spring-boot-starter-3.8.0.jar:/home/toniferr/.m2/repository/org/zalando/logbook-spring-boot-autoconfigure/3.8.0/logbook-spring-boot-autoconfigure-3.8.0.jar:/home/toniferr/.m2/repository/org/zalando/logbook-core/3.8.0/logbook-core-3.8.0.jar:/home/toniferr/.m2/repository/org/zalando/logbook-spring/3.8.0/logbook-spring-3.8.0.jar:/home/toniferr/.m2/repository/org/zalando/logbook-servlet/3.8.0/logbook-servlet-3.8.0.jar:/home/toniferr/.m2/repository/org/apiguardian/apiguardian-api/1.1.2/apiguardian-api-1.1.2.jar:/home/toniferr/.m2/repository/org/zalando/faux-pas/0.9.0/faux-pas-0.9.0.jar:/home/toniferr/.m2/repository/com/google/code/findbugs/jsr305/3.0.2/jsr305-3.0.2.jar:/home/toniferr/.m2/repository/org/slf4j/slf4j-api/2.0.13/slf4j-api-2.0.13.jar:/home/toniferr/.m2/repository/net/logstash/logback/logstash-logback-encoder/7.4/logstash-logback-encoder-7.4.jar:/home/toniferr/.m2/repository/com/fasterxml/jackson/core/jackson-databind/2.17.1/jackson-databind-2.17.1.jar:/home/toniferr/.m2/repository/com/fasterxml/jackson/core/jackson-core/2.17.1/jackson-core-2.17.1.jar:/home/toniferr/.m2/repository/org/zalando/logbook-logstash/3.8.0/logbook-logstash-3.8.0.jar:/home/toniferr/.m2/repository/org/zalando/logbook-api/3.8.0/logbook-api-3.8.0.jar:/home/toniferr/.m2/repository/org/zalando/logbook-json/3.8.0/logbook-json-3.8.0.jar:/home/toniferr/.m2/repository/org/zalando/logbook-common/3.8.0/logbook-common-3.8.0.jar:/home/toniferr/.m2/repository/ch/qos/logback/logback-classic/1.5.6/logback-classic-1.5.6.jar:/home/toniferr/.m2/repository/ch/qos/logback/logback-core/1.5.6/logback-core-1.5.6.jar:/home/toniferr/.m2/repository/org/springframework/boot/spring-boot-starter-cache/3.3.1/spring-boot-starter-cache-3.3.1.jar:/home/toniferr/.m2/repository/org/springframework/spring-context-support/6.1.10/spring-context-support-6.1.10.jar:/home/toniferr/.m2/repository/org/springframework/boot/spring-boot-starter-test/3.3.1/spring-boot-starter-test-3.3.1.jar:/home/toniferr/.m2/repository/org/springframework/boot/spring-boot-test/3.3.1/spring-boot-test-3.3.1.jar:/home/toniferr/.m2/repository/org/springframework/boot/spring-boot-test-autoconfigure/3.3.1/spring-boot-test-autoconfigure-3.3.1.jar:/home/toniferr/.m2/repository/com/jayway/jsonpath/json-path/2.9.0/json-path-2.9.0.jar:/home/toniferr/.m2/repository/jakarta/xml/bind/jakarta.xml.bind-api/4.0.2/jakarta.xml.bind-api-4.0.2.jar:/home/toniferr/.m2/repository/jakarta/activation/jakarta.activation-api/2.1.3/jakarta.activation-api-2.1.3.jar:/home/toniferr/.m2/repository/net/minidev/json-smart/2.5.1/json-smart-2.5.1.jar:/home/toniferr/.m2/repository/net/minidev/accessors-smart/2.5.1/accessors-smart-2.5.1.jar:/home/toniferr/.m2/repository/org/ow2/asm/asm/9.6/asm-9.6.jar:/home/toniferr/.m2/repository/org/assertj/assertj-core/3.25.3/assertj-core-3.25.3.jar:/home/toniferr/.m2/repository/org/awaitility/awaitility/4.2.1/awaitility-4.2.1.jar:/home/toniferr/.m2/repository/org/hamcrest/hamcrest/2.2/hamcrest-2.2.jar:/home/toniferr/.m2/repository/org/junit/jupiter/junit-jupiter/5.10.2/junit-jupiter-5.10.2.jar:/home/toniferr/.m2/repository/org/junit/jupiter/junit-jupiter-api/5.10.2/junit-jupiter-api-5.10.2.jar:/home/toniferr/.m2/repository/org/opentest4j/opentest4j/1.3.0/opentest4j-1.3.0.jar:/home/toniferr/.m2/repository/org/junit/platform/junit-platform-commons/1.10.2/junit-platform-commons-1.10.2.jar:/home/toniferr/.m2/repository/org/junit/jupiter/junit-jupiter-params/5.10.2/junit-jupiter-params-5.10.2.jar:/home/toniferr/.m2/repository/org/junit/jupiter/junit-jupiter-engine/5.10.2/junit-jupiter-engine-5.10.2.jar:/home/toniferr/.m2/repository/org/junit/platform/junit-platform-engine/1.10.2/junit-platform-engine-1.10.2.jar:/home/toniferr/.m2/repository/org/mockito/mockito-core/5.11.0/mockito-core-5.11.0.jar:/home/toniferr/.m2/repository/net/bytebuddy/byte-buddy-agent/1.14.17/byte-buddy-agent-1.14.17.jar:/home/toniferr/.m2/repository/org/objenesis/objenesis/3.3/objenesis-3.3.jar:/home/toniferr/.m2/repository/org/mockito/mockito-junit-jupiter/5.11.0/mockito-junit-jupiter-5.11.0.jar:/home/toniferr/.m2/repository/org/skyscreamer/jsonassert/1.5.1/jsonassert-1.5.1.jar:/home/toniferr/.m2/repository/com/vaadin/external/google/android-json/0.0.20131108.vaadin1/android-json-0.0.20131108.vaadin1.jar:/home/toniferr/.m2/repository/org/springframework/spring-core/6.1.10/spring-core-6.1.10.jar:/home/toniferr/.m2/repository/org/springframework/spring-jcl/6.1.10/spring-jcl-6.1.10.jar:/home/toniferr/.m2/repository/org/springframework/spring-test/6.1.10/spring-test-6.1.10.jar:/home/toniferr/.m2/repository/org/xmlunit/xmlunit-core/2.9.1/xmlunit-core-2.9.1.jar:/home/toniferr/.m2/repository/org/springframework/security/spring-security-test/6.3.1/spring-security-test-6.3.1.jar:/home/toniferr/.m2/repository/io/rest-assured/rest-assured/5.4.0/rest-assured-5.4.0.jar:/home/toniferr/.m2/repository/org/apache/groovy/groovy/4.0.21/groovy-4.0.21.jar:/home/toniferr/.m2/repository/org/apache/groovy/groovy-xml/4.0.21/groovy-xml-4.0.21.jar:/home/toniferr/.m2/repository/org/apache/httpcomponents/httpclient/4.5.13/httpclient-4.5.13.jar:/home/toniferr/.m2/repository/org/apache/httpcomponents/httpcore/4.4.16/httpcore-4.4.16.jar:/home/toniferr/.m2/repository/commons-codec/commons-codec/1.16.1/commons-codec-1.16.1.jar:/home/toniferr/.m2/repository/org/apache/httpcomponents/httpmime/4.5.13/httpmime-4.5.13.jar:/home/toniferr/.m2/repository/org/ccil/cowan/tagsoup/tagsoup/1.2.1/tagsoup-1.2.1.jar:/home/toniferr/.m2/repository/io/rest-assured/json-path/5.4.0/json-path-5.4.0.jar:/home/toniferr/.m2/repository/org/apache/groovy/groovy-json/4.0.21/groovy-json-4.0.21.jar:/home/toniferr/.m2/repository/io/rest-assured/rest-assured-common/5.4.0/rest-assured-common-5.4.0.jar:/home/toniferr/.m2/repository/io/rest-assured/xml-path/5.4.0/xml-path-5.4.0.jar:/home/toniferr/.m2/repository/com/atlassian/oai/swagger-request-validator-restassured/2.40.0/swagger-request-validator-restassured-2.40.0.jar:/home/toniferr/.m2/repository/com/atlassian/oai/swagger-request-validator-core/2.40.0/swagger-request-validator-core-2.40.0.jar:/home/toniferr/.m2/repository/io/swagger/parser/v3/swagger-parser/2.1.20/swagger-parser-2.1.20.jar:/home/toniferr/.m2/repository/io/swagger/parser/v3/swagger-parser-v2-converter/2.1.20/swagger-parser-v2-converter-2.1.20.jar:/home/toniferr/.m2/repository/io/swagger/swagger-core/1.6.12/swagger-core-1.6.12.jar:/home/toniferr/.m2/repository/io/swagger/swagger-models/1.6.12/swagger-models-1.6.12.jar:/home/toniferr/.m2/repository/io/swagger/swagger-annotations/1.6.12/swagger-annotations-1.6.12.jar:/home/toniferr/.m2/repository/io/swagger/swagger-parser/1.0.69/swagger-parser-1.0.69.jar:/home/toniferr/.m2/repository/io/swagger/swagger-parser-safe-url-resolver/1.0.69/swagger-parser-safe-url-resolver-1.0.69.jar:/home/toniferr/.m2/repository/io/swagger/swagger-compat-spec-parser/1.0.69/swagger-compat-spec-parser-1.0.69.jar:/home/toniferr/.m2/repository/com/github/java-json-tools/json-patch/1.13/json-patch-1.13.jar:/home/toniferr/.m2/repository/io/swagger/core/v3/swagger-models/2.2.20/swagger-models-2.2.20.jar:/home/toniferr/.m2/repository/io/swagger/parser/v3/swagger-parser-core/2.1.20/swagger-parser-core-2.1.20.jar:/home/toniferr/.m2/repository/io/swagger/parser/v3/swagger-parser-v3/2.1.20/swagger-parser-v3-2.1.20.jar:/home/toniferr/.m2/repository/io/swagger/core/v3/swagger-core/2.2.20/swagger-core-2.2.20.jar:/home/toniferr/.m2/repository/io/swagger/core/v3/swagger-annotations/2.2.20/swagger-annotations-2.2.20.jar:/home/toniferr/.m2/repository/io/swagger/parser/v3/swagger-parser-safe-url-resolver/2.1.20/swagger-parser-safe-url-resolver-2.1.20.jar:/home/toniferr/.m2/repository/commons-io/commons-io/2.15.1/commons-io-2.15.1.jar:/home/toniferr/.m2/repository/com/github/java-json-tools/json-schema-validator/2.2.14/json-schema-validator-2.2.14.jar:/home/toniferr/.m2/repository/com/github/java-json-tools/jackson-coreutils-equivalence/1.0/jackson-coreutils-equivalence-1.0.jar:/home/toniferr/.m2/repository/com/github/java-json-tools/jackson-coreutils/2.0/jackson-coreutils-2.0.jar:/home/toniferr/.m2/repository/com/github/java-json-tools/msg-simple/1.2/msg-simple-1.2.jar:/home/toniferr/.m2/repository/com/github/java-json-tools/btf/1.3/btf-1.3.jar:/home/toniferr/.m2/repository/com/github/java-json-tools/json-schema-core/1.2.14/json-schema-core-1.2.14.jar:/home/toniferr/.m2/repository/com/github/java-json-tools/uri-template/0.10/uri-template-0.10.jar:/home/toniferr/.m2/repository/org/mozilla/rhino/1.7.7.2/rhino-1.7.7.2.jar:/home/toniferr/.m2/repository/com/sun/mail/mailapi/1.6.2/mailapi-1.6.2.jar:/home/toniferr/.m2/repository/joda-time/joda-time/2.10.5/joda-time-2.10.5.jar:/home/toniferr/.m2/repository/com/googlecode/libphonenumber/libphonenumber/8.11.1/libphonenumber-8.11.1.jar:/home/toniferr/.m2/repository/net/sf/jopt-simple/jopt-simple/5.0.4/jopt-simple-5.0.4.jar:/home/toniferr/.m2/repository/com/google/guava/guava/33.0.0-jre/guava-33.0.0-jre.jar:/home/toniferr/.m2/repository/com/google/guava/failureaccess/1.0.2/failureaccess-1.0.2.jar:/home/toniferr/.m2/repository/com/google/guava/listenablefuture/9999.0-empty-to-avoid-conflict-with-guava/listenablefuture-9999.0-empty-to-avoid-conflict-with-guava.jar:/home/toniferr/.m2/repository/org/checkerframework/checker-qual/3.41.0/checker-qual-3.41.0.jar:/home/toniferr/.m2/repository/com/google/errorprone/error_prone_annotations/2.23.0/error_prone_annotations-2.23.0.jar:/home/toniferr/.m2/repository/com/google/j2objc/j2objc-annotations/2.8/j2objc-annotations-2.8.jar:"/>
    <property name="java.vm.vendor" value="Oracle Corporation"/>
    <property name="sun.arch.data.model" value="64"/>
    <property name="java.vendor.url" value="https://java.oracle.com/"/>
    <property name="user.timezone" value="Europe/Madrid"/>
    <property name="org.jboss.logging.provider" value="slf4j"/>
    <property name="os.name" value="Linux"/>
    <property name="java.vm.specification.version" value="21"/>
    <property name="sun.java.launcher" value="SUN_STANDARD"/>
    <property name="user.country" value="ES"/>
    <property name="sun.boot.library.path" value="/home/toniferr/Software/jdk-21.0.3/lib"/>
    <property name="sun.java.command" value="/home/toniferr/Workspace/peeper-Spring6-rest/target/surefire/surefirebooter-20240628094700206_3.jar /home/toniferr/Workspace/peeper-Spring6-rest/target/surefire 2024-06-28T09-47-00_067-jvmRun1 surefire-20240628094700206_1tmp surefire_0-20240628094700206_2tmp"/>
    <property name="jdk.debug" value="release"/>
    <property name="surefire.test.class.path" value="/home/toniferr/Workspace/peeper-Spring6-rest/target/test-classes:/home/toniferr/Workspace/peeper-Spring6-rest/target/classes:/home/toniferr/.m2/repository/org/springframework/boot/spring-boot-starter-web/3.3.1/spring-boot-starter-web-3.3.1.jar:/home/toniferr/.m2/repository/org/springframework/boot/spring-boot-starter/3.3.1/spring-boot-starter-3.3.1.jar:/home/toniferr/.m2/repository/org/springframework/boot/spring-boot-starter-logging/3.3.1/spring-boot-starter-logging-3.3.1.jar:/home/toniferr/.m2/repository/org/apache/logging/log4j/log4j-to-slf4j/2.23.1/log4j-to-slf4j-2.23.1.jar:/home/toniferr/.m2/repository/org/apache/logging/log4j/log4j-api/2.23.1/log4j-api-2.23.1.jar:/home/toniferr/.m2/repository/org/slf4j/jul-to-slf4j/2.0.13/jul-to-slf4j-2.0.13.jar:/home/toniferr/.m2/repository/jakarta/annotation/jakarta.annotation-api/2.1.1/jakarta.annotation-api-2.1.1.jar:/home/toniferr/.m2/repository/org/yaml/snakeyaml/2.2/snakeyaml-2.2.jar:/home/toniferr/.m2/repository/org/springframework/boot/spring-boot-starter-json/3.3.1/spring-boot-starter-json-3.3.1.jar:/home/toniferr/.m2/repository/com/fasterxml/jackson/datatype/jackson-datatype-jdk8/2.17.1/jackson-datatype-jdk8-2.17.1.jar:/home/toniferr/.m2/repository/com/fasterxml/jackson/datatype/jackson-datatype-jsr310/2.17.1/jackson-datatype-jsr310-2.17.1.jar:/home/toniferr/.m2/repository/com/fasterxml/jackson/module/jackson-module-parameter-names/2.17.1/jackson-module-parameter-names-2.17.1.jar:/home/toniferr/.m2/repository/org/springframework/boot/spring-boot-starter-tomcat/3.3.1/spring-boot-starter-tomcat-3.3.1.jar:/home/toniferr/.m2/repository/org/apache/tomcat/embed/tomcat-embed-core/10.1.25/tomcat-embed-core-10.1.25.jar:/home/toniferr/.m2/repository/org/apache/tomcat/embed/tomcat-embed-websocket/10.1.25/tomcat-embed-websocket-10.1.25.jar:/home/toniferr/.m2/repository/org/springframework/spring-web/6.1.10/spring-web-6.1.10.jar:/home/toniferr/.m2/repository/org/springframework/spring-beans/6.1.10/spring-beans-6.1.10.jar:/home/toniferr/.m2/repository/org/springframework/spring-webmvc/6.1.10/spring-webmvc-6.1.10.jar:/home/toniferr/.m2/repository/org/springframework/spring-context/6.1.10/spring-context-6.1.10.jar:/home/toniferr/.m2/repository/org/springframework/spring-expression/6.1.10/spring-expression-6.1.10.jar:/home/toniferr/.m2/repository/org/projectlombok/lombok/1.18.32/lombok-1.18.32.jar:/home/toniferr/.m2/repository/org/mapstruct/mapstruct/1.5.5.Final/mapstruct-1.5.5.Final.jar:/home/toniferr/.m2/repository/org/springframework/boot/spring-boot-starter-validation/3.3.1/spring-boot-starter-validation-3.3.1.jar:/home/toniferr/.m2/repository/org/apache/tomcat/embed/tomcat-embed-el/10.1.25/tomcat-embed-el-10.1.25.jar:/home/toniferr/.m2/repository/org/hibernate/validator/hibernate-validator/8.0.1.Final/hibernate-validator-8.0.1.Final.jar:/home/toniferr/.m2/repository/jakarta/validation/jakarta.validation-api/3.0.2/jakarta.validation-api-3.0.2.jar:/home/toniferr/.m2/repository/org/jboss/logging/jboss-logging/3.5.3.Final/jboss-logging-3.5.3.Final.jar:/home/toniferr/.m2/repository/com/fasterxml/classmate/1.7.0/classmate-1.7.0.jar:/home/toniferr/.m2/repository/org/springframework/boot/spring-boot-starter-data-jpa/3.3.1/spring-boot-starter-data-jpa-3.3.1.jar:/home/toniferr/.m2/repository/org/springframework/boot/spring-boot-starter-aop/3.3.1/spring-boot-starter-aop-3.3.1.jar:/home/toniferr/.m2/repository/org/aspectj/aspectjweaver/1.9.22/aspectjweaver-1.9.22.jar:/home/toniferr/.m2/repository/org/springframework/boot/spring-boot-starter-jdbc/3.3.1/spring-boot-starter-jdbc-3.3.1.jar:/home/toniferr/.m2/repository/com/zaxxer/HikariCP/5.1.0/HikariCP-5.1.0.jar:/home/toniferr/.m2/repository/org/springframework/spring-jdbc/6.1.10/spring-jdbc-6.1.10.jar:/home/toniferr/.m2/repository/org/hibernate/orm/hibernate-core/6.5.2.Final/hibernate-core-6.5.2.Final.jar:/home/toniferr/.m2/repository/jakarta/persistence/jakarta.persistence-api/3.1.0/jakarta.persistence-api-3.1.0.jar:/home/toniferr/.m2/repository/jakarta/transaction/jakarta.transaction-api/2.0.1/jakarta.transaction-api-2.0.1.jar:/home/toniferr/.m2/repository/org/hibernate/common/hibernate-commons-annotations/6.0.6.Final/hibernate-commons-annotations-6.0.6.Final.jar:/home/toniferr/.m2/repository/io/smallrye/jandex/3.1.2/jandex-3.1.2.jar:/home/toniferr/.m2/repository/net/bytebuddy/byte-buddy/1.14.17/byte-buddy-1.14.17.jar:/home/toniferr/.m2/repository/org/glassfish/jaxb/jaxb-runtime/4.0.5/jaxb-runtime-4.0.5.jar:/home/toniferr/.m2/repository/org/glassfish/jaxb/jaxb-core/4.0.5/jaxb-core-4.0.5.jar:/home/toniferr/.m2/repository/org/eclipse/angus/angus-activation/2.0.2/angus-activation-2.0.2.jar:/home/toniferr/.m2/repository/org/glassfish/jaxb/txw2/4.0.5/txw2-4.0.5.jar:/home/toniferr/.m2/repository/com/sun/istack/istack-commons-runtime/4.1.2/istack-commons-runtime-4.1.2.jar:/home/toniferr/.m2/repository/jakarta/inject/jakarta.inject-api/2.0.1/jakarta.inject-api-2.0.1.jar:/home/toniferr/.m2/repository/org/antlr/antlr4-runtime/4.13.0/antlr4-runtime-4.13.0.jar:/home/toniferr/.m2/repository/org/springframework/data/spring-data-jpa/3.3.1/spring-data-jpa-3.3.1.jar:/home/toniferr/.m2/repository/org/springframework/data/spring-data-commons/3.3.1/spring-data-commons-3.3.1.jar:/home/toniferr/.m2/repository/org/springframework/spring-orm/6.1.10/spring-orm-6.1.10.jar:/home/toniferr/.m2/repository/org/springframework/spring-tx/6.1.10/spring-tx-6.1.10.jar:/home/toniferr/.m2/repository/org/springframework/spring-aspects/6.1.10/spring-aspects-6.1.10.jar:/home/toniferr/.m2/repository/com/mysql/mysql-connector-j/8.3.0/mysql-connector-j-8.3.0.jar:/home/toniferr/.m2/repository/com/h2database/h2/2.2.224/h2-2.2.224.jar:/home/toniferr/.m2/repository/org/flywaydb/flyway-mysql/10.10.0/flyway-mysql-10.10.0.jar:/home/toniferr/.m2/repository/org/flywaydb/flyway-core/10.10.0/flyway-core-10.10.0.jar:/home/toniferr/.m2/repository/com/fasterxml/jackson/dataformat/jackson-dataformat-toml/2.17.1/jackson-dataformat-toml-2.17.1.jar:/home/toniferr/.m2/repository/com/google/code/gson/gson/2.10.1/gson-2.10.1.jar:/home/toniferr/.m2/repository/com/opencsv/opencsv/5.9/opencsv-5.9.jar:/home/toniferr/.m2/repository/org/apache/commons/commons-lang3/3.14.0/commons-lang3-3.14.0.jar:/home/toniferr/.m2/repository/org/apache/commons/commons-text/1.11.0/commons-text-1.11.0.jar:/home/toniferr/.m2/repository/commons-beanutils/commons-beanutils/1.9.4/commons-beanutils-1.9.4.jar:/home/toniferr/.m2/repository/commons-logging/commons-logging/1.2/commons-logging-1.2.jar:/home/toniferr/.m2/repository/commons-collections/commons-collections/3.2.2/commons-collections-3.2.2.jar:/home/toniferr/.m2/repository/org/apache/commons/commons-collections4/4.4/commons-collections4-4.4.jar:/home/toniferr/.m2/repository/org/springframework/boot/spring-boot-devtools/3.3.1/spring-boot-devtools-3.3.1.jar:/home/toniferr/.m2/repository/org/springframework/boot/spring-boot/3.3.1/spring-boot-3.3.1.jar:/home/toniferr/.m2/repository/org/springframework/boot/spring-boot-autoconfigure/3.3.1/spring-boot-autoconfigure-3.3.1.jar:/home/toniferr/.m2/repository/org/springframework/boot/spring-boot-starter-security/3.3.1/spring-boot-starter-security-3.3.1.jar:/home/toniferr/.m2/repository/org/springframework/spring-aop/6.1.10/spring-aop-6.1.10.jar:/home/toniferr/.m2/repository/org/springframework/security/spring-security-config/6.3.1/spring-security-config-6.3.1.jar:/home/toniferr/.m2/repository/org/springframework/security/spring-security-web/6.3.1/spring-security-web-6.3.1.jar:/home/toniferr/.m2/repository/org/springframework/boot/spring-boot-starter-oauth2-resource-server/3.3.1/spring-boot-starter-oauth2-resource-server-3.3.1.jar:/home/toniferr/.m2/repository/org/springframework/security/spring-security-core/6.3.1/spring-security-core-6.3.1.jar:/home/toniferr/.m2/repository/org/springframework/security/spring-security-crypto/6.3.1/spring-security-crypto-6.3.1.jar:/home/toniferr/.m2/repository/org/springframework/security/spring-security-oauth2-resource-server/6.3.1/spring-security-oauth2-resource-server-6.3.1.jar:/home/toniferr/.m2/repository/org/springframework/security/spring-security-oauth2-core/6.3.1/spring-security-oauth2-core-6.3.1.jar:/home/toniferr/.m2/repository/org/springframework/security/spring-security-oauth2-jose/6.3.1/spring-security-oauth2-jose-6.3.1.jar:/home/toniferr/.m2/repository/com/nimbusds/nimbus-jose-jwt/9.37.3/nimbus-jose-jwt-9.37.3.jar:/home/toniferr/.m2/repository/com/github/stephenc/jcip/jcip-annotations/1.0-1/jcip-annotations-1.0-1.jar:/home/toniferr/.m2/repository/org/springdoc/springdoc-openapi-starter-webmvc-ui/2.0.2/springdoc-openapi-starter-webmvc-ui-2.0.2.jar:/home/toniferr/.m2/repository/org/springdoc/springdoc-openapi-starter-webmvc-api/2.0.2/springdoc-openapi-starter-webmvc-api-2.0.2.jar:/home/toniferr/.m2/repository/org/webjars/swagger-ui/4.15.5/swagger-ui-4.15.5.jar:/home/toniferr/.m2/repository/org/webjars/webjars-locator-core/0.58/webjars-locator-core-0.58.jar:/home/toniferr/.m2/repository/io/github/classgraph/classgraph/4.8.149/classgraph-4.8.149.jar:/home/toniferr/.m2/repository/org/springdoc/springdoc-openapi-starter-common/2.0.2/springdoc-openapi-starter-common-2.0.2.jar:/home/toniferr/.m2/repository/io/swagger/core/v3/swagger-core-jakarta/2.2.7/swagger-core-jakarta-2.2.7.jar:/home/toniferr/.m2/repository/io/swagger/core/v3/swagger-annotations-jakarta/2.2.7/swagger-annotations-jakarta-2.2.7.jar:/home/toniferr/.m2/repository/io/swagger/core/v3/swagger-models-jakarta/2.2.7/swagger-models-jakarta-2.2.7.jar:/home/toniferr/.m2/repository/com/fasterxml/jackson/core/jackson-annotations/2.17.1/jackson-annotations-2.17.1.jar:/home/toniferr/.m2/repository/com/fasterxml/jackson/dataformat/jackson-dataformat-yaml/2.17.1/jackson-dataformat-yaml-2.17.1.jar:/home/toniferr/.m2/repository/org/springframework/boot/spring-boot-starter-actuator/3.3.1/spring-boot-starter-actuator-3.3.1.jar:/home/toniferr/.m2/repository/org/springframework/boot/spring-boot-actuator-autoconfigure/3.3.1/spring-boot-actuator-autoconfigure-3.3.1.jar:/home/toniferr/.m2/repository/org/springframework/boot/spring-boot-actuator/3.3.1/spring-boot-actuator-3.3.1.jar:/home/toniferr/.m2/repository/io/micrometer/micrometer-observation/1.13.1/micrometer-observation-1.13.1.jar:/home/toniferr/.m2/repository/io/micrometer/micrometer-commons/1.13.1/micrometer-commons-1.13.1.jar:/home/toniferr/.m2/repository/io/micrometer/micrometer-jakarta9/1.13.1/micrometer-jakarta9-1.13.1.jar:/home/toniferr/.m2/repository/io/micrometer/micrometer-core/1.13.1/micrometer-core-1.13.1.jar:/home/toniferr/.m2/repository/org/hdrhistogram/HdrHistogram/2.2.2/HdrHistogram-2.2.2.jar:/home/toniferr/.m2/repository/org/latencyutils/LatencyUtils/2.0.3/LatencyUtils-2.0.3.jar:/home/toniferr/.m2/repository/org/zalando/logbook-spring-boot-starter/3.8.0/logbook-spring-boot-starter-3.8.0.jar:/home/toniferr/.m2/repository/org/zalando/logbook-spring-boot-autoconfigure/3.8.0/logbook-spring-boot-autoconfigure-3.8.0.jar:/home/toniferr/.m2/repository/org/zalando/logbook-core/3.8.0/logbook-core-3.8.0.jar:/home/toniferr/.m2/repository/org/zalando/logbook-spring/3.8.0/logbook-spring-3.8.0.jar:/home/toniferr/.m2/repository/org/zalando/logbook-servlet/3.8.0/logbook-servlet-3.8.0.jar:/home/toniferr/.m2/repository/org/apiguardian/apiguardian-api/1.1.2/apiguardian-api-1.1.2.jar:/home/toniferr/.m2/repository/org/zalando/faux-pas/0.9.0/faux-pas-0.9.0.jar:/home/toniferr/.m2/repository/com/google/code/findbugs/jsr305/3.0.2/jsr305-3.0.2.jar:/home/toniferr/.m2/repository/org/slf4j/slf4j-api/2.0.13/slf4j-api-2.0.13.jar:/home/toniferr/.m2/repository/net/logstash/logback/logstash-logback-encoder/7.4/logstash-logback-encoder-7.4.jar:/home/toniferr/.m2/repository/com/fasterxml/jackson/core/jackson-databind/2.17.1/jackson-databind-2.17.1.jar:/home/toniferr/.m2/repository/com/fasterxml/jackson/core/jackson-core/2.17.1/jackson-core-2.17.1.jar:/home/toniferr/.m2/repository/org/zalando/logbook-logstash/3.8.0/logbook-logstash-3.8.0.jar:/home/toniferr/.m2/repository/org/zalando/logbook-api/3.8.0/logbook-api-3.8.0.jar:/home/toniferr/.m2/repository/org/zalando/logbook-json/3.8.0/logbook-json-3.8.0.jar:/home/toniferr/.m2/repository/org/zalando/logbook-common/3.8.0/logbook-common-3.8.0.jar:/home/toniferr/.m2/repository/ch/qos/logback/logback-classic/1.5.6/logback-classic-1.5.6.jar:/home/toniferr/.m2/repository/ch/qos/logback/logback-core/1.5.6/logback-core-1.5.6.jar:/home/toniferr/.m2/repository/org/springframework/boot/spring-boot-starter-cache/3.3.1/spring-boot-starter-cache-3.3.1.jar:/home/toniferr/.m2/repository/org/springframework/spring-context-support/6.1.10/spring-context-support-6.1.10.jar:/home/toniferr/.m2/repository/org/springframework/boot/spring-boot-starter-test/3.3.1/spring-boot-starter-test-3.3.1.jar:/home/toniferr/.m2/repository/org/springframework/boot/spring-boot-test/3.3.1/spring-boot-test-3.3.1.jar:/home/toniferr/.m2/repository/org/springframework/boot/spring-boot-test-autoconfigure/3.3.1/spring-boot-test-autoconfigure-3.3.1.jar:/home/toniferr/.m2/repository/com/jayway/jsonpath/json-path/2.9.0/json-path-2.9.0.jar:/home/toniferr/.m2/repository/jakarta/xml/bind/jakarta.xml.bind-api/4.0.2/jakarta.xml.bind-api-4.0.2.jar:/home/toniferr/.m2/repository/jakarta/activation/jakarta.activation-api/2.1.3/jakarta.activation-api-2.1.3.jar:/home/toniferr/.m2/repository/net/minidev/json-smart/2.5.1/json-smart-2.5.1.jar:/home/toniferr/.m2/repository/net/minidev/accessors-smart/2.5.1/accessors-smart-2.5.1.jar:/home/toniferr/.m2/repository/org/ow2/asm/asm/9.6/asm-9.6.jar:/home/toniferr/.m2/repository/org/assertj/assertj-core/3.25.3/assertj-core-3.25.3.jar:/home/toniferr/.m2/repository/org/awaitility/awaitility/4.2.1/awaitility-4.2.1.jar:/home/toniferr/.m2/repository/org/hamcrest/hamcrest/2.2/hamcrest-2.2.jar:/home/toniferr/.m2/repository/org/junit/jupiter/junit-jupiter/5.10.2/junit-jupiter-5.10.2.jar:/home/toniferr/.m2/repository/org/junit/jupiter/junit-jupiter-api/5.10.2/junit-jupiter-api-5.10.2.jar:/home/toniferr/.m2/repository/org/opentest4j/opentest4j/1.3.0/opentest4j-1.3.0.jar:/home/toniferr/.m2/repository/org/junit/platform/junit-platform-commons/1.10.2/junit-platform-commons-1.10.2.jar:/home/toniferr/.m2/repository/org/junit/jupiter/junit-jupiter-params/5.10.2/junit-jupiter-params-5.10.2.jar:/home/toniferr/.m2/repository/org/junit/jupiter/junit-jupiter-engine/5.10.2/junit-jupiter-engine-5.10.2.jar:/home/toniferr/.m2/repository/org/junit/platform/junit-platform-engine/1.10.2/junit-platform-engine-1.10.2.jar:/home/toniferr/.m2/repository/org/mockito/mockito-core/5.11.0/mockito-core-5.11.0.jar:/home/toniferr/.m2/repository/net/bytebuddy/byte-buddy-agent/1.14.17/byte-buddy-agent-1.14.17.jar:/home/toniferr/.m2/repository/org/objenesis/objenesis/3.3/objenesis-3.3.jar:/home/toniferr/.m2/repository/org/mockito/mockito-junit-jupiter/5.11.0/mockito-junit-jupiter-5.11.0.jar:/home/toniferr/.m2/repository/org/skyscreamer/jsonassert/1.5.1/jsonassert-1.5.1.jar:/home/toniferr/.m2/repository/com/vaadin/external/google/android-json/0.0.20131108.vaadin1/android-json-0.0.20131108.vaadin1.jar:/home/toniferr/.m2/repository/org/springframework/spring-core/6.1.10/spring-core-6.1.10.jar:/home/toniferr/.m2/repository/org/springframework/spring-jcl/6.1.10/spring-jcl-6.1.10.jar:/home/toniferr/.m2/repository/org/springframework/spring-test/6.1.10/spring-test-6.1.10.jar:/home/toniferr/.m2/repository/org/xmlunit/xmlunit-core/2.9.1/xmlunit-core-2.9.1.jar:/home/toniferr/.m2/repository/org/springframework/security/spring-security-test/6.3.1/spring-security-test-6.3.1.jar:/home/toniferr/.m2/repository/io/rest-assured/rest-assured/5.4.0/rest-assured-5.4.0.jar:/home/toniferr/.m2/repository/org/apache/groovy/groovy/4.0.21/groovy-4.0.21.jar:/home/toniferr/.m2/repository/org/apache/groovy/groovy-xml/4.0.21/groovy-xml-4.0.21.jar:/home/toniferr/.m2/repository/org/apache/httpcomponents/httpclient/4.5.13/httpclient-4.5.13.jar:/home/toniferr/.m2/repository/org/apache/httpcomponents/httpcore/4.4.16/httpcore-4.4.16.jar:/home/toniferr/.m2/repository/commons-codec/commons-codec/1.16.1/commons-codec-1.16.1.jar:/home/toniferr/.m2/repository/org/apache/httpcomponents/httpmime/4.5.13/httpmime-4.5.13.jar:/home/toniferr/.m2/repository/org/ccil/cowan/tagsoup/tagsoup/1.2.1/tagsoup-1.2.1.jar:/home/toniferr/.m2/repository/io/rest-assured/json-path/5.4.0/json-path-5.4.0.jar:/home/toniferr/.m2/repository/org/apache/groovy/groovy-json/4.0.21/groovy-json-4.0.21.jar:/home/toniferr/.m2/repository/io/rest-assured/rest-assured-common/5.4.0/rest-assured-common-5.4.0.jar:/home/toniferr/.m2/repository/io/rest-assured/xml-path/5.4.0/xml-path-5.4.0.jar:/home/toniferr/.m2/repository/com/atlassian/oai/swagger-request-validator-restassured/2.40.0/swagger-request-validator-restassured-2.40.0.jar:/home/toniferr/.m2/repository/com/atlassian/oai/swagger-request-validator-core/2.40.0/swagger-request-validator-core-2.40.0.jar:/home/toniferr/.m2/repository/io/swagger/parser/v3/swagger-parser/2.1.20/swagger-parser-2.1.20.jar:/home/toniferr/.m2/repository/io/swagger/parser/v3/swagger-parser-v2-converter/2.1.20/swagger-parser-v2-converter-2.1.20.jar:/home/toniferr/.m2/repository/io/swagger/swagger-core/1.6.12/swagger-core-1.6.12.jar:/home/toniferr/.m2/repository/io/swagger/swagger-models/1.6.12/swagger-models-1.6.12.jar:/home/toniferr/.m2/repository/io/swagger/swagger-annotations/1.6.12/swagger-annotations-1.6.12.jar:/home/toniferr/.m2/repository/io/swagger/swagger-parser/1.0.69/swagger-parser-1.0.69.jar:/home/toniferr/.m2/repository/io/swagger/swagger-parser-safe-url-resolver/1.0.69/swagger-parser-safe-url-resolver-1.0.69.jar:/home/toniferr/.m2/repository/io/swagger/swagger-compat-spec-parser/1.0.69/swagger-compat-spec-parser-1.0.69.jar:/home/toniferr/.m2/repository/com/github/java-json-tools/json-patch/1.13/json-patch-1.13.jar:/home/toniferr/.m2/repository/io/swagger/core/v3/swagger-models/2.2.20/swagger-models-2.2.20.jar:/home/toniferr/.m2/repository/io/swagger/parser/v3/swagger-parser-core/2.1.20/swagger-parser-core-2.1.20.jar:/home/toniferr/.m2/repository/io/swagger/parser/v3/swagger-parser-v3/2.1.20/swagger-parser-v3-2.1.20.jar:/home/toniferr/.m2/repository/io/swagger/core/v3/swagger-core/2.2.20/swagger-core-2.2.20.jar:/home/toniferr/.m2/repository/io/swagger/core/v3/swagger-annotations/2.2.20/swagger-annotations-2.2.20.jar:/home/toniferr/.m2/repository/io/swagger/parser/v3/swagger-parser-safe-url-resolver/2.1.20/swagger-parser-safe-url-resolver-2.1.20.jar:/home/toniferr/.m2/repository/commons-io/commons-io/2.15.1/commons-io-2.15.1.jar:/home/toniferr/.m2/repository/com/github/java-json-tools/json-schema-validator/2.2.14/json-schema-validator-2.2.14.jar:/home/toniferr/.m2/repository/com/github/java-json-tools/jackson-coreutils-equivalence/1.0/jackson-coreutils-equivalence-1.0.jar:/home/toniferr/.m2/repository/com/github/java-json-tools/jackson-coreutils/2.0/jackson-coreutils-2.0.jar:/home/toniferr/.m2/repository/com/github/java-json-tools/msg-simple/1.2/msg-simple-1.2.jar:/home/toniferr/.m2/repository/com/github/java-json-tools/btf/1.3/btf-1.3.jar:/home/toniferr/.m2/repository/com/github/java-json-tools/json-schema-core/1.2.14/json-schema-core-1.2.14.jar:/home/toniferr/.m2/repository/com/github/java-json-tools/uri-template/0.10/uri-template-0.10.jar:/home/toniferr/.m2/repository/org/mozilla/rhino/1.7.7.2/rhino-1.7.7.2.jar:/home/toniferr/.m2/repository/com/sun/mail/mailapi/1.6.2/mailapi-1.6.2.jar:/home/toniferr/.m2/repository/joda-time/joda-time/2.10.5/joda-time-2.10.5.jar:/home/toniferr/.m2/repository/com/googlecode/libphonenumber/libphonenumber/8.11.1/libphonenumber-8.11.1.jar:/home/toniferr/.m2/repository/net/sf/jopt-simple/jopt-simple/5.0.4/jopt-simple-5.0.4.jar:/home/toniferr/.m2/repository/com/google/guava/guava/33.0.0-jre/guava-33.0.0-jre.jar:/home/toniferr/.m2/repository/com/google/guava/failureaccess/1.0.2/failureaccess-1.0.2.jar:/home/toniferr/.m2/repository/com/google/guava/listenablefuture/9999.0-empty-to-avoid-conflict-with-guava/listenablefuture-9999.0-empty-to-avoid-conflict-with-guava.jar:/home/toniferr/.m2/repository/org/checkerframework/checker-qual/3.41.0/checker-qual-3.41.0.jar:/home/toniferr/.m2/repository/com/google/errorprone/error_prone_annotations/2.23.0/error_prone_annotations-2.23.0.jar:/home/toniferr/.m2/repository/com/google/j2objc/j2objc-annotations/2.8/j2objc-annotations-2.8.jar:"/>
    <property name="sun.cpu.endian" value="little"/>
    <property name="user.home" value="/home/toniferr"/>
    <property name="user.language" value="es"/>
    <property name="java.specification.vendor" value="Oracle Corporation"/>
    <property name="java.version.date" value="2024-04-16"/>
    <property name="java.home" value="/home/toniferr/Software/jdk-21.0.3"/>
    <property name="file.separator" value="/"/>
    <property name="basedir" value="/home/toniferr/Workspace/peeper-Spring6-rest"/>
    <property name="java.vm.compressedOopsMode" value="32-bit"/>
    <property name="line.separator" value="&#10;"/>
    <property name="java.vm.specification.vendor" value="Oracle Corporation"/>
    <property name="java.specification.name" value="Java Platform API Specification"/>
    <property name="FILE_LOG_CHARSET" value="UTF-8"/>
    <property name="java.awt.headless" value="true"/>
    <property name="surefire.real.class.path" value="/home/toniferr/Workspace/peeper-Spring6-rest/target/surefire/surefirebooter-20240628094700206_3.jar"/>
    <property name="sun.management.compiler" value="HotSpot 64-Bit Tiered Compilers"/>
    <property name="java.runtime.version" value="21.0.3+7-LTS-152"/>
    <property name="user.name" value="toniferr"/>
    <property name="stdout.encoding" value="UTF-8"/>
    <property name="path.separator" value=":"/>
    <property name="os.version" value="6.1.0-21-amd64"/>
    <property name="java.runtime.name" value="Java(TM) SE Runtime Environment"/>
    <property name="file.encoding" value="UTF-8"/>
    <property name="java.vm.name" value="Java HotSpot(TM) 64-Bit Server VM"/>
    <property name="localRepository" value="/home/toniferr/.m2/repository"/>
    <property name="java.vendor.url.bug" value="https://bugreport.java.com/bugreport/"/>
    <property name="java.io.tmpdir" value="/tmp"/>
    <property name="idea.version" value="2024.1.2"/>
    <property name="java.version" value="21.0.3"/>
    <property name="user.dir" value="/home/toniferr/Workspace/peeper-Spring6-rest"/>
    <property name="os.arch" value="amd64"/>
    <property name="java.vm.specification.name" value="Java Virtual Machine Specification"/>
    <property name="PID" value="6790"/>
    <property name="CONSOLE_LOG_CHARSET" value="UTF-8"/>
    <property name="native.encoding" value="UTF-8"/>
    <property name="java.library.path" value="/usr/java/packages/lib:/usr/lib64:/lib64:/lib:/usr/lib"/>
    <property name="java.vm.info" value="mixed mode, sharing"/>
    <property name="stderr.encoding" value="UTF-8"/>
    <property name="java.vendor" value="Oracle Corporation"/>
    <property name="java.vm.version" value="21.0.3+7-LTS-152"/>
    <property name="sun.io.unicode.encoding" value="UnicodeLittle"/>
    <property name="java.class.version" value="65.0"/>
  </properties>
  <testcase name="Testrun" classname="com.toniferr.spring6restmvc.bootstrap.BootstrapDataTest" time="4.537">
    <system-out><![CDATA[Standard Commons Logging discovery in action with spring-jcl: please remove commons-logging.jar from classpath in order to avoid potential conflicts
09:47:01.646 [main] INFO org.springframework.test.context.support.AnnotationConfigContextLoaderUtils -- Could not detect default configuration classes for test class [com.toniferr.spring6restmvc.bootstrap.BootstrapDataTest]: BootstrapDataTest does not declare any static, non-private, non-final, nested classes annotated with @Configuration.
09:47:01.854 [main] INFO org.springframework.boot.test.context.SpringBootTestContextBootstrapper -- Found @SpringBootConfiguration com.toniferr.spring6restmvc.Spring6RestMvcApplication for test class com.toniferr.spring6restmvc.bootstrap.BootstrapDataTest
09:47:01.977 [main] INFO org.springframework.boot.devtools.restart.RestartApplicationListener -- Restart disabled due to context in which it is running

  .   ____          _            __ _ _
 /\\ / ___'_ __ _ _(_)_ __  __ _ \ \ \ \
( ( )\___ | '_ | '_| | '_ \/ _` | \ \ \ \
 \\/  ___)| |_)| | | | | || (_| |  ) ) ) )
  '  |____| .__|_| |_|_| |_\__, | / / / /
 =========|_|==============|___/=/_/_/_/

 :: Spring Boot ::                (v3.3.1)

{"@timestamp":"2024-06-28T09:47:02.889658195+02:00","@version":"1","message":"HV000001: Hibernate Validator 8.0.1.Final","logger_name":"org.hibernate.validator.internal.util.Version","thread_name":"background-preinit","level":"INFO","level_value":20000}
{"@timestamp":"2024-06-28T09:47:02.959137533+02:00","@version":"1","message":"Starting BootstrapDataTest using Java 21.0.3 with PID 6790 (started by toniferr in /home/toniferr/Workspace/peeper-Spring6-rest)","logger_name":"com.toniferr.spring6restmvc.bootstrap.BootstrapDataTest","thread_name":"main","level":"INFO","level_value":20000}
{"@timestamp":"2024-06-28T09:47:02.960097674+02:00","@version":"1","message":"Running with Spring Boot v3.3.1, Spring v6.1.10","logger_name":"com.toniferr.spring6restmvc.bootstrap.BootstrapDataTest","thread_name":"main","level":"DEBUG","level_value":10000}
{"@timestamp":"2024-06-28T09:47:02.961580611+02:00","@version":"1","message":"No active profile set, falling back to 1 default profile: \"default\"","logger_name":"com.toniferr.spring6restmvc.bootstrap.BootstrapDataTest","thread_name":"main","level":"INFO","level_value":20000}
{"@timestamp":"2024-06-28T09:47:03.916641785+02:00","@version":"1","message":"Bootstrapping Spring Data JPA repositories in DEFAULT mode.","logger_name":"org.springframework.data.repository.config.RepositoryConfigurationDelegate","thread_name":"main","level":"INFO","level_value":20000}
{"@timestamp":"2024-06-28T09:47:04.053564138+02:00","@version":"1","message":"Finished Spring Data repository scanning in 123 ms. Found 5 JPA repository interfaces.","logger_name":"org.springframework.data.repository.config.RepositoryConfigurationDelegate","thread_name":"main","level":"INFO","level_value":20000}
{"@timestamp":"2024-06-28T09:47:04.143040722+02:00","@version":"1","message":"Replacing 'dataSource' DataSource bean with embedded version","logger_name":"org.springframework.boot.test.autoconfigure.jdbc.TestDatabaseAutoConfiguration$EmbeddedDataSourceBeanFactoryPostProcessor","thread_name":"main","level":"INFO","level_value":20000}
{"@timestamp":"2024-06-28T09:47:04.417586109+02:00","@version":"1","message":"Starting embedded database: url='jdbc:h2:mem:742b09c7-4e9d-4f1c-b973-36c3e1e2c796;DB_CLOSE_DELAY=-1;DB_CLOSE_ON_EXIT=false', username='sa'","logger_name":"org.springframework.jdbc.datasource.embedded.EmbeddedDatabaseFactory","thread_name":"main","level":"INFO","level_value":20000}
{"@timestamp":"2024-06-28T09:47:04.818745022+02:00","@version":"1","message":"HHH000204: Processing PersistenceUnitInfo [name: default]","logger_name":"org.hibernate.jpa.internal.util.LogHelper","thread_name":"main","level":"INFO","level_value":20000}
{"@timestamp":"2024-06-28T09:47:04.882778225+02:00","@version":"1","message":"HHH000412: Hibernate ORM core version 6.5.2.Final","logger_name":"org.hibernate.Version","thread_name":"main","level":"INFO","level_value":20000}
{"@timestamp":"2024-06-28T09:47:04.924663967+02:00","@version":"1","message":"HHH000026: Second-level cache disabled","logger_name":"org.hibernate.cache.internal.RegionFactoryInitiator","thread_name":"main","level":"INFO","level_value":20000}
{"@timestamp":"2024-06-28T09:47:05.316432911+02:00","@version":"1","message":"No LoadTimeWeaver setup: ignoring JPA class transformer","logger_name":"org.springframework.orm.jpa.persistenceunit.SpringPersistenceUnitInfo","thread_name":"main","level":"INFO","level_value":20000}
{"@timestamp":"2024-06-28T09:47:06.876788463+02:00","@version":"1","message":"HHH000489: No JTA platform available (set 'hibernate.transaction.jta.platform' to enable JTA platform integration)","logger_name":"org.hibernate.engine.transaction.jta.platform.internal.JtaPlatformInitiator","thread_name":"main","level":"INFO","level_value":20000}
Hibernate: drop table if exists beer cascade 
Hibernate: drop table if exists beer_category cascade 
Hibernate: drop table if exists beer_audit cascade 
Hibernate: drop table if exists beer_order cascade 
Hibernate: drop table if exists beer_order_line cascade 
Hibernate: drop table if exists beer_order_shipment cascade 
Hibernate: drop table if exists category cascade 
Hibernate: drop table if exists customer cascade 
Hibernate: create table beer (beer_style smallint not null check (beer_style between 0 and 9), price numeric(38,2) not null, quantity_on_hand integer, version integer, created_date timestamp(6), update_date timestamp(6), id varchar(36) not null, beer_name varchar(50) not null, upc varchar(255) not null, primary key (id))
Hibernate: create table beer_category (beer_id varchar(36) not null, category_id varchar(36) not null, primary key (beer_id, category_id))
Hibernate: create table beer_audit (beer_style smallint check (beer_style between 0 and 9), price numeric(38,2), quantity_on_hand integer, version integer, created_date timestamp(6), created_date_audit timestamp(6), update_date timestamp(6), audit_id varchar(36) not null, id varchar(36) not null, beer_name varchar(50), audit_event_type varchar(255), principal_name varchar(255), upc varchar(255), primary key (audit_id))
Hibernate: create table beer_order (created_date timestamp(6), last_modified_date timestamp(6), version bigint, beer_order_shipment_id varchar(36) unique, customer_id varchar(36), id varchar(36) not null, customer_ref varchar(255), primary key (id))
Hibernate: create table beer_order_line (order_quantity integer check (order_quantity>=1), quantity_allocated integer, created_date timestamp(6), last_modified_date timestamp(6), version bigint, beer_id varchar(36), beer_order_id varchar(36), id varchar(36) not null, primary key (id))
Hibernate: create table beer_order_shipment (created_date timestamp(6), last_modified_date timestamp(6), version bigint, beer_order_id varchar(36) unique, id varchar(36) not null, tracking_number varchar(255) not null, primary key (id))
Hibernate: create table category (created_date timestamp(6), last_modified_date timestamp(6), version bigint, id varchar(36) not null, description varchar(255), primary key (id))
Hibernate: create table customer (version integer, created_date timestamp(6), update_date timestamp(6), id varchar(36) not null, email varchar(255), name varchar(255), primary key (id))
Hibernate: alter table if exists beer_category add constraint FK7o42knkmhb44bhnsb804o16ch foreign key (beer_id) references beer
Hibernate: alter table if exists beer_category add constraint FKrmk65j5tao1q8mp3v4mkpesie foreign key (category_id) references category
Hibernate: alter table if exists beer_order add constraint FK52c52110ft36i9l66u0fqh1s2 foreign key (beer_order_shipment_id) references beer_order_shipment
Hibernate: alter table if exists beer_order add constraint FK5siih2e7vpx70nx4wexpxpji foreign key (customer_id) references customer
Hibernate: alter table if exists beer_order_line add constraint FKslskqsf79v6iekvb6d3gcc1l4 foreign key (beer_id) references beer
Hibernate: alter table if exists beer_order_line add constraint FKhkgofxhwx8yw9m3vat8mgtnxs foreign key (beer_order_id) references beer_order
Hibernate: alter table if exists beer_order_shipment add constraint FKqry3snbsxuavowegq87xn9gd6 foreign key (beer_order_id) references beer_order
{"@timestamp":"2024-06-28T09:47:06.953972288+02:00","@version":"1","message":"Initialized JPA EntityManagerFactory for persistence unit 'default'","logger_name":"org.springframework.orm.jpa.LocalContainerEntityManagerFactoryBean","thread_name":"main","level":"INFO","level_value":20000}
{"@timestamp":"2024-06-28T09:47:07.704650787+02:00","@version":"1","message":"Started BootstrapDataTest in 5.746 seconds (process running for 7.405)","logger_name":"com.toniferr.spring6restmvc.bootstrap.BootstrapDataTest","thread_name":"main","level":"INFO","level_value":20000}
Hibernate: select count(*) from beer b1_0
Hibernate: insert into beer (beer_name,beer_style,created_date,price,quantity_on_hand,upc,update_date,version,id) values (?,?,?,?,?,?,?,?,?)
Hibernate: insert into beer (beer_name,beer_style,created_date,price,quantity_on_hand,upc,update_date,version,id) values (?,?,?,?,?,?,?,?,?)
Hibernate: insert into beer (beer_name,beer_style,created_date,price,quantity_on_hand,upc,update_date,version,id) values (?,?,?,?,?,?,?,?,?)
Hibernate: select count(*) from beer b1_0
Hibernate: select count(*) from customer c1_0
Hibernate: select c1_0.id,c1_0.created_date,c1_0.email,c1_0.name,c1_0.update_date,c1_0.version from customer c1_0 where c1_0.id=?
Hibernate: select c1_0.id,c1_0.created_date,c1_0.email,c1_0.name,c1_0.update_date,c1_0.version from customer c1_0 where c1_0.id=?
Hibernate: select c1_0.id,c1_0.created_date,c1_0.email,c1_0.name,c1_0.update_date,c1_0.version from customer c1_0 where c1_0.id=?
Hibernate: insert into beer (beer_name,beer_style,created_date,price,quantity_on_hand,upc,update_date,version,id) values (?,?,?,?,?,?,?,?,?)
Hibernate: insert into beer (beer_name,beer_style,created_date,price,quantity_on_hand,upc,update_date,version,id) values (?,?,?,?,?,?,?,?,?)
Hibernate: insert into beer (beer_name,beer_style,created_date,price,quantity_on_hand,upc,update_date,version,id) values (?,?,?,?,?,?,?,?,?)
Hibernate: insert into beer (beer_name,beer_style,created_date,price,quantity_on_hand,upc,update_date,version,id) values (?,?,?,?,?,?,?,?,?)
Hibernate: insert into beer (beer_name,beer_style,created_date,price,quantity_on_hand,upc,update_date,version,id) values (?,?,?,?,?,?,?,?,?)
Hibernate: insert into beer (beer_name,beer_style,created_date,price,quantity_on_hand,upc,update_date,version,id) values (?,?,?,?,?,?,?,?,?)
Hibernate: insert into beer (beer_name,beer_style,created_date,price,quantity_on_hand,upc,update_date,version,id) values (?,?,?,?,?,?,?,?,?)
Hibernate: insert into beer (beer_name,beer_style,created_date,price,quantity_on_hand,upc,update_date,version,id) values (?,?,?,?,?,?,?,?,?)
Hibernate: insert into beer (beer_name,beer_style,created_date,price,quantity_on_hand,upc,update_date,version,id) values (?,?,?,?,?,?,?,?,?)
Hibernate: insert into beer (beer_name,beer_style,created_date,price,quantity_on_hand,upc,update_date,version,id) values (?,?,?,?,?,?,?,?,?)
Hibernate: insert into beer (beer_name,beer_style,created_date,price,quantity_on_hand,upc,update_date,version,id) values (?,?,?,?,?,?,?,?,?)
Hibernate: insert into beer (beer_name,beer_style,created_date,price,quantity_on_hand,upc,update_date,version,id) values (?,?,?,?,?,?,?,?,?)
Hibernate: insert into beer (beer_name,beer_style,created_date,price,quantity_on_hand,upc,update_date,version,id) values (?,?,?,?,?,?,?,?,?)
Hibernate: insert into beer (beer_name,beer_style,created_date,price,quantity_on_hand,upc,update_date,version,id) values (?,?,?,?,?,?,?,?,?)
Hibernate: insert into beer (beer_name,beer_style,created_date,price,quantity_on_hand,upc,update_date,version,id) values (?,?,?,?,?,?,?,?,?)
Hibernate: insert into beer (beer_name,beer_style,created_date,price,quantity_on_hand,upc,update_date,version,id) values (?,?,?,?,?,?,?,?,?)
Hibernate: insert into beer (beer_name,beer_style,created_date,price,quantity_on_hand,upc,update_date,version,id) values (?,?,?,?,?,?,?,?,?)
Hibernate: insert into beer (beer_name,beer_style,created_date,price,quantity_on_hand,upc,update_date,version,id) values (?,?,?,?,?,?,?,?,?)
Hibernate: insert into beer (beer_name,beer_style,created_date,price,quantity_on_hand,upc,update_date,version,id) values (?,?,?,?,?,?,?,?,?)
Hibernate: insert into beer (beer_name,beer_style,created_date,price,quantity_on_hand,upc,update_date,version,id) values (?,?,?,?,?,?,?,?,?)
Hibernate: insert into beer (beer_name,beer_style,created_date,price,quantity_on_hand,upc,update_date,version,id) values (?,?,?,?,?,?,?,?,?)
Hibernate: insert into beer (beer_name,beer_style,created_date,price,quantity_on_hand,upc,update_date,version,id) values (?,?,?,?,?,?,?,?,?)
Hibernate: insert into beer (beer_name,beer_style,created_date,price,quantity_on_hand,upc,update_date,version,id) values (?,?,?,?,?,?,?,?,?)
Hibernate: insert into beer (beer_name,beer_style,created_date,price,quantity_on_hand,upc,update_date,version,id) values (?,?,?,?,?,?,?,?,?)
Hibernate: insert into beer (beer_name,beer_style,created_date,price,quantity_on_hand,upc,update_date,version,id) values (?,?,?,?,?,?,?,?,?)
Hibernate: insert into beer (beer_name,beer_style,created_date,price,quantity_on_hand,upc,update_date,version,id) values (?,?,?,?,?,?,?,?,?)
Hibernate: insert into beer (beer_name,beer_style,created_date,price,quantity_on_hand,upc,update_date,version,id) values (?,?,?,?,?,?,?,?,?)
Hibernate: insert into beer (beer_name,beer_style,created_date,price,quantity_on_hand,upc,update_date,version,id) values (?,?,?,?,?,?,?,?,?)
Hibernate: insert into beer (beer_name,beer_style,created_date,price,quantity_on_hand,upc,update_date,version,id) values (?,?,?,?,?,?,?,?,?)
Hibernate: insert into beer (beer_name,beer_style,created_date,price,quantity_on_hand,upc,update_date,version,id) values (?,?,?,?,?,?,?,?,?)
Hibernate: insert into beer (beer_name,beer_style,created_date,price,quantity_on_hand,upc,update_date,version,id) values (?,?,?,?,?,?,?,?,?)
Hibernate: insert into beer (beer_name,beer_style,created_date,price,quantity_on_hand,upc,update_date,version,id) values (?,?,?,?,?,?,?,?,?)
Hibernate: insert into beer (beer_name,beer_style,created_date,price,quantity_on_hand,upc,update_date,version,id) values (?,?,?,?,?,?,?,?,?)
Hibernate: insert into beer (beer_name,beer_style,created_date,price,quantity_on_hand,upc,update_date,version,id) values (?,?,?,?,?,?,?,?,?)
Hibernate: insert into beer (beer_name,beer_style,created_date,price,quantity_on_hand,upc,update_date,version,id) values (?,?,?,?,?,?,?,?,?)
Hibernate: insert into beer (beer_name,beer_style,created_date,price,quantity_on_hand,upc,update_date,version,id) values (?,?,?,?,?,?,?,?,?)
Hibernate: insert into beer (beer_name,beer_style,created_date,price,quantity_on_hand,upc,update_date,version,id) values (?,?,?,?,?,?,?,?,?)
Hibernate: insert into beer (beer_name,beer_style,created_date,price,quantity_on_hand,upc,update_date,version,id) values (?,?,?,?,?,?,?,?,?)
Hibernate: insert into beer (beer_name,beer_style,created_date,price,quantity_on_hand,upc,update_date,version,id) values (?,?,?,?,?,?,?,?,?)
Hibernate: insert into beer (beer_name,beer_style,created_date,price,quantity_on_hand,upc,update_date,version,id) values (?,?,?,?,?,?,?,?,?)
Hibernate: insert into beer (beer_name,beer_style,created_date,price,quantity_on_hand,upc,update_date,version,id) values (?,?,?,?,?,?,?,?,?)
Hibernate: insert into beer (beer_name,beer_style,created_date,price,quantity_on_hand,upc,update_date,version,id) values (?,?,?,?,?,?,?,?,?)
Hibernate: insert into beer (beer_name,beer_style,created_date,price,quantity_on_hand,upc,update_date,version,id) values (?,?,?,?,?,?,?,?,?)
Hibernate: insert into beer (beer_name,beer_style,created_date,price,quantity_on_hand,upc,update_date,version,id) values (?,?,?,?,?,?,?,?,?)
Hibernate: insert into beer (beer_name,beer_style,created_date,price,quantity_on_hand,upc,update_date,version,id) values (?,?,?,?,?,?,?,?,?)
Hibernate: insert into beer (beer_name,beer_style,created_date,price,quantity_on_hand,upc,update_date,version,id) values (?,?,?,?,?,?,?,?,?)
Hibernate: insert into beer (beer_name,beer_style,created_date,price,quantity_on_hand,upc,update_date,version,id) values (?,?,?,?,?,?,?,?,?)
Hibernate: insert into beer (beer_name,beer_style,created_date,price,quantity_on_hand,upc,update_date,version,id) values (?,?,?,?,?,?,?,?,?)
Hibernate: insert into beer (beer_name,beer_style,created_date,price,quantity_on_hand,upc,update_date,version,id) values (?,?,?,?,?,?,?,?,?)
Hibernate: insert into beer (beer_name,beer_style,created_date,price,quantity_on_hand,upc,update_date,version,id) values (?,?,?,?,?,?,?,?,?)
Hibernate: insert into beer (beer_name,beer_style,created_date,price,quantity_on_hand,upc,update_date,version,id) values (?,?,?,?,?,?,?,?,?)
Hibernate: insert into beer (beer_name,beer_style,created_date,price,quantity_on_hand,upc,update_date,version,id) values (?,?,?,?,?,?,?,?,?)
Hibernate: insert into beer (beer_name,beer_style,created_date,price,quantity_on_hand,upc,update_date,version,id) values (?,?,?,?,?,?,?,?,?)
Hibernate: insert into beer (beer_name,beer_style,created_date,price,quantity_on_hand,upc,update_date,version,id) values (?,?,?,?,?,?,?,?,?)
Hibernate: insert into beer (beer_name,beer_style,created_date,price,quantity_on_hand,upc,update_date,version,id) values (?,?,?,?,?,?,?,?,?)
Hibernate: insert into beer (beer_name,beer_style,created_date,price,quantity_on_hand,upc,update_date,version,id) values (?,?,?,?,?,?,?,?,?)
Hibernate: insert into beer (beer_name,beer_style,created_date,price,quantity_on_hand,upc,update_date,version,id) values (?,?,?,?,?,?,?,?,?)
Hibernate: insert into beer (beer_name,beer_style,created_date,price,quantity_on_hand,upc,update_date,version,id) values (?,?,?,?,?,?,?,?,?)
Hibernate: insert into beer (beer_name,beer_style,created_date,price,quantity_on_hand,upc,update_date,version,id) values (?,?,?,?,?,?,?,?,?)
Hibernate: insert into beer (beer_name,beer_style,created_date,price,quantity_on_hand,upc,update_date,version,id) values (?,?,?,?,?,?,?,?,?)
Hibernate: insert into beer (beer_name,beer_style,created_date,price,quantity_on_hand,upc,update_date,version,id) values (?,?,?,?,?,?,?,?,?)
Hibernate: insert into beer (beer_name,beer_style,created_date,price,quantity_on_hand,upc,update_date,version,id) values (?,?,?,?,?,?,?,?,?)
Hibernate: insert into beer (beer_name,beer_style,created_date,price,quantity_on_hand,upc,update_date,version,id) values (?,?,?,?,?,?,?,?,?)
Hibernate: insert into beer (beer_name,beer_style,created_date,price,quantity_on_hand,upc,update_date,version,id) values (?,?,?,?,?,?,?,?,?)
Hibernate: insert into beer (beer_name,beer_style,created_date,price,quantity_on_hand,upc,update_date,version,id) values (?,?,?,?,?,?,?,?,?)
Hibernate: insert into beer (beer_name,beer_style,created_date,price,quantity_on_hand,upc,update_date,version,id) values (?,?,?,?,?,?,?,?,?)
Hibernate: insert into beer (beer_name,beer_style,created_date,price,quantity_on_hand,upc,update_date,version,id) values (?,?,?,?,?,?,?,?,?)
Hibernate: insert into beer (beer_name,beer_style,created_date,price,quantity_on_hand,upc,update_date,version,id) values (?,?,?,?,?,?,?,?,?)
Hibernate: insert into beer (beer_name,beer_style,created_date,price,quantity_on_hand,upc,update_date,version,id) values (?,?,?,?,?,?,?,?,?)
Hibernate: insert into beer (beer_name,beer_style,created_date,price,quantity_on_hand,upc,update_date,version,id) values (?,?,?,?,?,?,?,?,?)
Hibernate: insert into beer (beer_name,beer_style,created_date,price,quantity_on_hand,upc,update_date,version,id) values (?,?,?,?,?,?,?,?,?)
Hibernate: insert into beer (beer_name,beer_style,created_date,price,quantity_on_hand,upc,update_date,version,id) values (?,?,?,?,?,?,?,?,?)
Hibernate: insert into beer (beer_name,beer_style,created_date,price,quantity_on_hand,upc,update_date,version,id) values (?,?,?,?,?,?,?,?,?)
Hibernate: insert into beer (beer_name,beer_style,created_date,price,quantity_on_hand,upc,update_date,version,id) values (?,?,?,?,?,?,?,?,?)
Hibernate: insert into beer (beer_name,beer_style,created_date,price,quantity_on_hand,upc,update_date,version,id) values (?,?,?,?,?,?,?,?,?)
Hibernate: insert into beer (beer_name,beer_style,created_date,price,quantity_on_hand,upc,update_date,version,id) values (?,?,?,?,?,?,?,?,?)
Hibernate: insert into beer (beer_name,beer_style,created_date,price,quantity_on_hand,upc,update_date,version,id) values (?,?,?,?,?,?,?,?,?)
Hibernate: insert into beer (beer_name,beer_style,created_date,price,quantity_on_hand,upc,update_date,version,id) values (?,?,?,?,?,?,?,?,?)
Hibernate: insert into beer (beer_name,beer_style,created_date,price,quantity_on_hand,upc,update_date,version,id) values (?,?,?,?,?,?,?,?,?)
Hibernate: insert into beer (beer_name,beer_style,created_date,price,quantity_on_hand,upc,update_date,version,id) values (?,?,?,?,?,?,?,?,?)
Hibernate: insert into beer (beer_name,beer_style,created_date,price,quantity_on_hand,upc,update_date,version,id) values (?,?,?,?,?,?,?,?,?)
Hibernate: insert into beer (beer_name,beer_style,created_date,price,quantity_on_hand,upc,update_date,version,id) values (?,?,?,?,?,?,?,?,?)
Hibernate: insert into beer (beer_name,beer_style,created_date,price,quantity_on_hand,upc,update_date,version,id) values (?,?,?,?,?,?,?,?,?)
Hibernate: insert into beer (beer_name,beer_style,created_date,price,quantity_on_hand,upc,update_date,version,id) values (?,?,?,?,?,?,?,?,?)
Hibernate: insert into beer (beer_name,beer_style,created_date,price,quantity_on_hand,upc,update_date,version,id) values (?,?,?,?,?,?,?,?,?)
Hibernate: insert into beer (beer_name,beer_style,created_date,price,quantity_on_hand,upc,update_date,version,id) values (?,?,?,?,?,?,?,?,?)
Hibernate: insert into beer (beer_name,beer_style,created_date,price,quantity_on_hand,upc,update_date,version,id) values (?,?,?,?,?,?,?,?,?)
Hibernate: insert into beer (beer_name,beer_style,created_date,price,quantity_on_hand,upc,update_date,version,id) values (?,?,?,?,?,?,?,?,?)
Hibernate: insert into beer (beer_name,beer_style,created_date,price,quantity_on_hand,upc,update_date,version,id) values (?,?,?,?,?,?,?,?,?)
Hibernate: insert into beer (beer_name,beer_style,created_date,price,quantity_on_hand,upc,update_date,version,id) values (?,?,?,?,?,?,?,?,?)
Hibernate: insert into beer (beer_name,beer_style,created_date,price,quantity_on_hand,upc,update_date,version,id) values (?,?,?,?,?,?,?,?,?)
Hibernate: insert into beer (beer_name,beer_style,created_date,price,quantity_on_hand,upc,update_date,version,id) values (?,?,?,?,?,?,?,?,?)
Hibernate: insert into beer (beer_name,beer_style,created_date,price,quantity_on_hand,upc,update_date,version,id) values (?,?,?,?,?,?,?,?,?)
Hibernate: insert into beer (beer_name,beer_style,created_date,price,quantity_on_hand,upc,update_date,version,id) values (?,?,?,?,?,?,?,?,?)
Hibernate: insert into beer (beer_name,beer_style,created_date,price,quantity_on_hand,upc,update_date,version,id) values (?,?,?,?,?,?,?,?,?)
Hibernate: insert into beer (beer_name,beer_style,created_date,price,quantity_on_hand,upc,update_date,version,id) values (?,?,?,?,?,?,?,?,?)
Hibernate: insert into beer (beer_name,beer_style,created_date,price,quantity_on_hand,upc,update_date,version,id) values (?,?,?,?,?,?,?,?,?)
Hibernate: insert into beer (beer_name,beer_style,created_date,price,quantity_on_hand,upc,update_date,version,id) values (?,?,?,?,?,?,?,?,?)
Hibernate: insert into beer (beer_name,beer_style,created_date,price,quantity_on_hand,upc,update_date,version,id) values (?,?,?,?,?,?,?,?,?)
Hibernate: insert into beer (beer_name,beer_style,created_date,price,quantity_on_hand,upc,update_date,version,id) values (?,?,?,?,?,?,?,?,?)
Hibernate: insert into beer (beer_name,beer_style,created_date,price,quantity_on_hand,upc,update_date,version,id) values (?,?,?,?,?,?,?,?,?)
Hibernate: insert into beer (beer_name,beer_style,created_date,price,quantity_on_hand,upc,update_date,version,id) values (?,?,?,?,?,?,?,?,?)
Hibernate: insert into beer (beer_name,beer_style,created_date,price,quantity_on_hand,upc,update_date,version,id) values (?,?,?,?,?,?,?,?,?)
Hibernate: insert into beer (beer_name,beer_style,created_date,price,quantity_on_hand,upc,update_date,version,id) values (?,?,?,?,?,?,?,?,?)
Hibernate: insert into beer (beer_name,beer_style,created_date,price,quantity_on_hand,upc,update_date,version,id) values (?,?,?,?,?,?,?,?,?)
Hibernate: insert into beer (beer_name,beer_style,created_date,price,quantity_on_hand,upc,update_date,version,id) values (?,?,?,?,?,?,?,?,?)
Hibernate: insert into beer (beer_name,beer_style,created_date,price,quantity_on_hand,upc,update_date,version,id) values (?,?,?,?,?,?,?,?,?)
Hibernate: insert into beer (beer_name,beer_style,created_date,price,quantity_on_hand,upc,update_date,version,id) values (?,?,?,?,?,?,?,?,?)
Hibernate: insert into beer (beer_name,beer_style,created_date,price,quantity_on_hand,upc,update_date,version,id) values (?,?,?,?,?,?,?,?,?)
Hibernate: insert into beer (beer_name,beer_style,created_date,price,quantity_on_hand,upc,update_date,version,id) values (?,?,?,?,?,?,?,?,?)
Hibernate: insert into beer (beer_name,beer_style,created_date,price,quantity_on_hand,upc,update_date,version,id) values (?,?,?,?,?,?,?,?,?)
Hibernate: insert into beer (beer_name,beer_style,created_date,price,quantity_on_hand,upc,update_date,version,id) values (?,?,?,?,?,?,?,?,?)
Hibernate: insert into beer (beer_name,beer_style,created_date,price,quantity_on_hand,upc,update_date,version,id) values (?,?,?,?,?,?,?,?,?)
Hibernate: insert into beer (beer_name,beer_style,created_date,price,quantity_on_hand,upc,update_date,version,id) values (?,?,?,?,?,?,?,?,?)
Hibernate: insert into beer (beer_name,beer_style,created_date,price,quantity_on_hand,upc,update_date,version,id) values (?,?,?,?,?,?,?,?,?)
Hibernate: insert into beer (beer_name,beer_style,created_date,price,quantity_on_hand,upc,update_date,version,id) values (?,?,?,?,?,?,?,?,?)
Hibernate: insert into beer (beer_name,beer_style,created_date,price,quantity_on_hand,upc,update_date,version,id) values (?,?,?,?,?,?,?,?,?)
Hibernate: insert into beer (beer_name,beer_style,created_date,price,quantity_on_hand,upc,update_date,version,id) values (?,?,?,?,?,?,?,?,?)
Hibernate: insert into beer (beer_name,beer_style,created_date,price,quantity_on_hand,upc,update_date,version,id) values (?,?,?,?,?,?,?,?,?)
Hibernate: insert into beer (beer_name,beer_style,created_date,price,quantity_on_hand,upc,update_date,version,id) values (?,?,?,?,?,?,?,?,?)
Hibernate: insert into beer (beer_name,beer_style,created_date,price,quantity_on_hand,upc,update_date,version,id) values (?,?,?,?,?,?,?,?,?)
Hibernate: insert into beer (beer_name,beer_style,created_date,price,quantity_on_hand,upc,update_date,version,id) values (?,?,?,?,?,?,?,?,?)
Hibernate: insert into beer (beer_name,beer_style,created_date,price,quantity_on_hand,upc,update_date,version,id) values (?,?,?,?,?,?,?,?,?)
Hibernate: insert into beer (beer_name,beer_style,created_date,price,quantity_on_hand,upc,update_date,version,id) values (?,?,?,?,?,?,?,?,?)
Hibernate: insert into beer (beer_name,beer_style,created_date,price,quantity_on_hand,upc,update_date,version,id) values (?,?,?,?,?,?,?,?,?)
Hibernate: insert into beer (beer_name,beer_style,created_date,price,quantity_on_hand,upc,update_date,version,id) values (?,?,?,?,?,?,?,?,?)
Hibernate: insert into beer (beer_name,beer_style,created_date,price,quantity_on_hand,upc,update_date,version,id) values (?,?,?,?,?,?,?,?,?)
Hibernate: insert into beer (beer_name,beer_style,created_date,price,quantity_on_hand,upc,update_date,version,id) values (?,?,?,?,?,?,?,?,?)
Hibernate: insert into beer (beer_name,beer_style,created_date,price,quantity_on_hand,upc,update_date,version,id) values (?,?,?,?,?,?,?,?,?)
Hibernate: insert into beer (beer_name,beer_style,created_date,price,quantity_on_hand,upc,update_date,version,id) values (?,?,?,?,?,?,?,?,?)
Hibernate: insert into beer (beer_name,beer_style,created_date,price,quantity_on_hand,upc,update_date,version,id) values (?,?,?,?,?,?,?,?,?)
Hibernate: insert into beer (beer_name,beer_style,created_date,price,quantity_on_hand,upc,update_date,version,id) values (?,?,?,?,?,?,?,?,?)
Hibernate: insert into beer (beer_name,beer_style,created_date,price,quantity_on_hand,upc,update_date,version,id) values (?,?,?,?,?,?,?,?,?)
Hibernate: insert into beer (beer_name,beer_style,created_date,price,quantity_on_hand,upc,update_date,version,id) values (?,?,?,?,?,?,?,?,?)
Hibernate: insert into beer (beer_name,beer_style,created_date,price,quantity_on_hand,upc,update_date,version,id) values (?,?,?,?,?,?,?,?,?)
Hibernate: insert into beer (beer_name,beer_style,created_date,price,quantity_on_hand,upc,update_date,version,id) values (?,?,?,?,?,?,?,?,?)
Hibernate: insert into beer (beer_name,beer_style,created_date,price,quantity_on_hand,upc,update_date,version,id) values (?,?,?,?,?,?,?,?,?)
Hibernate: insert into beer (beer_name,beer_style,created_date,price,quantity_on_hand,upc,update_date,version,id) values (?,?,?,?,?,?,?,?,?)
Hibernate: insert into beer (beer_name,beer_style,created_date,price,quantity_on_hand,upc,update_date,version,id) values (?,?,?,?,?,?,?,?,?)
Hibernate: insert into beer (beer_name,beer_style,created_date,price,quantity_on_hand,upc,update_date,version,id) values (?,?,?,?,?,?,?,?,?)
Hibernate: insert into beer (beer_name,beer_style,created_date,price,quantity_on_hand,upc,update_date,version,id) values (?,?,?,?,?,?,?,?,?)
Hibernate: insert into beer (beer_name,beer_style,created_date,price,quantity_on_hand,upc,update_date,version,id) values (?,?,?,?,?,?,?,?,?)
Hibernate: insert into beer (beer_name,beer_style,created_date,price,quantity_on_hand,upc,update_date,version,id) values (?,?,?,?,?,?,?,?,?)
Hibernate: insert into beer (beer_name,beer_style,created_date,price,quantity_on_hand,upc,update_date,version,id) values (?,?,?,?,?,?,?,?,?)
Hibernate: insert into beer (beer_name,beer_style,created_date,price,quantity_on_hand,upc,update_date,version,id) values (?,?,?,?,?,?,?,?,?)
Hibernate: insert into beer (beer_name,beer_style,created_date,price,quantity_on_hand,upc,update_date,version,id) values (?,?,?,?,?,?,?,?,?)
Hibernate: insert into beer (beer_name,beer_style,created_date,price,quantity_on_hand,upc,update_date,version,id) values (?,?,?,?,?,?,?,?,?)
Hibernate: insert into beer (beer_name,beer_style,created_date,price,quantity_on_hand,upc,update_date,version,id) values (?,?,?,?,?,?,?,?,?)
Hibernate: insert into beer (beer_name,beer_style,created_date,price,quantity_on_hand,upc,update_date,version,id) values (?,?,?,?,?,?,?,?,?)
Hibernate: insert into beer (beer_name,beer_style,created_date,price,quantity_on_hand,upc,update_date,version,id) values (?,?,?,?,?,?,?,?,?)
Hibernate: insert into beer (beer_name,beer_style,created_date,price,quantity_on_hand,upc,update_date,version,id) values (?,?,?,?,?,?,?,?,?)
Hibernate: insert into beer (beer_name,beer_style,created_date,price,quantity_on_hand,upc,update_date,version,id) values (?,?,?,?,?,?,?,?,?)
Hibernate: insert into beer (beer_name,beer_style,created_date,price,quantity_on_hand,upc,update_date,version,id) values (?,?,?,?,?,?,?,?,?)
Hibernate: insert into beer (beer_name,beer_style,created_date,price,quantity_on_hand,upc,update_date,version,id) values (?,?,?,?,?,?,?,?,?)
Hibernate: insert into beer (beer_name,beer_style,created_date,price,quantity_on_hand,upc,update_date,version,id) values (?,?,?,?,?,?,?,?,?)
Hibernate: insert into beer (beer_name,beer_style,created_date,price,quantity_on_hand,upc,update_date,version,id) values (?,?,?,?,?,?,?,?,?)
Hibernate: insert into beer (beer_name,beer_style,created_date,price,quantity_on_hand,upc,update_date,version,id) values (?,?,?,?,?,?,?,?,?)
Hibernate: insert into beer (beer_name,beer_style,created_date,price,quantity_on_hand,upc,update_date,version,id) values (?,?,?,?,?,?,?,?,?)
Hibernate: insert into beer (beer_name,beer_style,created_date,price,quantity_on_hand,upc,update_date,version,id) values (?,?,?,?,?,?,?,?,?)
Hibernate: insert into beer (beer_name,beer_style,created_date,price,quantity_on_hand,upc,update_date,version,id) values (?,?,?,?,?,?,?,?,?)
Hibernate: insert into beer (beer_name,beer_style,created_date,price,quantity_on_hand,upc,update_date,version,id) values (?,?,?,?,?,?,?,?,?)
Hibernate: insert into beer (beer_name,beer_style,created_date,price,quantity_on_hand,upc,update_date,version,id) values (?,?,?,?,?,?,?,?,?)
Hibernate: insert into beer (beer_name,beer_style,created_date,price,quantity_on_hand,upc,update_date,version,id) values (?,?,?,?,?,?,?,?,?)
Hibernate: insert into beer (beer_name,beer_style,created_date,price,quantity_on_hand,upc,update_date,version,id) values (?,?,?,?,?,?,?,?,?)
Hibernate: insert into beer (beer_name,beer_style,created_date,price,quantity_on_hand,upc,update_date,version,id) values (?,?,?,?,?,?,?,?,?)
Hibernate: insert into beer (beer_name,beer_style,created_date,price,quantity_on_hand,upc,update_date,version,id) values (?,?,?,?,?,?,?,?,?)
Hibernate: insert into beer (beer_name,beer_style,created_date,price,quantity_on_hand,upc,update_date,version,id) values (?,?,?,?,?,?,?,?,?)
Hibernate: insert into beer (beer_name,beer_style,created_date,price,quantity_on_hand,upc,update_date,version,id) values (?,?,?,?,?,?,?,?,?)
Hibernate: insert into beer (beer_name,beer_style,created_date,price,quantity_on_hand,upc,update_date,version,id) values (?,?,?,?,?,?,?,?,?)
Hibernate: insert into beer (beer_name,beer_style,created_date,price,quantity_on_hand,upc,update_date,version,id) values (?,?,?,?,?,?,?,?,?)
Hibernate: insert into beer (beer_name,beer_style,created_date,price,quantity_on_hand,upc,update_date,version,id) values (?,?,?,?,?,?,?,?,?)
Hibernate: insert into beer (beer_name,beer_style,created_date,price,quantity_on_hand,upc,update_date,version,id) values (?,?,?,?,?,?,?,?,?)
Hibernate: insert into beer (beer_name,beer_style,created_date,price,quantity_on_hand,upc,update_date,version,id) values (?,?,?,?,?,?,?,?,?)
Hibernate: insert into beer (beer_name,beer_style,created_date,price,quantity_on_hand,upc,update_date,version,id) values (?,?,?,?,?,?,?,?,?)
Hibernate: insert into beer (beer_name,beer_style,created_date,price,quantity_on_hand,upc,update_date,version,id) values (?,?,?,?,?,?,?,?,?)
Hibernate: insert into beer (beer_name,beer_style,created_date,price,quantity_on_hand,upc,update_date,version,id) values (?,?,?,?,?,?,?,?,?)
Hibernate: insert into beer (beer_name,beer_style,created_date,price,quantity_on_hand,upc,update_date,version,id) values (?,?,?,?,?,?,?,?,?)
Hibernate: insert into beer (beer_name,beer_style,created_date,price,quantity_on_hand,upc,update_date,version,id) values (?,?,?,?,?,?,?,?,?)
Hibernate: insert into beer (beer_name,beer_style,created_date,price,quantity_on_hand,upc,update_date,version,id) values (?,?,?,?,?,?,?,?,?)
Hibernate: insert into beer (beer_name,beer_style,created_date,price,quantity_on_hand,upc,update_date,version,id) values (?,?,?,?,?,?,?,?,?)
Hibernate: insert into beer (beer_name,beer_style,created_date,price,quantity_on_hand,upc,update_date,version,id) values (?,?,?,?,?,?,?,?,?)
Hibernate: insert into beer (beer_name,beer_style,created_date,price,quantity_on_hand,upc,update_date,version,id) values (?,?,?,?,?,?,?,?,?)
Hibernate: insert into beer (beer_name,beer_style,created_date,price,quantity_on_hand,upc,update_date,version,id) values (?,?,?,?,?,?,?,?,?)
Hibernate: insert into beer (beer_name,beer_style,created_date,price,quantity_on_hand,upc,update_date,version,id) values (?,?,?,?,?,?,?,?,?)
Hibernate: insert into beer (beer_name,beer_style,created_date,price,quantity_on_hand,upc,update_date,version,id) values (?,?,?,?,?,?,?,?,?)
Hibernate: insert into beer (beer_name,beer_style,created_date,price,quantity_on_hand,upc,update_date,version,id) values (?,?,?,?,?,?,?,?,?)
Hibernate: insert into beer (beer_name,beer_style,created_date,price,quantity_on_hand,upc,update_date,version,id) values (?,?,?,?,?,?,?,?,?)
Hibernate: insert into beer (beer_name,beer_style,created_date,price,quantity_on_hand,upc,update_date,version,id) values (?,?,?,?,?,?,?,?,?)
Hibernate: insert into beer (beer_name,beer_style,created_date,price,quantity_on_hand,upc,update_date,version,id) values (?,?,?,?,?,?,?,?,?)
Hibernate: insert into beer (beer_name,beer_style,created_date,price,quantity_on_hand,upc,update_date,version,id) values (?,?,?,?,?,?,?,?,?)
Hibernate: insert into beer (beer_name,beer_style,created_date,price,quantity_on_hand,upc,update_date,version,id) values (?,?,?,?,?,?,?,?,?)
Hibernate: insert into beer (beer_name,beer_style,created_date,price,quantity_on_hand,upc,update_date,version,id) values (?,?,?,?,?,?,?,?,?)
Hibernate: insert into beer (beer_name,beer_style,created_date,price,quantity_on_hand,upc,update_date,version,id) values (?,?,?,?,?,?,?,?,?)
Hibernate: insert into beer (beer_name,beer_style,created_date,price,quantity_on_hand,upc,update_date,version,id) values (?,?,?,?,?,?,?,?,?)
Hibernate: insert into beer (beer_name,beer_style,created_date,price,quantity_on_hand,upc,update_date,version,id) values (?,?,?,?,?,?,?,?,?)
Hibernate: insert into beer (beer_name,beer_style,created_date,price,quantity_on_hand,upc,update_date,version,id) values (?,?,?,?,?,?,?,?,?)
Hibernate: insert into beer (beer_name,beer_style,created_date,price,quantity_on_hand,upc,update_date,version,id) values (?,?,?,?,?,?,?,?,?)
Hibernate: insert into beer (beer_name,beer_style,created_date,price,quantity_on_hand,upc,update_date,version,id) values (?,?,?,?,?,?,?,?,?)
Hibernate: insert into beer (beer_name,beer_style,created_date,price,quantity_on_hand,upc,update_date,version,id) values (?,?,?,?,?,?,?,?,?)
Hibernate: insert into beer (beer_name,beer_style,created_date,price,quantity_on_hand,upc,update_date,version,id) values (?,?,?,?,?,?,?,?,?)
Hibernate: insert into beer (beer_name,beer_style,created_date,price,quantity_on_hand,upc,update_date,version,id) values (?,?,?,?,?,?,?,?,?)
Hibernate: insert into beer (beer_name,beer_style,created_date,price,quantity_on_hand,upc,update_date,version,id) values (?,?,?,?,?,?,?,?,?)
Hibernate: insert into beer (beer_name,beer_style,created_date,price,quantity_on_hand,upc,update_date,version,id) values (?,?,?,?,?,?,?,?,?)
Hibernate: insert into beer (beer_name,beer_style,created_date,price,quantity_on_hand,upc,update_date,version,id) values (?,?,?,?,?,?,?,?,?)
Hibernate: insert into beer (beer_name,beer_style,created_date,price,quantity_on_hand,upc,update_date,version,id) values (?,?,?,?,?,?,?,?,?)
Hibernate: insert into beer (beer_name,beer_style,created_date,price,quantity_on_hand,upc,update_date,version,id) values (?,?,?,?,?,?,?,?,?)
Hibernate: insert into beer (beer_name,beer_style,created_date,price,quantity_on_hand,upc,update_date,version,id) values (?,?,?,?,?,?,?,?,?)
Hibernate: insert into beer (beer_name,beer_style,created_date,price,quantity_on_hand,upc,update_date,version,id) values (?,?,?,?,?,?,?,?,?)
Hibernate: insert into beer (beer_name,beer_style,created_date,price,quantity_on_hand,upc,update_date,version,id) values (?,?,?,?,?,?,?,?,?)
Hibernate: insert into beer (beer_name,beer_style,created_date,price,quantity_on_hand,upc,update_date,version,id) values (?,?,?,?,?,?,?,?,?)
Hibernate: insert into beer (beer_name,beer_style,created_date,price,quantity_on_hand,upc,update_date,version,id) values (?,?,?,?,?,?,?,?,?)
Hibernate: insert into beer (beer_name,beer_style,created_date,price,quantity_on_hand,upc,update_date,version,id) values (?,?,?,?,?,?,?,?,?)
Hibernate: insert into beer (beer_name,beer_style,created_date,price,quantity_on_hand,upc,update_date,version,id) values (?,?,?,?,?,?,?,?,?)
Hibernate: insert into beer (beer_name,beer_style,created_date,price,quantity_on_hand,upc,update_date,version,id) values (?,?,?,?,?,?,?,?,?)
Hibernate: insert into beer (beer_name,beer_style,created_date,price,quantity_on_hand,upc,update_date,version,id) values (?,?,?,?,?,?,?,?,?)
Hibernate: insert into beer (beer_name,beer_style,created_date,price,quantity_on_hand,upc,update_date,version,id) values (?,?,?,?,?,?,?,?,?)
Hibernate: insert into beer (beer_name,beer_style,created_date,price,quantity_on_hand,upc,update_date,version,id) values (?,?,?,?,?,?,?,?,?)
Hibernate: insert into beer (beer_name,beer_style,created_date,price,quantity_on_hand,upc,update_date,version,id) values (?,?,?,?,?,?,?,?,?)
Hibernate: insert into beer (beer_name,beer_style,created_date,price,quantity_on_hand,upc,update_date,version,id) values (?,?,?,?,?,?,?,?,?)
Hibernate: insert into beer (beer_name,beer_style,created_date,price,quantity_on_hand,upc,update_date,version,id) values (?,?,?,?,?,?,?,?,?)
Hibernate: insert into beer (beer_name,beer_style,created_date,price,quantity_on_hand,upc,update_date,version,id) values (?,?,?,?,?,?,?,?,?)
Hibernate: insert into beer (beer_name,beer_style,created_date,price,quantity_on_hand,upc,update_date,version,id) values (?,?,?,?,?,?,?,?,?)
Hibernate: insert into beer (beer_name,beer_style,created_date,price,quantity_on_hand,upc,update_date,version,id) values (?,?,?,?,?,?,?,?,?)
Hibernate: insert into beer (beer_name,beer_style,created_date,price,quantity_on_hand,upc,update_date,version,id) values (?,?,?,?,?,?,?,?,?)
Hibernate: insert into beer (beer_name,beer_style,created_date,price,quantity_on_hand,upc,update_date,version,id) values (?,?,?,?,?,?,?,?,?)
Hibernate: insert into beer (beer_name,beer_style,created_date,price,quantity_on_hand,upc,update_date,version,id) values (?,?,?,?,?,?,?,?,?)
Hibernate: insert into beer (beer_name,beer_style,created_date,price,quantity_on_hand,upc,update_date,version,id) values (?,?,?,?,?,?,?,?,?)
Hibernate: insert into beer (beer_name,beer_style,created_date,price,quantity_on_hand,upc,update_date,version,id) values (?,?,?,?,?,?,?,?,?)
Hibernate: insert into beer (beer_name,beer_style,created_date,price,quantity_on_hand,upc,update_date,version,id) values (?,?,?,?,?,?,?,?,?)
Hibernate: insert into beer (beer_name,beer_style,created_date,price,quantity_on_hand,upc,update_date,version,id) values (?,?,?,?,?,?,?,?,?)
Hibernate: insert into beer (beer_name,beer_style,created_date,price,quantity_on_hand,upc,update_date,version,id) values (?,?,?,?,?,?,?,?,?)
Hibernate: insert into beer (beer_name,beer_style,created_date,price,quantity_on_hand,upc,update_date,version,id) values (?,?,?,?,?,?,?,?,?)
Hibernate: insert into beer (beer_name,beer_style,created_date,price,quantity_on_hand,upc,update_date,version,id) values (?,?,?,?,?,?,?,?,?)
Hibernate: insert into beer (beer_name,beer_style,created_date,price,quantity_on_hand,upc,update_date,version,id) values (?,?,?,?,?,?,?,?,?)
Hibernate: insert into beer (beer_name,beer_style,created_date,price,quantity_on_hand,upc,update_date,version,id) values (?,?,?,?,?,?,?,?,?)
Hibernate: insert into beer (beer_name,beer_style,created_date,price,quantity_on_hand,upc,update_date,version,id) values (?,?,?,?,?,?,?,?,?)
Hibernate: insert into beer (beer_name,beer_style,created_date,price,quantity_on_hand,upc,update_date,version,id) values (?,?,?,?,?,?,?,?,?)
Hibernate: insert into beer (beer_name,beer_style,created_date,price,quantity_on_hand,upc,update_date,version,id) values (?,?,?,?,?,?,?,?,?)
Hibernate: insert into beer (beer_name,beer_style,created_date,price,quantity_on_hand,upc,update_date,version,id) values (?,?,?,?,?,?,?,?,?)
Hibernate: insert into beer (beer_name,beer_style,created_date,price,quantity_on_hand,upc,update_date,version,id) values (?,?,?,?,?,?,?,?,?)
Hibernate: insert into beer (beer_name,beer_style,created_date,price,quantity_on_hand,upc,update_date,version,id) values (?,?,?,?,?,?,?,?,?)
Hibernate: insert into beer (beer_name,beer_style,created_date,price,quantity_on_hand,upc,update_date,version,id) values (?,?,?,?,?,?,?,?,?)
Hibernate: insert into beer (beer_name,beer_style,created_date,price,quantity_on_hand,upc,update_date,version,id) values (?,?,?,?,?,?,?,?,?)
Hibernate: insert into beer (beer_name,beer_style,created_date,price,quantity_on_hand,upc,update_date,version,id) values (?,?,?,?,?,?,?,?,?)
Hibernate: insert into beer (beer_name,beer_style,created_date,price,quantity_on_hand,upc,update_date,version,id) values (?,?,?,?,?,?,?,?,?)
Hibernate: insert into beer (beer_name,beer_style,created_date,price,quantity_on_hand,upc,update_date,version,id) values (?,?,?,?,?,?,?,?,?)
Hibernate: insert into beer (beer_name,beer_style,created_date,price,quantity_on_hand,upc,update_date,version,id) values (?,?,?,?,?,?,?,?,?)
Hibernate: insert into beer (beer_name,beer_style,created_date,price,quantity_on_hand,upc,update_date,version,id) values (?,?,?,?,?,?,?,?,?)
Hibernate: insert into beer (beer_name,beer_style,created_date,price,quantity_on_hand,upc,update_date,version,id) values (?,?,?,?,?,?,?,?,?)
Hibernate: insert into beer (beer_name,beer_style,created_date,price,quantity_on_hand,upc,update_date,version,id) values (?,?,?,?,?,?,?,?,?)
Hibernate: insert into beer (beer_name,beer_style,created_date,price,quantity_on_hand,upc,update_date,version,id) values (?,?,?,?,?,?,?,?,?)
Hibernate: insert into beer (beer_name,beer_style,created_date,price,quantity_on_hand,upc,update_date,version,id) values (?,?,?,?,?,?,?,?,?)
Hibernate: insert into beer (beer_name,beer_style,created_date,price,quantity_on_hand,upc,update_date,version,id) values (?,?,?,?,?,?,?,?,?)
Hibernate: insert into beer (beer_name,beer_style,created_date,price,quantity_on_hand,upc,update_date,version,id) values (?,?,?,?,?,?,?,?,?)
Hibernate: insert into beer (beer_name,beer_style,created_date,price,quantity_on_hand,upc,update_date,version,id) values (?,?,?,?,?,?,?,?,?)
Hibernate: insert into beer (beer_name,beer_style,created_date,price,quantity_on_hand,upc,update_date,version,id) values (?,?,?,?,?,?,?,?,?)
Hibernate: insert into beer (beer_name,beer_style,created_date,price,quantity_on_hand,upc,update_date,version,id) values (?,?,?,?,?,?,?,?,?)
Hibernate: insert into beer (beer_name,beer_style,created_date,price,quantity_on_hand,upc,update_date,version,id) values (?,?,?,?,?,?,?,?,?)
Hibernate: insert into beer (beer_name,beer_style,created_date,price,quantity_on_hand,upc,update_date,version,id) values (?,?,?,?,?,?,?,?,?)
Hibernate: insert into beer (beer_name,beer_style,created_date,price,quantity_on_hand,upc,update_date,version,id) values (?,?,?,?,?,?,?,?,?)
Hibernate: insert into beer (beer_name,beer_style,created_date,price,quantity_on_hand,upc,update_date,version,id) values (?,?,?,?,?,?,?,?,?)
Hibernate: insert into beer (beer_name,beer_style,created_date,price,quantity_on_hand,upc,update_date,version,id) values (?,?,?,?,?,?,?,?,?)
Hibernate: insert into beer (beer_name,beer_style,created_date,price,quantity_on_hand,upc,update_date,version,id) values (?,?,?,?,?,?,?,?,?)
Hibernate: insert into beer (beer_name,beer_style,created_date,price,quantity_on_hand,upc,update_date,version,id) values (?,?,?,?,?,?,?,?,?)
Hibernate: insert into beer (beer_name,beer_style,created_date,price,quantity_on_hand,upc,update_date,version,id) values (?,?,?,?,?,?,?,?,?)
Hibernate: insert into beer (beer_name,beer_style,created_date,price,quantity_on_hand,upc,update_date,version,id) values (?,?,?,?,?,?,?,?,?)
Hibernate: insert into beer (beer_name,beer_style,created_date,price,quantity_on_hand,upc,update_date,version,id) values (?,?,?,?,?,?,?,?,?)
Hibernate: insert into beer (beer_name,beer_style,created_date,price,quantity_on_hand,upc,update_date,version,id) values (?,?,?,?,?,?,?,?,?)
Hibernate: insert into beer (beer_name,beer_style,created_date,price,quantity_on_hand,upc,update_date,version,id) values (?,?,?,?,?,?,?,?,?)
Hibernate: insert into beer (beer_name,beer_style,created_date,price,quantity_on_hand,upc,update_date,version,id) values (?,?,?,?,?,?,?,?,?)
Hibernate: insert into beer (beer_name,beer_style,created_date,price,quantity_on_hand,upc,update_date,version,id) values (?,?,?,?,?,?,?,?,?)
Hibernate: insert into beer (beer_name,beer_style,created_date,price,quantity_on_hand,upc,update_date,version,id) values (?,?,?,?,?,?,?,?,?)
Hibernate: insert into beer (beer_name,beer_style,created_date,price,quantity_on_hand,upc,update_date,version,id) values (?,?,?,?,?,?,?,?,?)
Hibernate: insert into beer (beer_name,beer_style,created_date,price,quantity_on_hand,upc,update_date,version,id) values (?,?,?,?,?,?,?,?,?)
Hibernate: insert into beer (beer_name,beer_style,created_date,price,quantity_on_hand,upc,update_date,version,id) values (?,?,?,?,?,?,?,?,?)
Hibernate: insert into beer (beer_name,beer_style,created_date,price,quantity_on_hand,upc,update_date,version,id) values (?,?,?,?,?,?,?,?,?)
Hibernate: insert into beer (beer_name,beer_style,created_date,price,quantity_on_hand,upc,update_date,version,id) values (?,?,?,?,?,?,?,?,?)
Hibernate: insert into beer (beer_name,beer_style,created_date,price,quantity_on_hand,upc,update_date,version,id) values (?,?,?,?,?,?,?,?,?)
Hibernate: insert into beer (beer_name,beer_style,created_date,price,quantity_on_hand,upc,update_date,version,id) values (?,?,?,?,?,?,?,?,?)
Hibernate: insert into beer (beer_name,beer_style,created_date,price,quantity_on_hand,upc,update_date,version,id) values (?,?,?,?,?,?,?,?,?)
Hibernate: insert into beer (beer_name,beer_style,created_date,price,quantity_on_hand,upc,update_date,version,id) values (?,?,?,?,?,?,?,?,?)
Hibernate: insert into beer (beer_name,beer_style,created_date,price,quantity_on_hand,upc,update_date,version,id) values (?,?,?,?,?,?,?,?,?)
Hibernate: insert into beer (beer_name,beer_style,created_date,price,quantity_on_hand,upc,update_date,version,id) values (?,?,?,?,?,?,?,?,?)
Hibernate: insert into beer (beer_name,beer_style,created_date,price,quantity_on_hand,upc,update_date,version,id) values (?,?,?,?,?,?,?,?,?)
Hibernate: insert into beer (beer_name,beer_style,created_date,price,quantity_on_hand,upc,update_date,version,id) values (?,?,?,?,?,?,?,?,?)
Hibernate: insert into beer (beer_name,beer_style,created_date,price,quantity_on_hand,upc,update_date,version,id) values (?,?,?,?,?,?,?,?,?)
Hibernate: insert into beer (beer_name,beer_style,created_date,price,quantity_on_hand,upc,update_date,version,id) values (?,?,?,?,?,?,?,?,?)
Hibernate: insert into beer (beer_name,beer_style,created_date,price,quantity_on_hand,upc,update_date,version,id) values (?,?,?,?,?,?,?,?,?)
Hibernate: insert into beer (beer_name,beer_style,created_date,price,quantity_on_hand,upc,update_date,version,id) values (?,?,?,?,?,?,?,?,?)
Hibernate: insert into beer (beer_name,beer_style,created_date,price,quantity_on_hand,upc,update_date,version,id) values (?,?,?,?,?,?,?,?,?)
Hibernate: insert into beer (beer_name,beer_style,created_date,price,quantity_on_hand,upc,update_date,version,id) values (?,?,?,?,?,?,?,?,?)
Hibernate: insert into beer (beer_name,beer_style,created_date,price,quantity_on_hand,upc,update_date,version,id) values (?,?,?,?,?,?,?,?,?)
Hibernate: insert into beer (beer_name,beer_style,created_date,price,quantity_on_hand,upc,update_date,version,id) values (?,?,?,?,?,?,?,?,?)
Hibernate: insert into beer (beer_name,beer_style,created_date,price,quantity_on_hand,upc,update_date,version,id) values (?,?,?,?,?,?,?,?,?)
Hibernate: insert into beer (beer_name,beer_style,created_date,price,quantity_on_hand,upc,update_date,version,id) values (?,?,?,?,?,?,?,?,?)
Hibernate: insert into beer (beer_name,beer_style,created_date,price,quantity_on_hand,upc,update_date,version,id) values (?,?,?,?,?,?,?,?,?)
Hibernate: insert into beer (beer_name,beer_style,created_date,price,quantity_on_hand,upc,update_date,version,id) values (?,?,?,?,?,?,?,?,?)
Hibernate: insert into beer (beer_name,beer_style,created_date,price,quantity_on_hand,upc,update_date,version,id) values (?,?,?,?,?,?,?,?,?)
Hibernate: insert into beer (beer_name,beer_style,created_date,price,quantity_on_hand,upc,update_date,version,id) values (?,?,?,?,?,?,?,?,?)
Hibernate: insert into beer (beer_name,beer_style,created_date,price,quantity_on_hand,upc,update_date,version,id) values (?,?,?,?,?,?,?,?,?)
Hibernate: insert into beer (beer_name,beer_style,created_date,price,quantity_on_hand,upc,update_date,version,id) values (?,?,?,?,?,?,?,?,?)
Hibernate: insert into beer (beer_name,beer_style,created_date,price,quantity_on_hand,upc,update_date,version,id) values (?,?,?,?,?,?,?,?,?)
Hibernate: insert into beer (beer_name,beer_style,created_date,price,quantity_on_hand,upc,update_date,version,id) values (?,?,?,?,?,?,?,?,?)
Hibernate: insert into beer (beer_name,beer_style,created_date,price,quantity_on_hand,upc,update_date,version,id) values (?,?,?,?,?,?,?,?,?)
Hibernate: insert into beer (beer_name,beer_style,created_date,price,quantity_on_hand,upc,update_date,version,id) values (?,?,?,?,?,?,?,?,?)
Hibernate: insert into beer (beer_name,beer_style,created_date,price,quantity_on_hand,upc,update_date,version,id) values (?,?,?,?,?,?,?,?,?)
Hibernate: insert into beer (beer_name,beer_style,created_date,price,quantity_on_hand,upc,update_date,version,id) values (?,?,?,?,?,?,?,?,?)
Hibernate: insert into beer (beer_name,beer_style,created_date,price,quantity_on_hand,upc,update_date,version,id) values (?,?,?,?,?,?,?,?,?)
Hibernate: insert into beer (beer_name,beer_style,created_date,price,quantity_on_hand,upc,update_date,version,id) values (?,?,?,?,?,?,?,?,?)
Hibernate: insert into beer (beer_name,beer_style,created_date,price,quantity_on_hand,upc,update_date,version,id) values (?,?,?,?,?,?,?,?,?)
Hibernate: insert into beer (beer_name,beer_style,created_date,price,quantity_on_hand,upc,update_date,version,id) values (?,?,?,?,?,?,?,?,?)
Hibernate: insert into beer (beer_name,beer_style,created_date,price,quantity_on_hand,upc,update_date,version,id) values (?,?,?,?,?,?,?,?,?)
Hibernate: insert into beer (beer_name,beer_style,created_date,price,quantity_on_hand,upc,update_date,version,id) values (?,?,?,?,?,?,?,?,?)
Hibernate: insert into beer (beer_name,beer_style,created_date,price,quantity_on_hand,upc,update_date,version,id) values (?,?,?,?,?,?,?,?,?)
Hibernate: insert into beer (beer_name,beer_style,created_date,price,quantity_on_hand,upc,update_date,version,id) values (?,?,?,?,?,?,?,?,?)
Hibernate: insert into beer (beer_name,beer_style,created_date,price,quantity_on_hand,upc,update_date,version,id) values (?,?,?,?,?,?,?,?,?)
Hibernate: insert into beer (beer_name,beer_style,created_date,price,quantity_on_hand,upc,update_date,version,id) values (?,?,?,?,?,?,?,?,?)
Hibernate: insert into beer (beer_name,beer_style,created_date,price,quantity_on_hand,upc,update_date,version,id) values (?,?,?,?,?,?,?,?,?)
Hibernate: insert into beer (beer_name,beer_style,created_date,price,quantity_on_hand,upc,update_date,version,id) values (?,?,?,?,?,?,?,?,?)
Hibernate: insert into beer (beer_name,beer_style,created_date,price,quantity_on_hand,upc,update_date,version,id) values (?,?,?,?,?,?,?,?,?)
Hibernate: insert into beer (beer_name,beer_style,created_date,price,quantity_on_hand,upc,update_date,version,id) values (?,?,?,?,?,?,?,?,?)
Hibernate: insert into beer (beer_name,beer_style,created_date,price,quantity_on_hand,upc,update_date,version,id) values (?,?,?,?,?,?,?,?,?)
Hibernate: insert into beer (beer_name,beer_style,created_date,price,quantity_on_hand,upc,update_date,version,id) values (?,?,?,?,?,?,?,?,?)
Hibernate: insert into beer (beer_name,beer_style,created_date,price,quantity_on_hand,upc,update_date,version,id) values (?,?,?,?,?,?,?,?,?)
Hibernate: insert into beer (beer_name,beer_style,created_date,price,quantity_on_hand,upc,update_date,version,id) values (?,?,?,?,?,?,?,?,?)
Hibernate: insert into beer (beer_name,beer_style,created_date,price,quantity_on_hand,upc,update_date,version,id) values (?,?,?,?,?,?,?,?,?)
Hibernate: insert into beer (beer_name,beer_style,created_date,price,quantity_on_hand,upc,update_date,version,id) values (?,?,?,?,?,?,?,?,?)
Hibernate: insert into beer (beer_name,beer_style,created_date,price,quantity_on_hand,upc,update_date,version,id) values (?,?,?,?,?,?,?,?,?)
Hibernate: insert into beer (beer_name,beer_style,created_date,price,quantity_on_hand,upc,update_date,version,id) values (?,?,?,?,?,?,?,?,?)
Hibernate: insert into beer (beer_name,beer_style,created_date,price,quantity_on_hand,upc,update_date,version,id) values (?,?,?,?,?,?,?,?,?)
Hibernate: insert into beer (beer_name,beer_style,created_date,price,quantity_on_hand,upc,update_date,version,id) values (?,?,?,?,?,?,?,?,?)
Hibernate: insert into beer (beer_name,beer_style,created_date,price,quantity_on_hand,upc,update_date,version,id) values (?,?,?,?,?,?,?,?,?)
Hibernate: insert into beer (beer_name,beer_style,created_date,price,quantity_on_hand,upc,update_date,version,id) values (?,?,?,?,?,?,?,?,?)
Hibernate: insert into beer (beer_name,beer_style,created_date,price,quantity_on_hand,upc,update_date,version,id) values (?,?,?,?,?,?,?,?,?)
Hibernate: insert into beer (beer_name,beer_style,created_date,price,quantity_on_hand,upc,update_date,version,id) values (?,?,?,?,?,?,?,?,?)
Hibernate: insert into beer (beer_name,beer_style,created_date,price,quantity_on_hand,upc,update_date,version,id) values (?,?,?,?,?,?,?,?,?)
Hibernate: insert into beer (beer_name,beer_style,created_date,price,quantity_on_hand,upc,update_date,version,id) values (?,?,?,?,?,?,?,?,?)
Hibernate: insert into beer (beer_name,beer_style,created_date,price,quantity_on_hand,upc,update_date,version,id) values (?,?,?,?,?,?,?,?,?)
Hibernate: insert into beer (beer_name,beer_style,created_date,price,quantity_on_hand,upc,update_date,version,id) values (?,?,?,?,?,?,?,?,?)
Hibernate: insert into beer (beer_name,beer_style,created_date,price,quantity_on_hand,upc,update_date,version,id) values (?,?,?,?,?,?,?,?,?)
Hibernate: insert into beer (beer_name,beer_style,created_date,price,quantity_on_hand,upc,update_date,version,id) values (?,?,?,?,?,?,?,?,?)
Hibernate: insert into beer (beer_name,beer_style,created_date,price,quantity_on_hand,upc,update_date,version,id) values (?,?,?,?,?,?,?,?,?)
Hibernate: insert into beer (beer_name,beer_style,created_date,price,quantity_on_hand,upc,update_date,version,id) values (?,?,?,?,?,?,?,?,?)
Hibernate: insert into beer (beer_name,beer_style,created_date,price,quantity_on_hand,upc,update_date,version,id) values (?,?,?,?,?,?,?,?,?)
Hibernate: insert into beer (beer_name,beer_style,created_date,price,quantity_on_hand,upc,update_date,version,id) values (?,?,?,?,?,?,?,?,?)
Hibernate: insert into beer (beer_name,beer_style,created_date,price,quantity_on_hand,upc,update_date,version,id) values (?,?,?,?,?,?,?,?,?)
Hibernate: insert into beer (beer_name,beer_style,created_date,price,quantity_on_hand,upc,update_date,version,id) values (?,?,?,?,?,?,?,?,?)
Hibernate: insert into beer (beer_name,beer_style,created_date,price,quantity_on_hand,upc,update_date,version,id) values (?,?,?,?,?,?,?,?,?)
Hibernate: insert into beer (beer_name,beer_style,created_date,price,quantity_on_hand,upc,update_date,version,id) values (?,?,?,?,?,?,?,?,?)
Hibernate: insert into beer (beer_name,beer_style,created_date,price,quantity_on_hand,upc,update_date,version,id) values (?,?,?,?,?,?,?,?,?)
Hibernate: insert into beer (beer_name,beer_style,created_date,price,quantity_on_hand,upc,update_date,version,id) values (?,?,?,?,?,?,?,?,?)
Hibernate: insert into beer (beer_name,beer_style,created_date,price,quantity_on_hand,upc,update_date,version,id) values (?,?,?,?,?,?,?,?,?)
Hibernate: insert into beer (beer_name,beer_style,created_date,price,quantity_on_hand,upc,update_date,version,id) values (?,?,?,?,?,?,?,?,?)
Hibernate: insert into beer (beer_name,beer_style,created_date,price,quantity_on_hand,upc,update_date,version,id) values (?,?,?,?,?,?,?,?,?)
Hibernate: insert into beer (beer_name,beer_style,created_date,price,quantity_on_hand,upc,update_date,version,id) values (?,?,?,?,?,?,?,?,?)
Hibernate: insert into beer (beer_name,beer_style,created_date,price,quantity_on_hand,upc,update_date,version,id) values (?,?,?,?,?,?,?,?,?)
Hibernate: insert into beer (beer_name,beer_style,created_date,price,quantity_on_hand,upc,update_date,version,id) values (?,?,?,?,?,?,?,?,?)
Hibernate: insert into beer (beer_name,beer_style,created_date,price,quantity_on_hand,upc,update_date,version,id) values (?,?,?,?,?,?,?,?,?)
Hibernate: insert into beer (beer_name,beer_style,created_date,price,quantity_on_hand,upc,update_date,version,id) values (?,?,?,?,?,?,?,?,?)
Hibernate: insert into beer (beer_name,beer_style,created_date,price,quantity_on_hand,upc,update_date,version,id) values (?,?,?,?,?,?,?,?,?)
Hibernate: insert into beer (beer_name,beer_style,created_date,price,quantity_on_hand,upc,update_date,version,id) values (?,?,?,?,?,?,?,?,?)
Hibernate: insert into beer (beer_name,beer_style,created_date,price,quantity_on_hand,upc,update_date,version,id) values (?,?,?,?,?,?,?,?,?)
Hibernate: insert into beer (beer_name,beer_style,created_date,price,quantity_on_hand,upc,update_date,version,id) values (?,?,?,?,?,?,?,?,?)
Hibernate: insert into beer (beer_name,beer_style,created_date,price,quantity_on_hand,upc,update_date,version,id) values (?,?,?,?,?,?,?,?,?)
Hibernate: insert into beer (beer_name,beer_style,created_date,price,quantity_on_hand,upc,update_date,version,id) values (?,?,?,?,?,?,?,?,?)
Hibernate: insert into beer (beer_name,beer_style,created_date,price,quantity_on_hand,upc,update_date,version,id) values (?,?,?,?,?,?,?,?,?)
Hibernate: insert into beer (beer_name,beer_style,created_date,price,quantity_on_hand,upc,update_date,version,id) values (?,?,?,?,?,?,?,?,?)
Hibernate: insert into beer (beer_name,beer_style,created_date,price,quantity_on_hand,upc,update_date,version,id) values (?,?,?,?,?,?,?,?,?)
Hibernate: insert into beer (beer_name,beer_style,created_date,price,quantity_on_hand,upc,update_date,version,id) values (?,?,?,?,?,?,?,?,?)
Hibernate: insert into beer (beer_name,beer_style,created_date,price,quantity_on_hand,upc,update_date,version,id) values (?,?,?,?,?,?,?,?,?)
Hibernate: insert into beer (beer_name,beer_style,created_date,price,quantity_on_hand,upc,update_date,version,id) values (?,?,?,?,?,?,?,?,?)
Hibernate: insert into beer (beer_name,beer_style,created_date,price,quantity_on_hand,upc,update_date,version,id) values (?,?,?,?,?,?,?,?,?)
Hibernate: insert into beer (beer_name,beer_style,created_date,price,quantity_on_hand,upc,update_date,version,id) values (?,?,?,?,?,?,?,?,?)
Hibernate: insert into beer (beer_name,beer_style,created_date,price,quantity_on_hand,upc,update_date,version,id) values (?,?,?,?,?,?,?,?,?)
Hibernate: insert into beer (beer_name,beer_style,created_date,price,quantity_on_hand,upc,update_date,version,id) values (?,?,?,?,?,?,?,?,?)
Hibernate: insert into beer (beer_name,beer_style,created_date,price,quantity_on_hand,upc,update_date,version,id) values (?,?,?,?,?,?,?,?,?)
Hibernate: insert into beer (beer_name,beer_style,created_date,price,quantity_on_hand,upc,update_date,version,id) values (?,?,?,?,?,?,?,?,?)
Hibernate: insert into beer (beer_name,beer_style,created_date,price,quantity_on_hand,upc,update_date,version,id) values (?,?,?,?,?,?,?,?,?)
Hibernate: insert into beer (beer_name,beer_style,created_date,price,quantity_on_hand,upc,update_date,version,id) values (?,?,?,?,?,?,?,?,?)
Hibernate: insert into beer (beer_name,beer_style,created_date,price,quantity_on_hand,upc,update_date,version,id) values (?,?,?,?,?,?,?,?,?)
Hibernate: insert into beer (beer_name,beer_style,created_date,price,quantity_on_hand,upc,update_date,version,id) values (?,?,?,?,?,?,?,?,?)
Hibernate: insert into beer (beer_name,beer_style,created_date,price,quantity_on_hand,upc,update_date,version,id) values (?,?,?,?,?,?,?,?,?)
Hibernate: insert into beer (beer_name,beer_style,created_date,price,quantity_on_hand,upc,update_date,version,id) values (?,?,?,?,?,?,?,?,?)
Hibernate: insert into beer (beer_name,beer_style,created_date,price,quantity_on_hand,upc,update_date,version,id) values (?,?,?,?,?,?,?,?,?)
Hibernate: insert into beer (beer_name,beer_style,created_date,price,quantity_on_hand,upc,update_date,version,id) values (?,?,?,?,?,?,?,?,?)
Hibernate: insert into beer (beer_name,beer_style,created_date,price,quantity_on_hand,upc,update_date,version,id) values (?,?,?,?,?,?,?,?,?)
Hibernate: insert into beer (beer_name,beer_style,created_date,price,quantity_on_hand,upc,update_date,version,id) values (?,?,?,?,?,?,?,?,?)
Hibernate: insert into beer (beer_name,beer_style,created_date,price,quantity_on_hand,upc,update_date,version,id) values (?,?,?,?,?,?,?,?,?)
Hibernate: insert into beer (beer_name,beer_style,created_date,price,quantity_on_hand,upc,update_date,version,id) values (?,?,?,?,?,?,?,?,?)
Hibernate: insert into beer (beer_name,beer_style,created_date,price,quantity_on_hand,upc,update_date,version,id) values (?,?,?,?,?,?,?,?,?)
Hibernate: insert into beer (beer_name,beer_style,created_date,price,quantity_on_hand,upc,update_date,version,id) values (?,?,?,?,?,?,?,?,?)
Hibernate: insert into beer (beer_name,beer_style,created_date,price,quantity_on_hand,upc,update_date,version,id) values (?,?,?,?,?,?,?,?,?)
Hibernate: insert into beer (beer_name,beer_style,created_date,price,quantity_on_hand,upc,update_date,version,id) values (?,?,?,?,?,?,?,?,?)
Hibernate: insert into beer (beer_name,beer_style,created_date,price,quantity_on_hand,upc,update_date,version,id) values (?,?,?,?,?,?,?,?,?)
Hibernate: insert into beer (beer_name,beer_style,created_date,price,quantity_on_hand,upc,update_date,version,id) values (?,?,?,?,?,?,?,?,?)
Hibernate: insert into beer (beer_name,beer_style,created_date,price,quantity_on_hand,upc,update_date,version,id) values (?,?,?,?,?,?,?,?,?)
Hibernate: insert into beer (beer_name,beer_style,created_date,price,quantity_on_hand,upc,update_date,version,id) values (?,?,?,?,?,?,?,?,?)
Hibernate: insert into beer (beer_name,beer_style,created_date,price,quantity_on_hand,upc,update_date,version,id) values (?,?,?,?,?,?,?,?,?)
Hibernate: insert into beer (beer_name,beer_style,created_date,price,quantity_on_hand,upc,update_date,version,id) values (?,?,?,?,?,?,?,?,?)
Hibernate: insert into beer (beer_name,beer_style,created_date,price,quantity_on_hand,upc,update_date,version,id) values (?,?,?,?,?,?,?,?,?)
Hibernate: insert into beer (beer_name,beer_style,created_date,price,quantity_on_hand,upc,update_date,version,id) values (?,?,?,?,?,?,?,?,?)
Hibernate: insert into beer (beer_name,beer_style,created_date,price,quantity_on_hand,upc,update_date,version,id) values (?,?,?,?,?,?,?,?,?)
Hibernate: insert into beer (beer_name,beer_style,created_date,price,quantity_on_hand,upc,update_date,version,id) values (?,?,?,?,?,?,?,?,?)
Hibernate: insert into beer (beer_name,beer_style,created_date,price,quantity_on_hand,upc,update_date,version,id) values (?,?,?,?,?,?,?,?,?)
Hibernate: insert into beer (beer_name,beer_style,created_date,price,quantity_on_hand,upc,update_date,version,id) values (?,?,?,?,?,?,?,?,?)
Hibernate: insert into beer (beer_name,beer_style,created_date,price,quantity_on_hand,upc,update_date,version,id) values (?,?,?,?,?,?,?,?,?)
Hibernate: insert into beer (beer_name,beer_style,created_date,price,quantity_on_hand,upc,update_date,version,id) values (?,?,?,?,?,?,?,?,?)
Hibernate: insert into beer (beer_name,beer_style,created_date,price,quantity_on_hand,upc,update_date,version,id) values (?,?,?,?,?,?,?,?,?)
Hibernate: insert into beer (beer_name,beer_style,created_date,price,quantity_on_hand,upc,update_date,version,id) values (?,?,?,?,?,?,?,?,?)
Hibernate: insert into beer (beer_name,beer_style,created_date,price,quantity_on_hand,upc,update_date,version,id) values (?,?,?,?,?,?,?,?,?)
Hibernate: insert into beer (beer_name,beer_style,created_date,price,quantity_on_hand,upc,update_date,version,id) values (?,?,?,?,?,?,?,?,?)
Hibernate: insert into beer (beer_name,beer_style,created_date,price,quantity_on_hand,upc,update_date,version,id) values (?,?,?,?,?,?,?,?,?)
Hibernate: insert into beer (beer_name,beer_style,created_date,price,quantity_on_hand,upc,update_date,version,id) values (?,?,?,?,?,?,?,?,?)
Hibernate: insert into beer (beer_name,beer_style,created_date,price,quantity_on_hand,upc,update_date,version,id) values (?,?,?,?,?,?,?,?,?)
Hibernate: insert into beer (beer_name,beer_style,created_date,price,quantity_on_hand,upc,update_date,version,id) values (?,?,?,?,?,?,?,?,?)
Hibernate: insert into beer (beer_name,beer_style,created_date,price,quantity_on_hand,upc,update_date,version,id) values (?,?,?,?,?,?,?,?,?)
Hibernate: insert into beer (beer_name,beer_style,created_date,price,quantity_on_hand,upc,update_date,version,id) values (?,?,?,?,?,?,?,?,?)
Hibernate: insert into beer (beer_name,beer_style,created_date,price,quantity_on_hand,upc,update_date,version,id) values (?,?,?,?,?,?,?,?,?)
Hibernate: insert into beer (beer_name,beer_style,created_date,price,quantity_on_hand,upc,update_date,version,id) values (?,?,?,?,?,?,?,?,?)
Hibernate: insert into beer (beer_name,beer_style,created_date,price,quantity_on_hand,upc,update_date,version,id) values (?,?,?,?,?,?,?,?,?)
Hibernate: insert into beer (beer_name,beer_style,created_date,price,quantity_on_hand,upc,update_date,version,id) values (?,?,?,?,?,?,?,?,?)
Hibernate: insert into beer (beer_name,beer_style,created_date,price,quantity_on_hand,upc,update_date,version,id) values (?,?,?,?,?,?,?,?,?)
Hibernate: insert into beer (beer_name,beer_style,created_date,price,quantity_on_hand,upc,update_date,version,id) values (?,?,?,?,?,?,?,?,?)
Hibernate: insert into beer (beer_name,beer_style,created_date,price,quantity_on_hand,upc,update_date,version,id) values (?,?,?,?,?,?,?,?,?)
Hibernate: insert into beer (beer_name,beer_style,created_date,price,quantity_on_hand,upc,update_date,version,id) values (?,?,?,?,?,?,?,?,?)
Hibernate: insert into beer (beer_name,beer_style,created_date,price,quantity_on_hand,upc,update_date,version,id) values (?,?,?,?,?,?,?,?,?)
Hibernate: insert into beer (beer_name,beer_style,created_date,price,quantity_on_hand,upc,update_date,version,id) values (?,?,?,?,?,?,?,?,?)
Hibernate: insert into beer (beer_name,beer_style,created_date,price,quantity_on_hand,upc,update_date,version,id) values (?,?,?,?,?,?,?,?,?)
Hibernate: insert into beer (beer_name,beer_style,created_date,price,quantity_on_hand,upc,update_date,version,id) values (?,?,?,?,?,?,?,?,?)
Hibernate: insert into beer (beer_name,beer_style,created_date,price,quantity_on_hand,upc,update_date,version,id) values (?,?,?,?,?,?,?,?,?)
Hibernate: insert into beer (beer_name,beer_style,created_date,price,quantity_on_hand,upc,update_date,version,id) values (?,?,?,?,?,?,?,?,?)
Hibernate: insert into beer (beer_name,beer_style,created_date,price,quantity_on_hand,upc,update_date,version,id) values (?,?,?,?,?,?,?,?,?)
Hibernate: insert into beer (beer_name,beer_style,created_date,price,quantity_on_hand,upc,update_date,version,id) values (?,?,?,?,?,?,?,?,?)
Hibernate: insert into beer (beer_name,beer_style,created_date,price,quantity_on_hand,upc,update_date,version,id) values (?,?,?,?,?,?,?,?,?)
Hibernate: insert into beer (beer_name,beer_style,created_date,price,quantity_on_hand,upc,update_date,version,id) values (?,?,?,?,?,?,?,?,?)
Hibernate: insert into beer (beer_name,beer_style,created_date,price,quantity_on_hand,upc,update_date,version,id) values (?,?,?,?,?,?,?,?,?)
Hibernate: insert into beer (beer_name,beer_style,created_date,price,quantity_on_hand,upc,update_date,version,id) values (?,?,?,?,?,?,?,?,?)
Hibernate: insert into beer (beer_name,beer_style,created_date,price,quantity_on_hand,upc,update_date,version,id) values (?,?,?,?,?,?,?,?,?)
Hibernate: insert into beer (beer_name,beer_style,created_date,price,quantity_on_hand,upc,update_date,version,id) values (?,?,?,?,?,?,?,?,?)
Hibernate: insert into beer (beer_name,beer_style,created_date,price,quantity_on_hand,upc,update_date,version,id) values (?,?,?,?,?,?,?,?,?)
Hibernate: insert into beer (beer_name,beer_style,created_date,price,quantity_on_hand,upc,update_date,version,id) values (?,?,?,?,?,?,?,?,?)
Hibernate: insert into beer (beer_name,beer_style,created_date,price,quantity_on_hand,upc,update_date,version,id) values (?,?,?,?,?,?,?,?,?)
Hibernate: insert into beer (beer_name,beer_style,created_date,price,quantity_on_hand,upc,update_date,version,id) values (?,?,?,?,?,?,?,?,?)
Hibernate: insert into beer (beer_name,beer_style,created_date,price,quantity_on_hand,upc,update_date,version,id) values (?,?,?,?,?,?,?,?,?)
Hibernate: insert into beer (beer_name,beer_style,created_date,price,quantity_on_hand,upc,update_date,version,id) values (?,?,?,?,?,?,?,?,?)
Hibernate: insert into beer (beer_name,beer_style,created_date,price,quantity_on_hand,upc,update_date,version,id) values (?,?,?,?,?,?,?,?,?)
Hibernate: insert into beer (beer_name,beer_style,created_date,price,quantity_on_hand,upc,update_date,version,id) values (?,?,?,?,?,?,?,?,?)
Hibernate: insert into beer (beer_name,beer_style,created_date,price,quantity_on_hand,upc,update_date,version,id) values (?,?,?,?,?,?,?,?,?)
Hibernate: insert into beer (beer_name,beer_style,created_date,price,quantity_on_hand,upc,update_date,version,id) values (?,?,?,?,?,?,?,?,?)
Hibernate: insert into beer (beer_name,beer_style,created_date,price,quantity_on_hand,upc,update_date,version,id) values (?,?,?,?,?,?,?,?,?)
Hibernate: insert into beer (beer_name,beer_style,created_date,price,quantity_on_hand,upc,update_date,version,id) values (?,?,?,?,?,?,?,?,?)
Hibernate: insert into beer (beer_name,beer_style,created_date,price,quantity_on_hand,upc,update_date,version,id) values (?,?,?,?,?,?,?,?,?)
Hibernate: insert into beer (beer_name,beer_style,created_date,price,quantity_on_hand,upc,update_date,version,id) values (?,?,?,?,?,?,?,?,?)
Hibernate: insert into beer (beer_name,beer_style,created_date,price,quantity_on_hand,upc,update_date,version,id) values (?,?,?,?,?,?,?,?,?)
Hibernate: insert into beer (beer_name,beer_style,created_date,price,quantity_on_hand,upc,update_date,version,id) values (?,?,?,?,?,?,?,?,?)
Hibernate: insert into beer (beer_name,beer_style,created_date,price,quantity_on_hand,upc,update_date,version,id) values (?,?,?,?,?,?,?,?,?)
Hibernate: insert into beer (beer_name,beer_style,created_date,price,quantity_on_hand,upc,update_date,version,id) values (?,?,?,?,?,?,?,?,?)
Hibernate: insert into beer (beer_name,beer_style,created_date,price,quantity_on_hand,upc,update_date,version,id) values (?,?,?,?,?,?,?,?,?)
Hibernate: insert into beer (beer_name,beer_style,created_date,price,quantity_on_hand,upc,update_date,version,id) values (?,?,?,?,?,?,?,?,?)
Hibernate: insert into beer (beer_name,beer_style,created_date,price,quantity_on_hand,upc,update_date,version,id) values (?,?,?,?,?,?,?,?,?)
Hibernate: insert into beer (beer_name,beer_style,created_date,price,quantity_on_hand,upc,update_date,version,id) values (?,?,?,?,?,?,?,?,?)
Hibernate: insert into beer (beer_name,beer_style,created_date,price,quantity_on_hand,upc,update_date,version,id) values (?,?,?,?,?,?,?,?,?)
Hibernate: insert into beer (beer_name,beer_style,created_date,price,quantity_on_hand,upc,update_date,version,id) values (?,?,?,?,?,?,?,?,?)
Hibernate: insert into beer (beer_name,beer_style,created_date,price,quantity_on_hand,upc,update_date,version,id) values (?,?,?,?,?,?,?,?,?)
Hibernate: insert into beer (beer_name,beer_style,created_date,price,quantity_on_hand,upc,update_date,version,id) values (?,?,?,?,?,?,?,?,?)
Hibernate: insert into beer (beer_name,beer_style,created_date,price,quantity_on_hand,upc,update_date,version,id) values (?,?,?,?,?,?,?,?,?)
Hibernate: insert into beer (beer_name,beer_style,created_date,price,quantity_on_hand,upc,update_date,version,id) values (?,?,?,?,?,?,?,?,?)
Hibernate: insert into beer (beer_name,beer_style,created_date,price,quantity_on_hand,upc,update_date,version,id) values (?,?,?,?,?,?,?,?,?)
Hibernate: insert into beer (beer_name,beer_style,created_date,price,quantity_on_hand,upc,update_date,version,id) values (?,?,?,?,?,?,?,?,?)
Hibernate: insert into beer (beer_name,beer_style,created_date,price,quantity_on_hand,upc,update_date,version,id) values (?,?,?,?,?,?,?,?,?)
Hibernate: insert into beer (beer_name,beer_style,created_date,price,quantity_on_hand,upc,update_date,version,id) values (?,?,?,?,?,?,?,?,?)
Hibernate: insert into beer (beer_name,beer_style,created_date,price,quantity_on_hand,upc,update_date,version,id) values (?,?,?,?,?,?,?,?,?)
Hibernate: insert into beer (beer_name,beer_style,created_date,price,quantity_on_hand,upc,update_date,version,id) values (?,?,?,?,?,?,?,?,?)
Hibernate: insert into beer (beer_name,beer_style,created_date,price,quantity_on_hand,upc,update_date,version,id) values (?,?,?,?,?,?,?,?,?)
Hibernate: insert into beer (beer_name,beer_style,created_date,price,quantity_on_hand,upc,update_date,version,id) values (?,?,?,?,?,?,?,?,?)
Hibernate: insert into beer (beer_name,beer_style,created_date,price,quantity_on_hand,upc,update_date,version,id) values (?,?,?,?,?,?,?,?,?)
Hibernate: insert into beer (beer_name,beer_style,created_date,price,quantity_on_hand,upc,update_date,version,id) values (?,?,?,?,?,?,?,?,?)
Hibernate: insert into beer (beer_name,beer_style,created_date,price,quantity_on_hand,upc,update_date,version,id) values (?,?,?,?,?,?,?,?,?)
Hibernate: insert into beer (beer_name,beer_style,created_date,price,quantity_on_hand,upc,update_date,version,id) values (?,?,?,?,?,?,?,?,?)
Hibernate: insert into beer (beer_name,beer_style,created_date,price,quantity_on_hand,upc,update_date,version,id) values (?,?,?,?,?,?,?,?,?)
Hibernate: insert into beer (beer_name,beer_style,created_date,price,quantity_on_hand,upc,update_date,version,id) values (?,?,?,?,?,?,?,?,?)
Hibernate: insert into beer (beer_name,beer_style,created_date,price,quantity_on_hand,upc,update_date,version,id) values (?,?,?,?,?,?,?,?,?)
Hibernate: insert into beer (beer_name,beer_style,created_date,price,quantity_on_hand,upc,update_date,version,id) values (?,?,?,?,?,?,?,?,?)
Hibernate: insert into beer (beer_name,beer_style,created_date,price,quantity_on_hand,upc,update_date,version,id) values (?,?,?,?,?,?,?,?,?)
Hibernate: insert into beer (beer_name,beer_style,created_date,price,quantity_on_hand,upc,update_date,version,id) values (?,?,?,?,?,?,?,?,?)
Hibernate: insert into beer (beer_name,beer_style,created_date,price,quantity_on_hand,upc,update_date,version,id) values (?,?,?,?,?,?,?,?,?)
Hibernate: insert into beer (beer_name,beer_style,created_date,price,quantity_on_hand,upc,update_date,version,id) values (?,?,?,?,?,?,?,?,?)
Hibernate: insert into beer (beer_name,beer_style,created_date,price,quantity_on_hand,upc,update_date,version,id) values (?,?,?,?,?,?,?,?,?)
Hibernate: insert into beer (beer_name,beer_style,created_date,price,quantity_on_hand,upc,update_date,version,id) values (?,?,?,?,?,?,?,?,?)
Hibernate: insert into beer (beer_name,beer_style,created_date,price,quantity_on_hand,upc,update_date,version,id) values (?,?,?,?,?,?,?,?,?)
Hibernate: insert into beer (beer_name,beer_style,created_date,price,quantity_on_hand,upc,update_date,version,id) values (?,?,?,?,?,?,?,?,?)
Hibernate: insert into beer (beer_name,beer_style,created_date,price,quantity_on_hand,upc,update_date,version,id) values (?,?,?,?,?,?,?,?,?)
Hibernate: insert into beer (beer_name,beer_style,created_date,price,quantity_on_hand,upc,update_date,version,id) values (?,?,?,?,?,?,?,?,?)
Hibernate: insert into beer (beer_name,beer_style,created_date,price,quantity_on_hand,upc,update_date,version,id) values (?,?,?,?,?,?,?,?,?)
Hibernate: insert into beer (beer_name,beer_style,created_date,price,quantity_on_hand,upc,update_date,version,id) values (?,?,?,?,?,?,?,?,?)
Hibernate: insert into beer (beer_name,beer_style,created_date,price,quantity_on_hand,upc,update_date,version,id) values (?,?,?,?,?,?,?,?,?)
Hibernate: insert into beer (beer_name,beer_style,created_date,price,quantity_on_hand,upc,update_date,version,id) values (?,?,?,?,?,?,?,?,?)
Hibernate: insert into beer (beer_name,beer_style,created_date,price,quantity_on_hand,upc,update_date,version,id) values (?,?,?,?,?,?,?,?,?)
Hibernate: insert into beer (beer_name,beer_style,created_date,price,quantity_on_hand,upc,update_date,version,id) values (?,?,?,?,?,?,?,?,?)
Hibernate: insert into beer (beer_name,beer_style,created_date,price,quantity_on_hand,upc,update_date,version,id) values (?,?,?,?,?,?,?,?,?)
Hibernate: insert into beer (beer_name,beer_style,created_date,price,quantity_on_hand,upc,update_date,version,id) values (?,?,?,?,?,?,?,?,?)
Hibernate: insert into beer (beer_name,beer_style,created_date,price,quantity_on_hand,upc,update_date,version,id) values (?,?,?,?,?,?,?,?,?)
Hibernate: insert into beer (beer_name,beer_style,created_date,price,quantity_on_hand,upc,update_date,version,id) values (?,?,?,?,?,?,?,?,?)
Hibernate: insert into beer (beer_name,beer_style,created_date,price,quantity_on_hand,upc,update_date,version,id) values (?,?,?,?,?,?,?,?,?)
Hibernate: insert into beer (beer_name,beer_style,created_date,price,quantity_on_hand,upc,update_date,version,id) values (?,?,?,?,?,?,?,?,?)
Hibernate: insert into beer (beer_name,beer_style,created_date,price,quantity_on_hand,upc,update_date,version,id) values (?,?,?,?,?,?,?,?,?)
Hibernate: insert into beer (beer_name,beer_style,created_date,price,quantity_on_hand,upc,update_date,version,id) values (?,?,?,?,?,?,?,?,?)
Hibernate: insert into beer (beer_name,beer_style,created_date,price,quantity_on_hand,upc,update_date,version,id) values (?,?,?,?,?,?,?,?,?)
Hibernate: insert into beer (beer_name,beer_style,created_date,price,quantity_on_hand,upc,update_date,version,id) values (?,?,?,?,?,?,?,?,?)
Hibernate: insert into beer (beer_name,beer_style,created_date,price,quantity_on_hand,upc,update_date,version,id) values (?,?,?,?,?,?,?,?,?)
Hibernate: insert into beer (beer_name,beer_style,created_date,price,quantity_on_hand,upc,update_date,version,id) values (?,?,?,?,?,?,?,?,?)
Hibernate: insert into beer (beer_name,beer_style,created_date,price,quantity_on_hand,upc,update_date,version,id) values (?,?,?,?,?,?,?,?,?)
Hibernate: insert into beer (beer_name,beer_style,created_date,price,quantity_on_hand,upc,update_date,version,id) values (?,?,?,?,?,?,?,?,?)
Hibernate: insert into beer (beer_name,beer_style,created_date,price,quantity_on_hand,upc,update_date,version,id) values (?,?,?,?,?,?,?,?,?)
Hibernate: insert into beer (beer_name,beer_style,created_date,price,quantity_on_hand,upc,update_date,version,id) values (?,?,?,?,?,?,?,?,?)
Hibernate: insert into beer (beer_name,beer_style,created_date,price,quantity_on_hand,upc,update_date,version,id) values (?,?,?,?,?,?,?,?,?)
Hibernate: insert into beer (beer_name,beer_style,created_date,price,quantity_on_hand,upc,update_date,version,id) values (?,?,?,?,?,?,?,?,?)
Hibernate: insert into beer (beer_name,beer_style,created_date,price,quantity_on_hand,upc,update_date,version,id) values (?,?,?,?,?,?,?,?,?)
Hibernate: insert into beer (beer_name,beer_style,created_date,price,quantity_on_hand,upc,update_date,version,id) values (?,?,?,?,?,?,?,?,?)
Hibernate: insert into beer (beer_name,beer_style,created_date,price,quantity_on_hand,upc,update_date,version,id) values (?,?,?,?,?,?,?,?,?)
Hibernate: insert into beer (beer_name,beer_style,created_date,price,quantity_on_hand,upc,update_date,version,id) values (?,?,?,?,?,?,?,?,?)
Hibernate: insert into beer (beer_name,beer_style,created_date,price,quantity_on_hand,upc,update_date,version,id) values (?,?,?,?,?,?,?,?,?)
Hibernate: insert into beer (beer_name,beer_style,created_date,price,quantity_on_hand,upc,update_date,version,id) values (?,?,?,?,?,?,?,?,?)
Hibernate: insert into beer (beer_name,beer_style,created_date,price,quantity_on_hand,upc,update_date,version,id) values (?,?,?,?,?,?,?,?,?)
Hibernate: insert into beer (beer_name,beer_style,created_date,price,quantity_on_hand,upc,update_date,version,id) values (?,?,?,?,?,?,?,?,?)
Hibernate: insert into beer (beer_name,beer_style,created_date,price,quantity_on_hand,upc,update_date,version,id) values (?,?,?,?,?,?,?,?,?)
Hibernate: insert into beer (beer_name,beer_style,created_date,price,quantity_on_hand,upc,update_date,version,id) values (?,?,?,?,?,?,?,?,?)
Hibernate: insert into beer (beer_name,beer_style,created_date,price,quantity_on_hand,upc,update_date,version,id) values (?,?,?,?,?,?,?,?,?)
Hibernate: insert into beer (beer_name,beer_style,created_date,price,quantity_on_hand,upc,update_date,version,id) values (?,?,?,?,?,?,?,?,?)
Hibernate: insert into beer (beer_name,beer_style,created_date,price,quantity_on_hand,upc,update_date,version,id) values (?,?,?,?,?,?,?,?,?)
Hibernate: insert into beer (beer_name,beer_style,created_date,price,quantity_on_hand,upc,update_date,version,id) values (?,?,?,?,?,?,?,?,?)
Hibernate: insert into beer (beer_name,beer_style,created_date,price,quantity_on_hand,upc,update_date,version,id) values (?,?,?,?,?,?,?,?,?)
Hibernate: insert into beer (beer_name,beer_style,created_date,price,quantity_on_hand,upc,update_date,version,id) values (?,?,?,?,?,?,?,?,?)
Hibernate: insert into beer (beer_name,beer_style,created_date,price,quantity_on_hand,upc,update_date,version,id) values (?,?,?,?,?,?,?,?,?)
Hibernate: insert into beer (beer_name,beer_style,created_date,price,quantity_on_hand,upc,update_date,version,id) values (?,?,?,?,?,?,?,?,?)
Hibernate: insert into beer (beer_name,beer_style,created_date,price,quantity_on_hand,upc,update_date,version,id) values (?,?,?,?,?,?,?,?,?)
Hibernate: insert into beer (beer_name,beer_style,created_date,price,quantity_on_hand,upc,update_date,version,id) values (?,?,?,?,?,?,?,?,?)
Hibernate: insert into beer (beer_name,beer_style,created_date,price,quantity_on_hand,upc,update_date,version,id) values (?,?,?,?,?,?,?,?,?)
Hibernate: insert into beer (beer_name,beer_style,created_date,price,quantity_on_hand,upc,update_date,version,id) values (?,?,?,?,?,?,?,?,?)
Hibernate: insert into beer (beer_name,beer_style,created_date,price,quantity_on_hand,upc,update_date,version,id) values (?,?,?,?,?,?,?,?,?)
Hibernate: insert into beer (beer_name,beer_style,created_date,price,quantity_on_hand,upc,update_date,version,id) values (?,?,?,?,?,?,?,?,?)
Hibernate: insert into beer (beer_name,beer_style,created_date,price,quantity_on_hand,upc,update_date,version,id) values (?,?,?,?,?,?,?,?,?)
Hibernate: insert into beer (beer_name,beer_style,created_date,price,quantity_on_hand,upc,update_date,version,id) values (?,?,?,?,?,?,?,?,?)
Hibernate: insert into beer (beer_name,beer_style,created_date,price,quantity_on_hand,upc,update_date,version,id) values (?,?,?,?,?,?,?,?,?)
Hibernate: insert into beer (beer_name,beer_style,created_date,price,quantity_on_hand,upc,update_date,version,id) values (?,?,?,?,?,?,?,?,?)
Hibernate: insert into beer (beer_name,beer_style,created_date,price,quantity_on_hand,upc,update_date,version,id) values (?,?,?,?,?,?,?,?,?)
Hibernate: insert into beer (beer_name,beer_style,created_date,price,quantity_on_hand,upc,update_date,version,id) values (?,?,?,?,?,?,?,?,?)
Hibernate: insert into beer (beer_name,beer_style,created_date,price,quantity_on_hand,upc,update_date,version,id) values (?,?,?,?,?,?,?,?,?)
Hibernate: insert into beer (beer_name,beer_style,created_date,price,quantity_on_hand,upc,update_date,version,id) values (?,?,?,?,?,?,?,?,?)
Hibernate: insert into beer (beer_name,beer_style,created_date,price,quantity_on_hand,upc,update_date,version,id) values (?,?,?,?,?,?,?,?,?)
Hibernate: insert into beer (beer_name,beer_style,created_date,price,quantity_on_hand,upc,update_date,version,id) values (?,?,?,?,?,?,?,?,?)
Hibernate: insert into beer (beer_name,beer_style,created_date,price,quantity_on_hand,upc,update_date,version,id) values (?,?,?,?,?,?,?,?,?)
Hibernate: insert into beer (beer_name,beer_style,created_date,price,quantity_on_hand,upc,update_date,version,id) values (?,?,?,?,?,?,?,?,?)
Hibernate: insert into beer (beer_name,beer_style,created_date,price,quantity_on_hand,upc,update_date,version,id) values (?,?,?,?,?,?,?,?,?)
Hibernate: insert into beer (beer_name,beer_style,created_date,price,quantity_on_hand,upc,update_date,version,id) values (?,?,?,?,?,?,?,?,?)
Hibernate: insert into beer (beer_name,beer_style,created_date,price,quantity_on_hand,upc,update_date,version,id) values (?,?,?,?,?,?,?,?,?)
Hibernate: insert into beer (beer_name,beer_style,created_date,price,quantity_on_hand,upc,update_date,version,id) values (?,?,?,?,?,?,?,?,?)
Hibernate: insert into beer (beer_name,beer_style,created_date,price,quantity_on_hand,upc,update_date,version,id) values (?,?,?,?,?,?,?,?,?)
Hibernate: insert into beer (beer_name,beer_style,created_date,price,quantity_on_hand,upc,update_date,version,id) values (?,?,?,?,?,?,?,?,?)
Hibernate: insert into beer (beer_name,beer_style,created_date,price,quantity_on_hand,upc,update_date,version,id) values (?,?,?,?,?,?,?,?,?)
Hibernate: insert into beer (beer_name,beer_style,created_date,price,quantity_on_hand,upc,update_date,version,id) values (?,?,?,?,?,?,?,?,?)
Hibernate: insert into beer (beer_name,beer_style,created_date,price,quantity_on_hand,upc,update_date,version,id) values (?,?,?,?,?,?,?,?,?)
Hibernate: insert into beer (beer_name,beer_style,created_date,price,quantity_on_hand,upc,update_date,version,id) values (?,?,?,?,?,?,?,?,?)
Hibernate: insert into beer (beer_name,beer_style,created_date,price,quantity_on_hand,upc,update_date,version,id) values (?,?,?,?,?,?,?,?,?)
Hibernate: insert into beer (beer_name,beer_style,created_date,price,quantity_on_hand,upc,update_date,version,id) values (?,?,?,?,?,?,?,?,?)
Hibernate: insert into beer (beer_name,beer_style,created_date,price,quantity_on_hand,upc,update_date,version,id) values (?,?,?,?,?,?,?,?,?)
Hibernate: insert into beer (beer_name,beer_style,created_date,price,quantity_on_hand,upc,update_date,version,id) values (?,?,?,?,?,?,?,?,?)
Hibernate: insert into beer (beer_name,beer_style,created_date,price,quantity_on_hand,upc,update_date,version,id) values (?,?,?,?,?,?,?,?,?)
Hibernate: insert into beer (beer_name,beer_style,created_date,price,quantity_on_hand,upc,update_date,version,id) values (?,?,?,?,?,?,?,?,?)
Hibernate: insert into beer (beer_name,beer_style,created_date,price,quantity_on_hand,upc,update_date,version,id) values (?,?,?,?,?,?,?,?,?)
Hibernate: insert into beer (beer_name,beer_style,created_date,price,quantity_on_hand,upc,update_date,version,id) values (?,?,?,?,?,?,?,?,?)
Hibernate: insert into beer (beer_name,beer_style,created_date,price,quantity_on_hand,upc,update_date,version,id) values (?,?,?,?,?,?,?,?,?)
Hibernate: insert into beer (beer_name,beer_style,created_date,price,quantity_on_hand,upc,update_date,version,id) values (?,?,?,?,?,?,?,?,?)
Hibernate: insert into beer (beer_name,beer_style,created_date,price,quantity_on_hand,upc,update_date,version,id) values (?,?,?,?,?,?,?,?,?)
Hibernate: insert into beer (beer_name,beer_style,created_date,price,quantity_on_hand,upc,update_date,version,id) values (?,?,?,?,?,?,?,?,?)
Hibernate: insert into beer (beer_name,beer_style,created_date,price,quantity_on_hand,upc,update_date,version,id) values (?,?,?,?,?,?,?,?,?)
Hibernate: insert into beer (beer_name,beer_style,created_date,price,quantity_on_hand,upc,update_date,version,id) values (?,?,?,?,?,?,?,?,?)
Hibernate: insert into beer (beer_name,beer_style,created_date,price,quantity_on_hand,upc,update_date,version,id) values (?,?,?,?,?,?,?,?,?)
Hibernate: insert into beer (beer_name,beer_style,created_date,price,quantity_on_hand,upc,update_date,version,id) values (?,?,?,?,?,?,?,?,?)
Hibernate: insert into beer (beer_name,beer_style,created_date,price,quantity_on_hand,upc,update_date,version,id) values (?,?,?,?,?,?,?,?,?)
Hibernate: insert into beer (beer_name,beer_style,created_date,price,quantity_on_hand,upc,update_date,version,id) values (?,?,?,?,?,?,?,?,?)
Hibernate: insert into beer (beer_name,beer_style,created_date,price,quantity_on_hand,upc,update_date,version,id) values (?,?,?,?,?,?,?,?,?)
Hibernate: insert into beer (beer_name,beer_style,created_date,price,quantity_on_hand,upc,update_date,version,id) values (?,?,?,?,?,?,?,?,?)
Hibernate: insert into beer (beer_name,beer_style,created_date,price,quantity_on_hand,upc,update_date,version,id) values (?,?,?,?,?,?,?,?,?)
Hibernate: insert into beer (beer_name,beer_style,created_date,price,quantity_on_hand,upc,update_date,version,id) values (?,?,?,?,?,?,?,?,?)
Hibernate: insert into beer (beer_name,beer_style,created_date,price,quantity_on_hand,upc,update_date,version,id) values (?,?,?,?,?,?,?,?,?)
Hibernate: insert into beer (beer_name,beer_style,created_date,price,quantity_on_hand,upc,update_date,version,id) values (?,?,?,?,?,?,?,?,?)
Hibernate: insert into beer (beer_name,beer_style,created_date,price,quantity_on_hand,upc,update_date,version,id) values (?,?,?,?,?,?,?,?,?)
Hibernate: insert into beer (beer_name,beer_style,created_date,price,quantity_on_hand,upc,update_date,version,id) values (?,?,?,?,?,?,?,?,?)
Hibernate: insert into beer (beer_name,beer_style,created_date,price,quantity_on_hand,upc,update_date,version,id) values (?,?,?,?,?,?,?,?,?)
Hibernate: insert into beer (beer_name,beer_style,created_date,price,quantity_on_hand,upc,update_date,version,id) values (?,?,?,?,?,?,?,?,?)
Hibernate: insert into beer (beer_name,beer_style,created_date,price,quantity_on_hand,upc,update_date,version,id) values (?,?,?,?,?,?,?,?,?)
Hibernate: insert into beer (beer_name,beer_style,created_date,price,quantity_on_hand,upc,update_date,version,id) values (?,?,?,?,?,?,?,?,?)
Hibernate: insert into beer (beer_name,beer_style,created_date,price,quantity_on_hand,upc,update_date,version,id) values (?,?,?,?,?,?,?,?,?)
Hibernate: insert into beer (beer_name,beer_style,created_date,price,quantity_on_hand,upc,update_date,version,id) values (?,?,?,?,?,?,?,?,?)
Hibernate: insert into beer (beer_name,beer_style,created_date,price,quantity_on_hand,upc,update_date,version,id) values (?,?,?,?,?,?,?,?,?)
Hibernate: insert into beer (beer_name,beer_style,created_date,price,quantity_on_hand,upc,update_date,version,id) values (?,?,?,?,?,?,?,?,?)
Hibernate: insert into beer (beer_name,beer_style,created_date,price,quantity_on_hand,upc,update_date,version,id) values (?,?,?,?,?,?,?,?,?)
Hibernate: insert into beer (beer_name,beer_style,created_date,price,quantity_on_hand,upc,update_date,version,id) values (?,?,?,?,?,?,?,?,?)
Hibernate: insert into beer (beer_name,beer_style,created_date,price,quantity_on_hand,upc,update_date,version,id) values (?,?,?,?,?,?,?,?,?)
Hibernate: insert into beer (beer_name,beer_style,created_date,price,quantity_on_hand,upc,update_date,version,id) values (?,?,?,?,?,?,?,?,?)
Hibernate: insert into beer (beer_name,beer_style,created_date,price,quantity_on_hand,upc,update_date,version,id) values (?,?,?,?,?,?,?,?,?)
Hibernate: insert into beer (beer_name,beer_style,created_date,price,quantity_on_hand,upc,update_date,version,id) values (?,?,?,?,?,?,?,?,?)
Hibernate: insert into beer (beer_name,beer_style,created_date,price,quantity_on_hand,upc,update_date,version,id) values (?,?,?,?,?,?,?,?,?)
Hibernate: insert into beer (beer_name,beer_style,created_date,price,quantity_on_hand,upc,update_date,version,id) values (?,?,?,?,?,?,?,?,?)
Hibernate: insert into beer (beer_name,beer_style,created_date,price,quantity_on_hand,upc,update_date,version,id) values (?,?,?,?,?,?,?,?,?)
Hibernate: insert into beer (beer_name,beer_style,created_date,price,quantity_on_hand,upc,update_date,version,id) values (?,?,?,?,?,?,?,?,?)
Hibernate: insert into beer (beer_name,beer_style,created_date,price,quantity_on_hand,upc,update_date,version,id) values (?,?,?,?,?,?,?,?,?)
Hibernate: insert into beer (beer_name,beer_style,created_date,price,quantity_on_hand,upc,update_date,version,id) values (?,?,?,?,?,?,?,?,?)
Hibernate: insert into beer (beer_name,beer_style,created_date,price,quantity_on_hand,upc,update_date,version,id) values (?,?,?,?,?,?,?,?,?)
Hibernate: insert into beer (beer_name,beer_style,created_date,price,quantity_on_hand,upc,update_date,version,id) values (?,?,?,?,?,?,?,?,?)
Hibernate: insert into beer (beer_name,beer_style,created_date,price,quantity_on_hand,upc,update_date,version,id) values (?,?,?,?,?,?,?,?,?)
Hibernate: insert into beer (beer_name,beer_style,created_date,price,quantity_on_hand,upc,update_date,version,id) values (?,?,?,?,?,?,?,?,?)
Hibernate: insert into beer (beer_name,beer_style,created_date,price,quantity_on_hand,upc,update_date,version,id) values (?,?,?,?,?,?,?,?,?)
Hibernate: insert into beer (beer_name,beer_style,created_date,price,quantity_on_hand,upc,update_date,version,id) values (?,?,?,?,?,?,?,?,?)
Hibernate: insert into beer (beer_name,beer_style,created_date,price,quantity_on_hand,upc,update_date,version,id) values (?,?,?,?,?,?,?,?,?)
Hibernate: insert into beer (beer_name,beer_style,created_date,price,quantity_on_hand,upc,update_date,version,id) values (?,?,?,?,?,?,?,?,?)
Hibernate: insert into beer (beer_name,beer_style,created_date,price,quantity_on_hand,upc,update_date,version,id) values (?,?,?,?,?,?,?,?,?)
Hibernate: insert into beer (beer_name,beer_style,created_date,price,quantity_on_hand,upc,update_date,version,id) values (?,?,?,?,?,?,?,?,?)
Hibernate: insert into beer (beer_name,beer_style,created_date,price,quantity_on_hand,upc,update_date,version,id) values (?,?,?,?,?,?,?,?,?)
Hibernate: insert into beer (beer_name,beer_style,created_date,price,quantity_on_hand,upc,update_date,version,id) values (?,?,?,?,?,?,?,?,?)
Hibernate: insert into beer (beer_name,beer_style,created_date,price,quantity_on_hand,upc,update_date,version,id) values (?,?,?,?,?,?,?,?,?)
Hibernate: insert into beer (beer_name,beer_style,created_date,price,quantity_on_hand,upc,update_date,version,id) values (?,?,?,?,?,?,?,?,?)
Hibernate: insert into beer (beer_name,beer_style,created_date,price,quantity_on_hand,upc,update_date,version,id) values (?,?,?,?,?,?,?,?,?)
Hibernate: insert into beer (beer_name,beer_style,created_date,price,quantity_on_hand,upc,update_date,version,id) values (?,?,?,?,?,?,?,?,?)
Hibernate: insert into beer (beer_name,beer_style,created_date,price,quantity_on_hand,upc,update_date,version,id) values (?,?,?,?,?,?,?,?,?)
Hibernate: insert into beer (beer_name,beer_style,created_date,price,quantity_on_hand,upc,update_date,version,id) values (?,?,?,?,?,?,?,?,?)
Hibernate: insert into beer (beer_name,beer_style,created_date,price,quantity_on_hand,upc,update_date,version,id) values (?,?,?,?,?,?,?,?,?)
Hibernate: insert into beer (beer_name,beer_style,created_date,price,quantity_on_hand,upc,update_date,version,id) values (?,?,?,?,?,?,?,?,?)
Hibernate: insert into beer (beer_name,beer_style,created_date,price,quantity_on_hand,upc,update_date,version,id) values (?,?,?,?,?,?,?,?,?)
Hibernate: insert into beer (beer_name,beer_style,created_date,price,quantity_on_hand,upc,update_date,version,id) values (?,?,?,?,?,?,?,?,?)
Hibernate: insert into beer (beer_name,beer_style,created_date,price,quantity_on_hand,upc,update_date,version,id) values (?,?,?,?,?,?,?,?,?)
Hibernate: insert into beer (beer_name,beer_style,created_date,price,quantity_on_hand,upc,update_date,version,id) values (?,?,?,?,?,?,?,?,?)
Hibernate: insert into beer (beer_name,beer_style,created_date,price,quantity_on_hand,upc,update_date,version,id) values (?,?,?,?,?,?,?,?,?)
Hibernate: insert into beer (beer_name,beer_style,created_date,price,quantity_on_hand,upc,update_date,version,id) values (?,?,?,?,?,?,?,?,?)
Hibernate: insert into beer (beer_name,beer_style,created_date,price,quantity_on_hand,upc,update_date,version,id) values (?,?,?,?,?,?,?,?,?)
Hibernate: insert into beer (beer_name,beer_style,created_date,price,quantity_on_hand,upc,update_date,version,id) values (?,?,?,?,?,?,?,?,?)
Hibernate: insert into beer (beer_name,beer_style,created_date,price,quantity_on_hand,upc,update_date,version,id) values (?,?,?,?,?,?,?,?,?)
Hibernate: insert into beer (beer_name,beer_style,created_date,price,quantity_on_hand,upc,update_date,version,id) values (?,?,?,?,?,?,?,?,?)
Hibernate: insert into beer (beer_name,beer_style,created_date,price,quantity_on_hand,upc,update_date,version,id) values (?,?,?,?,?,?,?,?,?)
Hibernate: insert into beer (beer_name,beer_style,created_date,price,quantity_on_hand,upc,update_date,version,id) values (?,?,?,?,?,?,?,?,?)
Hibernate: insert into beer (beer_name,beer_style,created_date,price,quantity_on_hand,upc,update_date,version,id) values (?,?,?,?,?,?,?,?,?)
Hibernate: insert into beer (beer_name,beer_style,created_date,price,quantity_on_hand,upc,update_date,version,id) values (?,?,?,?,?,?,?,?,?)
Hibernate: insert into beer (beer_name,beer_style,created_date,price,quantity_on_hand,upc,update_date,version,id) values (?,?,?,?,?,?,?,?,?)
Hibernate: insert into beer (beer_name,beer_style,created_date,price,quantity_on_hand,upc,update_date,version,id) values (?,?,?,?,?,?,?,?,?)
Hibernate: insert into beer (beer_name,beer_style,created_date,price,quantity_on_hand,upc,update_date,version,id) values (?,?,?,?,?,?,?,?,?)
Hibernate: insert into beer (beer_name,beer_style,created_date,price,quantity_on_hand,upc,update_date,version,id) values (?,?,?,?,?,?,?,?,?)
Hibernate: insert into beer (beer_name,beer_style,created_date,price,quantity_on_hand,upc,update_date,version,id) values (?,?,?,?,?,?,?,?,?)
Hibernate: insert into beer (beer_name,beer_style,created_date,price,quantity_on_hand,upc,update_date,version,id) values (?,?,?,?,?,?,?,?,?)
Hibernate: insert into beer (beer_name,beer_style,created_date,price,quantity_on_hand,upc,update_date,version,id) values (?,?,?,?,?,?,?,?,?)
Hibernate: insert into beer (beer_name,beer_style,created_date,price,quantity_on_hand,upc,update_date,version,id) values (?,?,?,?,?,?,?,?,?)
Hibernate: insert into beer (beer_name,beer_style,created_date,price,quantity_on_hand,upc,update_date,version,id) values (?,?,?,?,?,?,?,?,?)
Hibernate: insert into beer (beer_name,beer_style,created_date,price,quantity_on_hand,upc,update_date,version,id) values (?,?,?,?,?,?,?,?,?)
Hibernate: insert into beer (beer_name,beer_style,created_date,price,quantity_on_hand,upc,update_date,version,id) values (?,?,?,?,?,?,?,?,?)
Hibernate: insert into beer (beer_name,beer_style,created_date,price,quantity_on_hand,upc,update_date,version,id) values (?,?,?,?,?,?,?,?,?)
Hibernate: insert into beer (beer_name,beer_style,created_date,price,quantity_on_hand,upc,update_date,version,id) values (?,?,?,?,?,?,?,?,?)
Hibernate: insert into beer (beer_name,beer_style,created_date,price,quantity_on_hand,upc,update_date,version,id) values (?,?,?,?,?,?,?,?,?)
Hibernate: insert into beer (beer_name,beer_style,created_date,price,quantity_on_hand,upc,update_date,version,id) values (?,?,?,?,?,?,?,?,?)
Hibernate: insert into beer (beer_name,beer_style,created_date,price,quantity_on_hand,upc,update_date,version,id) values (?,?,?,?,?,?,?,?,?)
Hibernate: insert into beer (beer_name,beer_style,created_date,price,quantity_on_hand,upc,update_date,version,id) values (?,?,?,?,?,?,?,?,?)
Hibernate: insert into beer (beer_name,beer_style,created_date,price,quantity_on_hand,upc,update_date,version,id) values (?,?,?,?,?,?,?,?,?)
Hibernate: insert into beer (beer_name,beer_style,created_date,price,quantity_on_hand,upc,update_date,version,id) values (?,?,?,?,?,?,?,?,?)
Hibernate: insert into beer (beer_name,beer_style,created_date,price,quantity_on_hand,upc,update_date,version,id) values (?,?,?,?,?,?,?,?,?)
Hibernate: insert into beer (beer_name,beer_style,created_date,price,quantity_on_hand,upc,update_date,version,id) values (?,?,?,?,?,?,?,?,?)
Hibernate: insert into beer (beer_name,beer_style,created_date,price,quantity_on_hand,upc,update_date,version,id) values (?,?,?,?,?,?,?,?,?)
Hibernate: insert into beer (beer_name,beer_style,created_date,price,quantity_on_hand,upc,update_date,version,id) values (?,?,?,?,?,?,?,?,?)
Hibernate: insert into beer (beer_name,beer_style,created_date,price,quantity_on_hand,upc,update_date,version,id) values (?,?,?,?,?,?,?,?,?)
Hibernate: insert into beer (beer_name,beer_style,created_date,price,quantity_on_hand,upc,update_date,version,id) values (?,?,?,?,?,?,?,?,?)
Hibernate: insert into beer (beer_name,beer_style,created_date,price,quantity_on_hand,upc,update_date,version,id) values (?,?,?,?,?,?,?,?,?)
Hibernate: insert into beer (beer_name,beer_style,created_date,price,quantity_on_hand,upc,update_date,version,id) values (?,?,?,?,?,?,?,?,?)
Hibernate: insert into beer (beer_name,beer_style,created_date,price,quantity_on_hand,upc,update_date,version,id) values (?,?,?,?,?,?,?,?,?)
Hibernate: insert into beer (beer_name,beer_style,created_date,price,quantity_on_hand,upc,update_date,version,id) values (?,?,?,?,?,?,?,?,?)
Hibernate: insert into beer (beer_name,beer_style,created_date,price,quantity_on_hand,upc,update_date,version,id) values (?,?,?,?,?,?,?,?,?)
Hibernate: insert into beer (beer_name,beer_style,created_date,price,quantity_on_hand,upc,update_date,version,id) values (?,?,?,?,?,?,?,?,?)
Hibernate: insert into beer (beer_name,beer_style,created_date,price,quantity_on_hand,upc,update_date,version,id) values (?,?,?,?,?,?,?,?,?)
Hibernate: insert into beer (beer_name,beer_style,created_date,price,quantity_on_hand,upc,update_date,version,id) values (?,?,?,?,?,?,?,?,?)
Hibernate: insert into beer (beer_name,beer_style,created_date,price,quantity_on_hand,upc,update_date,version,id) values (?,?,?,?,?,?,?,?,?)
Hibernate: insert into beer (beer_name,beer_style,created_date,price,quantity_on_hand,upc,update_date,version,id) values (?,?,?,?,?,?,?,?,?)
Hibernate: insert into beer (beer_name,beer_style,created_date,price,quantity_on_hand,upc,update_date,version,id) values (?,?,?,?,?,?,?,?,?)
Hibernate: insert into beer (beer_name,beer_style,created_date,price,quantity_on_hand,upc,update_date,version,id) values (?,?,?,?,?,?,?,?,?)
Hibernate: insert into beer (beer_name,beer_style,created_date,price,quantity_on_hand,upc,update_date,version,id) values (?,?,?,?,?,?,?,?,?)
Hibernate: insert into beer (beer_name,beer_style,created_date,price,quantity_on_hand,upc,update_date,version,id) values (?,?,?,?,?,?,?,?,?)
Hibernate: insert into beer (beer_name,beer_style,created_date,price,quantity_on_hand,upc,update_date,version,id) values (?,?,?,?,?,?,?,?,?)
Hibernate: insert into beer (beer_name,beer_style,created_date,price,quantity_on_hand,upc,update_date,version,id) values (?,?,?,?,?,?,?,?,?)
Hibernate: insert into beer (beer_name,beer_style,created_date,price,quantity_on_hand,upc,update_date,version,id) values (?,?,?,?,?,?,?,?,?)
Hibernate: insert into beer (beer_name,beer_style,created_date,price,quantity_on_hand,upc,update_date,version,id) values (?,?,?,?,?,?,?,?,?)
Hibernate: insert into beer (beer_name,beer_style,created_date,price,quantity_on_hand,upc,update_date,version,id) values (?,?,?,?,?,?,?,?,?)
Hibernate: insert into beer (beer_name,beer_style,created_date,price,quantity_on_hand,upc,update_date,version,id) values (?,?,?,?,?,?,?,?,?)
Hibernate: insert into beer (beer_name,beer_style,created_date,price,quantity_on_hand,upc,update_date,version,id) values (?,?,?,?,?,?,?,?,?)
Hibernate: insert into beer (beer_name,beer_style,created_date,price,quantity_on_hand,upc,update_date,version,id) values (?,?,?,?,?,?,?,?,?)
Hibernate: insert into beer (beer_name,beer_style,created_date,price,quantity_on_hand,upc,update_date,version,id) values (?,?,?,?,?,?,?,?,?)
Hibernate: insert into beer (beer_name,beer_style,created_date,price,quantity_on_hand,upc,update_date,version,id) values (?,?,?,?,?,?,?,?,?)
Hibernate: insert into beer (beer_name,beer_style,created_date,price,quantity_on_hand,upc,update_date,version,id) values (?,?,?,?,?,?,?,?,?)
Hibernate: insert into beer (beer_name,beer_style,created_date,price,quantity_on_hand,upc,update_date,version,id) values (?,?,?,?,?,?,?,?,?)
Hibernate: insert into beer (beer_name,beer_style,created_date,price,quantity_on_hand,upc,update_date,version,id) values (?,?,?,?,?,?,?,?,?)
Hibernate: insert into beer (beer_name,beer_style,created_date,price,quantity_on_hand,upc,update_date,version,id) values (?,?,?,?,?,?,?,?,?)
Hibernate: insert into beer (beer_name,beer_style,created_date,price,quantity_on_hand,upc,update_date,version,id) values (?,?,?,?,?,?,?,?,?)
Hibernate: insert into beer (beer_name,beer_style,created_date,price,quantity_on_hand,upc,update_date,version,id) values (?,?,?,?,?,?,?,?,?)
Hibernate: insert into beer (beer_name,beer_style,created_date,price,quantity_on_hand,upc,update_date,version,id) values (?,?,?,?,?,?,?,?,?)
Hibernate: insert into beer (beer_name,beer_style,created_date,price,quantity_on_hand,upc,update_date,version,id) values (?,?,?,?,?,?,?,?,?)
Hibernate: insert into beer (beer_name,beer_style,created_date,price,quantity_on_hand,upc,update_date,version,id) values (?,?,?,?,?,?,?,?,?)
Hibernate: insert into beer (beer_name,beer_style,created_date,price,quantity_on_hand,upc,update_date,version,id) values (?,?,?,?,?,?,?,?,?)
Hibernate: insert into beer (beer_name,beer_style,created_date,price,quantity_on_hand,upc,update_date,version,id) values (?,?,?,?,?,?,?,?,?)
Hibernate: insert into beer (beer_name,beer_style,created_date,price,quantity_on_hand,upc,update_date,version,id) values (?,?,?,?,?,?,?,?,?)
Hibernate: insert into beer (beer_name,beer_style,created_date,price,quantity_on_hand,upc,update_date,version,id) values (?,?,?,?,?,?,?,?,?)
Hibernate: insert into beer (beer_name,beer_style,created_date,price,quantity_on_hand,upc,update_date,version,id) values (?,?,?,?,?,?,?,?,?)
Hibernate: insert into beer (beer_name,beer_style,created_date,price,quantity_on_hand,upc,update_date,version,id) values (?,?,?,?,?,?,?,?,?)
Hibernate: insert into beer (beer_name,beer_style,created_date,price,quantity_on_hand,upc,update_date,version,id) values (?,?,?,?,?,?,?,?,?)
Hibernate: insert into beer (beer_name,beer_style,created_date,price,quantity_on_hand,upc,update_date,version,id) values (?,?,?,?,?,?,?,?,?)
Hibernate: insert into beer (beer_name,beer_style,created_date,price,quantity_on_hand,upc,update_date,version,id) values (?,?,?,?,?,?,?,?,?)
Hibernate: insert into beer (beer_name,beer_style,created_date,price,quantity_on_hand,upc,update_date,version,id) values (?,?,?,?,?,?,?,?,?)
Hibernate: insert into beer (beer_name,beer_style,created_date,price,quantity_on_hand,upc,update_date,version,id) values (?,?,?,?,?,?,?,?,?)
Hibernate: insert into beer (beer_name,beer_style,created_date,price,quantity_on_hand,upc,update_date,version,id) values (?,?,?,?,?,?,?,?,?)
Hibernate: insert into beer (beer_name,beer_style,created_date,price,quantity_on_hand,upc,update_date,version,id) values (?,?,?,?,?,?,?,?,?)
Hibernate: insert into beer (beer_name,beer_style,created_date,price,quantity_on_hand,upc,update_date,version,id) values (?,?,?,?,?,?,?,?,?)
Hibernate: insert into beer (beer_name,beer_style,created_date,price,quantity_on_hand,upc,update_date,version,id) values (?,?,?,?,?,?,?,?,?)
Hibernate: insert into beer (beer_name,beer_style,created_date,price,quantity_on_hand,upc,update_date,version,id) values (?,?,?,?,?,?,?,?,?)
Hibernate: insert into beer (beer_name,beer_style,created_date,price,quantity_on_hand,upc,update_date,version,id) values (?,?,?,?,?,?,?,?,?)
Hibernate: insert into beer (beer_name,beer_style,created_date,price,quantity_on_hand,upc,update_date,version,id) values (?,?,?,?,?,?,?,?,?)
Hibernate: insert into beer (beer_name,beer_style,created_date,price,quantity_on_hand,upc,update_date,version,id) values (?,?,?,?,?,?,?,?,?)
Hibernate: insert into beer (beer_name,beer_style,created_date,price,quantity_on_hand,upc,update_date,version,id) values (?,?,?,?,?,?,?,?,?)
Hibernate: insert into beer (beer_name,beer_style,created_date,price,quantity_on_hand,upc,update_date,version,id) values (?,?,?,?,?,?,?,?,?)
Hibernate: insert into beer (beer_name,beer_style,created_date,price,quantity_on_hand,upc,update_date,version,id) values (?,?,?,?,?,?,?,?,?)
Hibernate: insert into beer (beer_name,beer_style,created_date,price,quantity_on_hand,upc,update_date,version,id) values (?,?,?,?,?,?,?,?,?)
Hibernate: insert into beer (beer_name,beer_style,created_date,price,quantity_on_hand,upc,update_date,version,id) values (?,?,?,?,?,?,?,?,?)
Hibernate: insert into beer (beer_name,beer_style,created_date,price,quantity_on_hand,upc,update_date,version,id) values (?,?,?,?,?,?,?,?,?)
Hibernate: insert into beer (beer_name,beer_style,created_date,price,quantity_on_hand,upc,update_date,version,id) values (?,?,?,?,?,?,?,?,?)
Hibernate: insert into beer (beer_name,beer_style,created_date,price,quantity_on_hand,upc,update_date,version,id) values (?,?,?,?,?,?,?,?,?)
Hibernate: insert into beer (beer_name,beer_style,created_date,price,quantity_on_hand,upc,update_date,version,id) values (?,?,?,?,?,?,?,?,?)
Hibernate: insert into beer (beer_name,beer_style,created_date,price,quantity_on_hand,upc,update_date,version,id) values (?,?,?,?,?,?,?,?,?)
Hibernate: insert into beer (beer_name,beer_style,created_date,price,quantity_on_hand,upc,update_date,version,id) values (?,?,?,?,?,?,?,?,?)
Hibernate: insert into beer (beer_name,beer_style,created_date,price,quantity_on_hand,upc,update_date,version,id) values (?,?,?,?,?,?,?,?,?)
Hibernate: insert into beer (beer_name,beer_style,created_date,price,quantity_on_hand,upc,update_date,version,id) values (?,?,?,?,?,?,?,?,?)
Hibernate: insert into beer (beer_name,beer_style,created_date,price,quantity_on_hand,upc,update_date,version,id) values (?,?,?,?,?,?,?,?,?)
Hibernate: insert into beer (beer_name,beer_style,created_date,price,quantity_on_hand,upc,update_date,version,id) values (?,?,?,?,?,?,?,?,?)
Hibernate: insert into beer (beer_name,beer_style,created_date,price,quantity_on_hand,upc,update_date,version,id) values (?,?,?,?,?,?,?,?,?)
Hibernate: insert into beer (beer_name,beer_style,created_date,price,quantity_on_hand,upc,update_date,version,id) values (?,?,?,?,?,?,?,?,?)
Hibernate: insert into beer (beer_name,beer_style,created_date,price,quantity_on_hand,upc,update_date,version,id) values (?,?,?,?,?,?,?,?,?)
Hibernate: insert into beer (beer_name,beer_style,created_date,price,quantity_on_hand,upc,update_date,version,id) values (?,?,?,?,?,?,?,?,?)
Hibernate: insert into beer (beer_name,beer_style,created_date,price,quantity_on_hand,upc,update_date,version,id) values (?,?,?,?,?,?,?,?,?)
Hibernate: insert into beer (beer_name,beer_style,created_date,price,quantity_on_hand,upc,update_date,version,id) values (?,?,?,?,?,?,?,?,?)
Hibernate: insert into beer (beer_name,beer_style,created_date,price,quantity_on_hand,upc,update_date,version,id) values (?,?,?,?,?,?,?,?,?)
Hibernate: insert into beer (beer_name,beer_style,created_date,price,quantity_on_hand,upc,update_date,version,id) values (?,?,?,?,?,?,?,?,?)
Hibernate: insert into beer (beer_name,beer_style,created_date,price,quantity_on_hand,upc,update_date,version,id) values (?,?,?,?,?,?,?,?,?)
Hibernate: insert into beer (beer_name,beer_style,created_date,price,quantity_on_hand,upc,update_date,version,id) values (?,?,?,?,?,?,?,?,?)
Hibernate: insert into beer (beer_name,beer_style,created_date,price,quantity_on_hand,upc,update_date,version,id) values (?,?,?,?,?,?,?,?,?)
Hibernate: insert into beer (beer_name,beer_style,created_date,price,quantity_on_hand,upc,update_date,version,id) values (?,?,?,?,?,?,?,?,?)
Hibernate: insert into beer (beer_name,beer_style,created_date,price,quantity_on_hand,upc,update_date,version,id) values (?,?,?,?,?,?,?,?,?)
Hibernate: insert into beer (beer_name,beer_style,created_date,price,quantity_on_hand,upc,update_date,version,id) values (?,?,?,?,?,?,?,?,?)
Hibernate: insert into beer (beer_name,beer_style,created_date,price,quantity_on_hand,upc,update_date,version,id) values (?,?,?,?,?,?,?,?,?)
Hibernate: insert into beer (beer_name,beer_style,created_date,price,quantity_on_hand,upc,update_date,version,id) values (?,?,?,?,?,?,?,?,?)
Hibernate: insert into beer (beer_name,beer_style,created_date,price,quantity_on_hand,upc,update_date,version,id) values (?,?,?,?,?,?,?,?,?)
Hibernate: insert into beer (beer_name,beer_style,created_date,price,quantity_on_hand,upc,update_date,version,id) values (?,?,?,?,?,?,?,?,?)
Hibernate: insert into beer (beer_name,beer_style,created_date,price,quantity_on_hand,upc,update_date,version,id) values (?,?,?,?,?,?,?,?,?)
Hibernate: insert into beer (beer_name,beer_style,created_date,price,quantity_on_hand,upc,update_date,version,id) values (?,?,?,?,?,?,?,?,?)
Hibernate: insert into beer (beer_name,beer_style,created_date,price,quantity_on_hand,upc,update_date,version,id) values (?,?,?,?,?,?,?,?,?)
Hibernate: insert into beer (beer_name,beer_style,created_date,price,quantity_on_hand,upc,update_date,version,id) values (?,?,?,?,?,?,?,?,?)
Hibernate: insert into beer (beer_name,beer_style,created_date,price,quantity_on_hand,upc,update_date,version,id) values (?,?,?,?,?,?,?,?,?)
Hibernate: insert into beer (beer_name,beer_style,created_date,price,quantity_on_hand,upc,update_date,version,id) values (?,?,?,?,?,?,?,?,?)
Hibernate: insert into beer (beer_name,beer_style,created_date,price,quantity_on_hand,upc,update_date,version,id) values (?,?,?,?,?,?,?,?,?)
Hibernate: insert into beer (beer_name,beer_style,created_date,price,quantity_on_hand,upc,update_date,version,id) values (?,?,?,?,?,?,?,?,?)
Hibernate: insert into beer (beer_name,beer_style,created_date,price,quantity_on_hand,upc,update_date,version,id) values (?,?,?,?,?,?,?,?,?)
Hibernate: insert into beer (beer_name,beer_style,created_date,price,quantity_on_hand,upc,update_date,version,id) values (?,?,?,?,?,?,?,?,?)
Hibernate: insert into beer (beer_name,beer_style,created_date,price,quantity_on_hand,upc,update_date,version,id) values (?,?,?,?,?,?,?,?,?)
Hibernate: insert into beer (beer_name,beer_style,created_date,price,quantity_on_hand,upc,update_date,version,id) values (?,?,?,?,?,?,?,?,?)
Hibernate: insert into beer (beer_name,beer_style,created_date,price,quantity_on_hand,upc,update_date,version,id) values (?,?,?,?,?,?,?,?,?)
Hibernate: insert into beer (beer_name,beer_style,created_date,price,quantity_on_hand,upc,update_date,version,id) values (?,?,?,?,?,?,?,?,?)
Hibernate: insert into beer (beer_name,beer_style,created_date,price,quantity_on_hand,upc,update_date,version,id) values (?,?,?,?,?,?,?,?,?)
Hibernate: insert into beer (beer_name,beer_style,created_date,price,quantity_on_hand,upc,update_date,version,id) values (?,?,?,?,?,?,?,?,?)
Hibernate: insert into beer (beer_name,beer_style,created_date,price,quantity_on_hand,upc,update_date,version,id) values (?,?,?,?,?,?,?,?,?)
Hibernate: insert into beer (beer_name,beer_style,created_date,price,quantity_on_hand,upc,update_date,version,id) values (?,?,?,?,?,?,?,?,?)
Hibernate: insert into beer (beer_name,beer_style,created_date,price,quantity_on_hand,upc,update_date,version,id) values (?,?,?,?,?,?,?,?,?)
Hibernate: insert into beer (beer_name,beer_style,created_date,price,quantity_on_hand,upc,update_date,version,id) values (?,?,?,?,?,?,?,?,?)
Hibernate: insert into beer (beer_name,beer_style,created_date,price,quantity_on_hand,upc,update_date,version,id) values (?,?,?,?,?,?,?,?,?)
Hibernate: insert into beer (beer_name,beer_style,created_date,price,quantity_on_hand,upc,update_date,version,id) values (?,?,?,?,?,?,?,?,?)
Hibernate: insert into beer (beer_name,beer_style,created_date,price,quantity_on_hand,upc,update_date,version,id) values (?,?,?,?,?,?,?,?,?)
Hibernate: insert into beer (beer_name,beer_style,created_date,price,quantity_on_hand,upc,update_date,version,id) values (?,?,?,?,?,?,?,?,?)
Hibernate: insert into beer (beer_name,beer_style,created_date,price,quantity_on_hand,upc,update_date,version,id) values (?,?,?,?,?,?,?,?,?)
Hibernate: insert into beer (beer_name,beer_style,created_date,price,quantity_on_hand,upc,update_date,version,id) values (?,?,?,?,?,?,?,?,?)
Hibernate: insert into beer (beer_name,beer_style,created_date,price,quantity_on_hand,upc,update_date,version,id) values (?,?,?,?,?,?,?,?,?)
Hibernate: insert into beer (beer_name,beer_style,created_date,price,quantity_on_hand,upc,update_date,version,id) values (?,?,?,?,?,?,?,?,?)
Hibernate: insert into beer (beer_name,beer_style,created_date,price,quantity_on_hand,upc,update_date,version,id) values (?,?,?,?,?,?,?,?,?)
Hibernate: insert into beer (beer_name,beer_style,created_date,price,quantity_on_hand,upc,update_date,version,id) values (?,?,?,?,?,?,?,?,?)
Hibernate: insert into beer (beer_name,beer_style,created_date,price,quantity_on_hand,upc,update_date,version,id) values (?,?,?,?,?,?,?,?,?)
Hibernate: insert into beer (beer_name,beer_style,created_date,price,quantity_on_hand,upc,update_date,version,id) values (?,?,?,?,?,?,?,?,?)
Hibernate: insert into beer (beer_name,beer_style,created_date,price,quantity_on_hand,upc,update_date,version,id) values (?,?,?,?,?,?,?,?,?)
Hibernate: insert into beer (beer_name,beer_style,created_date,price,quantity_on_hand,upc,update_date,version,id) values (?,?,?,?,?,?,?,?,?)
Hibernate: insert into beer (beer_name,beer_style,created_date,price,quantity_on_hand,upc,update_date,version,id) values (?,?,?,?,?,?,?,?,?)
Hibernate: insert into beer (beer_name,beer_style,created_date,price,quantity_on_hand,upc,update_date,version,id) values (?,?,?,?,?,?,?,?,?)
Hibernate: insert into beer (beer_name,beer_style,created_date,price,quantity_on_hand,upc,update_date,version,id) values (?,?,?,?,?,?,?,?,?)
Hibernate: insert into beer (beer_name,beer_style,created_date,price,quantity_on_hand,upc,update_date,version,id) values (?,?,?,?,?,?,?,?,?)
Hibernate: insert into beer (beer_name,beer_style,created_date,price,quantity_on_hand,upc,update_date,version,id) values (?,?,?,?,?,?,?,?,?)
Hibernate: insert into beer (beer_name,beer_style,created_date,price,quantity_on_hand,upc,update_date,version,id) values (?,?,?,?,?,?,?,?,?)
Hibernate: insert into beer (beer_name,beer_style,created_date,price,quantity_on_hand,upc,update_date,version,id) values (?,?,?,?,?,?,?,?,?)
Hibernate: insert into beer (beer_name,beer_style,created_date,price,quantity_on_hand,upc,update_date,version,id) values (?,?,?,?,?,?,?,?,?)
Hibernate: insert into beer (beer_name,beer_style,created_date,price,quantity_on_hand,upc,update_date,version,id) values (?,?,?,?,?,?,?,?,?)
Hibernate: insert into beer (beer_name,beer_style,created_date,price,quantity_on_hand,upc,update_date,version,id) values (?,?,?,?,?,?,?,?,?)
Hibernate: insert into beer (beer_name,beer_style,created_date,price,quantity_on_hand,upc,update_date,version,id) values (?,?,?,?,?,?,?,?,?)
Hibernate: insert into beer (beer_name,beer_style,created_date,price,quantity_on_hand,upc,update_date,version,id) values (?,?,?,?,?,?,?,?,?)
Hibernate: insert into beer (beer_name,beer_style,created_date,price,quantity_on_hand,upc,update_date,version,id) values (?,?,?,?,?,?,?,?,?)
Hibernate: insert into beer (beer_name,beer_style,created_date,price,quantity_on_hand,upc,update_date,version,id) values (?,?,?,?,?,?,?,?,?)
Hibernate: insert into beer (beer_name,beer_style,created_date,price,quantity_on_hand,upc,update_date,version,id) values (?,?,?,?,?,?,?,?,?)
Hibernate: insert into beer (beer_name,beer_style,created_date,price,quantity_on_hand,upc,update_date,version,id) values (?,?,?,?,?,?,?,?,?)
Hibernate: insert into beer (beer_name,beer_style,created_date,price,quantity_on_hand,upc,update_date,version,id) values (?,?,?,?,?,?,?,?,?)
Hibernate: insert into beer (beer_name,beer_style,created_date,price,quantity_on_hand,upc,update_date,version,id) values (?,?,?,?,?,?,?,?,?)
Hibernate: insert into beer (beer_name,beer_style,created_date,price,quantity_on_hand,upc,update_date,version,id) values (?,?,?,?,?,?,?,?,?)
Hibernate: insert into beer (beer_name,beer_style,created_date,price,quantity_on_hand,upc,update_date,version,id) values (?,?,?,?,?,?,?,?,?)
Hibernate: insert into beer (beer_name,beer_style,created_date,price,quantity_on_hand,upc,update_date,version,id) values (?,?,?,?,?,?,?,?,?)
Hibernate: insert into beer (beer_name,beer_style,created_date,price,quantity_on_hand,upc,update_date,version,id) values (?,?,?,?,?,?,?,?,?)
Hibernate: insert into beer (beer_name,beer_style,created_date,price,quantity_on_hand,upc,update_date,version,id) values (?,?,?,?,?,?,?,?,?)
Hibernate: insert into beer (beer_name,beer_style,created_date,price,quantity_on_hand,upc,update_date,version,id) values (?,?,?,?,?,?,?,?,?)
Hibernate: insert into beer (beer_name,beer_style,created_date,price,quantity_on_hand,upc,update_date,version,id) values (?,?,?,?,?,?,?,?,?)
Hibernate: insert into beer (beer_name,beer_style,created_date,price,quantity_on_hand,upc,update_date,version,id) values (?,?,?,?,?,?,?,?,?)
Hibernate: insert into beer (beer_name,beer_style,created_date,price,quantity_on_hand,upc,update_date,version,id) values (?,?,?,?,?,?,?,?,?)
Hibernate: insert into beer (beer_name,beer_style,created_date,price,quantity_on_hand,upc,update_date,version,id) values (?,?,?,?,?,?,?,?,?)
Hibernate: insert into beer (beer_name,beer_style,created_date,price,quantity_on_hand,upc,update_date,version,id) values (?,?,?,?,?,?,?,?,?)
Hibernate: insert into beer (beer_name,beer_style,created_date,price,quantity_on_hand,upc,update_date,version,id) values (?,?,?,?,?,?,?,?,?)
Hibernate: insert into beer (beer_name,beer_style,created_date,price,quantity_on_hand,upc,update_date,version,id) values (?,?,?,?,?,?,?,?,?)
Hibernate: insert into beer (beer_name,beer_style,created_date,price,quantity_on_hand,upc,update_date,version,id) values (?,?,?,?,?,?,?,?,?)
Hibernate: insert into beer (beer_name,beer_style,created_date,price,quantity_on_hand,upc,update_date,version,id) values (?,?,?,?,?,?,?,?,?)
Hibernate: insert into beer (beer_name,beer_style,created_date,price,quantity_on_hand,upc,update_date,version,id) values (?,?,?,?,?,?,?,?,?)
Hibernate: insert into beer (beer_name,beer_style,created_date,price,quantity_on_hand,upc,update_date,version,id) values (?,?,?,?,?,?,?,?,?)
Hibernate: insert into beer (beer_name,beer_style,created_date,price,quantity_on_hand,upc,update_date,version,id) values (?,?,?,?,?,?,?,?,?)
Hibernate: insert into beer (beer_name,beer_style,created_date,price,quantity_on_hand,upc,update_date,version,id) values (?,?,?,?,?,?,?,?,?)
Hibernate: insert into beer (beer_name,beer_style,created_date,price,quantity_on_hand,upc,update_date,version,id) values (?,?,?,?,?,?,?,?,?)
Hibernate: insert into beer (beer_name,beer_style,created_date,price,quantity_on_hand,upc,update_date,version,id) values (?,?,?,?,?,?,?,?,?)
Hibernate: insert into beer (beer_name,beer_style,created_date,price,quantity_on_hand,upc,update_date,version,id) values (?,?,?,?,?,?,?,?,?)
Hibernate: insert into beer (beer_name,beer_style,created_date,price,quantity_on_hand,upc,update_date,version,id) values (?,?,?,?,?,?,?,?,?)
Hibernate: insert into beer (beer_name,beer_style,created_date,price,quantity_on_hand,upc,update_date,version,id) values (?,?,?,?,?,?,?,?,?)
Hibernate: insert into beer (beer_name,beer_style,created_date,price,quantity_on_hand,upc,update_date,version,id) values (?,?,?,?,?,?,?,?,?)
Hibernate: insert into beer (beer_name,beer_style,created_date,price,quantity_on_hand,upc,update_date,version,id) values (?,?,?,?,?,?,?,?,?)
Hibernate: insert into beer (beer_name,beer_style,created_date,price,quantity_on_hand,upc,update_date,version,id) values (?,?,?,?,?,?,?,?,?)
Hibernate: insert into beer (beer_name,beer_style,created_date,price,quantity_on_hand,upc,update_date,version,id) values (?,?,?,?,?,?,?,?,?)
Hibernate: insert into beer (beer_name,beer_style,created_date,price,quantity_on_hand,upc,update_date,version,id) values (?,?,?,?,?,?,?,?,?)
Hibernate: insert into beer (beer_name,beer_style,created_date,price,quantity_on_hand,upc,update_date,version,id) values (?,?,?,?,?,?,?,?,?)
Hibernate: insert into beer (beer_name,beer_style,created_date,price,quantity_on_hand,upc,update_date,version,id) values (?,?,?,?,?,?,?,?,?)
Hibernate: insert into beer (beer_name,beer_style,created_date,price,quantity_on_hand,upc,update_date,version,id) values (?,?,?,?,?,?,?,?,?)
Hibernate: insert into beer (beer_name,beer_style,created_date,price,quantity_on_hand,upc,update_date,version,id) values (?,?,?,?,?,?,?,?,?)
Hibernate: insert into beer (beer_name,beer_style,created_date,price,quantity_on_hand,upc,update_date,version,id) values (?,?,?,?,?,?,?,?,?)
Hibernate: insert into beer (beer_name,beer_style,created_date,price,quantity_on_hand,upc,update_date,version,id) values (?,?,?,?,?,?,?,?,?)
Hibernate: insert into beer (beer_name,beer_style,created_date,price,quantity_on_hand,upc,update_date,version,id) values (?,?,?,?,?,?,?,?,?)
Hibernate: insert into beer (beer_name,beer_style,created_date,price,quantity_on_hand,upc,update_date,version,id) values (?,?,?,?,?,?,?,?,?)
Hibernate: insert into beer (beer_name,beer_style,created_date,price,quantity_on_hand,upc,update_date,version,id) values (?,?,?,?,?,?,?,?,?)
Hibernate: insert into beer (beer_name,beer_style,created_date,price,quantity_on_hand,upc,update_date,version,id) values (?,?,?,?,?,?,?,?,?)
Hibernate: insert into beer (beer_name,beer_style,created_date,price,quantity_on_hand,upc,update_date,version,id) values (?,?,?,?,?,?,?,?,?)
Hibernate: insert into beer (beer_name,beer_style,created_date,price,quantity_on_hand,upc,update_date,version,id) values (?,?,?,?,?,?,?,?,?)
Hibernate: insert into beer (beer_name,beer_style,created_date,price,quantity_on_hand,upc,update_date,version,id) values (?,?,?,?,?,?,?,?,?)
Hibernate: insert into beer (beer_name,beer_style,created_date,price,quantity_on_hand,upc,update_date,version,id) values (?,?,?,?,?,?,?,?,?)
Hibernate: insert into beer (beer_name,beer_style,created_date,price,quantity_on_hand,upc,update_date,version,id) values (?,?,?,?,?,?,?,?,?)
Hibernate: insert into beer (beer_name,beer_style,created_date,price,quantity_on_hand,upc,update_date,version,id) values (?,?,?,?,?,?,?,?,?)
Hibernate: insert into beer (beer_name,beer_style,created_date,price,quantity_on_hand,upc,update_date,version,id) values (?,?,?,?,?,?,?,?,?)
Hibernate: insert into beer (beer_name,beer_style,created_date,price,quantity_on_hand,upc,update_date,version,id) values (?,?,?,?,?,?,?,?,?)
Hibernate: insert into beer (beer_name,beer_style,created_date,price,quantity_on_hand,upc,update_date,version,id) values (?,?,?,?,?,?,?,?,?)
Hibernate: insert into beer (beer_name,beer_style,created_date,price,quantity_on_hand,upc,update_date,version,id) values (?,?,?,?,?,?,?,?,?)
Hibernate: insert into beer (beer_name,beer_style,created_date,price,quantity_on_hand,upc,update_date,version,id) values (?,?,?,?,?,?,?,?,?)
Hibernate: insert into beer (beer_name,beer_style,created_date,price,quantity_on_hand,upc,update_date,version,id) values (?,?,?,?,?,?,?,?,?)
Hibernate: insert into beer (beer_name,beer_style,created_date,price,quantity_on_hand,upc,update_date,version,id) values (?,?,?,?,?,?,?,?,?)
Hibernate: insert into beer (beer_name,beer_style,created_date,price,quantity_on_hand,upc,update_date,version,id) values (?,?,?,?,?,?,?,?,?)
Hibernate: insert into beer (beer_name,beer_style,created_date,price,quantity_on_hand,upc,update_date,version,id) values (?,?,?,?,?,?,?,?,?)
Hibernate: insert into beer (beer_name,beer_style,created_date,price,quantity_on_hand,upc,update_date,version,id) values (?,?,?,?,?,?,?,?,?)
Hibernate: insert into beer (beer_name,beer_style,created_date,price,quantity_on_hand,upc,update_date,version,id) values (?,?,?,?,?,?,?,?,?)
Hibernate: insert into beer (beer_name,beer_style,created_date,price,quantity_on_hand,upc,update_date,version,id) values (?,?,?,?,?,?,?,?,?)
Hibernate: insert into beer (beer_name,beer_style,created_date,price,quantity_on_hand,upc,update_date,version,id) values (?,?,?,?,?,?,?,?,?)
Hibernate: insert into beer (beer_name,beer_style,created_date,price,quantity_on_hand,upc,update_date,version,id) values (?,?,?,?,?,?,?,?,?)
Hibernate: insert into beer (beer_name,beer_style,created_date,price,quantity_on_hand,upc,update_date,version,id) values (?,?,?,?,?,?,?,?,?)
Hibernate: insert into beer (beer_name,beer_style,created_date,price,quantity_on_hand,upc,update_date,version,id) values (?,?,?,?,?,?,?,?,?)
Hibernate: insert into beer (beer_name,beer_style,created_date,price,quantity_on_hand,upc,update_date,version,id) values (?,?,?,?,?,?,?,?,?)
Hibernate: insert into beer (beer_name,beer_style,created_date,price,quantity_on_hand,upc,update_date,version,id) values (?,?,?,?,?,?,?,?,?)
Hibernate: insert into beer (beer_name,beer_style,created_date,price,quantity_on_hand,upc,update_date,version,id) values (?,?,?,?,?,?,?,?,?)
Hibernate: insert into beer (beer_name,beer_style,created_date,price,quantity_on_hand,upc,update_date,version,id) values (?,?,?,?,?,?,?,?,?)
Hibernate: insert into beer (beer_name,beer_style,created_date,price,quantity_on_hand,upc,update_date,version,id) values (?,?,?,?,?,?,?,?,?)
Hibernate: insert into beer (beer_name,beer_style,created_date,price,quantity_on_hand,upc,update_date,version,id) values (?,?,?,?,?,?,?,?,?)
Hibernate: insert into beer (beer_name,beer_style,created_date,price,quantity_on_hand,upc,update_date,version,id) values (?,?,?,?,?,?,?,?,?)
Hibernate: insert into beer (beer_name,beer_style,created_date,price,quantity_on_hand,upc,update_date,version,id) values (?,?,?,?,?,?,?,?,?)
Hibernate: insert into beer (beer_name,beer_style,created_date,price,quantity_on_hand,upc,update_date,version,id) values (?,?,?,?,?,?,?,?,?)
Hibernate: insert into beer (beer_name,beer_style,created_date,price,quantity_on_hand,upc,update_date,version,id) values (?,?,?,?,?,?,?,?,?)
Hibernate: insert into beer (beer_name,beer_style,created_date,price,quantity_on_hand,upc,update_date,version,id) values (?,?,?,?,?,?,?,?,?)
Hibernate: insert into beer (beer_name,beer_style,created_date,price,quantity_on_hand,upc,update_date,version,id) values (?,?,?,?,?,?,?,?,?)
Hibernate: insert into beer (beer_name,beer_style,created_date,price,quantity_on_hand,upc,update_date,version,id) values (?,?,?,?,?,?,?,?,?)
Hibernate: insert into beer (beer_name,beer_style,created_date,price,quantity_on_hand,upc,update_date,version,id) values (?,?,?,?,?,?,?,?,?)
Hibernate: insert into beer (beer_name,beer_style,created_date,price,quantity_on_hand,upc,update_date,version,id) values (?,?,?,?,?,?,?,?,?)
Hibernate: insert into beer (beer_name,beer_style,created_date,price,quantity_on_hand,upc,update_date,version,id) values (?,?,?,?,?,?,?,?,?)
Hibernate: insert into beer (beer_name,beer_style,created_date,price,quantity_on_hand,upc,update_date,version,id) values (?,?,?,?,?,?,?,?,?)
Hibernate: insert into beer (beer_name,beer_style,created_date,price,quantity_on_hand,upc,update_date,version,id) values (?,?,?,?,?,?,?,?,?)
Hibernate: insert into beer (beer_name,beer_style,created_date,price,quantity_on_hand,upc,update_date,version,id) values (?,?,?,?,?,?,?,?,?)
Hibernate: insert into beer (beer_name,beer_style,created_date,price,quantity_on_hand,upc,update_date,version,id) values (?,?,?,?,?,?,?,?,?)
Hibernate: insert into beer (beer_name,beer_style,created_date,price,quantity_on_hand,upc,update_date,version,id) values (?,?,?,?,?,?,?,?,?)
Hibernate: insert into beer (beer_name,beer_style,created_date,price,quantity_on_hand,upc,update_date,version,id) values (?,?,?,?,?,?,?,?,?)
Hibernate: insert into beer (beer_name,beer_style,created_date,price,quantity_on_hand,upc,update_date,version,id) values (?,?,?,?,?,?,?,?,?)
Hibernate: insert into beer (beer_name,beer_style,created_date,price,quantity_on_hand,upc,update_date,version,id) values (?,?,?,?,?,?,?,?,?)
Hibernate: insert into beer (beer_name,beer_style,created_date,price,quantity_on_hand,upc,update_date,version,id) values (?,?,?,?,?,?,?,?,?)
Hibernate: insert into beer (beer_name,beer_style,created_date,price,quantity_on_hand,upc,update_date,version,id) values (?,?,?,?,?,?,?,?,?)
Hibernate: insert into beer (beer_name,beer_style,created_date,price,quantity_on_hand,upc,update_date,version,id) values (?,?,?,?,?,?,?,?,?)
Hibernate: insert into beer (beer_name,beer_style,created_date,price,quantity_on_hand,upc,update_date,version,id) values (?,?,?,?,?,?,?,?,?)
Hibernate: insert into beer (beer_name,beer_style,created_date,price,quantity_on_hand,upc,update_date,version,id) values (?,?,?,?,?,?,?,?,?)
Hibernate: insert into beer (beer_name,beer_style,created_date,price,quantity_on_hand,upc,update_date,version,id) values (?,?,?,?,?,?,?,?,?)
Hibernate: insert into beer (beer_name,beer_style,created_date,price,quantity_on_hand,upc,update_date,version,id) values (?,?,?,?,?,?,?,?,?)
Hibernate: insert into beer (beer_name,beer_style,created_date,price,quantity_on_hand,upc,update_date,version,id) values (?,?,?,?,?,?,?,?,?)
Hibernate: insert into beer (beer_name,beer_style,created_date,price,quantity_on_hand,upc,update_date,version,id) values (?,?,?,?,?,?,?,?,?)
Hibernate: insert into beer (beer_name,beer_style,created_date,price,quantity_on_hand,upc,update_date,version,id) values (?,?,?,?,?,?,?,?,?)
Hibernate: insert into beer (beer_name,beer_style,created_date,price,quantity_on_hand,upc,update_date,version,id) values (?,?,?,?,?,?,?,?,?)
Hibernate: insert into beer (beer_name,beer_style,created_date,price,quantity_on_hand,upc,update_date,version,id) values (?,?,?,?,?,?,?,?,?)
Hibernate: insert into beer (beer_name,beer_style,created_date,price,quantity_on_hand,upc,update_date,version,id) values (?,?,?,?,?,?,?,?,?)
Hibernate: insert into beer (beer_name,beer_style,created_date,price,quantity_on_hand,upc,update_date,version,id) values (?,?,?,?,?,?,?,?,?)
Hibernate: insert into beer (beer_name,beer_style,created_date,price,quantity_on_hand,upc,update_date,version,id) values (?,?,?,?,?,?,?,?,?)
Hibernate: insert into beer (beer_name,beer_style,created_date,price,quantity_on_hand,upc,update_date,version,id) values (?,?,?,?,?,?,?,?,?)
Hibernate: insert into beer (beer_name,beer_style,created_date,price,quantity_on_hand,upc,update_date,version,id) values (?,?,?,?,?,?,?,?,?)
Hibernate: insert into beer (beer_name,beer_style,created_date,price,quantity_on_hand,upc,update_date,version,id) values (?,?,?,?,?,?,?,?,?)
Hibernate: insert into beer (beer_name,beer_style,created_date,price,quantity_on_hand,upc,update_date,version,id) values (?,?,?,?,?,?,?,?,?)
Hibernate: insert into beer (beer_name,beer_style,created_date,price,quantity_on_hand,upc,update_date,version,id) values (?,?,?,?,?,?,?,?,?)
Hibernate: insert into beer (beer_name,beer_style,created_date,price,quantity_on_hand,upc,update_date,version,id) values (?,?,?,?,?,?,?,?,?)
Hibernate: insert into beer (beer_name,beer_style,created_date,price,quantity_on_hand,upc,update_date,version,id) values (?,?,?,?,?,?,?,?,?)
Hibernate: insert into beer (beer_name,beer_style,created_date,price,quantity_on_hand,upc,update_date,version,id) values (?,?,?,?,?,?,?,?,?)
Hibernate: insert into beer (beer_name,beer_style,created_date,price,quantity_on_hand,upc,update_date,version,id) values (?,?,?,?,?,?,?,?,?)
Hibernate: insert into beer (beer_name,beer_style,created_date,price,quantity_on_hand,upc,update_date,version,id) values (?,?,?,?,?,?,?,?,?)
Hibernate: insert into beer (beer_name,beer_style,created_date,price,quantity_on_hand,upc,update_date,version,id) values (?,?,?,?,?,?,?,?,?)
Hibernate: insert into beer (beer_name,beer_style,created_date,price,quantity_on_hand,upc,update_date,version,id) values (?,?,?,?,?,?,?,?,?)
Hibernate: insert into beer (beer_name,beer_style,created_date,price,quantity_on_hand,upc,update_date,version,id) values (?,?,?,?,?,?,?,?,?)
Hibernate: insert into beer (beer_name,beer_style,created_date,price,quantity_on_hand,upc,update_date,version,id) values (?,?,?,?,?,?,?,?,?)
Hibernate: insert into beer (beer_name,beer_style,created_date,price,quantity_on_hand,upc,update_date,version,id) values (?,?,?,?,?,?,?,?,?)
Hibernate: insert into beer (beer_name,beer_style,created_date,price,quantity_on_hand,upc,update_date,version,id) values (?,?,?,?,?,?,?,?,?)
Hibernate: insert into beer (beer_name,beer_style,created_date,price,quantity_on_hand,upc,update_date,version,id) values (?,?,?,?,?,?,?,?,?)
Hibernate: insert into beer (beer_name,beer_style,created_date,price,quantity_on_hand,upc,update_date,version,id) values (?,?,?,?,?,?,?,?,?)
Hibernate: insert into beer (beer_name,beer_style,created_date,price,quantity_on_hand,upc,update_date,version,id) values (?,?,?,?,?,?,?,?,?)
Hibernate: insert into beer (beer_name,beer_style,created_date,price,quantity_on_hand,upc,update_date,version,id) values (?,?,?,?,?,?,?,?,?)
Hibernate: insert into beer (beer_name,beer_style,created_date,price,quantity_on_hand,upc,update_date,version,id) values (?,?,?,?,?,?,?,?,?)
Hibernate: insert into beer (beer_name,beer_style,created_date,price,quantity_on_hand,upc,update_date,version,id) values (?,?,?,?,?,?,?,?,?)
Hibernate: insert into beer (beer_name,beer_style,created_date,price,quantity_on_hand,upc,update_date,version,id) values (?,?,?,?,?,?,?,?,?)
Hibernate: insert into beer (beer_name,beer_style,created_date,price,quantity_on_hand,upc,update_date,version,id) values (?,?,?,?,?,?,?,?,?)
Hibernate: insert into beer (beer_name,beer_style,created_date,price,quantity_on_hand,upc,update_date,version,id) values (?,?,?,?,?,?,?,?,?)
Hibernate: insert into beer (beer_name,beer_style,created_date,price,quantity_on_hand,upc,update_date,version,id) values (?,?,?,?,?,?,?,?,?)
Hibernate: insert into beer (beer_name,beer_style,created_date,price,quantity_on_hand,upc,update_date,version,id) values (?,?,?,?,?,?,?,?,?)
Hibernate: insert into beer (beer_name,beer_style,created_date,price,quantity_on_hand,upc,update_date,version,id) values (?,?,?,?,?,?,?,?,?)
Hibernate: insert into beer (beer_name,beer_style,created_date,price,quantity_on_hand,upc,update_date,version,id) values (?,?,?,?,?,?,?,?,?)
Hibernate: insert into beer (beer_name,beer_style,created_date,price,quantity_on_hand,upc,update_date,version,id) values (?,?,?,?,?,?,?,?,?)
Hibernate: insert into beer (beer_name,beer_style,created_date,price,quantity_on_hand,upc,update_date,version,id) values (?,?,?,?,?,?,?,?,?)
Hibernate: insert into beer (beer_name,beer_style,created_date,price,quantity_on_hand,upc,update_date,version,id) values (?,?,?,?,?,?,?,?,?)
Hibernate: insert into beer (beer_name,beer_style,created_date,price,quantity_on_hand,upc,update_date,version,id) values (?,?,?,?,?,?,?,?,?)
Hibernate: insert into beer (beer_name,beer_style,created_date,price,quantity_on_hand,upc,update_date,version,id) values (?,?,?,?,?,?,?,?,?)
Hibernate: insert into beer (beer_name,beer_style,created_date,price,quantity_on_hand,upc,update_date,version,id) values (?,?,?,?,?,?,?,?,?)
Hibernate: insert into beer (beer_name,beer_style,created_date,price,quantity_on_hand,upc,update_date,version,id) values (?,?,?,?,?,?,?,?,?)
Hibernate: insert into beer (beer_name,beer_style,created_date,price,quantity_on_hand,upc,update_date,version,id) values (?,?,?,?,?,?,?,?,?)
Hibernate: insert into beer (beer_name,beer_style,created_date,price,quantity_on_hand,upc,update_date,version,id) values (?,?,?,?,?,?,?,?,?)
Hibernate: insert into beer (beer_name,beer_style,created_date,price,quantity_on_hand,upc,update_date,version,id) values (?,?,?,?,?,?,?,?,?)
Hibernate: insert into beer (beer_name,beer_style,created_date,price,quantity_on_hand,upc,update_date,version,id) values (?,?,?,?,?,?,?,?,?)
Hibernate: insert into beer (beer_name,beer_style,created_date,price,quantity_on_hand,upc,update_date,version,id) values (?,?,?,?,?,?,?,?,?)
Hibernate: insert into beer (beer_name,beer_style,created_date,price,quantity_on_hand,upc,update_date,version,id) values (?,?,?,?,?,?,?,?,?)
Hibernate: insert into beer (beer_name,beer_style,created_date,price,quantity_on_hand,upc,update_date,version,id) values (?,?,?,?,?,?,?,?,?)
Hibernate: insert into beer (beer_name,beer_style,created_date,price,quantity_on_hand,upc,update_date,version,id) values (?,?,?,?,?,?,?,?,?)
Hibernate: insert into beer (beer_name,beer_style,created_date,price,quantity_on_hand,upc,update_date,version,id) values (?,?,?,?,?,?,?,?,?)
Hibernate: insert into beer (beer_name,beer_style,created_date,price,quantity_on_hand,upc,update_date,version,id) values (?,?,?,?,?,?,?,?,?)
Hibernate: insert into beer (beer_name,beer_style,created_date,price,quantity_on_hand,upc,update_date,version,id) values (?,?,?,?,?,?,?,?,?)
Hibernate: insert into beer (beer_name,beer_style,created_date,price,quantity_on_hand,upc,update_date,version,id) values (?,?,?,?,?,?,?,?,?)
Hibernate: insert into beer (beer_name,beer_style,created_date,price,quantity_on_hand,upc,update_date,version,id) values (?,?,?,?,?,?,?,?,?)
Hibernate: insert into beer (beer_name,beer_style,created_date,price,quantity_on_hand,upc,update_date,version,id) values (?,?,?,?,?,?,?,?,?)
Hibernate: insert into beer (beer_name,beer_style,created_date,price,quantity_on_hand,upc,update_date,version,id) values (?,?,?,?,?,?,?,?,?)
Hibernate: insert into beer (beer_name,beer_style,created_date,price,quantity_on_hand,upc,update_date,version,id) values (?,?,?,?,?,?,?,?,?)
Hibernate: insert into beer (beer_name,beer_style,created_date,price,quantity_on_hand,upc,update_date,version,id) values (?,?,?,?,?,?,?,?,?)
Hibernate: insert into beer (beer_name,beer_style,created_date,price,quantity_on_hand,upc,update_date,version,id) values (?,?,?,?,?,?,?,?,?)
Hibernate: insert into beer (beer_name,beer_style,created_date,price,quantity_on_hand,upc,update_date,version,id) values (?,?,?,?,?,?,?,?,?)
Hibernate: insert into beer (beer_name,beer_style,created_date,price,quantity_on_hand,upc,update_date,version,id) values (?,?,?,?,?,?,?,?,?)
Hibernate: insert into beer (beer_name,beer_style,created_date,price,quantity_on_hand,upc,update_date,version,id) values (?,?,?,?,?,?,?,?,?)
Hibernate: insert into beer (beer_name,beer_style,created_date,price,quantity_on_hand,upc,update_date,version,id) values (?,?,?,?,?,?,?,?,?)
Hibernate: insert into beer (beer_name,beer_style,created_date,price,quantity_on_hand,upc,update_date,version,id) values (?,?,?,?,?,?,?,?,?)
Hibernate: insert into beer (beer_name,beer_style,created_date,price,quantity_on_hand,upc,update_date,version,id) values (?,?,?,?,?,?,?,?,?)
Hibernate: insert into beer (beer_name,beer_style,created_date,price,quantity_on_hand,upc,update_date,version,id) values (?,?,?,?,?,?,?,?,?)
Hibernate: insert into beer (beer_name,beer_style,created_date,price,quantity_on_hand,upc,update_date,version,id) values (?,?,?,?,?,?,?,?,?)
Hibernate: insert into beer (beer_name,beer_style,created_date,price,quantity_on_hand,upc,update_date,version,id) values (?,?,?,?,?,?,?,?,?)
Hibernate: insert into beer (beer_name,beer_style,created_date,price,quantity_on_hand,upc,update_date,version,id) values (?,?,?,?,?,?,?,?,?)
Hibernate: insert into beer (beer_name,beer_style,created_date,price,quantity_on_hand,upc,update_date,version,id) values (?,?,?,?,?,?,?,?,?)
Hibernate: insert into beer (beer_name,beer_style,created_date,price,quantity_on_hand,upc,update_date,version,id) values (?,?,?,?,?,?,?,?,?)
Hibernate: insert into beer (beer_name,beer_style,created_date,price,quantity_on_hand,upc,update_date,version,id) values (?,?,?,?,?,?,?,?,?)
Hibernate: insert into beer (beer_name,beer_style,created_date,price,quantity_on_hand,upc,update_date,version,id) values (?,?,?,?,?,?,?,?,?)
Hibernate: insert into beer (beer_name,beer_style,created_date,price,quantity_on_hand,upc,update_date,version,id) values (?,?,?,?,?,?,?,?,?)
Hibernate: insert into beer (beer_name,beer_style,created_date,price,quantity_on_hand,upc,update_date,version,id) values (?,?,?,?,?,?,?,?,?)
Hibernate: insert into beer (beer_name,beer_style,created_date,price,quantity_on_hand,upc,update_date,version,id) values (?,?,?,?,?,?,?,?,?)
Hibernate: insert into beer (beer_name,beer_style,created_date,price,quantity_on_hand,upc,update_date,version,id) values (?,?,?,?,?,?,?,?,?)
Hibernate: insert into beer (beer_name,beer_style,created_date,price,quantity_on_hand,upc,update_date,version,id) values (?,?,?,?,?,?,?,?,?)
Hibernate: insert into beer (beer_name,beer_style,created_date,price,quantity_on_hand,upc,update_date,version,id) values (?,?,?,?,?,?,?,?,?)
Hibernate: insert into beer (beer_name,beer_style,created_date,price,quantity_on_hand,upc,update_date,version,id) values (?,?,?,?,?,?,?,?,?)
Hibernate: insert into beer (beer_name,beer_style,created_date,price,quantity_on_hand,upc,update_date,version,id) values (?,?,?,?,?,?,?,?,?)
Hibernate: insert into beer (beer_name,beer_style,created_date,price,quantity_on_hand,upc,update_date,version,id) values (?,?,?,?,?,?,?,?,?)
Hibernate: insert into beer (beer_name,beer_style,created_date,price,quantity_on_hand,upc,update_date,version,id) values (?,?,?,?,?,?,?,?,?)
Hibernate: insert into beer (beer_name,beer_style,created_date,price,quantity_on_hand,upc,update_date,version,id) values (?,?,?,?,?,?,?,?,?)
Hibernate: insert into beer (beer_name,beer_style,created_date,price,quantity_on_hand,upc,update_date,version,id) values (?,?,?,?,?,?,?,?,?)
Hibernate: insert into beer (beer_name,beer_style,created_date,price,quantity_on_hand,upc,update_date,version,id) values (?,?,?,?,?,?,?,?,?)
Hibernate: insert into beer (beer_name,beer_style,created_date,price,quantity_on_hand,upc,update_date,version,id) values (?,?,?,?,?,?,?,?,?)
Hibernate: insert into beer (beer_name,beer_style,created_date,price,quantity_on_hand,upc,update_date,version,id) values (?,?,?,?,?,?,?,?,?)
Hibernate: insert into beer (beer_name,beer_style,created_date,price,quantity_on_hand,upc,update_date,version,id) values (?,?,?,?,?,?,?,?,?)
Hibernate: insert into beer (beer_name,beer_style,created_date,price,quantity_on_hand,upc,update_date,version,id) values (?,?,?,?,?,?,?,?,?)
Hibernate: insert into beer (beer_name,beer_style,created_date,price,quantity_on_hand,upc,update_date,version,id) values (?,?,?,?,?,?,?,?,?)
Hibernate: insert into beer (beer_name,beer_style,created_date,price,quantity_on_hand,upc,update_date,version,id) values (?,?,?,?,?,?,?,?,?)
Hibernate: insert into beer (beer_name,beer_style,created_date,price,quantity_on_hand,upc,update_date,version,id) values (?,?,?,?,?,?,?,?,?)
Hibernate: insert into beer (beer_name,beer_style,created_date,price,quantity_on_hand,upc,update_date,version,id) values (?,?,?,?,?,?,?,?,?)
Hibernate: insert into beer (beer_name,beer_style,created_date,price,quantity_on_hand,upc,update_date,version,id) values (?,?,?,?,?,?,?,?,?)
Hibernate: insert into beer (beer_name,beer_style,created_date,price,quantity_on_hand,upc,update_date,version,id) values (?,?,?,?,?,?,?,?,?)
Hibernate: insert into beer (beer_name,beer_style,created_date,price,quantity_on_hand,upc,update_date,version,id) values (?,?,?,?,?,?,?,?,?)
Hibernate: insert into beer (beer_name,beer_style,created_date,price,quantity_on_hand,upc,update_date,version,id) values (?,?,?,?,?,?,?,?,?)
Hibernate: insert into beer (beer_name,beer_style,created_date,price,quantity_on_hand,upc,update_date,version,id) values (?,?,?,?,?,?,?,?,?)
Hibernate: insert into beer (beer_name,beer_style,created_date,price,quantity_on_hand,upc,update_date,version,id) values (?,?,?,?,?,?,?,?,?)
Hibernate: insert into beer (beer_name,beer_style,created_date,price,quantity_on_hand,upc,update_date,version,id) values (?,?,?,?,?,?,?,?,?)
Hibernate: insert into beer (beer_name,beer_style,created_date,price,quantity_on_hand,upc,update_date,version,id) values (?,?,?,?,?,?,?,?,?)
Hibernate: insert into beer (beer_name,beer_style,created_date,price,quantity_on_hand,upc,update_date,version,id) values (?,?,?,?,?,?,?,?,?)
Hibernate: insert into beer (beer_name,beer_style,created_date,price,quantity_on_hand,upc,update_date,version,id) values (?,?,?,?,?,?,?,?,?)
Hibernate: insert into beer (beer_name,beer_style,created_date,price,quantity_on_hand,upc,update_date,version,id) values (?,?,?,?,?,?,?,?,?)
Hibernate: insert into beer (beer_name,beer_style,created_date,price,quantity_on_hand,upc,update_date,version,id) values (?,?,?,?,?,?,?,?,?)
Hibernate: insert into beer (beer_name,beer_style,created_date,price,quantity_on_hand,upc,update_date,version,id) values (?,?,?,?,?,?,?,?,?)
Hibernate: insert into beer (beer_name,beer_style,created_date,price,quantity_on_hand,upc,update_date,version,id) values (?,?,?,?,?,?,?,?,?)
Hibernate: insert into beer (beer_name,beer_style,created_date,price,quantity_on_hand,upc,update_date,version,id) values (?,?,?,?,?,?,?,?,?)
Hibernate: insert into beer (beer_name,beer_style,created_date,price,quantity_on_hand,upc,update_date,version,id) values (?,?,?,?,?,?,?,?,?)
Hibernate: insert into beer (beer_name,beer_style,created_date,price,quantity_on_hand,upc,update_date,version,id) values (?,?,?,?,?,?,?,?,?)
Hibernate: insert into beer (beer_name,beer_style,created_date,price,quantity_on_hand,upc,update_date,version,id) values (?,?,?,?,?,?,?,?,?)
Hibernate: insert into beer (beer_name,beer_style,created_date,price,quantity_on_hand,upc,update_date,version,id) values (?,?,?,?,?,?,?,?,?)
Hibernate: insert into beer (beer_name,beer_style,created_date,price,quantity_on_hand,upc,update_date,version,id) values (?,?,?,?,?,?,?,?,?)
Hibernate: insert into beer (beer_name,beer_style,created_date,price,quantity_on_hand,upc,update_date,version,id) values (?,?,?,?,?,?,?,?,?)
Hibernate: insert into beer (beer_name,beer_style,created_date,price,quantity_on_hand,upc,update_date,version,id) values (?,?,?,?,?,?,?,?,?)
Hibernate: insert into beer (beer_name,beer_style,created_date,price,quantity_on_hand,upc,update_date,version,id) values (?,?,?,?,?,?,?,?,?)
Hibernate: insert into beer (beer_name,beer_style,created_date,price,quantity_on_hand,upc,update_date,version,id) values (?,?,?,?,?,?,?,?,?)
Hibernate: insert into beer (beer_name,beer_style,created_date,price,quantity_on_hand,upc,update_date,version,id) values (?,?,?,?,?,?,?,?,?)
Hibernate: insert into beer (beer_name,beer_style,created_date,price,quantity_on_hand,upc,update_date,version,id) values (?,?,?,?,?,?,?,?,?)
Hibernate: insert into beer (beer_name,beer_style,created_date,price,quantity_on_hand,upc,update_date,version,id) values (?,?,?,?,?,?,?,?,?)
Hibernate: insert into beer (beer_name,beer_style,created_date,price,quantity_on_hand,upc,update_date,version,id) values (?,?,?,?,?,?,?,?,?)
Hibernate: insert into beer (beer_name,beer_style,created_date,price,quantity_on_hand,upc,update_date,version,id) values (?,?,?,?,?,?,?,?,?)
Hibernate: insert into beer (beer_name,beer_style,created_date,price,quantity_on_hand,upc,update_date,version,id) values (?,?,?,?,?,?,?,?,?)
Hibernate: insert into beer (beer_name,beer_style,created_date,price,quantity_on_hand,upc,update_date,version,id) values (?,?,?,?,?,?,?,?,?)
Hibernate: insert into beer (beer_name,beer_style,created_date,price,quantity_on_hand,upc,update_date,version,id) values (?,?,?,?,?,?,?,?,?)
Hibernate: insert into beer (beer_name,beer_style,created_date,price,quantity_on_hand,upc,update_date,version,id) values (?,?,?,?,?,?,?,?,?)
Hibernate: insert into beer (beer_name,beer_style,created_date,price,quantity_on_hand,upc,update_date,version,id) values (?,?,?,?,?,?,?,?,?)
Hibernate: insert into beer (beer_name,beer_style,created_date,price,quantity_on_hand,upc,update_date,version,id) values (?,?,?,?,?,?,?,?,?)
Hibernate: insert into beer (beer_name,beer_style,created_date,price,quantity_on_hand,upc,update_date,version,id) values (?,?,?,?,?,?,?,?,?)
Hibernate: insert into beer (beer_name,beer_style,created_date,price,quantity_on_hand,upc,update_date,version,id) values (?,?,?,?,?,?,?,?,?)
Hibernate: insert into beer (beer_name,beer_style,created_date,price,quantity_on_hand,upc,update_date,version,id) values (?,?,?,?,?,?,?,?,?)
Hibernate: insert into beer (beer_name,beer_style,created_date,price,quantity_on_hand,upc,update_date,version,id) values (?,?,?,?,?,?,?,?,?)
Hibernate: insert into beer (beer_name,beer_style,created_date,price,quantity_on_hand,upc,update_date,version,id) values (?,?,?,?,?,?,?,?,?)
Hibernate: insert into beer (beer_name,beer_style,created_date,price,quantity_on_hand,upc,update_date,version,id) values (?,?,?,?,?,?,?,?,?)
Hibernate: insert into beer (beer_name,beer_style,created_date,price,quantity_on_hand,upc,update_date,version,id) values (?,?,?,?,?,?,?,?,?)
Hibernate: insert into beer (beer_name,beer_style,created_date,price,quantity_on_hand,upc,update_date,version,id) values (?,?,?,?,?,?,?,?,?)
Hibernate: insert into beer (beer_name,beer_style,created_date,price,quantity_on_hand,upc,update_date,version,id) values (?,?,?,?,?,?,?,?,?)
Hibernate: insert into beer (beer_name,beer_style,created_date,price,quantity_on_hand,upc,update_date,version,id) values (?,?,?,?,?,?,?,?,?)
Hibernate: insert into beer (beer_name,beer_style,created_date,price,quantity_on_hand,upc,update_date,version,id) values (?,?,?,?,?,?,?,?,?)
Hibernate: insert into beer (beer_name,beer_style,created_date,price,quantity_on_hand,upc,update_date,version,id) values (?,?,?,?,?,?,?,?,?)
Hibernate: insert into beer (beer_name,beer_style,created_date,price,quantity_on_hand,upc,update_date,version,id) values (?,?,?,?,?,?,?,?,?)
Hibernate: insert into beer (beer_name,beer_style,created_date,price,quantity_on_hand,upc,update_date,version,id) values (?,?,?,?,?,?,?,?,?)
Hibernate: insert into beer (beer_name,beer_style,created_date,price,quantity_on_hand,upc,update_date,version,id) values (?,?,?,?,?,?,?,?,?)
Hibernate: insert into beer (beer_name,beer_style,created_date,price,quantity_on_hand,upc,update_date,version,id) values (?,?,?,?,?,?,?,?,?)
Hibernate: insert into beer (beer_name,beer_style,created_date,price,quantity_on_hand,upc,update_date,version,id) values (?,?,?,?,?,?,?,?,?)
Hibernate: insert into beer (beer_name,beer_style,created_date,price,quantity_on_hand,upc,update_date,version,id) values (?,?,?,?,?,?,?,?,?)
Hibernate: insert into beer (beer_name,beer_style,created_date,price,quantity_on_hand,upc,update_date,version,id) values (?,?,?,?,?,?,?,?,?)
Hibernate: insert into beer (beer_name,beer_style,created_date,price,quantity_on_hand,upc,update_date,version,id) values (?,?,?,?,?,?,?,?,?)
Hibernate: insert into beer (beer_name,beer_style,created_date,price,quantity_on_hand,upc,update_date,version,id) values (?,?,?,?,?,?,?,?,?)
Hibernate: insert into beer (beer_name,beer_style,created_date,price,quantity_on_hand,upc,update_date,version,id) values (?,?,?,?,?,?,?,?,?)
Hibernate: insert into beer (beer_name,beer_style,created_date,price,quantity_on_hand,upc,update_date,version,id) values (?,?,?,?,?,?,?,?,?)
Hibernate: insert into beer (beer_name,beer_style,created_date,price,quantity_on_hand,upc,update_date,version,id) values (?,?,?,?,?,?,?,?,?)
Hibernate: insert into beer (beer_name,beer_style,created_date,price,quantity_on_hand,upc,update_date,version,id) values (?,?,?,?,?,?,?,?,?)
Hibernate: insert into beer (beer_name,beer_style,created_date,price,quantity_on_hand,upc,update_date,version,id) values (?,?,?,?,?,?,?,?,?)
Hibernate: insert into beer (beer_name,beer_style,created_date,price,quantity_on_hand,upc,update_date,version,id) values (?,?,?,?,?,?,?,?,?)
Hibernate: insert into beer (beer_name,beer_style,created_date,price,quantity_on_hand,upc,update_date,version,id) values (?,?,?,?,?,?,?,?,?)
Hibernate: insert into beer (beer_name,beer_style,created_date,price,quantity_on_hand,upc,update_date,version,id) values (?,?,?,?,?,?,?,?,?)
Hibernate: insert into beer (beer_name,beer_style,created_date,price,quantity_on_hand,upc,update_date,version,id) values (?,?,?,?,?,?,?,?,?)
Hibernate: insert into beer (beer_name,beer_style,created_date,price,quantity_on_hand,upc,update_date,version,id) values (?,?,?,?,?,?,?,?,?)
Hibernate: insert into beer (beer_name,beer_style,created_date,price,quantity_on_hand,upc,update_date,version,id) values (?,?,?,?,?,?,?,?,?)
Hibernate: insert into beer (beer_name,beer_style,created_date,price,quantity_on_hand,upc,update_date,version,id) values (?,?,?,?,?,?,?,?,?)
Hibernate: insert into beer (beer_name,beer_style,created_date,price,quantity_on_hand,upc,update_date,version,id) values (?,?,?,?,?,?,?,?,?)
Hibernate: insert into beer (beer_name,beer_style,created_date,price,quantity_on_hand,upc,update_date,version,id) values (?,?,?,?,?,?,?,?,?)
Hibernate: insert into beer (beer_name,beer_style,created_date,price,quantity_on_hand,upc,update_date,version,id) values (?,?,?,?,?,?,?,?,?)
Hibernate: insert into beer (beer_name,beer_style,created_date,price,quantity_on_hand,upc,update_date,version,id) values (?,?,?,?,?,?,?,?,?)
Hibernate: insert into beer (beer_name,beer_style,created_date,price,quantity_on_hand,upc,update_date,version,id) values (?,?,?,?,?,?,?,?,?)
Hibernate: insert into beer (beer_name,beer_style,created_date,price,quantity_on_hand,upc,update_date,version,id) values (?,?,?,?,?,?,?,?,?)
Hibernate: insert into beer (beer_name,beer_style,created_date,price,quantity_on_hand,upc,update_date,version,id) values (?,?,?,?,?,?,?,?,?)
Hibernate: insert into beer (beer_name,beer_style,created_date,price,quantity_on_hand,upc,update_date,version,id) values (?,?,?,?,?,?,?,?,?)
Hibernate: insert into beer (beer_name,beer_style,created_date,price,quantity_on_hand,upc,update_date,version,id) values (?,?,?,?,?,?,?,?,?)
Hibernate: insert into beer (beer_name,beer_style,created_date,price,quantity_on_hand,upc,update_date,version,id) values (?,?,?,?,?,?,?,?,?)
Hibernate: insert into beer (beer_name,beer_style,created_date,price,quantity_on_hand,upc,update_date,version,id) values (?,?,?,?,?,?,?,?,?)
Hibernate: insert into beer (beer_name,beer_style,created_date,price,quantity_on_hand,upc,update_date,version,id) values (?,?,?,?,?,?,?,?,?)
Hibernate: insert into beer (beer_name,beer_style,created_date,price,quantity_on_hand,upc,update_date,version,id) values (?,?,?,?,?,?,?,?,?)
Hibernate: insert into beer (beer_name,beer_style,created_date,price,quantity_on_hand,upc,update_date,version,id) values (?,?,?,?,?,?,?,?,?)
Hibernate: insert into beer (beer_name,beer_style,created_date,price,quantity_on_hand,upc,update_date,version,id) values (?,?,?,?,?,?,?,?,?)
Hibernate: insert into beer (beer_name,beer_style,created_date,price,quantity_on_hand,upc,update_date,version,id) values (?,?,?,?,?,?,?,?,?)
Hibernate: insert into beer (beer_name,beer_style,created_date,price,quantity_on_hand,upc,update_date,version,id) values (?,?,?,?,?,?,?,?,?)
Hibernate: insert into beer (beer_name,beer_style,created_date,price,quantity_on_hand,upc,update_date,version,id) values (?,?,?,?,?,?,?,?,?)
Hibernate: insert into beer (beer_name,beer_style,created_date,price,quantity_on_hand,upc,update_date,version,id) values (?,?,?,?,?,?,?,?,?)
Hibernate: insert into beer (beer_name,beer_style,created_date,price,quantity_on_hand,upc,update_date,version,id) values (?,?,?,?,?,?,?,?,?)
Hibernate: insert into beer (beer_name,beer_style,created_date,price,quantity_on_hand,upc,update_date,version,id) values (?,?,?,?,?,?,?,?,?)
Hibernate: insert into beer (beer_name,beer_style,created_date,price,quantity_on_hand,upc,update_date,version,id) values (?,?,?,?,?,?,?,?,?)
Hibernate: insert into beer (beer_name,beer_style,created_date,price,quantity_on_hand,upc,update_date,version,id) values (?,?,?,?,?,?,?,?,?)
Hibernate: insert into beer (beer_name,beer_style,created_date,price,quantity_on_hand,upc,update_date,version,id) values (?,?,?,?,?,?,?,?,?)
Hibernate: insert into beer (beer_name,beer_style,created_date,price,quantity_on_hand,upc,update_date,version,id) values (?,?,?,?,?,?,?,?,?)
Hibernate: insert into beer (beer_name,beer_style,created_date,price,quantity_on_hand,upc,update_date,version,id) values (?,?,?,?,?,?,?,?,?)
Hibernate: insert into beer (beer_name,beer_style,created_date,price,quantity_on_hand,upc,update_date,version,id) values (?,?,?,?,?,?,?,?,?)
Hibernate: insert into beer (beer_name,beer_style,created_date,price,quantity_on_hand,upc,update_date,version,id) values (?,?,?,?,?,?,?,?,?)
Hibernate: insert into beer (beer_name,beer_style,created_date,price,quantity_on_hand,upc,update_date,version,id) values (?,?,?,?,?,?,?,?,?)
Hibernate: insert into beer (beer_name,beer_style,created_date,price,quantity_on_hand,upc,update_date,version,id) values (?,?,?,?,?,?,?,?,?)
Hibernate: insert into beer (beer_name,beer_style,created_date,price,quantity_on_hand,upc,update_date,version,id) values (?,?,?,?,?,?,?,?,?)
Hibernate: insert into beer (beer_name,beer_style,created_date,price,quantity_on_hand,upc,update_date,version,id) values (?,?,?,?,?,?,?,?,?)
Hibernate: insert into beer (beer_name,beer_style,created_date,price,quantity_on_hand,upc,update_date,version,id) values (?,?,?,?,?,?,?,?,?)
Hibernate: insert into beer (beer_name,beer_style,created_date,price,quantity_on_hand,upc,update_date,version,id) values (?,?,?,?,?,?,?,?,?)
Hibernate: insert into beer (beer_name,beer_style,created_date,price,quantity_on_hand,upc,update_date,version,id) values (?,?,?,?,?,?,?,?,?)
Hibernate: insert into beer (beer_name,beer_style,created_date,price,quantity_on_hand,upc,update_date,version,id) values (?,?,?,?,?,?,?,?,?)
Hibernate: insert into beer (beer_name,beer_style,created_date,price,quantity_on_hand,upc,update_date,version,id) values (?,?,?,?,?,?,?,?,?)
Hibernate: insert into beer (beer_name,beer_style,created_date,price,quantity_on_hand,upc,update_date,version,id) values (?,?,?,?,?,?,?,?,?)
Hibernate: insert into beer (beer_name,beer_style,created_date,price,quantity_on_hand,upc,update_date,version,id) values (?,?,?,?,?,?,?,?,?)
Hibernate: insert into beer (beer_name,beer_style,created_date,price,quantity_on_hand,upc,update_date,version,id) values (?,?,?,?,?,?,?,?,?)
Hibernate: insert into beer (beer_name,beer_style,created_date,price,quantity_on_hand,upc,update_date,version,id) values (?,?,?,?,?,?,?,?,?)
Hibernate: insert into beer (beer_name,beer_style,created_date,price,quantity_on_hand,upc,update_date,version,id) values (?,?,?,?,?,?,?,?,?)
Hibernate: insert into beer (beer_name,beer_style,created_date,price,quantity_on_hand,upc,update_date,version,id) values (?,?,?,?,?,?,?,?,?)
Hibernate: insert into beer (beer_name,beer_style,created_date,price,quantity_on_hand,upc,update_date,version,id) values (?,?,?,?,?,?,?,?,?)
Hibernate: insert into beer (beer_name,beer_style,created_date,price,quantity_on_hand,upc,update_date,version,id) values (?,?,?,?,?,?,?,?,?)
Hibernate: insert into beer (beer_name,beer_style,created_date,price,quantity_on_hand,upc,update_date,version,id) values (?,?,?,?,?,?,?,?,?)
Hibernate: insert into beer (beer_name,beer_style,created_date,price,quantity_on_hand,upc,update_date,version,id) values (?,?,?,?,?,?,?,?,?)
Hibernate: insert into beer (beer_name,beer_style,created_date,price,quantity_on_hand,upc,update_date,version,id) values (?,?,?,?,?,?,?,?,?)
Hibernate: insert into beer (beer_name,beer_style,created_date,price,quantity_on_hand,upc,update_date,version,id) values (?,?,?,?,?,?,?,?,?)
Hibernate: insert into beer (beer_name,beer_style,created_date,price,quantity_on_hand,upc,update_date,version,id) values (?,?,?,?,?,?,?,?,?)
Hibernate: insert into beer (beer_name,beer_style,created_date,price,quantity_on_hand,upc,update_date,version,id) values (?,?,?,?,?,?,?,?,?)
Hibernate: insert into beer (beer_name,beer_style,created_date,price,quantity_on_hand,upc,update_date,version,id) values (?,?,?,?,?,?,?,?,?)
Hibernate: insert into beer (beer_name,beer_style,created_date,price,quantity_on_hand,upc,update_date,version,id) values (?,?,?,?,?,?,?,?,?)
Hibernate: insert into beer (beer_name,beer_style,created_date,price,quantity_on_hand,upc,update_date,version,id) values (?,?,?,?,?,?,?,?,?)
Hibernate: insert into beer (beer_name,beer_style,created_date,price,quantity_on_hand,upc,update_date,version,id) values (?,?,?,?,?,?,?,?,?)
Hibernate: insert into beer (beer_name,beer_style,created_date,price,quantity_on_hand,upc,update_date,version,id) values (?,?,?,?,?,?,?,?,?)
Hibernate: insert into beer (beer_name,beer_style,created_date,price,quantity_on_hand,upc,update_date,version,id) values (?,?,?,?,?,?,?,?,?)
Hibernate: insert into beer (beer_name,beer_style,created_date,price,quantity_on_hand,upc,update_date,version,id) values (?,?,?,?,?,?,?,?,?)
Hibernate: insert into beer (beer_name,beer_style,created_date,price,quantity_on_hand,upc,update_date,version,id) values (?,?,?,?,?,?,?,?,?)
Hibernate: insert into beer (beer_name,beer_style,created_date,price,quantity_on_hand,upc,update_date,version,id) values (?,?,?,?,?,?,?,?,?)
Hibernate: insert into beer (beer_name,beer_style,created_date,price,quantity_on_hand,upc,update_date,version,id) values (?,?,?,?,?,?,?,?,?)
Hibernate: insert into beer (beer_name,beer_style,created_date,price,quantity_on_hand,upc,update_date,version,id) values (?,?,?,?,?,?,?,?,?)
Hibernate: insert into beer (beer_name,beer_style,created_date,price,quantity_on_hand,upc,update_date,version,id) values (?,?,?,?,?,?,?,?,?)
Hibernate: insert into beer (beer_name,beer_style,created_date,price,quantity_on_hand,upc,update_date,version,id) values (?,?,?,?,?,?,?,?,?)
Hibernate: insert into beer (beer_name,beer_style,created_date,price,quantity_on_hand,upc,update_date,version,id) values (?,?,?,?,?,?,?,?,?)
Hibernate: insert into beer (beer_name,beer_style,created_date,price,quantity_on_hand,upc,update_date,version,id) values (?,?,?,?,?,?,?,?,?)
Hibernate: insert into beer (beer_name,beer_style,created_date,price,quantity_on_hand,upc,update_date,version,id) values (?,?,?,?,?,?,?,?,?)
Hibernate: insert into beer (beer_name,beer_style,created_date,price,quantity_on_hand,upc,update_date,version,id) values (?,?,?,?,?,?,?,?,?)
Hibernate: insert into beer (beer_name,beer_style,created_date,price,quantity_on_hand,upc,update_date,version,id) values (?,?,?,?,?,?,?,?,?)
Hibernate: insert into beer (beer_name,beer_style,created_date,price,quantity_on_hand,upc,update_date,version,id) values (?,?,?,?,?,?,?,?,?)
Hibernate: insert into beer (beer_name,beer_style,created_date,price,quantity_on_hand,upc,update_date,version,id) values (?,?,?,?,?,?,?,?,?)
Hibernate: insert into beer (beer_name,beer_style,created_date,price,quantity_on_hand,upc,update_date,version,id) values (?,?,?,?,?,?,?,?,?)
Hibernate: insert into beer (beer_name,beer_style,created_date,price,quantity_on_hand,upc,update_date,version,id) values (?,?,?,?,?,?,?,?,?)
Hibernate: insert into beer (beer_name,beer_style,created_date,price,quantity_on_hand,upc,update_date,version,id) values (?,?,?,?,?,?,?,?,?)
Hibernate: insert into beer (beer_name,beer_style,created_date,price,quantity_on_hand,upc,update_date,version,id) values (?,?,?,?,?,?,?,?,?)
Hibernate: insert into beer (beer_name,beer_style,created_date,price,quantity_on_hand,upc,update_date,version,id) values (?,?,?,?,?,?,?,?,?)
Hibernate: insert into beer (beer_name,beer_style,created_date,price,quantity_on_hand,upc,update_date,version,id) values (?,?,?,?,?,?,?,?,?)
Hibernate: insert into beer (beer_name,beer_style,created_date,price,quantity_on_hand,upc,update_date,version,id) values (?,?,?,?,?,?,?,?,?)
Hibernate: insert into beer (beer_name,beer_style,created_date,price,quantity_on_hand,upc,update_date,version,id) values (?,?,?,?,?,?,?,?,?)
Hibernate: insert into beer (beer_name,beer_style,created_date,price,quantity_on_hand,upc,update_date,version,id) values (?,?,?,?,?,?,?,?,?)
Hibernate: insert into beer (beer_name,beer_style,created_date,price,quantity_on_hand,upc,update_date,version,id) values (?,?,?,?,?,?,?,?,?)
Hibernate: insert into beer (beer_name,beer_style,created_date,price,quantity_on_hand,upc,update_date,version,id) values (?,?,?,?,?,?,?,?,?)
Hibernate: insert into beer (beer_name,beer_style,created_date,price,quantity_on_hand,upc,update_date,version,id) values (?,?,?,?,?,?,?,?,?)
Hibernate: insert into beer (beer_name,beer_style,created_date,price,quantity_on_hand,upc,update_date,version,id) values (?,?,?,?,?,?,?,?,?)
Hibernate: insert into beer (beer_name,beer_style,created_date,price,quantity_on_hand,upc,update_date,version,id) values (?,?,?,?,?,?,?,?,?)
Hibernate: insert into beer (beer_name,beer_style,created_date,price,quantity_on_hand,upc,update_date,version,id) values (?,?,?,?,?,?,?,?,?)
Hibernate: insert into beer (beer_name,beer_style,created_date,price,quantity_on_hand,upc,update_date,version,id) values (?,?,?,?,?,?,?,?,?)
Hibernate: insert into beer (beer_name,beer_style,created_date,price,quantity_on_hand,upc,update_date,version,id) values (?,?,?,?,?,?,?,?,?)
Hibernate: insert into beer (beer_name,beer_style,created_date,price,quantity_on_hand,upc,update_date,version,id) values (?,?,?,?,?,?,?,?,?)
Hibernate: insert into beer (beer_name,beer_style,created_date,price,quantity_on_hand,upc,update_date,version,id) values (?,?,?,?,?,?,?,?,?)
Hibernate: insert into beer (beer_name,beer_style,created_date,price,quantity_on_hand,upc,update_date,version,id) values (?,?,?,?,?,?,?,?,?)
Hibernate: insert into beer (beer_name,beer_style,created_date,price,quantity_on_hand,upc,update_date,version,id) values (?,?,?,?,?,?,?,?,?)
Hibernate: insert into beer (beer_name,beer_style,created_date,price,quantity_on_hand,upc,update_date,version,id) values (?,?,?,?,?,?,?,?,?)
Hibernate: insert into beer (beer_name,beer_style,created_date,price,quantity_on_hand,upc,update_date,version,id) values (?,?,?,?,?,?,?,?,?)
Hibernate: insert into beer (beer_name,beer_style,created_date,price,quantity_on_hand,upc,update_date,version,id) values (?,?,?,?,?,?,?,?,?)
Hibernate: insert into beer (beer_name,beer_style,created_date,price,quantity_on_hand,upc,update_date,version,id) values (?,?,?,?,?,?,?,?,?)
Hibernate: insert into beer (beer_name,beer_style,created_date,price,quantity_on_hand,upc,update_date,version,id) values (?,?,?,?,?,?,?,?,?)
Hibernate: insert into beer (beer_name,beer_style,created_date,price,quantity_on_hand,upc,update_date,version,id) values (?,?,?,?,?,?,?,?,?)
Hibernate: insert into beer (beer_name,beer_style,created_date,price,quantity_on_hand,upc,update_date,version,id) values (?,?,?,?,?,?,?,?,?)
Hibernate: insert into beer (beer_name,beer_style,created_date,price,quantity_on_hand,upc,update_date,version,id) values (?,?,?,?,?,?,?,?,?)
Hibernate: insert into beer (beer_name,beer_style,created_date,price,quantity_on_hand,upc,update_date,version,id) values (?,?,?,?,?,?,?,?,?)
Hibernate: insert into beer (beer_name,beer_style,created_date,price,quantity_on_hand,upc,update_date,version,id) values (?,?,?,?,?,?,?,?,?)
Hibernate: insert into beer (beer_name,beer_style,created_date,price,quantity_on_hand,upc,update_date,version,id) values (?,?,?,?,?,?,?,?,?)
Hibernate: insert into beer (beer_name,beer_style,created_date,price,quantity_on_hand,upc,update_date,version,id) values (?,?,?,?,?,?,?,?,?)
Hibernate: insert into beer (beer_name,beer_style,created_date,price,quantity_on_hand,upc,update_date,version,id) values (?,?,?,?,?,?,?,?,?)
Hibernate: insert into beer (beer_name,beer_style,created_date,price,quantity_on_hand,upc,update_date,version,id) values (?,?,?,?,?,?,?,?,?)
Hibernate: insert into beer (beer_name,beer_style,created_date,price,quantity_on_hand,upc,update_date,version,id) values (?,?,?,?,?,?,?,?,?)
Hibernate: insert into beer (beer_name,beer_style,created_date,price,quantity_on_hand,upc,update_date,version,id) values (?,?,?,?,?,?,?,?,?)
Hibernate: insert into beer (beer_name,beer_style,created_date,price,quantity_on_hand,upc,update_date,version,id) values (?,?,?,?,?,?,?,?,?)
Hibernate: insert into beer (beer_name,beer_style,created_date,price,quantity_on_hand,upc,update_date,version,id) values (?,?,?,?,?,?,?,?,?)
Hibernate: insert into beer (beer_name,beer_style,created_date,price,quantity_on_hand,upc,update_date,version,id) values (?,?,?,?,?,?,?,?,?)
Hibernate: insert into beer (beer_name,beer_style,created_date,price,quantity_on_hand,upc,update_date,version,id) values (?,?,?,?,?,?,?,?,?)
Hibernate: insert into beer (beer_name,beer_style,created_date,price,quantity_on_hand,upc,update_date,version,id) values (?,?,?,?,?,?,?,?,?)
Hibernate: insert into beer (beer_name,beer_style,created_date,price,quantity_on_hand,upc,update_date,version,id) values (?,?,?,?,?,?,?,?,?)
Hibernate: insert into beer (beer_name,beer_style,created_date,price,quantity_on_hand,upc,update_date,version,id) values (?,?,?,?,?,?,?,?,?)
Hibernate: insert into beer (beer_name,beer_style,created_date,price,quantity_on_hand,upc,update_date,version,id) values (?,?,?,?,?,?,?,?,?)
Hibernate: insert into beer (beer_name,beer_style,created_date,price,quantity_on_hand,upc,update_date,version,id) values (?,?,?,?,?,?,?,?,?)
Hibernate: insert into beer (beer_name,beer_style,created_date,price,quantity_on_hand,upc,update_date,version,id) values (?,?,?,?,?,?,?,?,?)
Hibernate: insert into beer (beer_name,beer_style,created_date,price,quantity_on_hand,upc,update_date,version,id) values (?,?,?,?,?,?,?,?,?)
Hibernate: insert into beer (beer_name,beer_style,created_date,price,quantity_on_hand,upc,update_date,version,id) values (?,?,?,?,?,?,?,?,?)
Hibernate: insert into beer (beer_name,beer_style,created_date,price,quantity_on_hand,upc,update_date,version,id) values (?,?,?,?,?,?,?,?,?)
Hibernate: insert into beer (beer_name,beer_style,created_date,price,quantity_on_hand,upc,update_date,version,id) values (?,?,?,?,?,?,?,?,?)
Hibernate: insert into beer (beer_name,beer_style,created_date,price,quantity_on_hand,upc,update_date,version,id) values (?,?,?,?,?,?,?,?,?)
Hibernate: insert into beer (beer_name,beer_style,created_date,price,quantity_on_hand,upc,update_date,version,id) values (?,?,?,?,?,?,?,?,?)
Hibernate: insert into beer (beer_name,beer_style,created_date,price,quantity_on_hand,upc,update_date,version,id) values (?,?,?,?,?,?,?,?,?)
Hibernate: insert into beer (beer_name,beer_style,created_date,price,quantity_on_hand,upc,update_date,version,id) values (?,?,?,?,?,?,?,?,?)
Hibernate: insert into beer (beer_name,beer_style,created_date,price,quantity_on_hand,upc,update_date,version,id) values (?,?,?,?,?,?,?,?,?)
Hibernate: insert into beer (beer_name,beer_style,created_date,price,quantity_on_hand,upc,update_date,version,id) values (?,?,?,?,?,?,?,?,?)
Hibernate: insert into beer (beer_name,beer_style,created_date,price,quantity_on_hand,upc,update_date,version,id) values (?,?,?,?,?,?,?,?,?)
Hibernate: insert into beer (beer_name,beer_style,created_date,price,quantity_on_hand,upc,update_date,version,id) values (?,?,?,?,?,?,?,?,?)
Hibernate: insert into beer (beer_name,beer_style,created_date,price,quantity_on_hand,upc,update_date,version,id) values (?,?,?,?,?,?,?,?,?)
Hibernate: insert into beer (beer_name,beer_style,created_date,price,quantity_on_hand,upc,update_date,version,id) values (?,?,?,?,?,?,?,?,?)
Hibernate: insert into beer (beer_name,beer_style,created_date,price,quantity_on_hand,upc,update_date,version,id) values (?,?,?,?,?,?,?,?,?)
Hibernate: insert into beer (beer_name,beer_style,created_date,price,quantity_on_hand,upc,update_date,version,id) values (?,?,?,?,?,?,?,?,?)
Hibernate: insert into beer (beer_name,beer_style,created_date,price,quantity_on_hand,upc,update_date,version,id) values (?,?,?,?,?,?,?,?,?)
Hibernate: insert into beer (beer_name,beer_style,created_date,price,quantity_on_hand,upc,update_date,version,id) values (?,?,?,?,?,?,?,?,?)
Hibernate: insert into beer (beer_name,beer_style,created_date,price,quantity_on_hand,upc,update_date,version,id) values (?,?,?,?,?,?,?,?,?)
Hibernate: insert into beer (beer_name,beer_style,created_date,price,quantity_on_hand,upc,update_date,version,id) values (?,?,?,?,?,?,?,?,?)
Hibernate: insert into beer (beer_name,beer_style,created_date,price,quantity_on_hand,upc,update_date,version,id) values (?,?,?,?,?,?,?,?,?)
Hibernate: insert into beer (beer_name,beer_style,created_date,price,quantity_on_hand,upc,update_date,version,id) values (?,?,?,?,?,?,?,?,?)
Hibernate: insert into beer (beer_name,beer_style,created_date,price,quantity_on_hand,upc,update_date,version,id) values (?,?,?,?,?,?,?,?,?)
Hibernate: insert into beer (beer_name,beer_style,created_date,price,quantity_on_hand,upc,update_date,version,id) values (?,?,?,?,?,?,?,?,?)
Hibernate: insert into beer (beer_name,beer_style,created_date,price,quantity_on_hand,upc,update_date,version,id) values (?,?,?,?,?,?,?,?,?)
Hibernate: insert into beer (beer_name,beer_style,created_date,price,quantity_on_hand,upc,update_date,version,id) values (?,?,?,?,?,?,?,?,?)
Hibernate: insert into beer (beer_name,beer_style,created_date,price,quantity_on_hand,upc,update_date,version,id) values (?,?,?,?,?,?,?,?,?)
Hibernate: insert into beer (beer_name,beer_style,created_date,price,quantity_on_hand,upc,update_date,version,id) values (?,?,?,?,?,?,?,?,?)
Hibernate: insert into beer (beer_name,beer_style,created_date,price,quantity_on_hand,upc,update_date,version,id) values (?,?,?,?,?,?,?,?,?)
Hibernate: insert into beer (beer_name,beer_style,created_date,price,quantity_on_hand,upc,update_date,version,id) values (?,?,?,?,?,?,?,?,?)
Hibernate: insert into beer (beer_name,beer_style,created_date,price,quantity_on_hand,upc,update_date,version,id) values (?,?,?,?,?,?,?,?,?)
Hibernate: insert into beer (beer_name,beer_style,created_date,price,quantity_on_hand,upc,update_date,version,id) values (?,?,?,?,?,?,?,?,?)
Hibernate: insert into beer (beer_name,beer_style,created_date,price,quantity_on_hand,upc,update_date,version,id) values (?,?,?,?,?,?,?,?,?)
Hibernate: insert into beer (beer_name,beer_style,created_date,price,quantity_on_hand,upc,update_date,version,id) values (?,?,?,?,?,?,?,?,?)
Hibernate: insert into beer (beer_name,beer_style,created_date,price,quantity_on_hand,upc,update_date,version,id) values (?,?,?,?,?,?,?,?,?)
Hibernate: insert into beer (beer_name,beer_style,created_date,price,quantity_on_hand,upc,update_date,version,id) values (?,?,?,?,?,?,?,?,?)
Hibernate: insert into beer (beer_name,beer_style,created_date,price,quantity_on_hand,upc,update_date,version,id) values (?,?,?,?,?,?,?,?,?)
Hibernate: insert into beer (beer_name,beer_style,created_date,price,quantity_on_hand,upc,update_date,version,id) values (?,?,?,?,?,?,?,?,?)
Hibernate: insert into beer (beer_name,beer_style,created_date,price,quantity_on_hand,upc,update_date,version,id) values (?,?,?,?,?,?,?,?,?)
Hibernate: insert into beer (beer_name,beer_style,created_date,price,quantity_on_hand,upc,update_date,version,id) values (?,?,?,?,?,?,?,?,?)
Hibernate: insert into beer (beer_name,beer_style,created_date,price,quantity_on_hand,upc,update_date,version,id) values (?,?,?,?,?,?,?,?,?)
Hibernate: insert into beer (beer_name,beer_style,created_date,price,quantity_on_hand,upc,update_date,version,id) values (?,?,?,?,?,?,?,?,?)
Hibernate: insert into beer (beer_name,beer_style,created_date,price,quantity_on_hand,upc,update_date,version,id) values (?,?,?,?,?,?,?,?,?)
Hibernate: insert into beer (beer_name,beer_style,created_date,price,quantity_on_hand,upc,update_date,version,id) values (?,?,?,?,?,?,?,?,?)
Hibernate: insert into beer (beer_name,beer_style,created_date,price,quantity_on_hand,upc,update_date,version,id) values (?,?,?,?,?,?,?,?,?)
Hibernate: insert into beer (beer_name,beer_style,created_date,price,quantity_on_hand,upc,update_date,version,id) values (?,?,?,?,?,?,?,?,?)
Hibernate: insert into beer (beer_name,beer_style,created_date,price,quantity_on_hand,upc,update_date,version,id) values (?,?,?,?,?,?,?,?,?)
Hibernate: insert into beer (beer_name,beer_style,created_date,price,quantity_on_hand,upc,update_date,version,id) values (?,?,?,?,?,?,?,?,?)
Hibernate: insert into beer (beer_name,beer_style,created_date,price,quantity_on_hand,upc,update_date,version,id) values (?,?,?,?,?,?,?,?,?)
Hibernate: insert into beer (beer_name,beer_style,created_date,price,quantity_on_hand,upc,update_date,version,id) values (?,?,?,?,?,?,?,?,?)
Hibernate: insert into beer (beer_name,beer_style,created_date,price,quantity_on_hand,upc,update_date,version,id) values (?,?,?,?,?,?,?,?,?)
Hibernate: insert into beer (beer_name,beer_style,created_date,price,quantity_on_hand,upc,update_date,version,id) values (?,?,?,?,?,?,?,?,?)
Hibernate: insert into beer (beer_name,beer_style,created_date,price,quantity_on_hand,upc,update_date,version,id) values (?,?,?,?,?,?,?,?,?)
Hibernate: insert into beer (beer_name,beer_style,created_date,price,quantity_on_hand,upc,update_date,version,id) values (?,?,?,?,?,?,?,?,?)
Hibernate: insert into beer (beer_name,beer_style,created_date,price,quantity_on_hand,upc,update_date,version,id) values (?,?,?,?,?,?,?,?,?)
Hibernate: insert into beer (beer_name,beer_style,created_date,price,quantity_on_hand,upc,update_date,version,id) values (?,?,?,?,?,?,?,?,?)
Hibernate: insert into beer (beer_name,beer_style,created_date,price,quantity_on_hand,upc,update_date,version,id) values (?,?,?,?,?,?,?,?,?)
Hibernate: insert into beer (beer_name,beer_style,created_date,price,quantity_on_hand,upc,update_date,version,id) values (?,?,?,?,?,?,?,?,?)
Hibernate: insert into beer (beer_name,beer_style,created_date,price,quantity_on_hand,upc,update_date,version,id) values (?,?,?,?,?,?,?,?,?)
Hibernate: insert into beer (beer_name,beer_style,created_date,price,quantity_on_hand,upc,update_date,version,id) values (?,?,?,?,?,?,?,?,?)
Hibernate: insert into beer (beer_name,beer_style,created_date,price,quantity_on_hand,upc,update_date,version,id) values (?,?,?,?,?,?,?,?,?)
Hibernate: insert into beer (beer_name,beer_style,created_date,price,quantity_on_hand,upc,update_date,version,id) values (?,?,?,?,?,?,?,?,?)
Hibernate: insert into beer (beer_name,beer_style,created_date,price,quantity_on_hand,upc,update_date,version,id) values (?,?,?,?,?,?,?,?,?)
Hibernate: insert into beer (beer_name,beer_style,created_date,price,quantity_on_hand,upc,update_date,version,id) values (?,?,?,?,?,?,?,?,?)
Hibernate: insert into beer (beer_name,beer_style,created_date,price,quantity_on_hand,upc,update_date,version,id) values (?,?,?,?,?,?,?,?,?)
Hibernate: insert into beer (beer_name,beer_style,created_date,price,quantity_on_hand,upc,update_date,version,id) values (?,?,?,?,?,?,?,?,?)
Hibernate: insert into beer (beer_name,beer_style,created_date,price,quantity_on_hand,upc,update_date,version,id) values (?,?,?,?,?,?,?,?,?)
Hibernate: insert into beer (beer_name,beer_style,created_date,price,quantity_on_hand,upc,update_date,version,id) values (?,?,?,?,?,?,?,?,?)
Hibernate: insert into beer (beer_name,beer_style,created_date,price,quantity_on_hand,upc,update_date,version,id) values (?,?,?,?,?,?,?,?,?)
Hibernate: insert into beer (beer_name,beer_style,created_date,price,quantity_on_hand,upc,update_date,version,id) values (?,?,?,?,?,?,?,?,?)
Hibernate: insert into beer (beer_name,beer_style,created_date,price,quantity_on_hand,upc,update_date,version,id) values (?,?,?,?,?,?,?,?,?)
Hibernate: insert into beer (beer_name,beer_style,created_date,price,quantity_on_hand,upc,update_date,version,id) values (?,?,?,?,?,?,?,?,?)
Hibernate: insert into beer (beer_name,beer_style,created_date,price,quantity_on_hand,upc,update_date,version,id) values (?,?,?,?,?,?,?,?,?)
Hibernate: insert into beer (beer_name,beer_style,created_date,price,quantity_on_hand,upc,update_date,version,id) values (?,?,?,?,?,?,?,?,?)
Hibernate: insert into beer (beer_name,beer_style,created_date,price,quantity_on_hand,upc,update_date,version,id) values (?,?,?,?,?,?,?,?,?)
Hibernate: insert into beer (beer_name,beer_style,created_date,price,quantity_on_hand,upc,update_date,version,id) values (?,?,?,?,?,?,?,?,?)
Hibernate: insert into beer (beer_name,beer_style,created_date,price,quantity_on_hand,upc,update_date,version,id) values (?,?,?,?,?,?,?,?,?)
Hibernate: insert into beer (beer_name,beer_style,created_date,price,quantity_on_hand,upc,update_date,version,id) values (?,?,?,?,?,?,?,?,?)
Hibernate: insert into beer (beer_name,beer_style,created_date,price,quantity_on_hand,upc,update_date,version,id) values (?,?,?,?,?,?,?,?,?)
Hibernate: insert into beer (beer_name,beer_style,created_date,price,quantity_on_hand,upc,update_date,version,id) values (?,?,?,?,?,?,?,?,?)
Hibernate: insert into beer (beer_name,beer_style,created_date,price,quantity_on_hand,upc,update_date,version,id) values (?,?,?,?,?,?,?,?,?)
Hibernate: insert into beer (beer_name,beer_style,created_date,price,quantity_on_hand,upc,update_date,version,id) values (?,?,?,?,?,?,?,?,?)
Hibernate: insert into beer (beer_name,beer_style,created_date,price,quantity_on_hand,upc,update_date,version,id) values (?,?,?,?,?,?,?,?,?)
Hibernate: insert into beer (beer_name,beer_style,created_date,price,quantity_on_hand,upc,update_date,version,id) values (?,?,?,?,?,?,?,?,?)
Hibernate: insert into beer (beer_name,beer_style,created_date,price,quantity_on_hand,upc,update_date,version,id) values (?,?,?,?,?,?,?,?,?)
Hibernate: insert into beer (beer_name,beer_style,created_date,price,quantity_on_hand,upc,update_date,version,id) values (?,?,?,?,?,?,?,?,?)
Hibernate: insert into beer (beer_name,beer_style,created_date,price,quantity_on_hand,upc,update_date,version,id) values (?,?,?,?,?,?,?,?,?)
Hibernate: insert into beer (beer_name,beer_style,created_date,price,quantity_on_hand,upc,update_date,version,id) values (?,?,?,?,?,?,?,?,?)
Hibernate: insert into beer (beer_name,beer_style,created_date,price,quantity_on_hand,upc,update_date,version,id) values (?,?,?,?,?,?,?,?,?)
Hibernate: insert into beer (beer_name,beer_style,created_date,price,quantity_on_hand,upc,update_date,version,id) values (?,?,?,?,?,?,?,?,?)
Hibernate: insert into beer (beer_name,beer_style,created_date,price,quantity_on_hand,upc,update_date,version,id) values (?,?,?,?,?,?,?,?,?)
Hibernate: insert into beer (beer_name,beer_style,created_date,price,quantity_on_hand,upc,update_date,version,id) values (?,?,?,?,?,?,?,?,?)
Hibernate: insert into beer (beer_name,beer_style,created_date,price,quantity_on_hand,upc,update_date,version,id) values (?,?,?,?,?,?,?,?,?)
Hibernate: insert into beer (beer_name,beer_style,created_date,price,quantity_on_hand,upc,update_date,version,id) values (?,?,?,?,?,?,?,?,?)
Hibernate: insert into beer (beer_name,beer_style,created_date,price,quantity_on_hand,upc,update_date,version,id) values (?,?,?,?,?,?,?,?,?)
Hibernate: insert into beer (beer_name,beer_style,created_date,price,quantity_on_hand,upc,update_date,version,id) values (?,?,?,?,?,?,?,?,?)
Hibernate: insert into beer (beer_name,beer_style,created_date,price,quantity_on_hand,upc,update_date,version,id) values (?,?,?,?,?,?,?,?,?)
Hibernate: insert into beer (beer_name,beer_style,created_date,price,quantity_on_hand,upc,update_date,version,id) values (?,?,?,?,?,?,?,?,?)
Hibernate: insert into beer (beer_name,beer_style,created_date,price,quantity_on_hand,upc,update_date,version,id) values (?,?,?,?,?,?,?,?,?)
Hibernate: insert into beer (beer_name,beer_style,created_date,price,quantity_on_hand,upc,update_date,version,id) values (?,?,?,?,?,?,?,?,?)
Hibernate: insert into beer (beer_name,beer_style,created_date,price,quantity_on_hand,upc,update_date,version,id) values (?,?,?,?,?,?,?,?,?)
Hibernate: insert into beer (beer_name,beer_style,created_date,price,quantity_on_hand,upc,update_date,version,id) values (?,?,?,?,?,?,?,?,?)
Hibernate: insert into beer (beer_name,beer_style,created_date,price,quantity_on_hand,upc,update_date,version,id) values (?,?,?,?,?,?,?,?,?)
Hibernate: insert into beer (beer_name,beer_style,created_date,price,quantity_on_hand,upc,update_date,version,id) values (?,?,?,?,?,?,?,?,?)
Hibernate: insert into beer (beer_name,beer_style,created_date,price,quantity_on_hand,upc,update_date,version,id) values (?,?,?,?,?,?,?,?,?)
Hibernate: insert into beer (beer_name,beer_style,created_date,price,quantity_on_hand,upc,update_date,version,id) values (?,?,?,?,?,?,?,?,?)
Hibernate: insert into beer (beer_name,beer_style,created_date,price,quantity_on_hand,upc,update_date,version,id) values (?,?,?,?,?,?,?,?,?)
Hibernate: insert into beer (beer_name,beer_style,created_date,price,quantity_on_hand,upc,update_date,version,id) values (?,?,?,?,?,?,?,?,?)
Hibernate: insert into beer (beer_name,beer_style,created_date,price,quantity_on_hand,upc,update_date,version,id) values (?,?,?,?,?,?,?,?,?)
Hibernate: insert into beer (beer_name,beer_style,created_date,price,quantity_on_hand,upc,update_date,version,id) values (?,?,?,?,?,?,?,?,?)
Hibernate: insert into beer (beer_name,beer_style,created_date,price,quantity_on_hand,upc,update_date,version,id) values (?,?,?,?,?,?,?,?,?)
Hibernate: insert into beer (beer_name,beer_style,created_date,price,quantity_on_hand,upc,update_date,version,id) values (?,?,?,?,?,?,?,?,?)
Hibernate: insert into beer (beer_name,beer_style,created_date,price,quantity_on_hand,upc,update_date,version,id) values (?,?,?,?,?,?,?,?,?)
Hibernate: insert into beer (beer_name,beer_style,created_date,price,quantity_on_hand,upc,update_date,version,id) values (?,?,?,?,?,?,?,?,?)
Hibernate: insert into beer (beer_name,beer_style,created_date,price,quantity_on_hand,upc,update_date,version,id) values (?,?,?,?,?,?,?,?,?)
Hibernate: insert into beer (beer_name,beer_style,created_date,price,quantity_on_hand,upc,update_date,version,id) values (?,?,?,?,?,?,?,?,?)
Hibernate: insert into beer (beer_name,beer_style,created_date,price,quantity_on_hand,upc,update_date,version,id) values (?,?,?,?,?,?,?,?,?)
Hibernate: insert into beer (beer_name,beer_style,created_date,price,quantity_on_hand,upc,update_date,version,id) values (?,?,?,?,?,?,?,?,?)
Hibernate: insert into beer (beer_name,beer_style,created_date,price,quantity_on_hand,upc,update_date,version,id) values (?,?,?,?,?,?,?,?,?)
Hibernate: insert into beer (beer_name,beer_style,created_date,price,quantity_on_hand,upc,update_date,version,id) values (?,?,?,?,?,?,?,?,?)
Hibernate: insert into beer (beer_name,beer_style,created_date,price,quantity_on_hand,upc,update_date,version,id) values (?,?,?,?,?,?,?,?,?)
Hibernate: insert into beer (beer_name,beer_style,created_date,price,quantity_on_hand,upc,update_date,version,id) values (?,?,?,?,?,?,?,?,?)
Hibernate: insert into beer (beer_name,beer_style,created_date,price,quantity_on_hand,upc,update_date,version,id) values (?,?,?,?,?,?,?,?,?)
Hibernate: insert into beer (beer_name,beer_style,created_date,price,quantity_on_hand,upc,update_date,version,id) values (?,?,?,?,?,?,?,?,?)
Hibernate: insert into beer (beer_name,beer_style,created_date,price,quantity_on_hand,upc,update_date,version,id) values (?,?,?,?,?,?,?,?,?)
Hibernate: insert into beer (beer_name,beer_style,created_date,price,quantity_on_hand,upc,update_date,version,id) values (?,?,?,?,?,?,?,?,?)
Hibernate: insert into beer (beer_name,beer_style,created_date,price,quantity_on_hand,upc,update_date,version,id) values (?,?,?,?,?,?,?,?,?)
Hibernate: insert into beer (beer_name,beer_style,created_date,price,quantity_on_hand,upc,update_date,version,id) values (?,?,?,?,?,?,?,?,?)
Hibernate: insert into beer (beer_name,beer_style,created_date,price,quantity_on_hand,upc,update_date,version,id) values (?,?,?,?,?,?,?,?,?)
Hibernate: insert into beer (beer_name,beer_style,created_date,price,quantity_on_hand,upc,update_date,version,id) values (?,?,?,?,?,?,?,?,?)
Hibernate: insert into beer (beer_name,beer_style,created_date,price,quantity_on_hand,upc,update_date,version,id) values (?,?,?,?,?,?,?,?,?)
Hibernate: insert into beer (beer_name,beer_style,created_date,price,quantity_on_hand,upc,update_date,version,id) values (?,?,?,?,?,?,?,?,?)
Hibernate: insert into beer (beer_name,beer_style,created_date,price,quantity_on_hand,upc,update_date,version,id) values (?,?,?,?,?,?,?,?,?)
Hibernate: insert into beer (beer_name,beer_style,created_date,price,quantity_on_hand,upc,update_date,version,id) values (?,?,?,?,?,?,?,?,?)
Hibernate: insert into beer (beer_name,beer_style,created_date,price,quantity_on_hand,upc,update_date,version,id) values (?,?,?,?,?,?,?,?,?)
Hibernate: insert into beer (beer_name,beer_style,created_date,price,quantity_on_hand,upc,update_date,version,id) values (?,?,?,?,?,?,?,?,?)
Hibernate: insert into beer (beer_name,beer_style,created_date,price,quantity_on_hand,upc,update_date,version,id) values (?,?,?,?,?,?,?,?,?)
Hibernate: insert into beer (beer_name,beer_style,created_date,price,quantity_on_hand,upc,update_date,version,id) values (?,?,?,?,?,?,?,?,?)
Hibernate: insert into beer (beer_name,beer_style,created_date,price,quantity_on_hand,upc,update_date,version,id) values (?,?,?,?,?,?,?,?,?)
Hibernate: insert into beer (beer_name,beer_style,created_date,price,quantity_on_hand,upc,update_date,version,id) values (?,?,?,?,?,?,?,?,?)
Hibernate: insert into beer (beer_name,beer_style,created_date,price,quantity_on_hand,upc,update_date,version,id) values (?,?,?,?,?,?,?,?,?)
Hibernate: insert into beer (beer_name,beer_style,created_date,price,quantity_on_hand,upc,update_date,version,id) values (?,?,?,?,?,?,?,?,?)
Hibernate: insert into beer (beer_name,beer_style,created_date,price,quantity_on_hand,upc,update_date,version,id) values (?,?,?,?,?,?,?,?,?)
Hibernate: insert into beer (beer_name,beer_style,created_date,price,quantity_on_hand,upc,update_date,version,id) values (?,?,?,?,?,?,?,?,?)
Hibernate: insert into beer (beer_name,beer_style,created_date,price,quantity_on_hand,upc,update_date,version,id) values (?,?,?,?,?,?,?,?,?)
Hibernate: insert into beer (beer_name,beer_style,created_date,price,quantity_on_hand,upc,update_date,version,id) values (?,?,?,?,?,?,?,?,?)
Hibernate: insert into beer (beer_name,beer_style,created_date,price,quantity_on_hand,upc,update_date,version,id) values (?,?,?,?,?,?,?,?,?)
Hibernate: insert into beer (beer_name,beer_style,created_date,price,quantity_on_hand,upc,update_date,version,id) values (?,?,?,?,?,?,?,?,?)
Hibernate: insert into beer (beer_name,beer_style,created_date,price,quantity_on_hand,upc,update_date,version,id) values (?,?,?,?,?,?,?,?,?)
Hibernate: insert into beer (beer_name,beer_style,created_date,price,quantity_on_hand,upc,update_date,version,id) values (?,?,?,?,?,?,?,?,?)
Hibernate: insert into beer (beer_name,beer_style,created_date,price,quantity_on_hand,upc,update_date,version,id) values (?,?,?,?,?,?,?,?,?)
Hibernate: insert into beer (beer_name,beer_style,created_date,price,quantity_on_hand,upc,update_date,version,id) values (?,?,?,?,?,?,?,?,?)
Hibernate: insert into beer (beer_name,beer_style,created_date,price,quantity_on_hand,upc,update_date,version,id) values (?,?,?,?,?,?,?,?,?)
Hibernate: insert into beer (beer_name,beer_style,created_date,price,quantity_on_hand,upc,update_date,version,id) values (?,?,?,?,?,?,?,?,?)
Hibernate: insert into beer (beer_name,beer_style,created_date,price,quantity_on_hand,upc,update_date,version,id) values (?,?,?,?,?,?,?,?,?)
Hibernate: insert into beer (beer_name,beer_style,created_date,price,quantity_on_hand,upc,update_date,version,id) values (?,?,?,?,?,?,?,?,?)
Hibernate: insert into beer (beer_name,beer_style,created_date,price,quantity_on_hand,upc,update_date,version,id) values (?,?,?,?,?,?,?,?,?)
Hibernate: insert into beer (beer_name,beer_style,created_date,price,quantity_on_hand,upc,update_date,version,id) values (?,?,?,?,?,?,?,?,?)
Hibernate: insert into beer (beer_name,beer_style,created_date,price,quantity_on_hand,upc,update_date,version,id) values (?,?,?,?,?,?,?,?,?)
Hibernate: insert into beer (beer_name,beer_style,created_date,price,quantity_on_hand,upc,update_date,version,id) values (?,?,?,?,?,?,?,?,?)
Hibernate: insert into beer (beer_name,beer_style,created_date,price,quantity_on_hand,upc,update_date,version,id) values (?,?,?,?,?,?,?,?,?)
Hibernate: insert into beer (beer_name,beer_style,created_date,price,quantity_on_hand,upc,update_date,version,id) values (?,?,?,?,?,?,?,?,?)
Hibernate: insert into beer (beer_name,beer_style,created_date,price,quantity_on_hand,upc,update_date,version,id) values (?,?,?,?,?,?,?,?,?)
Hibernate: insert into beer (beer_name,beer_style,created_date,price,quantity_on_hand,upc,update_date,version,id) values (?,?,?,?,?,?,?,?,?)
Hibernate: insert into beer (beer_name,beer_style,created_date,price,quantity_on_hand,upc,update_date,version,id) values (?,?,?,?,?,?,?,?,?)
Hibernate: insert into beer (beer_name,beer_style,created_date,price,quantity_on_hand,upc,update_date,version,id) values (?,?,?,?,?,?,?,?,?)
Hibernate: insert into beer (beer_name,beer_style,created_date,price,quantity_on_hand,upc,update_date,version,id) values (?,?,?,?,?,?,?,?,?)
Hibernate: insert into beer (beer_name,beer_style,created_date,price,quantity_on_hand,upc,update_date,version,id) values (?,?,?,?,?,?,?,?,?)
Hibernate: insert into beer (beer_name,beer_style,created_date,price,quantity_on_hand,upc,update_date,version,id) values (?,?,?,?,?,?,?,?,?)
Hibernate: insert into beer (beer_name,beer_style,created_date,price,quantity_on_hand,upc,update_date,version,id) values (?,?,?,?,?,?,?,?,?)
Hibernate: insert into beer (beer_name,beer_style,created_date,price,quantity_on_hand,upc,update_date,version,id) values (?,?,?,?,?,?,?,?,?)
Hibernate: insert into beer (beer_name,beer_style,created_date,price,quantity_on_hand,upc,update_date,version,id) values (?,?,?,?,?,?,?,?,?)
Hibernate: insert into beer (beer_name,beer_style,created_date,price,quantity_on_hand,upc,update_date,version,id) values (?,?,?,?,?,?,?,?,?)
Hibernate: insert into beer (beer_name,beer_style,created_date,price,quantity_on_hand,upc,update_date,version,id) values (?,?,?,?,?,?,?,?,?)
Hibernate: insert into beer (beer_name,beer_style,created_date,price,quantity_on_hand,upc,update_date,version,id) values (?,?,?,?,?,?,?,?,?)
Hibernate: insert into beer (beer_name,beer_style,created_date,price,quantity_on_hand,upc,update_date,version,id) values (?,?,?,?,?,?,?,?,?)
Hibernate: insert into beer (beer_name,beer_style,created_date,price,quantity_on_hand,upc,update_date,version,id) values (?,?,?,?,?,?,?,?,?)
Hibernate: insert into beer (beer_name,beer_style,created_date,price,quantity_on_hand,upc,update_date,version,id) values (?,?,?,?,?,?,?,?,?)
Hibernate: insert into beer (beer_name,beer_style,created_date,price,quantity_on_hand,upc,update_date,version,id) values (?,?,?,?,?,?,?,?,?)
Hibernate: insert into beer (beer_name,beer_style,created_date,price,quantity_on_hand,upc,update_date,version,id) values (?,?,?,?,?,?,?,?,?)
Hibernate: insert into beer (beer_name,beer_style,created_date,price,quantity_on_hand,upc,update_date,version,id) values (?,?,?,?,?,?,?,?,?)
Hibernate: insert into beer (beer_name,beer_style,created_date,price,quantity_on_hand,upc,update_date,version,id) values (?,?,?,?,?,?,?,?,?)
Hibernate: insert into beer (beer_name,beer_style,created_date,price,quantity_on_hand,upc,update_date,version,id) values (?,?,?,?,?,?,?,?,?)
Hibernate: insert into beer (beer_name,beer_style,created_date,price,quantity_on_hand,upc,update_date,version,id) values (?,?,?,?,?,?,?,?,?)
Hibernate: insert into beer (beer_name,beer_style,created_date,price,quantity_on_hand,upc,update_date,version,id) values (?,?,?,?,?,?,?,?,?)
Hibernate: insert into beer (beer_name,beer_style,created_date,price,quantity_on_hand,upc,update_date,version,id) values (?,?,?,?,?,?,?,?,?)
Hibernate: insert into beer (beer_name,beer_style,created_date,price,quantity_on_hand,upc,update_date,version,id) values (?,?,?,?,?,?,?,?,?)
Hibernate: insert into beer (beer_name,beer_style,created_date,price,quantity_on_hand,upc,update_date,version,id) values (?,?,?,?,?,?,?,?,?)
Hibernate: insert into beer (beer_name,beer_style,created_date,price,quantity_on_hand,upc,update_date,version,id) values (?,?,?,?,?,?,?,?,?)
Hibernate: insert into beer (beer_name,beer_style,created_date,price,quantity_on_hand,upc,update_date,version,id) values (?,?,?,?,?,?,?,?,?)
Hibernate: insert into beer (beer_name,beer_style,created_date,price,quantity_on_hand,upc,update_date,version,id) values (?,?,?,?,?,?,?,?,?)
Hibernate: insert into beer (beer_name,beer_style,created_date,price,quantity_on_hand,upc,update_date,version,id) values (?,?,?,?,?,?,?,?,?)
Hibernate: insert into beer (beer_name,beer_style,created_date,price,quantity_on_hand,upc,update_date,version,id) values (?,?,?,?,?,?,?,?,?)
Hibernate: insert into beer (beer_name,beer_style,created_date,price,quantity_on_hand,upc,update_date,version,id) values (?,?,?,?,?,?,?,?,?)
Hibernate: insert into beer (beer_name,beer_style,created_date,price,quantity_on_hand,upc,update_date,version,id) values (?,?,?,?,?,?,?,?,?)
Hibernate: insert into beer (beer_name,beer_style,created_date,price,quantity_on_hand,upc,update_date,version,id) values (?,?,?,?,?,?,?,?,?)
Hibernate: insert into beer (beer_name,beer_style,created_date,price,quantity_on_hand,upc,update_date,version,id) values (?,?,?,?,?,?,?,?,?)
Hibernate: insert into beer (beer_name,beer_style,created_date,price,quantity_on_hand,upc,update_date,version,id) values (?,?,?,?,?,?,?,?,?)
Hibernate: insert into beer (beer_name,beer_style,created_date,price,quantity_on_hand,upc,update_date,version,id) values (?,?,?,?,?,?,?,?,?)
Hibernate: insert into beer (beer_name,beer_style,created_date,price,quantity_on_hand,upc,update_date,version,id) values (?,?,?,?,?,?,?,?,?)
Hibernate: insert into beer (beer_name,beer_style,created_date,price,quantity_on_hand,upc,update_date,version,id) values (?,?,?,?,?,?,?,?,?)
Hibernate: insert into beer (beer_name,beer_style,created_date,price,quantity_on_hand,upc,update_date,version,id) values (?,?,?,?,?,?,?,?,?)
Hibernate: insert into beer (beer_name,beer_style,created_date,price,quantity_on_hand,upc,update_date,version,id) values (?,?,?,?,?,?,?,?,?)
Hibernate: insert into beer (beer_name,beer_style,created_date,price,quantity_on_hand,upc,update_date,version,id) values (?,?,?,?,?,?,?,?,?)
Hibernate: insert into beer (beer_name,beer_style,created_date,price,quantity_on_hand,upc,update_date,version,id) values (?,?,?,?,?,?,?,?,?)
Hibernate: insert into beer (beer_name,beer_style,created_date,price,quantity_on_hand,upc,update_date,version,id) values (?,?,?,?,?,?,?,?,?)
Hibernate: insert into beer (beer_name,beer_style,created_date,price,quantity_on_hand,upc,update_date,version,id) values (?,?,?,?,?,?,?,?,?)
Hibernate: insert into beer (beer_name,beer_style,created_date,price,quantity_on_hand,upc,update_date,version,id) values (?,?,?,?,?,?,?,?,?)
Hibernate: insert into beer (beer_name,beer_style,created_date,price,quantity_on_hand,upc,update_date,version,id) values (?,?,?,?,?,?,?,?,?)
Hibernate: insert into beer (beer_name,beer_style,created_date,price,quantity_on_hand,upc,update_date,version,id) values (?,?,?,?,?,?,?,?,?)
Hibernate: insert into beer (beer_name,beer_style,created_date,price,quantity_on_hand,upc,update_date,version,id) values (?,?,?,?,?,?,?,?,?)
Hibernate: insert into beer (beer_name,beer_style,created_date,price,quantity_on_hand,upc,update_date,version,id) values (?,?,?,?,?,?,?,?,?)
Hibernate: insert into beer (beer_name,beer_style,created_date,price,quantity_on_hand,upc,update_date,version,id) values (?,?,?,?,?,?,?,?,?)
Hibernate: insert into beer (beer_name,beer_style,created_date,price,quantity_on_hand,upc,update_date,version,id) values (?,?,?,?,?,?,?,?,?)
Hibernate: insert into beer (beer_name,beer_style,created_date,price,quantity_on_hand,upc,update_date,version,id) values (?,?,?,?,?,?,?,?,?)
Hibernate: insert into beer (beer_name,beer_style,created_date,price,quantity_on_hand,upc,update_date,version,id) values (?,?,?,?,?,?,?,?,?)
Hibernate: insert into beer (beer_name,beer_style,created_date,price,quantity_on_hand,upc,update_date,version,id) values (?,?,?,?,?,?,?,?,?)
Hibernate: insert into beer (beer_name,beer_style,created_date,price,quantity_on_hand,upc,update_date,version,id) values (?,?,?,?,?,?,?,?,?)
Hibernate: insert into beer (beer_name,beer_style,created_date,price,quantity_on_hand,upc,update_date,version,id) values (?,?,?,?,?,?,?,?,?)
Hibernate: insert into beer (beer_name,beer_style,created_date,price,quantity_on_hand,upc,update_date,version,id) values (?,?,?,?,?,?,?,?,?)
Hibernate: insert into beer (beer_name,beer_style,created_date,price,quantity_on_hand,upc,update_date,version,id) values (?,?,?,?,?,?,?,?,?)
Hibernate: insert into beer (beer_name,beer_style,created_date,price,quantity_on_hand,upc,update_date,version,id) values (?,?,?,?,?,?,?,?,?)
Hibernate: insert into beer (beer_name,beer_style,created_date,price,quantity_on_hand,upc,update_date,version,id) values (?,?,?,?,?,?,?,?,?)
Hibernate: insert into beer (beer_name,beer_style,created_date,price,quantity_on_hand,upc,update_date,version,id) values (?,?,?,?,?,?,?,?,?)
Hibernate: insert into beer (beer_name,beer_style,created_date,price,quantity_on_hand,upc,update_date,version,id) values (?,?,?,?,?,?,?,?,?)
Hibernate: insert into beer (beer_name,beer_style,created_date,price,quantity_on_hand,upc,update_date,version,id) values (?,?,?,?,?,?,?,?,?)
Hibernate: insert into beer (beer_name,beer_style,created_date,price,quantity_on_hand,upc,update_date,version,id) values (?,?,?,?,?,?,?,?,?)
Hibernate: insert into beer (beer_name,beer_style,created_date,price,quantity_on_hand,upc,update_date,version,id) values (?,?,?,?,?,?,?,?,?)
Hibernate: insert into beer (beer_name,beer_style,created_date,price,quantity_on_hand,upc,update_date,version,id) values (?,?,?,?,?,?,?,?,?)
Hibernate: insert into beer (beer_name,beer_style,created_date,price,quantity_on_hand,upc,update_date,version,id) values (?,?,?,?,?,?,?,?,?)
Hibernate: insert into beer (beer_name,beer_style,created_date,price,quantity_on_hand,upc,update_date,version,id) values (?,?,?,?,?,?,?,?,?)
Hibernate: insert into beer (beer_name,beer_style,created_date,price,quantity_on_hand,upc,update_date,version,id) values (?,?,?,?,?,?,?,?,?)
Hibernate: insert into beer (beer_name,beer_style,created_date,price,quantity_on_hand,upc,update_date,version,id) values (?,?,?,?,?,?,?,?,?)
Hibernate: insert into beer (beer_name,beer_style,created_date,price,quantity_on_hand,upc,update_date,version,id) values (?,?,?,?,?,?,?,?,?)
Hibernate: insert into beer (beer_name,beer_style,created_date,price,quantity_on_hand,upc,update_date,version,id) values (?,?,?,?,?,?,?,?,?)
Hibernate: insert into beer (beer_name,beer_style,created_date,price,quantity_on_hand,upc,update_date,version,id) values (?,?,?,?,?,?,?,?,?)
Hibernate: insert into beer (beer_name,beer_style,created_date,price,quantity_on_hand,upc,update_date,version,id) values (?,?,?,?,?,?,?,?,?)
Hibernate: insert into beer (beer_name,beer_style,created_date,price,quantity_on_hand,upc,update_date,version,id) values (?,?,?,?,?,?,?,?,?)
Hibernate: insert into beer (beer_name,beer_style,created_date,price,quantity_on_hand,upc,update_date,version,id) values (?,?,?,?,?,?,?,?,?)
Hibernate: insert into beer (beer_name,beer_style,created_date,price,quantity_on_hand,upc,update_date,version,id) values (?,?,?,?,?,?,?,?,?)
Hibernate: insert into beer (beer_name,beer_style,created_date,price,quantity_on_hand,upc,update_date,version,id) values (?,?,?,?,?,?,?,?,?)
Hibernate: insert into beer (beer_name,beer_style,created_date,price,quantity_on_hand,upc,update_date,version,id) values (?,?,?,?,?,?,?,?,?)
Hibernate: insert into beer (beer_name,beer_style,created_date,price,quantity_on_hand,upc,update_date,version,id) values (?,?,?,?,?,?,?,?,?)
Hibernate: insert into beer (beer_name,beer_style,created_date,price,quantity_on_hand,upc,update_date,version,id) values (?,?,?,?,?,?,?,?,?)
Hibernate: insert into beer (beer_name,beer_style,created_date,price,quantity_on_hand,upc,update_date,version,id) values (?,?,?,?,?,?,?,?,?)
Hibernate: insert into beer (beer_name,beer_style,created_date,price,quantity_on_hand,upc,update_date,version,id) values (?,?,?,?,?,?,?,?,?)
Hibernate: insert into beer (beer_name,beer_style,created_date,price,quantity_on_hand,upc,update_date,version,id) values (?,?,?,?,?,?,?,?,?)
Hibernate: insert into beer (beer_name,beer_style,created_date,price,quantity_on_hand,upc,update_date,version,id) values (?,?,?,?,?,?,?,?,?)
Hibernate: insert into beer (beer_name,beer_style,created_date,price,quantity_on_hand,upc,update_date,version,id) values (?,?,?,?,?,?,?,?,?)
Hibernate: insert into beer (beer_name,beer_style,created_date,price,quantity_on_hand,upc,update_date,version,id) values (?,?,?,?,?,?,?,?,?)
Hibernate: insert into beer (beer_name,beer_style,created_date,price,quantity_on_hand,upc,update_date,version,id) values (?,?,?,?,?,?,?,?,?)
Hibernate: insert into beer (beer_name,beer_style,created_date,price,quantity_on_hand,upc,update_date,version,id) values (?,?,?,?,?,?,?,?,?)
Hibernate: insert into beer (beer_name,beer_style,created_date,price,quantity_on_hand,upc,update_date,version,id) values (?,?,?,?,?,?,?,?,?)
Hibernate: insert into beer (beer_name,beer_style,created_date,price,quantity_on_hand,upc,update_date,version,id) values (?,?,?,?,?,?,?,?,?)
Hibernate: insert into beer (beer_name,beer_style,created_date,price,quantity_on_hand,upc,update_date,version,id) values (?,?,?,?,?,?,?,?,?)
Hibernate: insert into beer (beer_name,beer_style,created_date,price,quantity_on_hand,upc,update_date,version,id) values (?,?,?,?,?,?,?,?,?)
Hibernate: insert into beer (beer_name,beer_style,created_date,price,quantity_on_hand,upc,update_date,version,id) values (?,?,?,?,?,?,?,?,?)
Hibernate: insert into beer (beer_name,beer_style,created_date,price,quantity_on_hand,upc,update_date,version,id) values (?,?,?,?,?,?,?,?,?)
Hibernate: insert into beer (beer_name,beer_style,created_date,price,quantity_on_hand,upc,update_date,version,id) values (?,?,?,?,?,?,?,?,?)
Hibernate: insert into beer (beer_name,beer_style,created_date,price,quantity_on_hand,upc,update_date,version,id) values (?,?,?,?,?,?,?,?,?)
Hibernate: insert into beer (beer_name,beer_style,created_date,price,quantity_on_hand,upc,update_date,version,id) values (?,?,?,?,?,?,?,?,?)
Hibernate: insert into beer (beer_name,beer_style,created_date,price,quantity_on_hand,upc,update_date,version,id) values (?,?,?,?,?,?,?,?,?)
Hibernate: insert into beer (beer_name,beer_style,created_date,price,quantity_on_hand,upc,update_date,version,id) values (?,?,?,?,?,?,?,?,?)
Hibernate: insert into beer (beer_name,beer_style,created_date,price,quantity_on_hand,upc,update_date,version,id) values (?,?,?,?,?,?,?,?,?)
Hibernate: insert into beer (beer_name,beer_style,created_date,price,quantity_on_hand,upc,update_date,version,id) values (?,?,?,?,?,?,?,?,?)
Hibernate: insert into beer (beer_name,beer_style,created_date,price,quantity_on_hand,upc,update_date,version,id) values (?,?,?,?,?,?,?,?,?)
Hibernate: insert into beer (beer_name,beer_style,created_date,price,quantity_on_hand,upc,update_date,version,id) values (?,?,?,?,?,?,?,?,?)
Hibernate: insert into beer (beer_name,beer_style,created_date,price,quantity_on_hand,upc,update_date,version,id) values (?,?,?,?,?,?,?,?,?)
Hibernate: insert into beer (beer_name,beer_style,created_date,price,quantity_on_hand,upc,update_date,version,id) values (?,?,?,?,?,?,?,?,?)
Hibernate: insert into beer (beer_name,beer_style,created_date,price,quantity_on_hand,upc,update_date,version,id) values (?,?,?,?,?,?,?,?,?)
Hibernate: insert into beer (beer_name,beer_style,created_date,price,quantity_on_hand,upc,update_date,version,id) values (?,?,?,?,?,?,?,?,?)
Hibernate: insert into beer (beer_name,beer_style,created_date,price,quantity_on_hand,upc,update_date,version,id) values (?,?,?,?,?,?,?,?,?)
Hibernate: insert into beer (beer_name,beer_style,created_date,price,quantity_on_hand,upc,update_date,version,id) values (?,?,?,?,?,?,?,?,?)
Hibernate: insert into beer (beer_name,beer_style,created_date,price,quantity_on_hand,upc,update_date,version,id) values (?,?,?,?,?,?,?,?,?)
Hibernate: insert into beer (beer_name,beer_style,created_date,price,quantity_on_hand,upc,update_date,version,id) values (?,?,?,?,?,?,?,?,?)
Hibernate: insert into beer (beer_name,beer_style,created_date,price,quantity_on_hand,upc,update_date,version,id) values (?,?,?,?,?,?,?,?,?)
Hibernate: insert into beer (beer_name,beer_style,created_date,price,quantity_on_hand,upc,update_date,version,id) values (?,?,?,?,?,?,?,?,?)
Hibernate: insert into beer (beer_name,beer_style,created_date,price,quantity_on_hand,upc,update_date,version,id) values (?,?,?,?,?,?,?,?,?)
Hibernate: insert into beer (beer_name,beer_style,created_date,price,quantity_on_hand,upc,update_date,version,id) values (?,?,?,?,?,?,?,?,?)
Hibernate: insert into beer (beer_name,beer_style,created_date,price,quantity_on_hand,upc,update_date,version,id) values (?,?,?,?,?,?,?,?,?)
Hibernate: insert into beer (beer_name,beer_style,created_date,price,quantity_on_hand,upc,update_date,version,id) values (?,?,?,?,?,?,?,?,?)
Hibernate: insert into beer (beer_name,beer_style,created_date,price,quantity_on_hand,upc,update_date,version,id) values (?,?,?,?,?,?,?,?,?)
Hibernate: insert into beer (beer_name,beer_style,created_date,price,quantity_on_hand,upc,update_date,version,id) values (?,?,?,?,?,?,?,?,?)
Hibernate: insert into beer (beer_name,beer_style,created_date,price,quantity_on_hand,upc,update_date,version,id) values (?,?,?,?,?,?,?,?,?)
Hibernate: insert into beer (beer_name,beer_style,created_date,price,quantity_on_hand,upc,update_date,version,id) values (?,?,?,?,?,?,?,?,?)
Hibernate: insert into beer (beer_name,beer_style,created_date,price,quantity_on_hand,upc,update_date,version,id) values (?,?,?,?,?,?,?,?,?)
Hibernate: insert into beer (beer_name,beer_style,created_date,price,quantity_on_hand,upc,update_date,version,id) values (?,?,?,?,?,?,?,?,?)
Hibernate: insert into beer (beer_name,beer_style,created_date,price,quantity_on_hand,upc,update_date,version,id) values (?,?,?,?,?,?,?,?,?)
Hibernate: insert into beer (beer_name,beer_style,created_date,price,quantity_on_hand,upc,update_date,version,id) values (?,?,?,?,?,?,?,?,?)
Hibernate: insert into beer (beer_name,beer_style,created_date,price,quantity_on_hand,upc,update_date,version,id) values (?,?,?,?,?,?,?,?,?)
Hibernate: insert into beer (beer_name,beer_style,created_date,price,quantity_on_hand,upc,update_date,version,id) values (?,?,?,?,?,?,?,?,?)
Hibernate: insert into beer (beer_name,beer_style,created_date,price,quantity_on_hand,upc,update_date,version,id) values (?,?,?,?,?,?,?,?,?)
Hibernate: insert into beer (beer_name,beer_style,created_date,price,quantity_on_hand,upc,update_date,version,id) values (?,?,?,?,?,?,?,?,?)
Hibernate: insert into beer (beer_name,beer_style,created_date,price,quantity_on_hand,upc,update_date,version,id) values (?,?,?,?,?,?,?,?,?)
Hibernate: insert into beer (beer_name,beer_style,created_date,price,quantity_on_hand,upc,update_date,version,id) values (?,?,?,?,?,?,?,?,?)
Hibernate: insert into beer (beer_name,beer_style,created_date,price,quantity_on_hand,upc,update_date,version,id) values (?,?,?,?,?,?,?,?,?)
Hibernate: insert into beer (beer_name,beer_style,created_date,price,quantity_on_hand,upc,update_date,version,id) values (?,?,?,?,?,?,?,?,?)
Hibernate: insert into beer (beer_name,beer_style,created_date,price,quantity_on_hand,upc,update_date,version,id) values (?,?,?,?,?,?,?,?,?)
Hibernate: insert into beer (beer_name,beer_style,created_date,price,quantity_on_hand,upc,update_date,version,id) values (?,?,?,?,?,?,?,?,?)
Hibernate: insert into beer (beer_name,beer_style,created_date,price,quantity_on_hand,upc,update_date,version,id) values (?,?,?,?,?,?,?,?,?)
Hibernate: insert into beer (beer_name,beer_style,created_date,price,quantity_on_hand,upc,update_date,version,id) values (?,?,?,?,?,?,?,?,?)
Hibernate: insert into beer (beer_name,beer_style,created_date,price,quantity_on_hand,upc,update_date,version,id) values (?,?,?,?,?,?,?,?,?)
Hibernate: insert into beer (beer_name,beer_style,created_date,price,quantity_on_hand,upc,update_date,version,id) values (?,?,?,?,?,?,?,?,?)
Hibernate: insert into beer (beer_name,beer_style,created_date,price,quantity_on_hand,upc,update_date,version,id) values (?,?,?,?,?,?,?,?,?)
Hibernate: insert into beer (beer_name,beer_style,created_date,price,quantity_on_hand,upc,update_date,version,id) values (?,?,?,?,?,?,?,?,?)
Hibernate: insert into beer (beer_name,beer_style,created_date,price,quantity_on_hand,upc,update_date,version,id) values (?,?,?,?,?,?,?,?,?)
Hibernate: insert into beer (beer_name,beer_style,created_date,price,quantity_on_hand,upc,update_date,version,id) values (?,?,?,?,?,?,?,?,?)
Hibernate: insert into beer (beer_name,beer_style,created_date,price,quantity_on_hand,upc,update_date,version,id) values (?,?,?,?,?,?,?,?,?)
Hibernate: insert into beer (beer_name,beer_style,created_date,price,quantity_on_hand,upc,update_date,version,id) values (?,?,?,?,?,?,?,?,?)
Hibernate: insert into beer (beer_name,beer_style,created_date,price,quantity_on_hand,upc,update_date,version,id) values (?,?,?,?,?,?,?,?,?)
Hibernate: insert into beer (beer_name,beer_style,created_date,price,quantity_on_hand,upc,update_date,version,id) values (?,?,?,?,?,?,?,?,?)
Hibernate: insert into beer (beer_name,beer_style,created_date,price,quantity_on_hand,upc,update_date,version,id) values (?,?,?,?,?,?,?,?,?)
Hibernate: insert into beer (beer_name,beer_style,created_date,price,quantity_on_hand,upc,update_date,version,id) values (?,?,?,?,?,?,?,?,?)
Hibernate: insert into beer (beer_name,beer_style,created_date,price,quantity_on_hand,upc,update_date,version,id) values (?,?,?,?,?,?,?,?,?)
Hibernate: insert into beer (beer_name,beer_style,created_date,price,quantity_on_hand,upc,update_date,version,id) values (?,?,?,?,?,?,?,?,?)
Hibernate: insert into beer (beer_name,beer_style,created_date,price,quantity_on_hand,upc,update_date,version,id) values (?,?,?,?,?,?,?,?,?)
Hibernate: insert into beer (beer_name,beer_style,created_date,price,quantity_on_hand,upc,update_date,version,id) values (?,?,?,?,?,?,?,?,?)
Hibernate: insert into beer (beer_name,beer_style,created_date,price,quantity_on_hand,upc,update_date,version,id) values (?,?,?,?,?,?,?,?,?)
Hibernate: insert into beer (beer_name,beer_style,created_date,price,quantity_on_hand,upc,update_date,version,id) values (?,?,?,?,?,?,?,?,?)
Hibernate: insert into beer (beer_name,beer_style,created_date,price,quantity_on_hand,upc,update_date,version,id) values (?,?,?,?,?,?,?,?,?)
Hibernate: insert into beer (beer_name,beer_style,created_date,price,quantity_on_hand,upc,update_date,version,id) values (?,?,?,?,?,?,?,?,?)
Hibernate: insert into beer (beer_name,beer_style,created_date,price,quantity_on_hand,upc,update_date,version,id) values (?,?,?,?,?,?,?,?,?)
Hibernate: insert into beer (beer_name,beer_style,created_date,price,quantity_on_hand,upc,update_date,version,id) values (?,?,?,?,?,?,?,?,?)
Hibernate: insert into beer (beer_name,beer_style,created_date,price,quantity_on_hand,upc,update_date,version,id) values (?,?,?,?,?,?,?,?,?)
Hibernate: insert into beer (beer_name,beer_style,created_date,price,quantity_on_hand,upc,update_date,version,id) values (?,?,?,?,?,?,?,?,?)
Hibernate: insert into beer (beer_name,beer_style,created_date,price,quantity_on_hand,upc,update_date,version,id) values (?,?,?,?,?,?,?,?,?)
Hibernate: insert into beer (beer_name,beer_style,created_date,price,quantity_on_hand,upc,update_date,version,id) values (?,?,?,?,?,?,?,?,?)
Hibernate: insert into beer (beer_name,beer_style,created_date,price,quantity_on_hand,upc,update_date,version,id) values (?,?,?,?,?,?,?,?,?)
Hibernate: insert into beer (beer_name,beer_style,created_date,price,quantity_on_hand,upc,update_date,version,id) values (?,?,?,?,?,?,?,?,?)
Hibernate: insert into beer (beer_name,beer_style,created_date,price,quantity_on_hand,upc,update_date,version,id) values (?,?,?,?,?,?,?,?,?)
Hibernate: insert into beer (beer_name,beer_style,created_date,price,quantity_on_hand,upc,update_date,version,id) values (?,?,?,?,?,?,?,?,?)
Hibernate: insert into beer (beer_name,beer_style,created_date,price,quantity_on_hand,upc,update_date,version,id) values (?,?,?,?,?,?,?,?,?)
Hibernate: insert into beer (beer_name,beer_style,created_date,price,quantity_on_hand,upc,update_date,version,id) values (?,?,?,?,?,?,?,?,?)
Hibernate: insert into beer (beer_name,beer_style,created_date,price,quantity_on_hand,upc,update_date,version,id) values (?,?,?,?,?,?,?,?,?)
Hibernate: insert into beer (beer_name,beer_style,created_date,price,quantity_on_hand,upc,update_date,version,id) values (?,?,?,?,?,?,?,?,?)
Hibernate: insert into beer (beer_name,beer_style,created_date,price,quantity_on_hand,upc,update_date,version,id) values (?,?,?,?,?,?,?,?,?)
Hibernate: insert into beer (beer_name,beer_style,created_date,price,quantity_on_hand,upc,update_date,version,id) values (?,?,?,?,?,?,?,?,?)
Hibernate: insert into beer (beer_name,beer_style,created_date,price,quantity_on_hand,upc,update_date,version,id) values (?,?,?,?,?,?,?,?,?)
Hibernate: insert into beer (beer_name,beer_style,created_date,price,quantity_on_hand,upc,update_date,version,id) values (?,?,?,?,?,?,?,?,?)
Hibernate: insert into beer (beer_name,beer_style,created_date,price,quantity_on_hand,upc,update_date,version,id) values (?,?,?,?,?,?,?,?,?)
Hibernate: insert into beer (beer_name,beer_style,created_date,price,quantity_on_hand,upc,update_date,version,id) values (?,?,?,?,?,?,?,?,?)
Hibernate: insert into beer (beer_name,beer_style,created_date,price,quantity_on_hand,upc,update_date,version,id) values (?,?,?,?,?,?,?,?,?)
Hibernate: insert into beer (beer_name,beer_style,created_date,price,quantity_on_hand,upc,update_date,version,id) values (?,?,?,?,?,?,?,?,?)
Hibernate: insert into beer (beer_name,beer_style,created_date,price,quantity_on_hand,upc,update_date,version,id) values (?,?,?,?,?,?,?,?,?)
Hibernate: insert into beer (beer_name,beer_style,created_date,price,quantity_on_hand,upc,update_date,version,id) values (?,?,?,?,?,?,?,?,?)
Hibernate: insert into beer (beer_name,beer_style,created_date,price,quantity_on_hand,upc,update_date,version,id) values (?,?,?,?,?,?,?,?,?)
Hibernate: insert into beer (beer_name,beer_style,created_date,price,quantity_on_hand,upc,update_date,version,id) values (?,?,?,?,?,?,?,?,?)
Hibernate: insert into beer (beer_name,beer_style,created_date,price,quantity_on_hand,upc,update_date,version,id) values (?,?,?,?,?,?,?,?,?)
Hibernate: insert into beer (beer_name,beer_style,created_date,price,quantity_on_hand,upc,update_date,version,id) values (?,?,?,?,?,?,?,?,?)
Hibernate: insert into beer (beer_name,beer_style,created_date,price,quantity_on_hand,upc,update_date,version,id) values (?,?,?,?,?,?,?,?,?)
Hibernate: insert into beer (beer_name,beer_style,created_date,price,quantity_on_hand,upc,update_date,version,id) values (?,?,?,?,?,?,?,?,?)
Hibernate: insert into beer (beer_name,beer_style,created_date,price,quantity_on_hand,upc,update_date,version,id) values (?,?,?,?,?,?,?,?,?)
Hibernate: insert into beer (beer_name,beer_style,created_date,price,quantity_on_hand,upc,update_date,version,id) values (?,?,?,?,?,?,?,?,?)
Hibernate: insert into beer (beer_name,beer_style,created_date,price,quantity_on_hand,upc,update_date,version,id) values (?,?,?,?,?,?,?,?,?)
Hibernate: insert into beer (beer_name,beer_style,created_date,price,quantity_on_hand,upc,update_date,version,id) values (?,?,?,?,?,?,?,?,?)
Hibernate: insert into beer (beer_name,beer_style,created_date,price,quantity_on_hand,upc,update_date,version,id) values (?,?,?,?,?,?,?,?,?)
Hibernate: insert into beer (beer_name,beer_style,created_date,price,quantity_on_hand,upc,update_date,version,id) values (?,?,?,?,?,?,?,?,?)
Hibernate: insert into beer (beer_name,beer_style,created_date,price,quantity_on_hand,upc,update_date,version,id) values (?,?,?,?,?,?,?,?,?)
Hibernate: insert into beer (beer_name,beer_style,created_date,price,quantity_on_hand,upc,update_date,version,id) values (?,?,?,?,?,?,?,?,?)
Hibernate: insert into beer (beer_name,beer_style,created_date,price,quantity_on_hand,upc,update_date,version,id) values (?,?,?,?,?,?,?,?,?)
Hibernate: insert into beer (beer_name,beer_style,created_date,price,quantity_on_hand,upc,update_date,version,id) values (?,?,?,?,?,?,?,?,?)
Hibernate: insert into beer (beer_name,beer_style,created_date,price,quantity_on_hand,upc,update_date,version,id) values (?,?,?,?,?,?,?,?,?)
Hibernate: insert into beer (beer_name,beer_style,created_date,price,quantity_on_hand,upc,update_date,version,id) values (?,?,?,?,?,?,?,?,?)
Hibernate: insert into beer (beer_name,beer_style,created_date,price,quantity_on_hand,upc,update_date,version,id) values (?,?,?,?,?,?,?,?,?)
Hibernate: insert into beer (beer_name,beer_style,created_date,price,quantity_on_hand,upc,update_date,version,id) values (?,?,?,?,?,?,?,?,?)
Hibernate: insert into beer (beer_name,beer_style,created_date,price,quantity_on_hand,upc,update_date,version,id) values (?,?,?,?,?,?,?,?,?)
Hibernate: insert into beer (beer_name,beer_style,created_date,price,quantity_on_hand,upc,update_date,version,id) values (?,?,?,?,?,?,?,?,?)
Hibernate: insert into beer (beer_name,beer_style,created_date,price,quantity_on_hand,upc,update_date,version,id) values (?,?,?,?,?,?,?,?,?)
Hibernate: insert into beer (beer_name,beer_style,created_date,price,quantity_on_hand,upc,update_date,version,id) values (?,?,?,?,?,?,?,?,?)
Hibernate: insert into beer (beer_name,beer_style,created_date,price,quantity_on_hand,upc,update_date,version,id) values (?,?,?,?,?,?,?,?,?)
Hibernate: insert into beer (beer_name,beer_style,created_date,price,quantity_on_hand,upc,update_date,version,id) values (?,?,?,?,?,?,?,?,?)
Hibernate: insert into beer (beer_name,beer_style,created_date,price,quantity_on_hand,upc,update_date,version,id) values (?,?,?,?,?,?,?,?,?)
Hibernate: insert into beer (beer_name,beer_style,created_date,price,quantity_on_hand,upc,update_date,version,id) values (?,?,?,?,?,?,?,?,?)
Hibernate: insert into beer (beer_name,beer_style,created_date,price,quantity_on_hand,upc,update_date,version,id) values (?,?,?,?,?,?,?,?,?)
Hibernate: insert into beer (beer_name,beer_style,created_date,price,quantity_on_hand,upc,update_date,version,id) values (?,?,?,?,?,?,?,?,?)
Hibernate: insert into beer (beer_name,beer_style,created_date,price,quantity_on_hand,upc,update_date,version,id) values (?,?,?,?,?,?,?,?,?)
Hibernate: insert into beer (beer_name,beer_style,created_date,price,quantity_on_hand,upc,update_date,version,id) values (?,?,?,?,?,?,?,?,?)
Hibernate: insert into beer (beer_name,beer_style,created_date,price,quantity_on_hand,upc,update_date,version,id) values (?,?,?,?,?,?,?,?,?)
Hibernate: insert into beer (beer_name,beer_style,created_date,price,quantity_on_hand,upc,update_date,version,id) values (?,?,?,?,?,?,?,?,?)
Hibernate: insert into beer (beer_name,beer_style,created_date,price,quantity_on_hand,upc,update_date,version,id) values (?,?,?,?,?,?,?,?,?)
Hibernate: insert into beer (beer_name,beer_style,created_date,price,quantity_on_hand,upc,update_date,version,id) values (?,?,?,?,?,?,?,?,?)
Hibernate: insert into beer (beer_name,beer_style,created_date,price,quantity_on_hand,upc,update_date,version,id) values (?,?,?,?,?,?,?,?,?)
Hibernate: insert into beer (beer_name,beer_style,created_date,price,quantity_on_hand,upc,update_date,version,id) values (?,?,?,?,?,?,?,?,?)
Hibernate: insert into beer (beer_name,beer_style,created_date,price,quantity_on_hand,upc,update_date,version,id) values (?,?,?,?,?,?,?,?,?)
Hibernate: insert into beer (beer_name,beer_style,created_date,price,quantity_on_hand,upc,update_date,version,id) values (?,?,?,?,?,?,?,?,?)
Hibernate: insert into beer (beer_name,beer_style,created_date,price,quantity_on_hand,upc,update_date,version,id) values (?,?,?,?,?,?,?,?,?)
Hibernate: insert into beer (beer_name,beer_style,created_date,price,quantity_on_hand,upc,update_date,version,id) values (?,?,?,?,?,?,?,?,?)
Hibernate: insert into beer (beer_name,beer_style,created_date,price,quantity_on_hand,upc,update_date,version,id) values (?,?,?,?,?,?,?,?,?)
Hibernate: insert into beer (beer_name,beer_style,created_date,price,quantity_on_hand,upc,update_date,version,id) values (?,?,?,?,?,?,?,?,?)
Hibernate: insert into beer (beer_name,beer_style,created_date,price,quantity_on_hand,upc,update_date,version,id) values (?,?,?,?,?,?,?,?,?)
Hibernate: insert into beer (beer_name,beer_style,created_date,price,quantity_on_hand,upc,update_date,version,id) values (?,?,?,?,?,?,?,?,?)
Hibernate: insert into beer (beer_name,beer_style,created_date,price,quantity_on_hand,upc,update_date,version,id) values (?,?,?,?,?,?,?,?,?)
Hibernate: insert into beer (beer_name,beer_style,created_date,price,quantity_on_hand,upc,update_date,version,id) values (?,?,?,?,?,?,?,?,?)
Hibernate: insert into beer (beer_name,beer_style,created_date,price,quantity_on_hand,upc,update_date,version,id) values (?,?,?,?,?,?,?,?,?)
Hibernate: insert into beer (beer_name,beer_style,created_date,price,quantity_on_hand,upc,update_date,version,id) values (?,?,?,?,?,?,?,?,?)
Hibernate: insert into beer (beer_name,beer_style,created_date,price,quantity_on_hand,upc,update_date,version,id) values (?,?,?,?,?,?,?,?,?)
Hibernate: insert into beer (beer_name,beer_style,created_date,price,quantity_on_hand,upc,update_date,version,id) values (?,?,?,?,?,?,?,?,?)
Hibernate: insert into beer (beer_name,beer_style,created_date,price,quantity_on_hand,upc,update_date,version,id) values (?,?,?,?,?,?,?,?,?)
Hibernate: insert into beer (beer_name,beer_style,created_date,price,quantity_on_hand,upc,update_date,version,id) values (?,?,?,?,?,?,?,?,?)
Hibernate: insert into beer (beer_name,beer_style,created_date,price,quantity_on_hand,upc,update_date,version,id) values (?,?,?,?,?,?,?,?,?)
Hibernate: insert into beer (beer_name,beer_style,created_date,price,quantity_on_hand,upc,update_date,version,id) values (?,?,?,?,?,?,?,?,?)
Hibernate: insert into beer (beer_name,beer_style,created_date,price,quantity_on_hand,upc,update_date,version,id) values (?,?,?,?,?,?,?,?,?)
Hibernate: insert into beer (beer_name,beer_style,created_date,price,quantity_on_hand,upc,update_date,version,id) values (?,?,?,?,?,?,?,?,?)
Hibernate: insert into beer (beer_name,beer_style,created_date,price,quantity_on_hand,upc,update_date,version,id) values (?,?,?,?,?,?,?,?,?)
Hibernate: insert into beer (beer_name,beer_style,created_date,price,quantity_on_hand,upc,update_date,version,id) values (?,?,?,?,?,?,?,?,?)
Hibernate: insert into beer (beer_name,beer_style,created_date,price,quantity_on_hand,upc,update_date,version,id) values (?,?,?,?,?,?,?,?,?)
Hibernate: insert into beer (beer_name,beer_style,created_date,price,quantity_on_hand,upc,update_date,version,id) values (?,?,?,?,?,?,?,?,?)
Hibernate: insert into beer (beer_name,beer_style,created_date,price,quantity_on_hand,upc,update_date,version,id) values (?,?,?,?,?,?,?,?,?)
Hibernate: insert into beer (beer_name,beer_style,created_date,price,quantity_on_hand,upc,update_date,version,id) values (?,?,?,?,?,?,?,?,?)
Hibernate: insert into beer (beer_name,beer_style,created_date,price,quantity_on_hand,upc,update_date,version,id) values (?,?,?,?,?,?,?,?,?)
Hibernate: insert into beer (beer_name,beer_style,created_date,price,quantity_on_hand,upc,update_date,version,id) values (?,?,?,?,?,?,?,?,?)
Hibernate: insert into beer (beer_name,beer_style,created_date,price,quantity_on_hand,upc,update_date,version,id) values (?,?,?,?,?,?,?,?,?)
Hibernate: insert into beer (beer_name,beer_style,created_date,price,quantity_on_hand,upc,update_date,version,id) values (?,?,?,?,?,?,?,?,?)
Hibernate: insert into beer (beer_name,beer_style,created_date,price,quantity_on_hand,upc,update_date,version,id) values (?,?,?,?,?,?,?,?,?)
Hibernate: insert into beer (beer_name,beer_style,created_date,price,quantity_on_hand,upc,update_date,version,id) values (?,?,?,?,?,?,?,?,?)
Hibernate: insert into beer (beer_name,beer_style,created_date,price,quantity_on_hand,upc,update_date,version,id) values (?,?,?,?,?,?,?,?,?)
Hibernate: insert into beer (beer_name,beer_style,created_date,price,quantity_on_hand,upc,update_date,version,id) values (?,?,?,?,?,?,?,?,?)
Hibernate: insert into beer (beer_name,beer_style,created_date,price,quantity_on_hand,upc,update_date,version,id) values (?,?,?,?,?,?,?,?,?)
Hibernate: insert into beer (beer_name,beer_style,created_date,price,quantity_on_hand,upc,update_date,version,id) values (?,?,?,?,?,?,?,?,?)
Hibernate: insert into beer (beer_name,beer_style,created_date,price,quantity_on_hand,upc,update_date,version,id) values (?,?,?,?,?,?,?,?,?)
Hibernate: insert into beer (beer_name,beer_style,created_date,price,quantity_on_hand,upc,update_date,version,id) values (?,?,?,?,?,?,?,?,?)
Hibernate: insert into beer (beer_name,beer_style,created_date,price,quantity_on_hand,upc,update_date,version,id) values (?,?,?,?,?,?,?,?,?)
Hibernate: insert into beer (beer_name,beer_style,created_date,price,quantity_on_hand,upc,update_date,version,id) values (?,?,?,?,?,?,?,?,?)
Hibernate: insert into beer (beer_name,beer_style,created_date,price,quantity_on_hand,upc,update_date,version,id) values (?,?,?,?,?,?,?,?,?)
Hibernate: insert into beer (beer_name,beer_style,created_date,price,quantity_on_hand,upc,update_date,version,id) values (?,?,?,?,?,?,?,?,?)
Hibernate: insert into beer (beer_name,beer_style,created_date,price,quantity_on_hand,upc,update_date,version,id) values (?,?,?,?,?,?,?,?,?)
Hibernate: insert into beer (beer_name,beer_style,created_date,price,quantity_on_hand,upc,update_date,version,id) values (?,?,?,?,?,?,?,?,?)
Hibernate: insert into beer (beer_name,beer_style,created_date,price,quantity_on_hand,upc,update_date,version,id) values (?,?,?,?,?,?,?,?,?)
Hibernate: insert into beer (beer_name,beer_style,created_date,price,quantity_on_hand,upc,update_date,version,id) values (?,?,?,?,?,?,?,?,?)
Hibernate: insert into beer (beer_name,beer_style,created_date,price,quantity_on_hand,upc,update_date,version,id) values (?,?,?,?,?,?,?,?,?)
Hibernate: insert into beer (beer_name,beer_style,created_date,price,quantity_on_hand,upc,update_date,version,id) values (?,?,?,?,?,?,?,?,?)
Hibernate: insert into beer (beer_name,beer_style,created_date,price,quantity_on_hand,upc,update_date,version,id) values (?,?,?,?,?,?,?,?,?)
Hibernate: insert into beer (beer_name,beer_style,created_date,price,quantity_on_hand,upc,update_date,version,id) values (?,?,?,?,?,?,?,?,?)
Hibernate: insert into beer (beer_name,beer_style,created_date,price,quantity_on_hand,upc,update_date,version,id) values (?,?,?,?,?,?,?,?,?)
Hibernate: insert into beer (beer_name,beer_style,created_date,price,quantity_on_hand,upc,update_date,version,id) values (?,?,?,?,?,?,?,?,?)
Hibernate: insert into beer (beer_name,beer_style,created_date,price,quantity_on_hand,upc,update_date,version,id) values (?,?,?,?,?,?,?,?,?)
Hibernate: insert into beer (beer_name,beer_style,created_date,price,quantity_on_hand,upc,update_date,version,id) values (?,?,?,?,?,?,?,?,?)
Hibernate: insert into beer (beer_name,beer_style,created_date,price,quantity_on_hand,upc,update_date,version,id) values (?,?,?,?,?,?,?,?,?)
Hibernate: insert into beer (beer_name,beer_style,created_date,price,quantity_on_hand,upc,update_date,version,id) values (?,?,?,?,?,?,?,?,?)
Hibernate: insert into beer (beer_name,beer_style,created_date,price,quantity_on_hand,upc,update_date,version,id) values (?,?,?,?,?,?,?,?,?)
Hibernate: insert into beer (beer_name,beer_style,created_date,price,quantity_on_hand,upc,update_date,version,id) values (?,?,?,?,?,?,?,?,?)
Hibernate: insert into beer (beer_name,beer_style,created_date,price,quantity_on_hand,upc,update_date,version,id) values (?,?,?,?,?,?,?,?,?)
Hibernate: insert into beer (beer_name,beer_style,created_date,price,quantity_on_hand,upc,update_date,version,id) values (?,?,?,?,?,?,?,?,?)
Hibernate: insert into beer (beer_name,beer_style,created_date,price,quantity_on_hand,upc,update_date,version,id) values (?,?,?,?,?,?,?,?,?)
Hibernate: insert into beer (beer_name,beer_style,created_date,price,quantity_on_hand,upc,update_date,version,id) values (?,?,?,?,?,?,?,?,?)
Hibernate: insert into beer (beer_name,beer_style,created_date,price,quantity_on_hand,upc,update_date,version,id) values (?,?,?,?,?,?,?,?,?)
Hibernate: insert into beer (beer_name,beer_style,created_date,price,quantity_on_hand,upc,update_date,version,id) values (?,?,?,?,?,?,?,?,?)
Hibernate: insert into beer (beer_name,beer_style,created_date,price,quantity_on_hand,upc,update_date,version,id) values (?,?,?,?,?,?,?,?,?)
Hibernate: insert into beer (beer_name,beer_style,created_date,price,quantity_on_hand,upc,update_date,version,id) values (?,?,?,?,?,?,?,?,?)
Hibernate: insert into beer (beer_name,beer_style,created_date,price,quantity_on_hand,upc,update_date,version,id) values (?,?,?,?,?,?,?,?,?)
Hibernate: insert into beer (beer_name,beer_style,created_date,price,quantity_on_hand,upc,update_date,version,id) values (?,?,?,?,?,?,?,?,?)
Hibernate: insert into beer (beer_name,beer_style,created_date,price,quantity_on_hand,upc,update_date,version,id) values (?,?,?,?,?,?,?,?,?)
Hibernate: insert into beer (beer_name,beer_style,created_date,price,quantity_on_hand,upc,update_date,version,id) values (?,?,?,?,?,?,?,?,?)
Hibernate: insert into beer (beer_name,beer_style,created_date,price,quantity_on_hand,upc,update_date,version,id) values (?,?,?,?,?,?,?,?,?)
Hibernate: insert into beer (beer_name,beer_style,created_date,price,quantity_on_hand,upc,update_date,version,id) values (?,?,?,?,?,?,?,?,?)
Hibernate: insert into beer (beer_name,beer_style,created_date,price,quantity_on_hand,upc,update_date,version,id) values (?,?,?,?,?,?,?,?,?)
Hibernate: insert into beer (beer_name,beer_style,created_date,price,quantity_on_hand,upc,update_date,version,id) values (?,?,?,?,?,?,?,?,?)
Hibernate: insert into beer (beer_name,beer_style,created_date,price,quantity_on_hand,upc,update_date,version,id) values (?,?,?,?,?,?,?,?,?)
Hibernate: insert into beer (beer_name,beer_style,created_date,price,quantity_on_hand,upc,update_date,version,id) values (?,?,?,?,?,?,?,?,?)
Hibernate: insert into beer (beer_name,beer_style,created_date,price,quantity_on_hand,upc,update_date,version,id) values (?,?,?,?,?,?,?,?,?)
Hibernate: insert into beer (beer_name,beer_style,created_date,price,quantity_on_hand,upc,update_date,version,id) values (?,?,?,?,?,?,?,?,?)
Hibernate: insert into beer (beer_name,beer_style,created_date,price,quantity_on_hand,upc,update_date,version,id) values (?,?,?,?,?,?,?,?,?)
Hibernate: insert into beer (beer_name,beer_style,created_date,price,quantity_on_hand,upc,update_date,version,id) values (?,?,?,?,?,?,?,?,?)
Hibernate: insert into beer (beer_name,beer_style,created_date,price,quantity_on_hand,upc,update_date,version,id) values (?,?,?,?,?,?,?,?,?)
Hibernate: insert into beer (beer_name,beer_style,created_date,price,quantity_on_hand,upc,update_date,version,id) values (?,?,?,?,?,?,?,?,?)
Hibernate: insert into beer (beer_name,beer_style,created_date,price,quantity_on_hand,upc,update_date,version,id) values (?,?,?,?,?,?,?,?,?)
Hibernate: insert into beer (beer_name,beer_style,created_date,price,quantity_on_hand,upc,update_date,version,id) values (?,?,?,?,?,?,?,?,?)
Hibernate: insert into beer (beer_name,beer_style,created_date,price,quantity_on_hand,upc,update_date,version,id) values (?,?,?,?,?,?,?,?,?)
Hibernate: insert into beer (beer_name,beer_style,created_date,price,quantity_on_hand,upc,update_date,version,id) values (?,?,?,?,?,?,?,?,?)
Hibernate: insert into beer (beer_name,beer_style,created_date,price,quantity_on_hand,upc,update_date,version,id) values (?,?,?,?,?,?,?,?,?)
Hibernate: insert into beer (beer_name,beer_style,created_date,price,quantity_on_hand,upc,update_date,version,id) values (?,?,?,?,?,?,?,?,?)
Hibernate: insert into beer (beer_name,beer_style,created_date,price,quantity_on_hand,upc,update_date,version,id) values (?,?,?,?,?,?,?,?,?)
Hibernate: insert into beer (beer_name,beer_style,created_date,price,quantity_on_hand,upc,update_date,version,id) values (?,?,?,?,?,?,?,?,?)
Hibernate: insert into beer (beer_name,beer_style,created_date,price,quantity_on_hand,upc,update_date,version,id) values (?,?,?,?,?,?,?,?,?)
Hibernate: insert into beer (beer_name,beer_style,created_date,price,quantity_on_hand,upc,update_date,version,id) values (?,?,?,?,?,?,?,?,?)
Hibernate: insert into beer (beer_name,beer_style,created_date,price,quantity_on_hand,upc,update_date,version,id) values (?,?,?,?,?,?,?,?,?)
Hibernate: insert into beer (beer_name,beer_style,created_date,price,quantity_on_hand,upc,update_date,version,id) values (?,?,?,?,?,?,?,?,?)
Hibernate: insert into beer (beer_name,beer_style,created_date,price,quantity_on_hand,upc,update_date,version,id) values (?,?,?,?,?,?,?,?,?)
Hibernate: insert into beer (beer_name,beer_style,created_date,price,quantity_on_hand,upc,update_date,version,id) values (?,?,?,?,?,?,?,?,?)
Hibernate: insert into beer (beer_name,beer_style,created_date,price,quantity_on_hand,upc,update_date,version,id) values (?,?,?,?,?,?,?,?,?)
Hibernate: insert into beer (beer_name,beer_style,created_date,price,quantity_on_hand,upc,update_date,version,id) values (?,?,?,?,?,?,?,?,?)
Hibernate: insert into beer (beer_name,beer_style,created_date,price,quantity_on_hand,upc,update_date,version,id) values (?,?,?,?,?,?,?,?,?)
Hibernate: insert into beer (beer_name,beer_style,created_date,price,quantity_on_hand,upc,update_date,version,id) values (?,?,?,?,?,?,?,?,?)
Hibernate: insert into beer (beer_name,beer_style,created_date,price,quantity_on_hand,upc,update_date,version,id) values (?,?,?,?,?,?,?,?,?)
Hibernate: insert into beer (beer_name,beer_style,created_date,price,quantity_on_hand,upc,update_date,version,id) values (?,?,?,?,?,?,?,?,?)
Hibernate: insert into beer (beer_name,beer_style,created_date,price,quantity_on_hand,upc,update_date,version,id) values (?,?,?,?,?,?,?,?,?)
Hibernate: insert into beer (beer_name,beer_style,created_date,price,quantity_on_hand,upc,update_date,version,id) values (?,?,?,?,?,?,?,?,?)
Hibernate: insert into beer (beer_name,beer_style,created_date,price,quantity_on_hand,upc,update_date,version,id) values (?,?,?,?,?,?,?,?,?)
Hibernate: insert into beer (beer_name,beer_style,created_date,price,quantity_on_hand,upc,update_date,version,id) values (?,?,?,?,?,?,?,?,?)
Hibernate: insert into beer (beer_name,beer_style,created_date,price,quantity_on_hand,upc,update_date,version,id) values (?,?,?,?,?,?,?,?,?)
Hibernate: insert into beer (beer_name,beer_style,created_date,price,quantity_on_hand,upc,update_date,version,id) values (?,?,?,?,?,?,?,?,?)
Hibernate: insert into beer (beer_name,beer_style,created_date,price,quantity_on_hand,upc,update_date,version,id) values (?,?,?,?,?,?,?,?,?)
Hibernate: insert into beer (beer_name,beer_style,created_date,price,quantity_on_hand,upc,update_date,version,id) values (?,?,?,?,?,?,?,?,?)
Hibernate: insert into beer (beer_name,beer_style,created_date,price,quantity_on_hand,upc,update_date,version,id) values (?,?,?,?,?,?,?,?,?)
Hibernate: insert into beer (beer_name,beer_style,created_date,price,quantity_on_hand,upc,update_date,version,id) values (?,?,?,?,?,?,?,?,?)
Hibernate: insert into beer (beer_name,beer_style,created_date,price,quantity_on_hand,upc,update_date,version,id) values (?,?,?,?,?,?,?,?,?)
Hibernate: insert into beer (beer_name,beer_style,created_date,price,quantity_on_hand,upc,update_date,version,id) values (?,?,?,?,?,?,?,?,?)
Hibernate: insert into beer (beer_name,beer_style,created_date,price,quantity_on_hand,upc,update_date,version,id) values (?,?,?,?,?,?,?,?,?)
Hibernate: insert into beer (beer_name,beer_style,created_date,price,quantity_on_hand,upc,update_date,version,id) values (?,?,?,?,?,?,?,?,?)
Hibernate: insert into beer (beer_name,beer_style,created_date,price,quantity_on_hand,upc,update_date,version,id) values (?,?,?,?,?,?,?,?,?)
Hibernate: insert into beer (beer_name,beer_style,created_date,price,quantity_on_hand,upc,update_date,version,id) values (?,?,?,?,?,?,?,?,?)
Hibernate: insert into beer (beer_name,beer_style,created_date,price,quantity_on_hand,upc,update_date,version,id) values (?,?,?,?,?,?,?,?,?)
Hibernate: insert into beer (beer_name,beer_style,created_date,price,quantity_on_hand,upc,update_date,version,id) values (?,?,?,?,?,?,?,?,?)
Hibernate: insert into beer (beer_name,beer_style,created_date,price,quantity_on_hand,upc,update_date,version,id) values (?,?,?,?,?,?,?,?,?)
Hibernate: insert into beer (beer_name,beer_style,created_date,price,quantity_on_hand,upc,update_date,version,id) values (?,?,?,?,?,?,?,?,?)
Hibernate: insert into beer (beer_name,beer_style,created_date,price,quantity_on_hand,upc,update_date,version,id) values (?,?,?,?,?,?,?,?,?)
Hibernate: insert into beer (beer_name,beer_style,created_date,price,quantity_on_hand,upc,update_date,version,id) values (?,?,?,?,?,?,?,?,?)
Hibernate: insert into beer (beer_name,beer_style,created_date,price,quantity_on_hand,upc,update_date,version,id) values (?,?,?,?,?,?,?,?,?)
Hibernate: insert into beer (beer_name,beer_style,created_date,price,quantity_on_hand,upc,update_date,version,id) values (?,?,?,?,?,?,?,?,?)
Hibernate: insert into beer (beer_name,beer_style,created_date,price,quantity_on_hand,upc,update_date,version,id) values (?,?,?,?,?,?,?,?,?)
Hibernate: insert into beer (beer_name,beer_style,created_date,price,quantity_on_hand,upc,update_date,version,id) values (?,?,?,?,?,?,?,?,?)
Hibernate: insert into beer (beer_name,beer_style,created_date,price,quantity_on_hand,upc,update_date,version,id) values (?,?,?,?,?,?,?,?,?)
Hibernate: insert into beer (beer_name,beer_style,created_date,price,quantity_on_hand,upc,update_date,version,id) values (?,?,?,?,?,?,?,?,?)
Hibernate: insert into beer (beer_name,beer_style,created_date,price,quantity_on_hand,upc,update_date,version,id) values (?,?,?,?,?,?,?,?,?)
Hibernate: insert into beer (beer_name,beer_style,created_date,price,quantity_on_hand,upc,update_date,version,id) values (?,?,?,?,?,?,?,?,?)
Hibernate: insert into beer (beer_name,beer_style,created_date,price,quantity_on_hand,upc,update_date,version,id) values (?,?,?,?,?,?,?,?,?)
Hibernate: insert into beer (beer_name,beer_style,created_date,price,quantity_on_hand,upc,update_date,version,id) values (?,?,?,?,?,?,?,?,?)
Hibernate: insert into beer (beer_name,beer_style,created_date,price,quantity_on_hand,upc,update_date,version,id) values (?,?,?,?,?,?,?,?,?)
Hibernate: insert into beer (beer_name,beer_style,created_date,price,quantity_on_hand,upc,update_date,version,id) values (?,?,?,?,?,?,?,?,?)
Hibernate: insert into beer (beer_name,beer_style,created_date,price,quantity_on_hand,upc,update_date,version,id) values (?,?,?,?,?,?,?,?,?)
Hibernate: insert into beer (beer_name,beer_style,created_date,price,quantity_on_hand,upc,update_date,version,id) values (?,?,?,?,?,?,?,?,?)
Hibernate: insert into beer (beer_name,beer_style,created_date,price,quantity_on_hand,upc,update_date,version,id) values (?,?,?,?,?,?,?,?,?)
Hibernate: insert into beer (beer_name,beer_style,created_date,price,quantity_on_hand,upc,update_date,version,id) values (?,?,?,?,?,?,?,?,?)
Hibernate: insert into beer (beer_name,beer_style,created_date,price,quantity_on_hand,upc,update_date,version,id) values (?,?,?,?,?,?,?,?,?)
Hibernate: insert into beer (beer_name,beer_style,created_date,price,quantity_on_hand,upc,update_date,version,id) values (?,?,?,?,?,?,?,?,?)
Hibernate: insert into beer (beer_name,beer_style,created_date,price,quantity_on_hand,upc,update_date,version,id) values (?,?,?,?,?,?,?,?,?)
Hibernate: insert into beer (beer_name,beer_style,created_date,price,quantity_on_hand,upc,update_date,version,id) values (?,?,?,?,?,?,?,?,?)
Hibernate: insert into beer (beer_name,beer_style,created_date,price,quantity_on_hand,upc,update_date,version,id) values (?,?,?,?,?,?,?,?,?)
Hibernate: insert into beer (beer_name,beer_style,created_date,price,quantity_on_hand,upc,update_date,version,id) values (?,?,?,?,?,?,?,?,?)
Hibernate: insert into beer (beer_name,beer_style,created_date,price,quantity_on_hand,upc,update_date,version,id) values (?,?,?,?,?,?,?,?,?)
Hibernate: insert into beer (beer_name,beer_style,created_date,price,quantity_on_hand,upc,update_date,version,id) values (?,?,?,?,?,?,?,?,?)
Hibernate: insert into beer (beer_name,beer_style,created_date,price,quantity_on_hand,upc,update_date,version,id) values (?,?,?,?,?,?,?,?,?)
Hibernate: insert into beer (beer_name,beer_style,created_date,price,quantity_on_hand,upc,update_date,version,id) values (?,?,?,?,?,?,?,?,?)
Hibernate: insert into beer (beer_name,beer_style,created_date,price,quantity_on_hand,upc,update_date,version,id) values (?,?,?,?,?,?,?,?,?)
Hibernate: insert into beer (beer_name,beer_style,created_date,price,quantity_on_hand,upc,update_date,version,id) values (?,?,?,?,?,?,?,?,?)
Hibernate: insert into beer (beer_name,beer_style,created_date,price,quantity_on_hand,upc,update_date,version,id) values (?,?,?,?,?,?,?,?,?)
Hibernate: insert into beer (beer_name,beer_style,created_date,price,quantity_on_hand,upc,update_date,version,id) values (?,?,?,?,?,?,?,?,?)
Hibernate: insert into beer (beer_name,beer_style,created_date,price,quantity_on_hand,upc,update_date,version,id) values (?,?,?,?,?,?,?,?,?)
Hibernate: insert into beer (beer_name,beer_style,created_date,price,quantity_on_hand,upc,update_date,version,id) values (?,?,?,?,?,?,?,?,?)
Hibernate: insert into beer (beer_name,beer_style,created_date,price,quantity_on_hand,upc,update_date,version,id) values (?,?,?,?,?,?,?,?,?)
Hibernate: insert into beer (beer_name,beer_style,created_date,price,quantity_on_hand,upc,update_date,version,id) values (?,?,?,?,?,?,?,?,?)
Hibernate: insert into beer (beer_name,beer_style,created_date,price,quantity_on_hand,upc,update_date,version,id) values (?,?,?,?,?,?,?,?,?)
Hibernate: insert into beer (beer_name,beer_style,created_date,price,quantity_on_hand,upc,update_date,version,id) values (?,?,?,?,?,?,?,?,?)
Hibernate: insert into beer (beer_name,beer_style,created_date,price,quantity_on_hand,upc,update_date,version,id) values (?,?,?,?,?,?,?,?,?)
Hibernate: insert into beer (beer_name,beer_style,created_date,price,quantity_on_hand,upc,update_date,version,id) values (?,?,?,?,?,?,?,?,?)
Hibernate: insert into beer (beer_name,beer_style,created_date,price,quantity_on_hand,upc,update_date,version,id) values (?,?,?,?,?,?,?,?,?)
Hibernate: insert into beer (beer_name,beer_style,created_date,price,quantity_on_hand,upc,update_date,version,id) values (?,?,?,?,?,?,?,?,?)
Hibernate: insert into beer (beer_name,beer_style,created_date,price,quantity_on_hand,upc,update_date,version,id) values (?,?,?,?,?,?,?,?,?)
Hibernate: insert into beer (beer_name,beer_style,created_date,price,quantity_on_hand,upc,update_date,version,id) values (?,?,?,?,?,?,?,?,?)
Hibernate: insert into beer (beer_name,beer_style,created_date,price,quantity_on_hand,upc,update_date,version,id) values (?,?,?,?,?,?,?,?,?)
Hibernate: insert into beer (beer_name,beer_style,created_date,price,quantity_on_hand,upc,update_date,version,id) values (?,?,?,?,?,?,?,?,?)
Hibernate: insert into beer (beer_name,beer_style,created_date,price,quantity_on_hand,upc,update_date,version,id) values (?,?,?,?,?,?,?,?,?)
Hibernate: insert into beer (beer_name,beer_style,created_date,price,quantity_on_hand,upc,update_date,version,id) values (?,?,?,?,?,?,?,?,?)
Hibernate: insert into beer (beer_name,beer_style,created_date,price,quantity_on_hand,upc,update_date,version,id) values (?,?,?,?,?,?,?,?,?)
Hibernate: insert into beer (beer_name,beer_style,created_date,price,quantity_on_hand,upc,update_date,version,id) values (?,?,?,?,?,?,?,?,?)
Hibernate: insert into beer (beer_name,beer_style,created_date,price,quantity_on_hand,upc,update_date,version,id) values (?,?,?,?,?,?,?,?,?)
Hibernate: insert into beer (beer_name,beer_style,created_date,price,quantity_on_hand,upc,update_date,version,id) values (?,?,?,?,?,?,?,?,?)
Hibernate: insert into beer (beer_name,beer_style,created_date,price,quantity_on_hand,upc,update_date,version,id) values (?,?,?,?,?,?,?,?,?)
Hibernate: insert into beer (beer_name,beer_style,created_date,price,quantity_on_hand,upc,update_date,version,id) values (?,?,?,?,?,?,?,?,?)
Hibernate: insert into beer (beer_name,beer_style,created_date,price,quantity_on_hand,upc,update_date,version,id) values (?,?,?,?,?,?,?,?,?)
Hibernate: insert into beer (beer_name,beer_style,created_date,price,quantity_on_hand,upc,update_date,version,id) values (?,?,?,?,?,?,?,?,?)
Hibernate: insert into beer (beer_name,beer_style,created_date,price,quantity_on_hand,upc,update_date,version,id) values (?,?,?,?,?,?,?,?,?)
Hibernate: insert into beer (beer_name,beer_style,created_date,price,quantity_on_hand,upc,update_date,version,id) values (?,?,?,?,?,?,?,?,?)
Hibernate: insert into beer (beer_name,beer_style,created_date,price,quantity_on_hand,upc,update_date,version,id) values (?,?,?,?,?,?,?,?,?)
Hibernate: insert into beer (beer_name,beer_style,created_date,price,quantity_on_hand,upc,update_date,version,id) values (?,?,?,?,?,?,?,?,?)
Hibernate: insert into beer (beer_name,beer_style,created_date,price,quantity_on_hand,upc,update_date,version,id) values (?,?,?,?,?,?,?,?,?)
Hibernate: insert into beer (beer_name,beer_style,created_date,price,quantity_on_hand,upc,update_date,version,id) values (?,?,?,?,?,?,?,?,?)
Hibernate: insert into beer (beer_name,beer_style,created_date,price,quantity_on_hand,upc,update_date,version,id) values (?,?,?,?,?,?,?,?,?)
Hibernate: insert into beer (beer_name,beer_style,created_date,price,quantity_on_hand,upc,update_date,version,id) values (?,?,?,?,?,?,?,?,?)
Hibernate: insert into beer (beer_name,beer_style,created_date,price,quantity_on_hand,upc,update_date,version,id) values (?,?,?,?,?,?,?,?,?)
Hibernate: insert into beer (beer_name,beer_style,created_date,price,quantity_on_hand,upc,update_date,version,id) values (?,?,?,?,?,?,?,?,?)
Hibernate: insert into beer (beer_name,beer_style,created_date,price,quantity_on_hand,upc,update_date,version,id) values (?,?,?,?,?,?,?,?,?)
Hibernate: insert into beer (beer_name,beer_style,created_date,price,quantity_on_hand,upc,update_date,version,id) values (?,?,?,?,?,?,?,?,?)
Hibernate: insert into beer (beer_name,beer_style,created_date,price,quantity_on_hand,upc,update_date,version,id) values (?,?,?,?,?,?,?,?,?)
Hibernate: insert into beer (beer_name,beer_style,created_date,price,quantity_on_hand,upc,update_date,version,id) values (?,?,?,?,?,?,?,?,?)
Hibernate: insert into beer (beer_name,beer_style,created_date,price,quantity_on_hand,upc,update_date,version,id) values (?,?,?,?,?,?,?,?,?)
Hibernate: insert into beer (beer_name,beer_style,created_date,price,quantity_on_hand,upc,update_date,version,id) values (?,?,?,?,?,?,?,?,?)
Hibernate: insert into beer (beer_name,beer_style,created_date,price,quantity_on_hand,upc,update_date,version,id) values (?,?,?,?,?,?,?,?,?)
Hibernate: insert into beer (beer_name,beer_style,created_date,price,quantity_on_hand,upc,update_date,version,id) values (?,?,?,?,?,?,?,?,?)
Hibernate: insert into beer (beer_name,beer_style,created_date,price,quantity_on_hand,upc,update_date,version,id) values (?,?,?,?,?,?,?,?,?)
Hibernate: insert into beer (beer_name,beer_style,created_date,price,quantity_on_hand,upc,update_date,version,id) values (?,?,?,?,?,?,?,?,?)
Hibernate: insert into beer (beer_name,beer_style,created_date,price,quantity_on_hand,upc,update_date,version,id) values (?,?,?,?,?,?,?,?,?)
Hibernate: insert into beer (beer_name,beer_style,created_date,price,quantity_on_hand,upc,update_date,version,id) values (?,?,?,?,?,?,?,?,?)
Hibernate: insert into beer (beer_name,beer_style,created_date,price,quantity_on_hand,upc,update_date,version,id) values (?,?,?,?,?,?,?,?,?)
Hibernate: insert into beer (beer_name,beer_style,created_date,price,quantity_on_hand,upc,update_date,version,id) values (?,?,?,?,?,?,?,?,?)
Hibernate: insert into beer (beer_name,beer_style,created_date,price,quantity_on_hand,upc,update_date,version,id) values (?,?,?,?,?,?,?,?,?)
Hibernate: insert into beer (beer_name,beer_style,created_date,price,quantity_on_hand,upc,update_date,version,id) values (?,?,?,?,?,?,?,?,?)
Hibernate: insert into beer (beer_name,beer_style,created_date,price,quantity_on_hand,upc,update_date,version,id) values (?,?,?,?,?,?,?,?,?)
Hibernate: insert into beer (beer_name,beer_style,created_date,price,quantity_on_hand,upc,update_date,version,id) values (?,?,?,?,?,?,?,?,?)
Hibernate: insert into beer (beer_name,beer_style,created_date,price,quantity_on_hand,upc,update_date,version,id) values (?,?,?,?,?,?,?,?,?)
Hibernate: insert into beer (beer_name,beer_style,created_date,price,quantity_on_hand,upc,update_date,version,id) values (?,?,?,?,?,?,?,?,?)
Hibernate: insert into beer (beer_name,beer_style,created_date,price,quantity_on_hand,upc,update_date,version,id) values (?,?,?,?,?,?,?,?,?)
Hibernate: insert into beer (beer_name,beer_style,created_date,price,quantity_on_hand,upc,update_date,version,id) values (?,?,?,?,?,?,?,?,?)
Hibernate: insert into beer (beer_name,beer_style,created_date,price,quantity_on_hand,upc,update_date,version,id) values (?,?,?,?,?,?,?,?,?)
Hibernate: insert into beer (beer_name,beer_style,created_date,price,quantity_on_hand,upc,update_date,version,id) values (?,?,?,?,?,?,?,?,?)
Hibernate: insert into beer (beer_name,beer_style,created_date,price,quantity_on_hand,upc,update_date,version,id) values (?,?,?,?,?,?,?,?,?)
Hibernate: insert into beer (beer_name,beer_style,created_date,price,quantity_on_hand,upc,update_date,version,id) values (?,?,?,?,?,?,?,?,?)
Hibernate: insert into beer (beer_name,beer_style,created_date,price,quantity_on_hand,upc,update_date,version,id) values (?,?,?,?,?,?,?,?,?)
Hibernate: insert into beer (beer_name,beer_style,created_date,price,quantity_on_hand,upc,update_date,version,id) values (?,?,?,?,?,?,?,?,?)
Hibernate: insert into beer (beer_name,beer_style,created_date,price,quantity_on_hand,upc,update_date,version,id) values (?,?,?,?,?,?,?,?,?)
Hibernate: insert into beer (beer_name,beer_style,created_date,price,quantity_on_hand,upc,update_date,version,id) values (?,?,?,?,?,?,?,?,?)
Hibernate: insert into beer (beer_name,beer_style,created_date,price,quantity_on_hand,upc,update_date,version,id) values (?,?,?,?,?,?,?,?,?)
Hibernate: insert into beer (beer_name,beer_style,created_date,price,quantity_on_hand,upc,update_date,version,id) values (?,?,?,?,?,?,?,?,?)
Hibernate: insert into beer (beer_name,beer_style,created_date,price,quantity_on_hand,upc,update_date,version,id) values (?,?,?,?,?,?,?,?,?)
Hibernate: insert into beer (beer_name,beer_style,created_date,price,quantity_on_hand,upc,update_date,version,id) values (?,?,?,?,?,?,?,?,?)
Hibernate: insert into beer (beer_name,beer_style,created_date,price,quantity_on_hand,upc,update_date,version,id) values (?,?,?,?,?,?,?,?,?)
Hibernate: insert into beer (beer_name,beer_style,created_date,price,quantity_on_hand,upc,update_date,version,id) values (?,?,?,?,?,?,?,?,?)
Hibernate: insert into beer (beer_name,beer_style,created_date,price,quantity_on_hand,upc,update_date,version,id) values (?,?,?,?,?,?,?,?,?)
Hibernate: insert into beer (beer_name,beer_style,created_date,price,quantity_on_hand,upc,update_date,version,id) values (?,?,?,?,?,?,?,?,?)
Hibernate: insert into beer (beer_name,beer_style,created_date,price,quantity_on_hand,upc,update_date,version,id) values (?,?,?,?,?,?,?,?,?)
Hibernate: insert into beer (beer_name,beer_style,created_date,price,quantity_on_hand,upc,update_date,version,id) values (?,?,?,?,?,?,?,?,?)
Hibernate: insert into beer (beer_name,beer_style,created_date,price,quantity_on_hand,upc,update_date,version,id) values (?,?,?,?,?,?,?,?,?)
Hibernate: insert into beer (beer_name,beer_style,created_date,price,quantity_on_hand,upc,update_date,version,id) values (?,?,?,?,?,?,?,?,?)
Hibernate: insert into beer (beer_name,beer_style,created_date,price,quantity_on_hand,upc,update_date,version,id) values (?,?,?,?,?,?,?,?,?)
Hibernate: insert into beer (beer_name,beer_style,created_date,price,quantity_on_hand,upc,update_date,version,id) values (?,?,?,?,?,?,?,?,?)
Hibernate: insert into beer (beer_name,beer_style,created_date,price,quantity_on_hand,upc,update_date,version,id) values (?,?,?,?,?,?,?,?,?)
Hibernate: insert into beer (beer_name,beer_style,created_date,price,quantity_on_hand,upc,update_date,version,id) values (?,?,?,?,?,?,?,?,?)
Hibernate: insert into beer (beer_name,beer_style,created_date,price,quantity_on_hand,upc,update_date,version,id) values (?,?,?,?,?,?,?,?,?)
Hibernate: insert into beer (beer_name,beer_style,created_date,price,quantity_on_hand,upc,update_date,version,id) values (?,?,?,?,?,?,?,?,?)
Hibernate: insert into beer (beer_name,beer_style,created_date,price,quantity_on_hand,upc,update_date,version,id) values (?,?,?,?,?,?,?,?,?)
Hibernate: insert into beer (beer_name,beer_style,created_date,price,quantity_on_hand,upc,update_date,version,id) values (?,?,?,?,?,?,?,?,?)
Hibernate: insert into beer (beer_name,beer_style,created_date,price,quantity_on_hand,upc,update_date,version,id) values (?,?,?,?,?,?,?,?,?)
Hibernate: insert into beer (beer_name,beer_style,created_date,price,quantity_on_hand,upc,update_date,version,id) values (?,?,?,?,?,?,?,?,?)
Hibernate: insert into beer (beer_name,beer_style,created_date,price,quantity_on_hand,upc,update_date,version,id) values (?,?,?,?,?,?,?,?,?)
Hibernate: insert into beer (beer_name,beer_style,created_date,price,quantity_on_hand,upc,update_date,version,id) values (?,?,?,?,?,?,?,?,?)
Hibernate: insert into beer (beer_name,beer_style,created_date,price,quantity_on_hand,upc,update_date,version,id) values (?,?,?,?,?,?,?,?,?)
Hibernate: insert into beer (beer_name,beer_style,created_date,price,quantity_on_hand,upc,update_date,version,id) values (?,?,?,?,?,?,?,?,?)
Hibernate: insert into beer (beer_name,beer_style,created_date,price,quantity_on_hand,upc,update_date,version,id) values (?,?,?,?,?,?,?,?,?)
Hibernate: insert into beer (beer_name,beer_style,created_date,price,quantity_on_hand,upc,update_date,version,id) values (?,?,?,?,?,?,?,?,?)
Hibernate: insert into beer (beer_name,beer_style,created_date,price,quantity_on_hand,upc,update_date,version,id) values (?,?,?,?,?,?,?,?,?)
Hibernate: insert into beer (beer_name,beer_style,created_date,price,quantity_on_hand,upc,update_date,version,id) values (?,?,?,?,?,?,?,?,?)
Hibernate: insert into beer (beer_name,beer_style,created_date,price,quantity_on_hand,upc,update_date,version,id) values (?,?,?,?,?,?,?,?,?)
Hibernate: insert into beer (beer_name,beer_style,created_date,price,quantity_on_hand,upc,update_date,version,id) values (?,?,?,?,?,?,?,?,?)
Hibernate: insert into beer (beer_name,beer_style,created_date,price,quantity_on_hand,upc,update_date,version,id) values (?,?,?,?,?,?,?,?,?)
Hibernate: insert into beer (beer_name,beer_style,created_date,price,quantity_on_hand,upc,update_date,version,id) values (?,?,?,?,?,?,?,?,?)
Hibernate: insert into beer (beer_name,beer_style,created_date,price,quantity_on_hand,upc,update_date,version,id) values (?,?,?,?,?,?,?,?,?)
Hibernate: insert into beer (beer_name,beer_style,created_date,price,quantity_on_hand,upc,update_date,version,id) values (?,?,?,?,?,?,?,?,?)
Hibernate: insert into beer (beer_name,beer_style,created_date,price,quantity_on_hand,upc,update_date,version,id) values (?,?,?,?,?,?,?,?,?)
Hibernate: insert into beer (beer_name,beer_style,created_date,price,quantity_on_hand,upc,update_date,version,id) values (?,?,?,?,?,?,?,?,?)
Hibernate: insert into beer (beer_name,beer_style,created_date,price,quantity_on_hand,upc,update_date,version,id) values (?,?,?,?,?,?,?,?,?)
Hibernate: insert into beer (beer_name,beer_style,created_date,price,quantity_on_hand,upc,update_date,version,id) values (?,?,?,?,?,?,?,?,?)
Hibernate: insert into beer (beer_name,beer_style,created_date,price,quantity_on_hand,upc,update_date,version,id) values (?,?,?,?,?,?,?,?,?)
Hibernate: insert into beer (beer_name,beer_style,created_date,price,quantity_on_hand,upc,update_date,version,id) values (?,?,?,?,?,?,?,?,?)
Hibernate: insert into beer (beer_name,beer_style,created_date,price,quantity_on_hand,upc,update_date,version,id) values (?,?,?,?,?,?,?,?,?)
Hibernate: insert into beer (beer_name,beer_style,created_date,price,quantity_on_hand,upc,update_date,version,id) values (?,?,?,?,?,?,?,?,?)
Hibernate: insert into beer (beer_name,beer_style,created_date,price,quantity_on_hand,upc,update_date,version,id) values (?,?,?,?,?,?,?,?,?)
Hibernate: insert into beer (beer_name,beer_style,created_date,price,quantity_on_hand,upc,update_date,version,id) values (?,?,?,?,?,?,?,?,?)
Hibernate: insert into beer (beer_name,beer_style,created_date,price,quantity_on_hand,upc,update_date,version,id) values (?,?,?,?,?,?,?,?,?)
Hibernate: insert into beer (beer_name,beer_style,created_date,price,quantity_on_hand,upc,update_date,version,id) values (?,?,?,?,?,?,?,?,?)
Hibernate: insert into beer (beer_name,beer_style,created_date,price,quantity_on_hand,upc,update_date,version,id) values (?,?,?,?,?,?,?,?,?)
Hibernate: insert into beer (beer_name,beer_style,created_date,price,quantity_on_hand,upc,update_date,version,id) values (?,?,?,?,?,?,?,?,?)
Hibernate: insert into beer (beer_name,beer_style,created_date,price,quantity_on_hand,upc,update_date,version,id) values (?,?,?,?,?,?,?,?,?)
Hibernate: insert into beer (beer_name,beer_style,created_date,price,quantity_on_hand,upc,update_date,version,id) values (?,?,?,?,?,?,?,?,?)
Hibernate: insert into beer (beer_name,beer_style,created_date,price,quantity_on_hand,upc,update_date,version,id) values (?,?,?,?,?,?,?,?,?)
Hibernate: insert into beer (beer_name,beer_style,created_date,price,quantity_on_hand,upc,update_date,version,id) values (?,?,?,?,?,?,?,?,?)
Hibernate: insert into beer (beer_name,beer_style,created_date,price,quantity_on_hand,upc,update_date,version,id) values (?,?,?,?,?,?,?,?,?)
Hibernate: insert into beer (beer_name,beer_style,created_date,price,quantity_on_hand,upc,update_date,version,id) values (?,?,?,?,?,?,?,?,?)
Hibernate: insert into beer (beer_name,beer_style,created_date,price,quantity_on_hand,upc,update_date,version,id) values (?,?,?,?,?,?,?,?,?)
Hibernate: insert into beer (beer_name,beer_style,created_date,price,quantity_on_hand,upc,update_date,version,id) values (?,?,?,?,?,?,?,?,?)
Hibernate: insert into beer (beer_name,beer_style,created_date,price,quantity_on_hand,upc,update_date,version,id) values (?,?,?,?,?,?,?,?,?)
Hibernate: insert into beer (beer_name,beer_style,created_date,price,quantity_on_hand,upc,update_date,version,id) values (?,?,?,?,?,?,?,?,?)
Hibernate: insert into beer (beer_name,beer_style,created_date,price,quantity_on_hand,upc,update_date,version,id) values (?,?,?,?,?,?,?,?,?)
Hibernate: insert into beer (beer_name,beer_style,created_date,price,quantity_on_hand,upc,update_date,version,id) values (?,?,?,?,?,?,?,?,?)
Hibernate: insert into beer (beer_name,beer_style,created_date,price,quantity_on_hand,upc,update_date,version,id) values (?,?,?,?,?,?,?,?,?)
Hibernate: insert into beer (beer_name,beer_style,created_date,price,quantity_on_hand,upc,update_date,version,id) values (?,?,?,?,?,?,?,?,?)
Hibernate: insert into beer (beer_name,beer_style,created_date,price,quantity_on_hand,upc,update_date,version,id) values (?,?,?,?,?,?,?,?,?)
Hibernate: insert into beer (beer_name,beer_style,created_date,price,quantity_on_hand,upc,update_date,version,id) values (?,?,?,?,?,?,?,?,?)
Hibernate: insert into beer (beer_name,beer_style,created_date,price,quantity_on_hand,upc,update_date,version,id) values (?,?,?,?,?,?,?,?,?)
Hibernate: insert into beer (beer_name,beer_style,created_date,price,quantity_on_hand,upc,update_date,version,id) values (?,?,?,?,?,?,?,?,?)
Hibernate: insert into beer (beer_name,beer_style,created_date,price,quantity_on_hand,upc,update_date,version,id) values (?,?,?,?,?,?,?,?,?)
Hibernate: insert into beer (beer_name,beer_style,created_date,price,quantity_on_hand,upc,update_date,version,id) values (?,?,?,?,?,?,?,?,?)
Hibernate: insert into beer (beer_name,beer_style,created_date,price,quantity_on_hand,upc,update_date,version,id) values (?,?,?,?,?,?,?,?,?)
Hibernate: insert into beer (beer_name,beer_style,created_date,price,quantity_on_hand,upc,update_date,version,id) values (?,?,?,?,?,?,?,?,?)
Hibernate: insert into beer (beer_name,beer_style,created_date,price,quantity_on_hand,upc,update_date,version,id) values (?,?,?,?,?,?,?,?,?)
Hibernate: insert into beer (beer_name,beer_style,created_date,price,quantity_on_hand,upc,update_date,version,id) values (?,?,?,?,?,?,?,?,?)
Hibernate: insert into beer (beer_name,beer_style,created_date,price,quantity_on_hand,upc,update_date,version,id) values (?,?,?,?,?,?,?,?,?)
Hibernate: insert into beer (beer_name,beer_style,created_date,price,quantity_on_hand,upc,update_date,version,id) values (?,?,?,?,?,?,?,?,?)
Hibernate: insert into beer (beer_name,beer_style,created_date,price,quantity_on_hand,upc,update_date,version,id) values (?,?,?,?,?,?,?,?,?)
Hibernate: insert into beer (beer_name,beer_style,created_date,price,quantity_on_hand,upc,update_date,version,id) values (?,?,?,?,?,?,?,?,?)
Hibernate: insert into beer (beer_name,beer_style,created_date,price,quantity_on_hand,upc,update_date,version,id) values (?,?,?,?,?,?,?,?,?)
Hibernate: insert into beer (beer_name,beer_style,created_date,price,quantity_on_hand,upc,update_date,version,id) values (?,?,?,?,?,?,?,?,?)
Hibernate: insert into beer (beer_name,beer_style,created_date,price,quantity_on_hand,upc,update_date,version,id) values (?,?,?,?,?,?,?,?,?)
Hibernate: insert into beer (beer_name,beer_style,created_date,price,quantity_on_hand,upc,update_date,version,id) values (?,?,?,?,?,?,?,?,?)
Hibernate: insert into beer (beer_name,beer_style,created_date,price,quantity_on_hand,upc,update_date,version,id) values (?,?,?,?,?,?,?,?,?)
Hibernate: insert into beer (beer_name,beer_style,created_date,price,quantity_on_hand,upc,update_date,version,id) values (?,?,?,?,?,?,?,?,?)
Hibernate: insert into beer (beer_name,beer_style,created_date,price,quantity_on_hand,upc,update_date,version,id) values (?,?,?,?,?,?,?,?,?)
Hibernate: insert into beer (beer_name,beer_style,created_date,price,quantity_on_hand,upc,update_date,version,id) values (?,?,?,?,?,?,?,?,?)
Hibernate: insert into beer (beer_name,beer_style,created_date,price,quantity_on_hand,upc,update_date,version,id) values (?,?,?,?,?,?,?,?,?)
Hibernate: insert into beer (beer_name,beer_style,created_date,price,quantity_on_hand,upc,update_date,version,id) values (?,?,?,?,?,?,?,?,?)
Hibernate: insert into beer (beer_name,beer_style,created_date,price,quantity_on_hand,upc,update_date,version,id) values (?,?,?,?,?,?,?,?,?)
Hibernate: insert into beer (beer_name,beer_style,created_date,price,quantity_on_hand,upc,update_date,version,id) values (?,?,?,?,?,?,?,?,?)
Hibernate: insert into beer (beer_name,beer_style,created_date,price,quantity_on_hand,upc,update_date,version,id) values (?,?,?,?,?,?,?,?,?)
Hibernate: insert into beer (beer_name,beer_style,created_date,price,quantity_on_hand,upc,update_date,version,id) values (?,?,?,?,?,?,?,?,?)
Hibernate: insert into beer (beer_name,beer_style,created_date,price,quantity_on_hand,upc,update_date,version,id) values (?,?,?,?,?,?,?,?,?)
Hibernate: insert into beer (beer_name,beer_style,created_date,price,quantity_on_hand,upc,update_date,version,id) values (?,?,?,?,?,?,?,?,?)
Hibernate: insert into beer (beer_name,beer_style,created_date,price,quantity_on_hand,upc,update_date,version,id) values (?,?,?,?,?,?,?,?,?)
Hibernate: insert into beer (beer_name,beer_style,created_date,price,quantity_on_hand,upc,update_date,version,id) values (?,?,?,?,?,?,?,?,?)
Hibernate: insert into beer (beer_name,beer_style,created_date,price,quantity_on_hand,upc,update_date,version,id) values (?,?,?,?,?,?,?,?,?)
Hibernate: insert into beer (beer_name,beer_style,created_date,price,quantity_on_hand,upc,update_date,version,id) values (?,?,?,?,?,?,?,?,?)
Hibernate: insert into beer (beer_name,beer_style,created_date,price,quantity_on_hand,upc,update_date,version,id) values (?,?,?,?,?,?,?,?,?)
Hibernate: insert into beer (beer_name,beer_style,created_date,price,quantity_on_hand,upc,update_date,version,id) values (?,?,?,?,?,?,?,?,?)
Hibernate: insert into beer (beer_name,beer_style,created_date,price,quantity_on_hand,upc,update_date,version,id) values (?,?,?,?,?,?,?,?,?)
Hibernate: insert into beer (beer_name,beer_style,created_date,price,quantity_on_hand,upc,update_date,version,id) values (?,?,?,?,?,?,?,?,?)
Hibernate: insert into beer (beer_name,beer_style,created_date,price,quantity_on_hand,upc,update_date,version,id) values (?,?,?,?,?,?,?,?,?)
Hibernate: insert into beer (beer_name,beer_style,created_date,price,quantity_on_hand,upc,update_date,version,id) values (?,?,?,?,?,?,?,?,?)
Hibernate: insert into beer (beer_name,beer_style,created_date,price,quantity_on_hand,upc,update_date,version,id) values (?,?,?,?,?,?,?,?,?)
Hibernate: insert into beer (beer_name,beer_style,created_date,price,quantity_on_hand,upc,update_date,version,id) values (?,?,?,?,?,?,?,?,?)
Hibernate: insert into beer (beer_name,beer_style,created_date,price,quantity_on_hand,upc,update_date,version,id) values (?,?,?,?,?,?,?,?,?)
Hibernate: insert into beer (beer_name,beer_style,created_date,price,quantity_on_hand,upc,update_date,version,id) values (?,?,?,?,?,?,?,?,?)
Hibernate: insert into beer (beer_name,beer_style,created_date,price,quantity_on_hand,upc,update_date,version,id) values (?,?,?,?,?,?,?,?,?)
Hibernate: insert into beer (beer_name,beer_style,created_date,price,quantity_on_hand,upc,update_date,version,id) values (?,?,?,?,?,?,?,?,?)
Hibernate: insert into beer (beer_name,beer_style,created_date,price,quantity_on_hand,upc,update_date,version,id) values (?,?,?,?,?,?,?,?,?)
Hibernate: insert into beer (beer_name,beer_style,created_date,price,quantity_on_hand,upc,update_date,version,id) values (?,?,?,?,?,?,?,?,?)
Hibernate: insert into beer (beer_name,beer_style,created_date,price,quantity_on_hand,upc,update_date,version,id) values (?,?,?,?,?,?,?,?,?)
Hibernate: insert into beer (beer_name,beer_style,created_date,price,quantity_on_hand,upc,update_date,version,id) values (?,?,?,?,?,?,?,?,?)
Hibernate: insert into beer (beer_name,beer_style,created_date,price,quantity_on_hand,upc,update_date,version,id) values (?,?,?,?,?,?,?,?,?)
Hibernate: insert into beer (beer_name,beer_style,created_date,price,quantity_on_hand,upc,update_date,version,id) values (?,?,?,?,?,?,?,?,?)
Hibernate: insert into beer (beer_name,beer_style,created_date,price,quantity_on_hand,upc,update_date,version,id) values (?,?,?,?,?,?,?,?,?)
Hibernate: insert into beer (beer_name,beer_style,created_date,price,quantity_on_hand,upc,update_date,version,id) values (?,?,?,?,?,?,?,?,?)
Hibernate: insert into beer (beer_name,beer_style,created_date,price,quantity_on_hand,upc,update_date,version,id) values (?,?,?,?,?,?,?,?,?)
Hibernate: insert into beer (beer_name,beer_style,created_date,price,quantity_on_hand,upc,update_date,version,id) values (?,?,?,?,?,?,?,?,?)
Hibernate: insert into beer (beer_name,beer_style,created_date,price,quantity_on_hand,upc,update_date,version,id) values (?,?,?,?,?,?,?,?,?)
Hibernate: insert into beer (beer_name,beer_style,created_date,price,quantity_on_hand,upc,update_date,version,id) values (?,?,?,?,?,?,?,?,?)
Hibernate: insert into beer (beer_name,beer_style,created_date,price,quantity_on_hand,upc,update_date,version,id) values (?,?,?,?,?,?,?,?,?)
Hibernate: insert into beer (beer_name,beer_style,created_date,price,quantity_on_hand,upc,update_date,version,id) values (?,?,?,?,?,?,?,?,?)
Hibernate: insert into beer (beer_name,beer_style,created_date,price,quantity_on_hand,upc,update_date,version,id) values (?,?,?,?,?,?,?,?,?)
Hibernate: insert into beer (beer_name,beer_style,created_date,price,quantity_on_hand,upc,update_date,version,id) values (?,?,?,?,?,?,?,?,?)
Hibernate: insert into beer (beer_name,beer_style,created_date,price,quantity_on_hand,upc,update_date,version,id) values (?,?,?,?,?,?,?,?,?)
Hibernate: insert into beer (beer_name,beer_style,created_date,price,quantity_on_hand,upc,update_date,version,id) values (?,?,?,?,?,?,?,?,?)
Hibernate: insert into beer (beer_name,beer_style,created_date,price,quantity_on_hand,upc,update_date,version,id) values (?,?,?,?,?,?,?,?,?)
Hibernate: insert into beer (beer_name,beer_style,created_date,price,quantity_on_hand,upc,update_date,version,id) values (?,?,?,?,?,?,?,?,?)
Hibernate: insert into beer (beer_name,beer_style,created_date,price,quantity_on_hand,upc,update_date,version,id) values (?,?,?,?,?,?,?,?,?)
Hibernate: insert into beer (beer_name,beer_style,created_date,price,quantity_on_hand,upc,update_date,version,id) values (?,?,?,?,?,?,?,?,?)
Hibernate: insert into beer (beer_name,beer_style,created_date,price,quantity_on_hand,upc,update_date,version,id) values (?,?,?,?,?,?,?,?,?)
Hibernate: insert into beer (beer_name,beer_style,created_date,price,quantity_on_hand,upc,update_date,version,id) values (?,?,?,?,?,?,?,?,?)
Hibernate: insert into beer (beer_name,beer_style,created_date,price,quantity_on_hand,upc,update_date,version,id) values (?,?,?,?,?,?,?,?,?)
Hibernate: insert into beer (beer_name,beer_style,created_date,price,quantity_on_hand,upc,update_date,version,id) values (?,?,?,?,?,?,?,?,?)
Hibernate: insert into beer (beer_name,beer_style,created_date,price,quantity_on_hand,upc,update_date,version,id) values (?,?,?,?,?,?,?,?,?)
Hibernate: insert into beer (beer_name,beer_style,created_date,price,quantity_on_hand,upc,update_date,version,id) values (?,?,?,?,?,?,?,?,?)
Hibernate: insert into beer (beer_name,beer_style,created_date,price,quantity_on_hand,upc,update_date,version,id) values (?,?,?,?,?,?,?,?,?)
Hibernate: insert into beer (beer_name,beer_style,created_date,price,quantity_on_hand,upc,update_date,version,id) values (?,?,?,?,?,?,?,?,?)
Hibernate: insert into beer (beer_name,beer_style,created_date,price,quantity_on_hand,upc,update_date,version,id) values (?,?,?,?,?,?,?,?,?)
Hibernate: insert into beer (beer_name,beer_style,created_date,price,quantity_on_hand,upc,update_date,version,id) values (?,?,?,?,?,?,?,?,?)
Hibernate: insert into beer (beer_name,beer_style,created_date,price,quantity_on_hand,upc,update_date,version,id) values (?,?,?,?,?,?,?,?,?)
Hibernate: insert into beer (beer_name,beer_style,created_date,price,quantity_on_hand,upc,update_date,version,id) values (?,?,?,?,?,?,?,?,?)
Hibernate: insert into beer (beer_name,beer_style,created_date,price,quantity_on_hand,upc,update_date,version,id) values (?,?,?,?,?,?,?,?,?)
Hibernate: insert into beer (beer_name,beer_style,created_date,price,quantity_on_hand,upc,update_date,version,id) values (?,?,?,?,?,?,?,?,?)
Hibernate: insert into beer (beer_name,beer_style,created_date,price,quantity_on_hand,upc,update_date,version,id) values (?,?,?,?,?,?,?,?,?)
Hibernate: insert into beer (beer_name,beer_style,created_date,price,quantity_on_hand,upc,update_date,version,id) values (?,?,?,?,?,?,?,?,?)
Hibernate: insert into beer (beer_name,beer_style,created_date,price,quantity_on_hand,upc,update_date,version,id) values (?,?,?,?,?,?,?,?,?)
Hibernate: insert into beer (beer_name,beer_style,created_date,price,quantity_on_hand,upc,update_date,version,id) values (?,?,?,?,?,?,?,?,?)
Hibernate: insert into beer (beer_name,beer_style,created_date,price,quantity_on_hand,upc,update_date,version,id) values (?,?,?,?,?,?,?,?,?)
Hibernate: insert into beer (beer_name,beer_style,created_date,price,quantity_on_hand,upc,update_date,version,id) values (?,?,?,?,?,?,?,?,?)
Hibernate: insert into beer (beer_name,beer_style,created_date,price,quantity_on_hand,upc,update_date,version,id) values (?,?,?,?,?,?,?,?,?)
Hibernate: insert into beer (beer_name,beer_style,created_date,price,quantity_on_hand,upc,update_date,version,id) values (?,?,?,?,?,?,?,?,?)
Hibernate: insert into beer (beer_name,beer_style,created_date,price,quantity_on_hand,upc,update_date,version,id) values (?,?,?,?,?,?,?,?,?)
Hibernate: insert into beer (beer_name,beer_style,created_date,price,quantity_on_hand,upc,update_date,version,id) values (?,?,?,?,?,?,?,?,?)
Hibernate: insert into beer (beer_name,beer_style,created_date,price,quantity_on_hand,upc,update_date,version,id) values (?,?,?,?,?,?,?,?,?)
Hibernate: insert into beer (beer_name,beer_style,created_date,price,quantity_on_hand,upc,update_date,version,id) values (?,?,?,?,?,?,?,?,?)
Hibernate: insert into beer (beer_name,beer_style,created_date,price,quantity_on_hand,upc,update_date,version,id) values (?,?,?,?,?,?,?,?,?)
Hibernate: insert into beer (beer_name,beer_style,created_date,price,quantity_on_hand,upc,update_date,version,id) values (?,?,?,?,?,?,?,?,?)
Hibernate: insert into beer (beer_name,beer_style,created_date,price,quantity_on_hand,upc,update_date,version,id) values (?,?,?,?,?,?,?,?,?)
Hibernate: insert into beer (beer_name,beer_style,created_date,price,quantity_on_hand,upc,update_date,version,id) values (?,?,?,?,?,?,?,?,?)
Hibernate: insert into beer (beer_name,beer_style,created_date,price,quantity_on_hand,upc,update_date,version,id) values (?,?,?,?,?,?,?,?,?)
Hibernate: insert into beer (beer_name,beer_style,created_date,price,quantity_on_hand,upc,update_date,version,id) values (?,?,?,?,?,?,?,?,?)
Hibernate: insert into beer (beer_name,beer_style,created_date,price,quantity_on_hand,upc,update_date,version,id) values (?,?,?,?,?,?,?,?,?)
Hibernate: insert into beer (beer_name,beer_style,created_date,price,quantity_on_hand,upc,update_date,version,id) values (?,?,?,?,?,?,?,?,?)
Hibernate: insert into beer (beer_name,beer_style,created_date,price,quantity_on_hand,upc,update_date,version,id) values (?,?,?,?,?,?,?,?,?)
Hibernate: insert into beer (beer_name,beer_style,created_date,price,quantity_on_hand,upc,update_date,version,id) values (?,?,?,?,?,?,?,?,?)
Hibernate: insert into beer (beer_name,beer_style,created_date,price,quantity_on_hand,upc,update_date,version,id) values (?,?,?,?,?,?,?,?,?)
Hibernate: insert into beer (beer_name,beer_style,created_date,price,quantity_on_hand,upc,update_date,version,id) values (?,?,?,?,?,?,?,?,?)
Hibernate: insert into beer (beer_name,beer_style,created_date,price,quantity_on_hand,upc,update_date,version,id) values (?,?,?,?,?,?,?,?,?)
Hibernate: insert into beer (beer_name,beer_style,created_date,price,quantity_on_hand,upc,update_date,version,id) values (?,?,?,?,?,?,?,?,?)
Hibernate: insert into beer (beer_name,beer_style,created_date,price,quantity_on_hand,upc,update_date,version,id) values (?,?,?,?,?,?,?,?,?)
Hibernate: insert into beer (beer_name,beer_style,created_date,price,quantity_on_hand,upc,update_date,version,id) values (?,?,?,?,?,?,?,?,?)
Hibernate: insert into beer (beer_name,beer_style,created_date,price,quantity_on_hand,upc,update_date,version,id) values (?,?,?,?,?,?,?,?,?)
Hibernate: insert into beer (beer_name,beer_style,created_date,price,quantity_on_hand,upc,update_date,version,id) values (?,?,?,?,?,?,?,?,?)
Hibernate: insert into beer (beer_name,beer_style,created_date,price,quantity_on_hand,upc,update_date,version,id) values (?,?,?,?,?,?,?,?,?)
Hibernate: insert into beer (beer_name,beer_style,created_date,price,quantity_on_hand,upc,update_date,version,id) values (?,?,?,?,?,?,?,?,?)
Hibernate: insert into beer (beer_name,beer_style,created_date,price,quantity_on_hand,upc,update_date,version,id) values (?,?,?,?,?,?,?,?,?)
Hibernate: insert into beer (beer_name,beer_style,created_date,price,quantity_on_hand,upc,update_date,version,id) values (?,?,?,?,?,?,?,?,?)
Hibernate: insert into beer (beer_name,beer_style,created_date,price,quantity_on_hand,upc,update_date,version,id) values (?,?,?,?,?,?,?,?,?)
Hibernate: insert into beer (beer_name,beer_style,created_date,price,quantity_on_hand,upc,update_date,version,id) values (?,?,?,?,?,?,?,?,?)
Hibernate: insert into beer (beer_name,beer_style,created_date,price,quantity_on_hand,upc,update_date,version,id) values (?,?,?,?,?,?,?,?,?)
Hibernate: insert into beer (beer_name,beer_style,created_date,price,quantity_on_hand,upc,update_date,version,id) values (?,?,?,?,?,?,?,?,?)
Hibernate: insert into beer (beer_name,beer_style,created_date,price,quantity_on_hand,upc,update_date,version,id) values (?,?,?,?,?,?,?,?,?)
Hibernate: insert into beer (beer_name,beer_style,created_date,price,quantity_on_hand,upc,update_date,version,id) values (?,?,?,?,?,?,?,?,?)
Hibernate: insert into beer (beer_name,beer_style,created_date,price,quantity_on_hand,upc,update_date,version,id) values (?,?,?,?,?,?,?,?,?)
Hibernate: insert into beer (beer_name,beer_style,created_date,price,quantity_on_hand,upc,update_date,version,id) values (?,?,?,?,?,?,?,?,?)
Hibernate: insert into beer (beer_name,beer_style,created_date,price,quantity_on_hand,upc,update_date,version,id) values (?,?,?,?,?,?,?,?,?)
Hibernate: insert into beer (beer_name,beer_style,created_date,price,quantity_on_hand,upc,update_date,version,id) values (?,?,?,?,?,?,?,?,?)
Hibernate: insert into beer (beer_name,beer_style,created_date,price,quantity_on_hand,upc,update_date,version,id) values (?,?,?,?,?,?,?,?,?)
Hibernate: insert into beer (beer_name,beer_style,created_date,price,quantity_on_hand,upc,update_date,version,id) values (?,?,?,?,?,?,?,?,?)
Hibernate: insert into beer (beer_name,beer_style,created_date,price,quantity_on_hand,upc,update_date,version,id) values (?,?,?,?,?,?,?,?,?)
Hibernate: insert into beer (beer_name,beer_style,created_date,price,quantity_on_hand,upc,update_date,version,id) values (?,?,?,?,?,?,?,?,?)
Hibernate: insert into beer (beer_name,beer_style,created_date,price,quantity_on_hand,upc,update_date,version,id) values (?,?,?,?,?,?,?,?,?)
Hibernate: insert into beer (beer_name,beer_style,created_date,price,quantity_on_hand,upc,update_date,version,id) values (?,?,?,?,?,?,?,?,?)
Hibernate: insert into beer (beer_name,beer_style,created_date,price,quantity_on_hand,upc,update_date,version,id) values (?,?,?,?,?,?,?,?,?)
Hibernate: insert into beer (beer_name,beer_style,created_date,price,quantity_on_hand,upc,update_date,version,id) values (?,?,?,?,?,?,?,?,?)
Hibernate: insert into beer (beer_name,beer_style,created_date,price,quantity_on_hand,upc,update_date,version,id) values (?,?,?,?,?,?,?,?,?)
Hibernate: insert into beer (beer_name,beer_style,created_date,price,quantity_on_hand,upc,update_date,version,id) values (?,?,?,?,?,?,?,?,?)
Hibernate: insert into beer (beer_name,beer_style,created_date,price,quantity_on_hand,upc,update_date,version,id) values (?,?,?,?,?,?,?,?,?)
Hibernate: insert into beer (beer_name,beer_style,created_date,price,quantity_on_hand,upc,update_date,version,id) values (?,?,?,?,?,?,?,?,?)
Hibernate: insert into beer (beer_name,beer_style,created_date,price,quantity_on_hand,upc,update_date,version,id) values (?,?,?,?,?,?,?,?,?)
Hibernate: insert into beer (beer_name,beer_style,created_date,price,quantity_on_hand,upc,update_date,version,id) values (?,?,?,?,?,?,?,?,?)
Hibernate: insert into beer (beer_name,beer_style,created_date,price,quantity_on_hand,upc,update_date,version,id) values (?,?,?,?,?,?,?,?,?)
Hibernate: insert into beer (beer_name,beer_style,created_date,price,quantity_on_hand,upc,update_date,version,id) values (?,?,?,?,?,?,?,?,?)
Hibernate: insert into beer (beer_name,beer_style,created_date,price,quantity_on_hand,upc,update_date,version,id) values (?,?,?,?,?,?,?,?,?)
Hibernate: insert into beer (beer_name,beer_style,created_date,price,quantity_on_hand,upc,update_date,version,id) values (?,?,?,?,?,?,?,?,?)
Hibernate: insert into beer (beer_name,beer_style,created_date,price,quantity_on_hand,upc,update_date,version,id) values (?,?,?,?,?,?,?,?,?)
Hibernate: insert into beer (beer_name,beer_style,created_date,price,quantity_on_hand,upc,update_date,version,id) values (?,?,?,?,?,?,?,?,?)
Hibernate: insert into beer (beer_name,beer_style,created_date,price,quantity_on_hand,upc,update_date,version,id) values (?,?,?,?,?,?,?,?,?)
Hibernate: insert into beer (beer_name,beer_style,created_date,price,quantity_on_hand,upc,update_date,version,id) values (?,?,?,?,?,?,?,?,?)
Hibernate: insert into beer (beer_name,beer_style,created_date,price,quantity_on_hand,upc,update_date,version,id) values (?,?,?,?,?,?,?,?,?)
Hibernate: insert into beer (beer_name,beer_style,created_date,price,quantity_on_hand,upc,update_date,version,id) values (?,?,?,?,?,?,?,?,?)
Hibernate: insert into beer (beer_name,beer_style,created_date,price,quantity_on_hand,upc,update_date,version,id) values (?,?,?,?,?,?,?,?,?)
Hibernate: insert into beer (beer_name,beer_style,created_date,price,quantity_on_hand,upc,update_date,version,id) values (?,?,?,?,?,?,?,?,?)
Hibernate: insert into beer (beer_name,beer_style,created_date,price,quantity_on_hand,upc,update_date,version,id) values (?,?,?,?,?,?,?,?,?)
Hibernate: insert into beer (beer_name,beer_style,created_date,price,quantity_on_hand,upc,update_date,version,id) values (?,?,?,?,?,?,?,?,?)
Hibernate: insert into beer (beer_name,beer_style,created_date,price,quantity_on_hand,upc,update_date,version,id) values (?,?,?,?,?,?,?,?,?)
Hibernate: insert into beer (beer_name,beer_style,created_date,price,quantity_on_hand,upc,update_date,version,id) values (?,?,?,?,?,?,?,?,?)
Hibernate: insert into beer (beer_name,beer_style,created_date,price,quantity_on_hand,upc,update_date,version,id) values (?,?,?,?,?,?,?,?,?)
Hibernate: insert into beer (beer_name,beer_style,created_date,price,quantity_on_hand,upc,update_date,version,id) values (?,?,?,?,?,?,?,?,?)
Hibernate: insert into beer (beer_name,beer_style,created_date,price,quantity_on_hand,upc,update_date,version,id) values (?,?,?,?,?,?,?,?,?)
Hibernate: insert into beer (beer_name,beer_style,created_date,price,quantity_on_hand,upc,update_date,version,id) values (?,?,?,?,?,?,?,?,?)
Hibernate: insert into beer (beer_name,beer_style,created_date,price,quantity_on_hand,upc,update_date,version,id) values (?,?,?,?,?,?,?,?,?)
Hibernate: insert into beer (beer_name,beer_style,created_date,price,quantity_on_hand,upc,update_date,version,id) values (?,?,?,?,?,?,?,?,?)
Hibernate: insert into beer (beer_name,beer_style,created_date,price,quantity_on_hand,upc,update_date,version,id) values (?,?,?,?,?,?,?,?,?)
Hibernate: insert into beer (beer_name,beer_style,created_date,price,quantity_on_hand,upc,update_date,version,id) values (?,?,?,?,?,?,?,?,?)
Hibernate: insert into beer (beer_name,beer_style,created_date,price,quantity_on_hand,upc,update_date,version,id) values (?,?,?,?,?,?,?,?,?)
Hibernate: insert into beer (beer_name,beer_style,created_date,price,quantity_on_hand,upc,update_date,version,id) values (?,?,?,?,?,?,?,?,?)
Hibernate: insert into beer (beer_name,beer_style,created_date,price,quantity_on_hand,upc,update_date,version,id) values (?,?,?,?,?,?,?,?,?)
Hibernate: insert into beer (beer_name,beer_style,created_date,price,quantity_on_hand,upc,update_date,version,id) values (?,?,?,?,?,?,?,?,?)
Hibernate: insert into beer (beer_name,beer_style,created_date,price,quantity_on_hand,upc,update_date,version,id) values (?,?,?,?,?,?,?,?,?)
Hibernate: insert into beer (beer_name,beer_style,created_date,price,quantity_on_hand,upc,update_date,version,id) values (?,?,?,?,?,?,?,?,?)
Hibernate: insert into beer (beer_name,beer_style,created_date,price,quantity_on_hand,upc,update_date,version,id) values (?,?,?,?,?,?,?,?,?)
Hibernate: insert into beer (beer_name,beer_style,created_date,price,quantity_on_hand,upc,update_date,version,id) values (?,?,?,?,?,?,?,?,?)
Hibernate: insert into beer (beer_name,beer_style,created_date,price,quantity_on_hand,upc,update_date,version,id) values (?,?,?,?,?,?,?,?,?)
Hibernate: insert into beer (beer_name,beer_style,created_date,price,quantity_on_hand,upc,update_date,version,id) values (?,?,?,?,?,?,?,?,?)
Hibernate: insert into beer (beer_name,beer_style,created_date,price,quantity_on_hand,upc,update_date,version,id) values (?,?,?,?,?,?,?,?,?)
Hibernate: insert into beer (beer_name,beer_style,created_date,price,quantity_on_hand,upc,update_date,version,id) values (?,?,?,?,?,?,?,?,?)
Hibernate: insert into beer (beer_name,beer_style,created_date,price,quantity_on_hand,upc,update_date,version,id) values (?,?,?,?,?,?,?,?,?)
Hibernate: insert into beer (beer_name,beer_style,created_date,price,quantity_on_hand,upc,update_date,version,id) values (?,?,?,?,?,?,?,?,?)
Hibernate: insert into beer (beer_name,beer_style,created_date,price,quantity_on_hand,upc,update_date,version,id) values (?,?,?,?,?,?,?,?,?)
Hibernate: insert into beer (beer_name,beer_style,created_date,price,quantity_on_hand,upc,update_date,version,id) values (?,?,?,?,?,?,?,?,?)
Hibernate: insert into beer (beer_name,beer_style,created_date,price,quantity_on_hand,upc,update_date,version,id) values (?,?,?,?,?,?,?,?,?)
Hibernate: insert into beer (beer_name,beer_style,created_date,price,quantity_on_hand,upc,update_date,version,id) values (?,?,?,?,?,?,?,?,?)
Hibernate: insert into beer (beer_name,beer_style,created_date,price,quantity_on_hand,upc,update_date,version,id) values (?,?,?,?,?,?,?,?,?)
Hibernate: insert into beer (beer_name,beer_style,created_date,price,quantity_on_hand,upc,update_date,version,id) values (?,?,?,?,?,?,?,?,?)
Hibernate: insert into beer (beer_name,beer_style,created_date,price,quantity_on_hand,upc,update_date,version,id) values (?,?,?,?,?,?,?,?,?)
Hibernate: insert into beer (beer_name,beer_style,created_date,price,quantity_on_hand,upc,update_date,version,id) values (?,?,?,?,?,?,?,?,?)
Hibernate: insert into beer (beer_name,beer_style,created_date,price,quantity_on_hand,upc,update_date,version,id) values (?,?,?,?,?,?,?,?,?)
Hibernate: insert into beer (beer_name,beer_style,created_date,price,quantity_on_hand,upc,update_date,version,id) values (?,?,?,?,?,?,?,?,?)
Hibernate: insert into beer (beer_name,beer_style,created_date,price,quantity_on_hand,upc,update_date,version,id) values (?,?,?,?,?,?,?,?,?)
Hibernate: insert into beer (beer_name,beer_style,created_date,price,quantity_on_hand,upc,update_date,version,id) values (?,?,?,?,?,?,?,?,?)
Hibernate: insert into beer (beer_name,beer_style,created_date,price,quantity_on_hand,upc,update_date,version,id) values (?,?,?,?,?,?,?,?,?)
Hibernate: insert into beer (beer_name,beer_style,created_date,price,quantity_on_hand,upc,update_date,version,id) values (?,?,?,?,?,?,?,?,?)
Hibernate: insert into beer (beer_name,beer_style,created_date,price,quantity_on_hand,upc,update_date,version,id) values (?,?,?,?,?,?,?,?,?)
Hibernate: insert into beer (beer_name,beer_style,created_date,price,quantity_on_hand,upc,update_date,version,id) values (?,?,?,?,?,?,?,?,?)
Hibernate: insert into beer (beer_name,beer_style,created_date,price,quantity_on_hand,upc,update_date,version,id) values (?,?,?,?,?,?,?,?,?)
Hibernate: insert into beer (beer_name,beer_style,created_date,price,quantity_on_hand,upc,update_date,version,id) values (?,?,?,?,?,?,?,?,?)
Hibernate: insert into beer (beer_name,beer_style,created_date,price,quantity_on_hand,upc,update_date,version,id) values (?,?,?,?,?,?,?,?,?)
Hibernate: insert into beer (beer_name,beer_style,created_date,price,quantity_on_hand,upc,update_date,version,id) values (?,?,?,?,?,?,?,?,?)
Hibernate: insert into beer (beer_name,beer_style,created_date,price,quantity_on_hand,upc,update_date,version,id) values (?,?,?,?,?,?,?,?,?)
Hibernate: insert into beer (beer_name,beer_style,created_date,price,quantity_on_hand,upc,update_date,version,id) values (?,?,?,?,?,?,?,?,?)
Hibernate: insert into beer (beer_name,beer_style,created_date,price,quantity_on_hand,upc,update_date,version,id) values (?,?,?,?,?,?,?,?,?)
Hibernate: insert into beer (beer_name,beer_style,created_date,price,quantity_on_hand,upc,update_date,version,id) values (?,?,?,?,?,?,?,?,?)
Hibernate: insert into beer (beer_name,beer_style,created_date,price,quantity_on_hand,upc,update_date,version,id) values (?,?,?,?,?,?,?,?,?)
Hibernate: insert into beer (beer_name,beer_style,created_date,price,quantity_on_hand,upc,update_date,version,id) values (?,?,?,?,?,?,?,?,?)
Hibernate: insert into beer (beer_name,beer_style,created_date,price,quantity_on_hand,upc,update_date,version,id) values (?,?,?,?,?,?,?,?,?)
Hibernate: insert into beer (beer_name,beer_style,created_date,price,quantity_on_hand,upc,update_date,version,id) values (?,?,?,?,?,?,?,?,?)
Hibernate: insert into beer (beer_name,beer_style,created_date,price,quantity_on_hand,upc,update_date,version,id) values (?,?,?,?,?,?,?,?,?)
Hibernate: insert into beer (beer_name,beer_style,created_date,price,quantity_on_hand,upc,update_date,version,id) values (?,?,?,?,?,?,?,?,?)
Hibernate: insert into beer (beer_name,beer_style,created_date,price,quantity_on_hand,upc,update_date,version,id) values (?,?,?,?,?,?,?,?,?)
Hibernate: insert into beer (beer_name,beer_style,created_date,price,quantity_on_hand,upc,update_date,version,id) values (?,?,?,?,?,?,?,?,?)
Hibernate: insert into beer (beer_name,beer_style,created_date,price,quantity_on_hand,upc,update_date,version,id) values (?,?,?,?,?,?,?,?,?)
Hibernate: insert into beer (beer_name,beer_style,created_date,price,quantity_on_hand,upc,update_date,version,id) values (?,?,?,?,?,?,?,?,?)
Hibernate: insert into beer (beer_name,beer_style,created_date,price,quantity_on_hand,upc,update_date,version,id) values (?,?,?,?,?,?,?,?,?)
Hibernate: insert into beer (beer_name,beer_style,created_date,price,quantity_on_hand,upc,update_date,version,id) values (?,?,?,?,?,?,?,?,?)
Hibernate: insert into beer (beer_name,beer_style,created_date,price,quantity_on_hand,upc,update_date,version,id) values (?,?,?,?,?,?,?,?,?)
Hibernate: insert into beer (beer_name,beer_style,created_date,price,quantity_on_hand,upc,update_date,version,id) values (?,?,?,?,?,?,?,?,?)
Hibernate: insert into beer (beer_name,beer_style,created_date,price,quantity_on_hand,upc,update_date,version,id) values (?,?,?,?,?,?,?,?,?)
Hibernate: insert into beer (beer_name,beer_style,created_date,price,quantity_on_hand,upc,update_date,version,id) values (?,?,?,?,?,?,?,?,?)
Hibernate: insert into beer (beer_name,beer_style,created_date,price,quantity_on_hand,upc,update_date,version,id) values (?,?,?,?,?,?,?,?,?)
Hibernate: insert into beer (beer_name,beer_style,created_date,price,quantity_on_hand,upc,update_date,version,id) values (?,?,?,?,?,?,?,?,?)
Hibernate: insert into beer (beer_name,beer_style,created_date,price,quantity_on_hand,upc,update_date,version,id) values (?,?,?,?,?,?,?,?,?)
Hibernate: insert into beer (beer_name,beer_style,created_date,price,quantity_on_hand,upc,update_date,version,id) values (?,?,?,?,?,?,?,?,?)
Hibernate: insert into beer (beer_name,beer_style,created_date,price,quantity_on_hand,upc,update_date,version,id) values (?,?,?,?,?,?,?,?,?)
Hibernate: insert into beer (beer_name,beer_style,created_date,price,quantity_on_hand,upc,update_date,version,id) values (?,?,?,?,?,?,?,?,?)
Hibernate: insert into beer (beer_name,beer_style,created_date,price,quantity_on_hand,upc,update_date,version,id) values (?,?,?,?,?,?,?,?,?)
Hibernate: insert into beer (beer_name,beer_style,created_date,price,quantity_on_hand,upc,update_date,version,id) values (?,?,?,?,?,?,?,?,?)
Hibernate: insert into beer (beer_name,beer_style,created_date,price,quantity_on_hand,upc,update_date,version,id) values (?,?,?,?,?,?,?,?,?)
Hibernate: insert into beer (beer_name,beer_style,created_date,price,quantity_on_hand,upc,update_date,version,id) values (?,?,?,?,?,?,?,?,?)
Hibernate: insert into beer (beer_name,beer_style,created_date,price,quantity_on_hand,upc,update_date,version,id) values (?,?,?,?,?,?,?,?,?)
Hibernate: insert into beer (beer_name,beer_style,created_date,price,quantity_on_hand,upc,update_date,version,id) values (?,?,?,?,?,?,?,?,?)
Hibernate: insert into beer (beer_name,beer_style,created_date,price,quantity_on_hand,upc,update_date,version,id) values (?,?,?,?,?,?,?,?,?)
Hibernate: insert into beer (beer_name,beer_style,created_date,price,quantity_on_hand,upc,update_date,version,id) values (?,?,?,?,?,?,?,?,?)
Hibernate: insert into beer (beer_name,beer_style,created_date,price,quantity_on_hand,upc,update_date,version,id) values (?,?,?,?,?,?,?,?,?)
Hibernate: insert into beer (beer_name,beer_style,created_date,price,quantity_on_hand,upc,update_date,version,id) values (?,?,?,?,?,?,?,?,?)
Hibernate: insert into beer (beer_name,beer_style,created_date,price,quantity_on_hand,upc,update_date,version,id) values (?,?,?,?,?,?,?,?,?)
Hibernate: insert into beer (beer_name,beer_style,created_date,price,quantity_on_hand,upc,update_date,version,id) values (?,?,?,?,?,?,?,?,?)
Hibernate: insert into beer (beer_name,beer_style,created_date,price,quantity_on_hand,upc,update_date,version,id) values (?,?,?,?,?,?,?,?,?)
Hibernate: insert into beer (beer_name,beer_style,created_date,price,quantity_on_hand,upc,update_date,version,id) values (?,?,?,?,?,?,?,?,?)
Hibernate: insert into beer (beer_name,beer_style,created_date,price,quantity_on_hand,upc,update_date,version,id) values (?,?,?,?,?,?,?,?,?)
Hibernate: insert into beer (beer_name,beer_style,created_date,price,quantity_on_hand,upc,update_date,version,id) values (?,?,?,?,?,?,?,?,?)
Hibernate: insert into beer (beer_name,beer_style,created_date,price,quantity_on_hand,upc,update_date,version,id) values (?,?,?,?,?,?,?,?,?)
Hibernate: insert into beer (beer_name,beer_style,created_date,price,quantity_on_hand,upc,update_date,version,id) values (?,?,?,?,?,?,?,?,?)
Hibernate: insert into beer (beer_name,beer_style,created_date,price,quantity_on_hand,upc,update_date,version,id) values (?,?,?,?,?,?,?,?,?)
Hibernate: insert into beer (beer_name,beer_style,created_date,price,quantity_on_hand,upc,update_date,version,id) values (?,?,?,?,?,?,?,?,?)
Hibernate: insert into beer (beer_name,beer_style,created_date,price,quantity_on_hand,upc,update_date,version,id) values (?,?,?,?,?,?,?,?,?)
Hibernate: insert into beer (beer_name,beer_style,created_date,price,quantity_on_hand,upc,update_date,version,id) values (?,?,?,?,?,?,?,?,?)
Hibernate: insert into beer (beer_name,beer_style,created_date,price,quantity_on_hand,upc,update_date,version,id) values (?,?,?,?,?,?,?,?,?)
Hibernate: insert into beer (beer_name,beer_style,created_date,price,quantity_on_hand,upc,update_date,version,id) values (?,?,?,?,?,?,?,?,?)
Hibernate: insert into beer (beer_name,beer_style,created_date,price,quantity_on_hand,upc,update_date,version,id) values (?,?,?,?,?,?,?,?,?)
Hibernate: insert into beer (beer_name,beer_style,created_date,price,quantity_on_hand,upc,update_date,version,id) values (?,?,?,?,?,?,?,?,?)
Hibernate: insert into beer (beer_name,beer_style,created_date,price,quantity_on_hand,upc,update_date,version,id) values (?,?,?,?,?,?,?,?,?)
Hibernate: insert into beer (beer_name,beer_style,created_date,price,quantity_on_hand,upc,update_date,version,id) values (?,?,?,?,?,?,?,?,?)
Hibernate: insert into beer (beer_name,beer_style,created_date,price,quantity_on_hand,upc,update_date,version,id) values (?,?,?,?,?,?,?,?,?)
Hibernate: insert into beer (beer_name,beer_style,created_date,price,quantity_on_hand,upc,update_date,version,id) values (?,?,?,?,?,?,?,?,?)
Hibernate: insert into beer (beer_name,beer_style,created_date,price,quantity_on_hand,upc,update_date,version,id) values (?,?,?,?,?,?,?,?,?)
Hibernate: insert into beer (beer_name,beer_style,created_date,price,quantity_on_hand,upc,update_date,version,id) values (?,?,?,?,?,?,?,?,?)
Hibernate: insert into beer (beer_name,beer_style,created_date,price,quantity_on_hand,upc,update_date,version,id) values (?,?,?,?,?,?,?,?,?)
Hibernate: insert into beer (beer_name,beer_style,created_date,price,quantity_on_hand,upc,update_date,version,id) values (?,?,?,?,?,?,?,?,?)
Hibernate: insert into beer (beer_name,beer_style,created_date,price,quantity_on_hand,upc,update_date,version,id) values (?,?,?,?,?,?,?,?,?)
Hibernate: insert into beer (beer_name,beer_style,created_date,price,quantity_on_hand,upc,update_date,version,id) values (?,?,?,?,?,?,?,?,?)
Hibernate: insert into beer (beer_name,beer_style,created_date,price,quantity_on_hand,upc,update_date,version,id) values (?,?,?,?,?,?,?,?,?)
Hibernate: insert into beer (beer_name,beer_style,created_date,price,quantity_on_hand,upc,update_date,version,id) values (?,?,?,?,?,?,?,?,?)
Hibernate: insert into beer (beer_name,beer_style,created_date,price,quantity_on_hand,upc,update_date,version,id) values (?,?,?,?,?,?,?,?,?)
Hibernate: insert into beer (beer_name,beer_style,created_date,price,quantity_on_hand,upc,update_date,version,id) values (?,?,?,?,?,?,?,?,?)
Hibernate: insert into beer (beer_name,beer_style,created_date,price,quantity_on_hand,upc,update_date,version,id) values (?,?,?,?,?,?,?,?,?)
Hibernate: insert into beer (beer_name,beer_style,created_date,price,quantity_on_hand,upc,update_date,version,id) values (?,?,?,?,?,?,?,?,?)
Hibernate: insert into beer (beer_name,beer_style,created_date,price,quantity_on_hand,upc,update_date,version,id) values (?,?,?,?,?,?,?,?,?)
Hibernate: insert into beer (beer_name,beer_style,created_date,price,quantity_on_hand,upc,update_date,version,id) values (?,?,?,?,?,?,?,?,?)
Hibernate: insert into beer (beer_name,beer_style,created_date,price,quantity_on_hand,upc,update_date,version,id) values (?,?,?,?,?,?,?,?,?)
Hibernate: insert into beer (beer_name,beer_style,created_date,price,quantity_on_hand,upc,update_date,version,id) values (?,?,?,?,?,?,?,?,?)
Hibernate: insert into beer (beer_name,beer_style,created_date,price,quantity_on_hand,upc,update_date,version,id) values (?,?,?,?,?,?,?,?,?)
Hibernate: insert into beer (beer_name,beer_style,created_date,price,quantity_on_hand,upc,update_date,version,id) values (?,?,?,?,?,?,?,?,?)
Hibernate: insert into beer (beer_name,beer_style,created_date,price,quantity_on_hand,upc,update_date,version,id) values (?,?,?,?,?,?,?,?,?)
Hibernate: insert into beer (beer_name,beer_style,created_date,price,quantity_on_hand,upc,update_date,version,id) values (?,?,?,?,?,?,?,?,?)
Hibernate: insert into beer (beer_name,beer_style,created_date,price,quantity_on_hand,upc,update_date,version,id) values (?,?,?,?,?,?,?,?,?)
Hibernate: insert into beer (beer_name,beer_style,created_date,price,quantity_on_hand,upc,update_date,version,id) values (?,?,?,?,?,?,?,?,?)
Hibernate: insert into beer (beer_name,beer_style,created_date,price,quantity_on_hand,upc,update_date,version,id) values (?,?,?,?,?,?,?,?,?)
Hibernate: insert into beer (beer_name,beer_style,created_date,price,quantity_on_hand,upc,update_date,version,id) values (?,?,?,?,?,?,?,?,?)
Hibernate: insert into beer (beer_name,beer_style,created_date,price,quantity_on_hand,upc,update_date,version,id) values (?,?,?,?,?,?,?,?,?)
Hibernate: insert into beer (beer_name,beer_style,created_date,price,quantity_on_hand,upc,update_date,version,id) values (?,?,?,?,?,?,?,?,?)
Hibernate: insert into beer (beer_name,beer_style,created_date,price,quantity_on_hand,upc,update_date,version,id) values (?,?,?,?,?,?,?,?,?)
Hibernate: insert into beer (beer_name,beer_style,created_date,price,quantity_on_hand,upc,update_date,version,id) values (?,?,?,?,?,?,?,?,?)
Hibernate: insert into beer (beer_name,beer_style,created_date,price,quantity_on_hand,upc,update_date,version,id) values (?,?,?,?,?,?,?,?,?)
Hibernate: insert into beer (beer_name,beer_style,created_date,price,quantity_on_hand,upc,update_date,version,id) values (?,?,?,?,?,?,?,?,?)
Hibernate: insert into beer (beer_name,beer_style,created_date,price,quantity_on_hand,upc,update_date,version,id) values (?,?,?,?,?,?,?,?,?)
Hibernate: insert into beer (beer_name,beer_style,created_date,price,quantity_on_hand,upc,update_date,version,id) values (?,?,?,?,?,?,?,?,?)
Hibernate: insert into beer (beer_name,beer_style,created_date,price,quantity_on_hand,upc,update_date,version,id) values (?,?,?,?,?,?,?,?,?)
Hibernate: insert into beer (beer_name,beer_style,created_date,price,quantity_on_hand,upc,update_date,version,id) values (?,?,?,?,?,?,?,?,?)
Hibernate: insert into beer (beer_name,beer_style,created_date,price,quantity_on_hand,upc,update_date,version,id) values (?,?,?,?,?,?,?,?,?)
Hibernate: insert into beer (beer_name,beer_style,created_date,price,quantity_on_hand,upc,update_date,version,id) values (?,?,?,?,?,?,?,?,?)
Hibernate: insert into beer (beer_name,beer_style,created_date,price,quantity_on_hand,upc,update_date,version,id) values (?,?,?,?,?,?,?,?,?)
Hibernate: insert into beer (beer_name,beer_style,created_date,price,quantity_on_hand,upc,update_date,version,id) values (?,?,?,?,?,?,?,?,?)
Hibernate: insert into beer (beer_name,beer_style,created_date,price,quantity_on_hand,upc,update_date,version,id) values (?,?,?,?,?,?,?,?,?)
Hibernate: insert into beer (beer_name,beer_style,created_date,price,quantity_on_hand,upc,update_date,version,id) values (?,?,?,?,?,?,?,?,?)
Hibernate: insert into beer (beer_name,beer_style,created_date,price,quantity_on_hand,upc,update_date,version,id) values (?,?,?,?,?,?,?,?,?)
Hibernate: insert into beer (beer_name,beer_style,created_date,price,quantity_on_hand,upc,update_date,version,id) values (?,?,?,?,?,?,?,?,?)
Hibernate: insert into beer (beer_name,beer_style,created_date,price,quantity_on_hand,upc,update_date,version,id) values (?,?,?,?,?,?,?,?,?)
Hibernate: insert into beer (beer_name,beer_style,created_date,price,quantity_on_hand,upc,update_date,version,id) values (?,?,?,?,?,?,?,?,?)
Hibernate: insert into beer (beer_name,beer_style,created_date,price,quantity_on_hand,upc,update_date,version,id) values (?,?,?,?,?,?,?,?,?)
Hibernate: insert into beer (beer_name,beer_style,created_date,price,quantity_on_hand,upc,update_date,version,id) values (?,?,?,?,?,?,?,?,?)
Hibernate: insert into beer (beer_name,beer_style,created_date,price,quantity_on_hand,upc,update_date,version,id) values (?,?,?,?,?,?,?,?,?)
Hibernate: insert into beer (beer_name,beer_style,created_date,price,quantity_on_hand,upc,update_date,version,id) values (?,?,?,?,?,?,?,?,?)
Hibernate: insert into beer (beer_name,beer_style,created_date,price,quantity_on_hand,upc,update_date,version,id) values (?,?,?,?,?,?,?,?,?)
Hibernate: insert into beer (beer_name,beer_style,created_date,price,quantity_on_hand,upc,update_date,version,id) values (?,?,?,?,?,?,?,?,?)
Hibernate: insert into beer (beer_name,beer_style,created_date,price,quantity_on_hand,upc,update_date,version,id) values (?,?,?,?,?,?,?,?,?)
Hibernate: insert into beer (beer_name,beer_style,created_date,price,quantity_on_hand,upc,update_date,version,id) values (?,?,?,?,?,?,?,?,?)
Hibernate: insert into beer (beer_name,beer_style,created_date,price,quantity_on_hand,upc,update_date,version,id) values (?,?,?,?,?,?,?,?,?)
Hibernate: insert into beer (beer_name,beer_style,created_date,price,quantity_on_hand,upc,update_date,version,id) values (?,?,?,?,?,?,?,?,?)
Hibernate: insert into beer (beer_name,beer_style,created_date,price,quantity_on_hand,upc,update_date,version,id) values (?,?,?,?,?,?,?,?,?)
Hibernate: insert into beer (beer_name,beer_style,created_date,price,quantity_on_hand,upc,update_date,version,id) values (?,?,?,?,?,?,?,?,?)
Hibernate: insert into beer (beer_name,beer_style,created_date,price,quantity_on_hand,upc,update_date,version,id) values (?,?,?,?,?,?,?,?,?)
Hibernate: insert into beer (beer_name,beer_style,created_date,price,quantity_on_hand,upc,update_date,version,id) values (?,?,?,?,?,?,?,?,?)
Hibernate: insert into beer (beer_name,beer_style,created_date,price,quantity_on_hand,upc,update_date,version,id) values (?,?,?,?,?,?,?,?,?)
Hibernate: insert into beer (beer_name,beer_style,created_date,price,quantity_on_hand,upc,update_date,version,id) values (?,?,?,?,?,?,?,?,?)
Hibernate: insert into beer (beer_name,beer_style,created_date,price,quantity_on_hand,upc,update_date,version,id) values (?,?,?,?,?,?,?,?,?)
Hibernate: insert into beer (beer_name,beer_style,created_date,price,quantity_on_hand,upc,update_date,version,id) values (?,?,?,?,?,?,?,?,?)
Hibernate: insert into beer (beer_name,beer_style,created_date,price,quantity_on_hand,upc,update_date,version,id) values (?,?,?,?,?,?,?,?,?)
Hibernate: insert into beer (beer_name,beer_style,created_date,price,quantity_on_hand,upc,update_date,version,id) values (?,?,?,?,?,?,?,?,?)
Hibernate: insert into beer (beer_name,beer_style,created_date,price,quantity_on_hand,upc,update_date,version,id) values (?,?,?,?,?,?,?,?,?)
Hibernate: insert into beer (beer_name,beer_style,created_date,price,quantity_on_hand,upc,update_date,version,id) values (?,?,?,?,?,?,?,?,?)
Hibernate: insert into beer (beer_name,beer_style,created_date,price,quantity_on_hand,upc,update_date,version,id) values (?,?,?,?,?,?,?,?,?)
Hibernate: insert into beer (beer_name,beer_style,created_date,price,quantity_on_hand,upc,update_date,version,id) values (?,?,?,?,?,?,?,?,?)
Hibernate: insert into beer (beer_name,beer_style,created_date,price,quantity_on_hand,upc,update_date,version,id) values (?,?,?,?,?,?,?,?,?)
Hibernate: insert into beer (beer_name,beer_style,created_date,price,quantity_on_hand,upc,update_date,version,id) values (?,?,?,?,?,?,?,?,?)
Hibernate: insert into beer (beer_name,beer_style,created_date,price,quantity_on_hand,upc,update_date,version,id) values (?,?,?,?,?,?,?,?,?)
Hibernate: insert into beer (beer_name,beer_style,created_date,price,quantity_on_hand,upc,update_date,version,id) values (?,?,?,?,?,?,?,?,?)
Hibernate: insert into beer (beer_name,beer_style,created_date,price,quantity_on_hand,upc,update_date,version,id) values (?,?,?,?,?,?,?,?,?)
Hibernate: insert into beer (beer_name,beer_style,created_date,price,quantity_on_hand,upc,update_date,version,id) values (?,?,?,?,?,?,?,?,?)
Hibernate: insert into beer (beer_name,beer_style,created_date,price,quantity_on_hand,upc,update_date,version,id) values (?,?,?,?,?,?,?,?,?)
Hibernate: insert into beer (beer_name,beer_style,created_date,price,quantity_on_hand,upc,update_date,version,id) values (?,?,?,?,?,?,?,?,?)
Hibernate: insert into beer (beer_name,beer_style,created_date,price,quantity_on_hand,upc,update_date,version,id) values (?,?,?,?,?,?,?,?,?)
Hibernate: insert into beer (beer_name,beer_style,created_date,price,quantity_on_hand,upc,update_date,version,id) values (?,?,?,?,?,?,?,?,?)
Hibernate: insert into beer (beer_name,beer_style,created_date,price,quantity_on_hand,upc,update_date,version,id) values (?,?,?,?,?,?,?,?,?)
Hibernate: insert into beer (beer_name,beer_style,created_date,price,quantity_on_hand,upc,update_date,version,id) values (?,?,?,?,?,?,?,?,?)
Hibernate: insert into beer (beer_name,beer_style,created_date,price,quantity_on_hand,upc,update_date,version,id) values (?,?,?,?,?,?,?,?,?)
Hibernate: insert into beer (beer_name,beer_style,created_date,price,quantity_on_hand,upc,update_date,version,id) values (?,?,?,?,?,?,?,?,?)
Hibernate: insert into beer (beer_name,beer_style,created_date,price,quantity_on_hand,upc,update_date,version,id) values (?,?,?,?,?,?,?,?,?)
Hibernate: insert into beer (beer_name,beer_style,created_date,price,quantity_on_hand,upc,update_date,version,id) values (?,?,?,?,?,?,?,?,?)
Hibernate: insert into beer (beer_name,beer_style,created_date,price,quantity_on_hand,upc,update_date,version,id) values (?,?,?,?,?,?,?,?,?)
Hibernate: insert into beer (beer_name,beer_style,created_date,price,quantity_on_hand,upc,update_date,version,id) values (?,?,?,?,?,?,?,?,?)
Hibernate: insert into beer (beer_name,beer_style,created_date,price,quantity_on_hand,upc,update_date,version,id) values (?,?,?,?,?,?,?,?,?)
Hibernate: insert into beer (beer_name,beer_style,created_date,price,quantity_on_hand,upc,update_date,version,id) values (?,?,?,?,?,?,?,?,?)
Hibernate: insert into beer (beer_name,beer_style,created_date,price,quantity_on_hand,upc,update_date,version,id) values (?,?,?,?,?,?,?,?,?)
Hibernate: insert into beer (beer_name,beer_style,created_date,price,quantity_on_hand,upc,update_date,version,id) values (?,?,?,?,?,?,?,?,?)
Hibernate: insert into beer (beer_name,beer_style,created_date,price,quantity_on_hand,upc,update_date,version,id) values (?,?,?,?,?,?,?,?,?)
Hibernate: insert into beer (beer_name,beer_style,created_date,price,quantity_on_hand,upc,update_date,version,id) values (?,?,?,?,?,?,?,?,?)
Hibernate: insert into beer (beer_name,beer_style,created_date,price,quantity_on_hand,upc,update_date,version,id) values (?,?,?,?,?,?,?,?,?)
Hibernate: insert into beer (beer_name,beer_style,created_date,price,quantity_on_hand,upc,update_date,version,id) values (?,?,?,?,?,?,?,?,?)
Hibernate: insert into beer (beer_name,beer_style,created_date,price,quantity_on_hand,upc,update_date,version,id) values (?,?,?,?,?,?,?,?,?)
Hibernate: insert into beer (beer_name,beer_style,created_date,price,quantity_on_hand,upc,update_date,version,id) values (?,?,?,?,?,?,?,?,?)
Hibernate: insert into beer (beer_name,beer_style,created_date,price,quantity_on_hand,upc,update_date,version,id) values (?,?,?,?,?,?,?,?,?)
Hibernate: insert into beer (beer_name,beer_style,created_date,price,quantity_on_hand,upc,update_date,version,id) values (?,?,?,?,?,?,?,?,?)
Hibernate: insert into beer (beer_name,beer_style,created_date,price,quantity_on_hand,upc,update_date,version,id) values (?,?,?,?,?,?,?,?,?)
Hibernate: insert into beer (beer_name,beer_style,created_date,price,quantity_on_hand,upc,update_date,version,id) values (?,?,?,?,?,?,?,?,?)
Hibernate: insert into beer (beer_name,beer_style,created_date,price,quantity_on_hand,upc,update_date,version,id) values (?,?,?,?,?,?,?,?,?)
Hibernate: insert into beer (beer_name,beer_style,created_date,price,quantity_on_hand,upc,update_date,version,id) values (?,?,?,?,?,?,?,?,?)
Hibernate: insert into beer (beer_name,beer_style,created_date,price,quantity_on_hand,upc,update_date,version,id) values (?,?,?,?,?,?,?,?,?)
Hibernate: insert into beer (beer_name,beer_style,created_date,price,quantity_on_hand,upc,update_date,version,id) values (?,?,?,?,?,?,?,?,?)
Hibernate: insert into beer (beer_name,beer_style,created_date,price,quantity_on_hand,upc,update_date,version,id) values (?,?,?,?,?,?,?,?,?)
Hibernate: insert into beer (beer_name,beer_style,created_date,price,quantity_on_hand,upc,update_date,version,id) values (?,?,?,?,?,?,?,?,?)
Hibernate: insert into beer (beer_name,beer_style,created_date,price,quantity_on_hand,upc,update_date,version,id) values (?,?,?,?,?,?,?,?,?)
Hibernate: insert into beer (beer_name,beer_style,created_date,price,quantity_on_hand,upc,update_date,version,id) values (?,?,?,?,?,?,?,?,?)
Hibernate: insert into beer (beer_name,beer_style,created_date,price,quantity_on_hand,upc,update_date,version,id) values (?,?,?,?,?,?,?,?,?)
Hibernate: insert into beer (beer_name,beer_style,created_date,price,quantity_on_hand,upc,update_date,version,id) values (?,?,?,?,?,?,?,?,?)
Hibernate: insert into beer (beer_name,beer_style,created_date,price,quantity_on_hand,upc,update_date,version,id) values (?,?,?,?,?,?,?,?,?)
Hibernate: insert into beer (beer_name,beer_style,created_date,price,quantity_on_hand,upc,update_date,version,id) values (?,?,?,?,?,?,?,?,?)
Hibernate: insert into beer (beer_name,beer_style,created_date,price,quantity_on_hand,upc,update_date,version,id) values (?,?,?,?,?,?,?,?,?)
Hibernate: insert into beer (beer_name,beer_style,created_date,price,quantity_on_hand,upc,update_date,version,id) values (?,?,?,?,?,?,?,?,?)
Hibernate: insert into beer (beer_name,beer_style,created_date,price,quantity_on_hand,upc,update_date,version,id) values (?,?,?,?,?,?,?,?,?)
Hibernate: insert into beer (beer_name,beer_style,created_date,price,quantity_on_hand,upc,update_date,version,id) values (?,?,?,?,?,?,?,?,?)
Hibernate: insert into beer (beer_name,beer_style,created_date,price,quantity_on_hand,upc,update_date,version,id) values (?,?,?,?,?,?,?,?,?)
Hibernate: insert into beer (beer_name,beer_style,created_date,price,quantity_on_hand,upc,update_date,version,id) values (?,?,?,?,?,?,?,?,?)
Hibernate: insert into beer (beer_name,beer_style,created_date,price,quantity_on_hand,upc,update_date,version,id) values (?,?,?,?,?,?,?,?,?)
Hibernate: insert into beer (beer_name,beer_style,created_date,price,quantity_on_hand,upc,update_date,version,id) values (?,?,?,?,?,?,?,?,?)
Hibernate: insert into beer (beer_name,beer_style,created_date,price,quantity_on_hand,upc,update_date,version,id) values (?,?,?,?,?,?,?,?,?)
Hibernate: insert into beer (beer_name,beer_style,created_date,price,quantity_on_hand,upc,update_date,version,id) values (?,?,?,?,?,?,?,?,?)
Hibernate: insert into beer (beer_name,beer_style,created_date,price,quantity_on_hand,upc,update_date,version,id) values (?,?,?,?,?,?,?,?,?)
Hibernate: insert into beer (beer_name,beer_style,created_date,price,quantity_on_hand,upc,update_date,version,id) values (?,?,?,?,?,?,?,?,?)
Hibernate: insert into beer (beer_name,beer_style,created_date,price,quantity_on_hand,upc,update_date,version,id) values (?,?,?,?,?,?,?,?,?)
Hibernate: insert into beer (beer_name,beer_style,created_date,price,quantity_on_hand,upc,update_date,version,id) values (?,?,?,?,?,?,?,?,?)
Hibernate: insert into beer (beer_name,beer_style,created_date,price,quantity_on_hand,upc,update_date,version,id) values (?,?,?,?,?,?,?,?,?)
Hibernate: insert into beer (beer_name,beer_style,created_date,price,quantity_on_hand,upc,update_date,version,id) values (?,?,?,?,?,?,?,?,?)
Hibernate: insert into beer (beer_name,beer_style,created_date,price,quantity_on_hand,upc,update_date,version,id) values (?,?,?,?,?,?,?,?,?)
Hibernate: insert into beer (beer_name,beer_style,created_date,price,quantity_on_hand,upc,update_date,version,id) values (?,?,?,?,?,?,?,?,?)
Hibernate: insert into beer (beer_name,beer_style,created_date,price,quantity_on_hand,upc,update_date,version,id) values (?,?,?,?,?,?,?,?,?)
Hibernate: insert into beer (beer_name,beer_style,created_date,price,quantity_on_hand,upc,update_date,version,id) values (?,?,?,?,?,?,?,?,?)
Hibernate: insert into beer (beer_name,beer_style,created_date,price,quantity_on_hand,upc,update_date,version,id) values (?,?,?,?,?,?,?,?,?)
Hibernate: insert into beer (beer_name,beer_style,created_date,price,quantity_on_hand,upc,update_date,version,id) values (?,?,?,?,?,?,?,?,?)
Hibernate: insert into beer (beer_name,beer_style,created_date,price,quantity_on_hand,upc,update_date,version,id) values (?,?,?,?,?,?,?,?,?)
Hibernate: insert into beer (beer_name,beer_style,created_date,price,quantity_on_hand,upc,update_date,version,id) values (?,?,?,?,?,?,?,?,?)
Hibernate: insert into beer (beer_name,beer_style,created_date,price,quantity_on_hand,upc,update_date,version,id) values (?,?,?,?,?,?,?,?,?)
Hibernate: insert into beer (beer_name,beer_style,created_date,price,quantity_on_hand,upc,update_date,version,id) values (?,?,?,?,?,?,?,?,?)
Hibernate: insert into beer (beer_name,beer_style,created_date,price,quantity_on_hand,upc,update_date,version,id) values (?,?,?,?,?,?,?,?,?)
Hibernate: insert into beer (beer_name,beer_style,created_date,price,quantity_on_hand,upc,update_date,version,id) values (?,?,?,?,?,?,?,?,?)
Hibernate: insert into beer (beer_name,beer_style,created_date,price,quantity_on_hand,upc,update_date,version,id) values (?,?,?,?,?,?,?,?,?)
Hibernate: insert into beer (beer_name,beer_style,created_date,price,quantity_on_hand,upc,update_date,version,id) values (?,?,?,?,?,?,?,?,?)
Hibernate: insert into beer (beer_name,beer_style,created_date,price,quantity_on_hand,upc,update_date,version,id) values (?,?,?,?,?,?,?,?,?)
Hibernate: insert into beer (beer_name,beer_style,created_date,price,quantity_on_hand,upc,update_date,version,id) values (?,?,?,?,?,?,?,?,?)
Hibernate: insert into beer (beer_name,beer_style,created_date,price,quantity_on_hand,upc,update_date,version,id) values (?,?,?,?,?,?,?,?,?)
Hibernate: insert into beer (beer_name,beer_style,created_date,price,quantity_on_hand,upc,update_date,version,id) values (?,?,?,?,?,?,?,?,?)
Hibernate: insert into beer (beer_name,beer_style,created_date,price,quantity_on_hand,upc,update_date,version,id) values (?,?,?,?,?,?,?,?,?)
Hibernate: insert into beer (beer_name,beer_style,created_date,price,quantity_on_hand,upc,update_date,version,id) values (?,?,?,?,?,?,?,?,?)
Hibernate: insert into beer (beer_name,beer_style,created_date,price,quantity_on_hand,upc,update_date,version,id) values (?,?,?,?,?,?,?,?,?)
Hibernate: insert into beer (beer_name,beer_style,created_date,price,quantity_on_hand,upc,update_date,version,id) values (?,?,?,?,?,?,?,?,?)
Hibernate: insert into beer (beer_name,beer_style,created_date,price,quantity_on_hand,upc,update_date,version,id) values (?,?,?,?,?,?,?,?,?)
Hibernate: insert into beer (beer_name,beer_style,created_date,price,quantity_on_hand,upc,update_date,version,id) values (?,?,?,?,?,?,?,?,?)
Hibernate: insert into beer (beer_name,beer_style,created_date,price,quantity_on_hand,upc,update_date,version,id) values (?,?,?,?,?,?,?,?,?)
Hibernate: insert into beer (beer_name,beer_style,created_date,price,quantity_on_hand,upc,update_date,version,id) values (?,?,?,?,?,?,?,?,?)
Hibernate: insert into beer (beer_name,beer_style,created_date,price,quantity_on_hand,upc,update_date,version,id) values (?,?,?,?,?,?,?,?,?)
Hibernate: insert into beer (beer_name,beer_style,created_date,price,quantity_on_hand,upc,update_date,version,id) values (?,?,?,?,?,?,?,?,?)
Hibernate: insert into beer (beer_name,beer_style,created_date,price,quantity_on_hand,upc,update_date,version,id) values (?,?,?,?,?,?,?,?,?)
Hibernate: insert into beer (beer_name,beer_style,created_date,price,quantity_on_hand,upc,update_date,version,id) values (?,?,?,?,?,?,?,?,?)
Hibernate: insert into beer (beer_name,beer_style,created_date,price,quantity_on_hand,upc,update_date,version,id) values (?,?,?,?,?,?,?,?,?)
Hibernate: insert into beer (beer_name,beer_style,created_date,price,quantity_on_hand,upc,update_date,version,id) values (?,?,?,?,?,?,?,?,?)
Hibernate: insert into beer (beer_name,beer_style,created_date,price,quantity_on_hand,upc,update_date,version,id) values (?,?,?,?,?,?,?,?,?)
Hibernate: insert into beer (beer_name,beer_style,created_date,price,quantity_on_hand,upc,update_date,version,id) values (?,?,?,?,?,?,?,?,?)
Hibernate: insert into beer (beer_name,beer_style,created_date,price,quantity_on_hand,upc,update_date,version,id) values (?,?,?,?,?,?,?,?,?)
Hibernate: insert into beer (beer_name,beer_style,created_date,price,quantity_on_hand,upc,update_date,version,id) values (?,?,?,?,?,?,?,?,?)
Hibernate: insert into beer (beer_name,beer_style,created_date,price,quantity_on_hand,upc,update_date,version,id) values (?,?,?,?,?,?,?,?,?)
Hibernate: insert into beer (beer_name,beer_style,created_date,price,quantity_on_hand,upc,update_date,version,id) values (?,?,?,?,?,?,?,?,?)
Hibernate: insert into beer (beer_name,beer_style,created_date,price,quantity_on_hand,upc,update_date,version,id) values (?,?,?,?,?,?,?,?,?)
Hibernate: insert into beer (beer_name,beer_style,created_date,price,quantity_on_hand,upc,update_date,version,id) values (?,?,?,?,?,?,?,?,?)
Hibernate: insert into beer (beer_name,beer_style,created_date,price,quantity_on_hand,upc,update_date,version,id) values (?,?,?,?,?,?,?,?,?)
Hibernate: insert into beer (beer_name,beer_style,created_date,price,quantity_on_hand,upc,update_date,version,id) values (?,?,?,?,?,?,?,?,?)
Hibernate: insert into beer (beer_name,beer_style,created_date,price,quantity_on_hand,upc,update_date,version,id) values (?,?,?,?,?,?,?,?,?)
Hibernate: insert into beer (beer_name,beer_style,created_date,price,quantity_on_hand,upc,update_date,version,id) values (?,?,?,?,?,?,?,?,?)
Hibernate: insert into beer (beer_name,beer_style,created_date,price,quantity_on_hand,upc,update_date,version,id) values (?,?,?,?,?,?,?,?,?)
Hibernate: insert into beer (beer_name,beer_style,created_date,price,quantity_on_hand,upc,update_date,version,id) values (?,?,?,?,?,?,?,?,?)
Hibernate: insert into beer (beer_name,beer_style,created_date,price,quantity_on_hand,upc,update_date,version,id) values (?,?,?,?,?,?,?,?,?)
Hibernate: insert into beer (beer_name,beer_style,created_date,price,quantity_on_hand,upc,update_date,version,id) values (?,?,?,?,?,?,?,?,?)
Hibernate: insert into beer (beer_name,beer_style,created_date,price,quantity_on_hand,upc,update_date,version,id) values (?,?,?,?,?,?,?,?,?)
Hibernate: insert into beer (beer_name,beer_style,created_date,price,quantity_on_hand,upc,update_date,version,id) values (?,?,?,?,?,?,?,?,?)
Hibernate: insert into beer (beer_name,beer_style,created_date,price,quantity_on_hand,upc,update_date,version,id) values (?,?,?,?,?,?,?,?,?)
Hibernate: insert into beer (beer_name,beer_style,created_date,price,quantity_on_hand,upc,update_date,version,id) values (?,?,?,?,?,?,?,?,?)
Hibernate: insert into beer (beer_name,beer_style,created_date,price,quantity_on_hand,upc,update_date,version,id) values (?,?,?,?,?,?,?,?,?)
Hibernate: insert into beer (beer_name,beer_style,created_date,price,quantity_on_hand,upc,update_date,version,id) values (?,?,?,?,?,?,?,?,?)
Hibernate: insert into beer (beer_name,beer_style,created_date,price,quantity_on_hand,upc,update_date,version,id) values (?,?,?,?,?,?,?,?,?)
Hibernate: insert into beer (beer_name,beer_style,created_date,price,quantity_on_hand,upc,update_date,version,id) values (?,?,?,?,?,?,?,?,?)
Hibernate: insert into beer (beer_name,beer_style,created_date,price,quantity_on_hand,upc,update_date,version,id) values (?,?,?,?,?,?,?,?,?)
Hibernate: insert into beer (beer_name,beer_style,created_date,price,quantity_on_hand,upc,update_date,version,id) values (?,?,?,?,?,?,?,?,?)
Hibernate: insert into beer (beer_name,beer_style,created_date,price,quantity_on_hand,upc,update_date,version,id) values (?,?,?,?,?,?,?,?,?)
Hibernate: insert into beer (beer_name,beer_style,created_date,price,quantity_on_hand,upc,update_date,version,id) values (?,?,?,?,?,?,?,?,?)
Hibernate: insert into beer (beer_name,beer_style,created_date,price,quantity_on_hand,upc,update_date,version,id) values (?,?,?,?,?,?,?,?,?)
Hibernate: insert into beer (beer_name,beer_style,created_date,price,quantity_on_hand,upc,update_date,version,id) values (?,?,?,?,?,?,?,?,?)
Hibernate: insert into beer (beer_name,beer_style,created_date,price,quantity_on_hand,upc,update_date,version,id) values (?,?,?,?,?,?,?,?,?)
Hibernate: insert into beer (beer_name,beer_style,created_date,price,quantity_on_hand,upc,update_date,version,id) values (?,?,?,?,?,?,?,?,?)
Hibernate: insert into beer (beer_name,beer_style,created_date,price,quantity_on_hand,upc,update_date,version,id) values (?,?,?,?,?,?,?,?,?)
Hibernate: insert into beer (beer_name,beer_style,created_date,price,quantity_on_hand,upc,update_date,version,id) values (?,?,?,?,?,?,?,?,?)
Hibernate: insert into beer (beer_name,beer_style,created_date,price,quantity_on_hand,upc,update_date,version,id) values (?,?,?,?,?,?,?,?,?)
Hibernate: insert into beer (beer_name,beer_style,created_date,price,quantity_on_hand,upc,update_date,version,id) values (?,?,?,?,?,?,?,?,?)
Hibernate: insert into beer (beer_name,beer_style,created_date,price,quantity_on_hand,upc,update_date,version,id) values (?,?,?,?,?,?,?,?,?)
Hibernate: insert into beer (beer_name,beer_style,created_date,price,quantity_on_hand,upc,update_date,version,id) values (?,?,?,?,?,?,?,?,?)
Hibernate: insert into beer (beer_name,beer_style,created_date,price,quantity_on_hand,upc,update_date,version,id) values (?,?,?,?,?,?,?,?,?)
Hibernate: insert into beer (beer_name,beer_style,created_date,price,quantity_on_hand,upc,update_date,version,id) values (?,?,?,?,?,?,?,?,?)
Hibernate: insert into beer (beer_name,beer_style,created_date,price,quantity_on_hand,upc,update_date,version,id) values (?,?,?,?,?,?,?,?,?)
Hibernate: insert into beer (beer_name,beer_style,created_date,price,quantity_on_hand,upc,update_date,version,id) values (?,?,?,?,?,?,?,?,?)
Hibernate: insert into beer (beer_name,beer_style,created_date,price,quantity_on_hand,upc,update_date,version,id) values (?,?,?,?,?,?,?,?,?)
Hibernate: insert into beer (beer_name,beer_style,created_date,price,quantity_on_hand,upc,update_date,version,id) values (?,?,?,?,?,?,?,?,?)
Hibernate: insert into beer (beer_name,beer_style,created_date,price,quantity_on_hand,upc,update_date,version,id) values (?,?,?,?,?,?,?,?,?)
Hibernate: insert into beer (beer_name,beer_style,created_date,price,quantity_on_hand,upc,update_date,version,id) values (?,?,?,?,?,?,?,?,?)
Hibernate: insert into beer (beer_name,beer_style,created_date,price,quantity_on_hand,upc,update_date,version,id) values (?,?,?,?,?,?,?,?,?)
Hibernate: insert into beer (beer_name,beer_style,created_date,price,quantity_on_hand,upc,update_date,version,id) values (?,?,?,?,?,?,?,?,?)
Hibernate: insert into beer (beer_name,beer_style,created_date,price,quantity_on_hand,upc,update_date,version,id) values (?,?,?,?,?,?,?,?,?)
Hibernate: insert into beer (beer_name,beer_style,created_date,price,quantity_on_hand,upc,update_date,version,id) values (?,?,?,?,?,?,?,?,?)
Hibernate: insert into beer (beer_name,beer_style,created_date,price,quantity_on_hand,upc,update_date,version,id) values (?,?,?,?,?,?,?,?,?)
Hibernate: insert into beer (beer_name,beer_style,created_date,price,quantity_on_hand,upc,update_date,version,id) values (?,?,?,?,?,?,?,?,?)
Hibernate: insert into beer (beer_name,beer_style,created_date,price,quantity_on_hand,upc,update_date,version,id) values (?,?,?,?,?,?,?,?,?)
Hibernate: insert into beer (beer_name,beer_style,created_date,price,quantity_on_hand,upc,update_date,version,id) values (?,?,?,?,?,?,?,?,?)
Hibernate: insert into beer (beer_name,beer_style,created_date,price,quantity_on_hand,upc,update_date,version,id) values (?,?,?,?,?,?,?,?,?)
Hibernate: insert into beer (beer_name,beer_style,created_date,price,quantity_on_hand,upc,update_date,version,id) values (?,?,?,?,?,?,?,?,?)
Hibernate: insert into beer (beer_name,beer_style,created_date,price,quantity_on_hand,upc,update_date,version,id) values (?,?,?,?,?,?,?,?,?)
Hibernate: insert into beer (beer_name,beer_style,created_date,price,quantity_on_hand,upc,update_date,version,id) values (?,?,?,?,?,?,?,?,?)
Hibernate: insert into beer (beer_name,beer_style,created_date,price,quantity_on_hand,upc,update_date,version,id) values (?,?,?,?,?,?,?,?,?)
Hibernate: insert into beer (beer_name,beer_style,created_date,price,quantity_on_hand,upc,update_date,version,id) values (?,?,?,?,?,?,?,?,?)
Hibernate: insert into beer (beer_name,beer_style,created_date,price,quantity_on_hand,upc,update_date,version,id) values (?,?,?,?,?,?,?,?,?)
Hibernate: insert into beer (beer_name,beer_style,created_date,price,quantity_on_hand,upc,update_date,version,id) values (?,?,?,?,?,?,?,?,?)
Hibernate: insert into beer (beer_name,beer_style,created_date,price,quantity_on_hand,upc,update_date,version,id) values (?,?,?,?,?,?,?,?,?)
Hibernate: insert into beer (beer_name,beer_style,created_date,price,quantity_on_hand,upc,update_date,version,id) values (?,?,?,?,?,?,?,?,?)
Hibernate: insert into beer (beer_name,beer_style,created_date,price,quantity_on_hand,upc,update_date,version,id) values (?,?,?,?,?,?,?,?,?)
Hibernate: insert into beer (beer_name,beer_style,created_date,price,quantity_on_hand,upc,update_date,version,id) values (?,?,?,?,?,?,?,?,?)
Hibernate: insert into beer (beer_name,beer_style,created_date,price,quantity_on_hand,upc,update_date,version,id) values (?,?,?,?,?,?,?,?,?)
Hibernate: insert into beer (beer_name,beer_style,created_date,price,quantity_on_hand,upc,update_date,version,id) values (?,?,?,?,?,?,?,?,?)
Hibernate: insert into beer (beer_name,beer_style,created_date,price,quantity_on_hand,upc,update_date,version,id) values (?,?,?,?,?,?,?,?,?)
Hibernate: insert into beer (beer_name,beer_style,created_date,price,quantity_on_hand,upc,update_date,version,id) values (?,?,?,?,?,?,?,?,?)
Hibernate: insert into beer (beer_name,beer_style,created_date,price,quantity_on_hand,upc,update_date,version,id) values (?,?,?,?,?,?,?,?,?)
Hibernate: insert into beer (beer_name,beer_style,created_date,price,quantity_on_hand,upc,update_date,version,id) values (?,?,?,?,?,?,?,?,?)
Hibernate: insert into beer (beer_name,beer_style,created_date,price,quantity_on_hand,upc,update_date,version,id) values (?,?,?,?,?,?,?,?,?)
Hibernate: insert into beer (beer_name,beer_style,created_date,price,quantity_on_hand,upc,update_date,version,id) values (?,?,?,?,?,?,?,?,?)
Hibernate: insert into beer (beer_name,beer_style,created_date,price,quantity_on_hand,upc,update_date,version,id) values (?,?,?,?,?,?,?,?,?)
Hibernate: insert into beer (beer_name,beer_style,created_date,price,quantity_on_hand,upc,update_date,version,id) values (?,?,?,?,?,?,?,?,?)
Hibernate: insert into beer (beer_name,beer_style,created_date,price,quantity_on_hand,upc,update_date,version,id) values (?,?,?,?,?,?,?,?,?)
Hibernate: insert into beer (beer_name,beer_style,created_date,price,quantity_on_hand,upc,update_date,version,id) values (?,?,?,?,?,?,?,?,?)
Hibernate: insert into beer (beer_name,beer_style,created_date,price,quantity_on_hand,upc,update_date,version,id) values (?,?,?,?,?,?,?,?,?)
Hibernate: insert into beer (beer_name,beer_style,created_date,price,quantity_on_hand,upc,update_date,version,id) values (?,?,?,?,?,?,?,?,?)
Hibernate: insert into beer (beer_name,beer_style,created_date,price,quantity_on_hand,upc,update_date,version,id) values (?,?,?,?,?,?,?,?,?)
Hibernate: insert into beer (beer_name,beer_style,created_date,price,quantity_on_hand,upc,update_date,version,id) values (?,?,?,?,?,?,?,?,?)
Hibernate: insert into beer (beer_name,beer_style,created_date,price,quantity_on_hand,upc,update_date,version,id) values (?,?,?,?,?,?,?,?,?)
Hibernate: insert into beer (beer_name,beer_style,created_date,price,quantity_on_hand,upc,update_date,version,id) values (?,?,?,?,?,?,?,?,?)
Hibernate: insert into beer (beer_name,beer_style,created_date,price,quantity_on_hand,upc,update_date,version,id) values (?,?,?,?,?,?,?,?,?)
Hibernate: insert into beer (beer_name,beer_style,created_date,price,quantity_on_hand,upc,update_date,version,id) values (?,?,?,?,?,?,?,?,?)
Hibernate: insert into beer (beer_name,beer_style,created_date,price,quantity_on_hand,upc,update_date,version,id) values (?,?,?,?,?,?,?,?,?)
Hibernate: insert into beer (beer_name,beer_style,created_date,price,quantity_on_hand,upc,update_date,version,id) values (?,?,?,?,?,?,?,?,?)
Hibernate: insert into beer (beer_name,beer_style,created_date,price,quantity_on_hand,upc,update_date,version,id) values (?,?,?,?,?,?,?,?,?)
Hibernate: insert into beer (beer_name,beer_style,created_date,price,quantity_on_hand,upc,update_date,version,id) values (?,?,?,?,?,?,?,?,?)
Hibernate: insert into beer (beer_name,beer_style,created_date,price,quantity_on_hand,upc,update_date,version,id) values (?,?,?,?,?,?,?,?,?)
Hibernate: insert into beer (beer_name,beer_style,created_date,price,quantity_on_hand,upc,update_date,version,id) values (?,?,?,?,?,?,?,?,?)
Hibernate: insert into beer (beer_name,beer_style,created_date,price,quantity_on_hand,upc,update_date,version,id) values (?,?,?,?,?,?,?,?,?)
Hibernate: insert into beer (beer_name,beer_style,created_date,price,quantity_on_hand,upc,update_date,version,id) values (?,?,?,?,?,?,?,?,?)
Hibernate: insert into beer (beer_name,beer_style,created_date,price,quantity_on_hand,upc,update_date,version,id) values (?,?,?,?,?,?,?,?,?)
Hibernate: insert into beer (beer_name,beer_style,created_date,price,quantity_on_hand,upc,update_date,version,id) values (?,?,?,?,?,?,?,?,?)
Hibernate: insert into beer (beer_name,beer_style,created_date,price,quantity_on_hand,upc,update_date,version,id) values (?,?,?,?,?,?,?,?,?)
Hibernate: insert into beer (beer_name,beer_style,created_date,price,quantity_on_hand,upc,update_date,version,id) values (?,?,?,?,?,?,?,?,?)
Hibernate: insert into beer (beer_name,beer_style,created_date,price,quantity_on_hand,upc,update_date,version,id) values (?,?,?,?,?,?,?,?,?)
Hibernate: insert into beer (beer_name,beer_style,created_date,price,quantity_on_hand,upc,update_date,version,id) values (?,?,?,?,?,?,?,?,?)
Hibernate: insert into beer (beer_name,beer_style,created_date,price,quantity_on_hand,upc,update_date,version,id) values (?,?,?,?,?,?,?,?,?)
Hibernate: insert into beer (beer_name,beer_style,created_date,price,quantity_on_hand,upc,update_date,version,id) values (?,?,?,?,?,?,?,?,?)
Hibernate: insert into beer (beer_name,beer_style,created_date,price,quantity_on_hand,upc,update_date,version,id) values (?,?,?,?,?,?,?,?,?)
Hibernate: insert into beer (beer_name,beer_style,created_date,price,quantity_on_hand,upc,update_date,version,id) values (?,?,?,?,?,?,?,?,?)
Hibernate: insert into beer (beer_name,beer_style,created_date,price,quantity_on_hand,upc,update_date,version,id) values (?,?,?,?,?,?,?,?,?)
Hibernate: insert into beer (beer_name,beer_style,created_date,price,quantity_on_hand,upc,update_date,version,id) values (?,?,?,?,?,?,?,?,?)
Hibernate: insert into beer (beer_name,beer_style,created_date,price,quantity_on_hand,upc,update_date,version,id) values (?,?,?,?,?,?,?,?,?)
Hibernate: insert into beer (beer_name,beer_style,created_date,price,quantity_on_hand,upc,update_date,version,id) values (?,?,?,?,?,?,?,?,?)
Hibernate: insert into beer (beer_name,beer_style,created_date,price,quantity_on_hand,upc,update_date,version,id) values (?,?,?,?,?,?,?,?,?)
Hibernate: insert into beer (beer_name,beer_style,created_date,price,quantity_on_hand,upc,update_date,version,id) values (?,?,?,?,?,?,?,?,?)
Hibernate: insert into beer (beer_name,beer_style,created_date,price,quantity_on_hand,upc,update_date,version,id) values (?,?,?,?,?,?,?,?,?)
Hibernate: insert into beer (beer_name,beer_style,created_date,price,quantity_on_hand,upc,update_date,version,id) values (?,?,?,?,?,?,?,?,?)
Hibernate: insert into beer (beer_name,beer_style,created_date,price,quantity_on_hand,upc,update_date,version,id) values (?,?,?,?,?,?,?,?,?)
Hibernate: insert into beer (beer_name,beer_style,created_date,price,quantity_on_hand,upc,update_date,version,id) values (?,?,?,?,?,?,?,?,?)
Hibernate: insert into beer (beer_name,beer_style,created_date,price,quantity_on_hand,upc,update_date,version,id) values (?,?,?,?,?,?,?,?,?)
Hibernate: insert into beer (beer_name,beer_style,created_date,price,quantity_on_hand,upc,update_date,version,id) values (?,?,?,?,?,?,?,?,?)
Hibernate: insert into beer (beer_name,beer_style,created_date,price,quantity_on_hand,upc,update_date,version,id) values (?,?,?,?,?,?,?,?,?)
Hibernate: insert into beer (beer_name,beer_style,created_date,price,quantity_on_hand,upc,update_date,version,id) values (?,?,?,?,?,?,?,?,?)
Hibernate: insert into beer (beer_name,beer_style,created_date,price,quantity_on_hand,upc,update_date,version,id) values (?,?,?,?,?,?,?,?,?)
Hibernate: insert into beer (beer_name,beer_style,created_date,price,quantity_on_hand,upc,update_date,version,id) values (?,?,?,?,?,?,?,?,?)
Hibernate: insert into beer (beer_name,beer_style,created_date,price,quantity_on_hand,upc,update_date,version,id) values (?,?,?,?,?,?,?,?,?)
Hibernate: insert into beer (beer_name,beer_style,created_date,price,quantity_on_hand,upc,update_date,version,id) values (?,?,?,?,?,?,?,?,?)
Hibernate: insert into beer (beer_name,beer_style,created_date,price,quantity_on_hand,upc,update_date,version,id) values (?,?,?,?,?,?,?,?,?)
Hibernate: insert into beer (beer_name,beer_style,created_date,price,quantity_on_hand,upc,update_date,version,id) values (?,?,?,?,?,?,?,?,?)
Hibernate: insert into beer (beer_name,beer_style,created_date,price,quantity_on_hand,upc,update_date,version,id) values (?,?,?,?,?,?,?,?,?)
Hibernate: insert into beer (beer_name,beer_style,created_date,price,quantity_on_hand,upc,update_date,version,id) values (?,?,?,?,?,?,?,?,?)
Hibernate: insert into beer (beer_name,beer_style,created_date,price,quantity_on_hand,upc,update_date,version,id) values (?,?,?,?,?,?,?,?,?)
Hibernate: insert into beer (beer_name,beer_style,created_date,price,quantity_on_hand,upc,update_date,version,id) values (?,?,?,?,?,?,?,?,?)
Hibernate: insert into beer (beer_name,beer_style,created_date,price,quantity_on_hand,upc,update_date,version,id) values (?,?,?,?,?,?,?,?,?)
Hibernate: insert into beer (beer_name,beer_style,created_date,price,quantity_on_hand,upc,update_date,version,id) values (?,?,?,?,?,?,?,?,?)
Hibernate: insert into beer (beer_name,beer_style,created_date,price,quantity_on_hand,upc,update_date,version,id) values (?,?,?,?,?,?,?,?,?)
Hibernate: insert into beer (beer_name,beer_style,created_date,price,quantity_on_hand,upc,update_date,version,id) values (?,?,?,?,?,?,?,?,?)
Hibernate: insert into beer (beer_name,beer_style,created_date,price,quantity_on_hand,upc,update_date,version,id) values (?,?,?,?,?,?,?,?,?)
Hibernate: insert into beer (beer_name,beer_style,created_date,price,quantity_on_hand,upc,update_date,version,id) values (?,?,?,?,?,?,?,?,?)
Hibernate: insert into beer (beer_name,beer_style,created_date,price,quantity_on_hand,upc,update_date,version,id) values (?,?,?,?,?,?,?,?,?)
Hibernate: insert into beer (beer_name,beer_style,created_date,price,quantity_on_hand,upc,update_date,version,id) values (?,?,?,?,?,?,?,?,?)
Hibernate: insert into beer (beer_name,beer_style,created_date,price,quantity_on_hand,upc,update_date,version,id) values (?,?,?,?,?,?,?,?,?)
Hibernate: insert into beer (beer_name,beer_style,created_date,price,quantity_on_hand,upc,update_date,version,id) values (?,?,?,?,?,?,?,?,?)
Hibernate: insert into beer (beer_name,beer_style,created_date,price,quantity_on_hand,upc,update_date,version,id) values (?,?,?,?,?,?,?,?,?)
Hibernate: insert into beer (beer_name,beer_style,created_date,price,quantity_on_hand,upc,update_date,version,id) values (?,?,?,?,?,?,?,?,?)
Hibernate: insert into beer (beer_name,beer_style,created_date,price,quantity_on_hand,upc,update_date,version,id) values (?,?,?,?,?,?,?,?,?)
Hibernate: insert into beer (beer_name,beer_style,created_date,price,quantity_on_hand,upc,update_date,version,id) values (?,?,?,?,?,?,?,?,?)
Hibernate: insert into beer (beer_name,beer_style,created_date,price,quantity_on_hand,upc,update_date,version,id) values (?,?,?,?,?,?,?,?,?)
Hibernate: insert into beer (beer_name,beer_style,created_date,price,quantity_on_hand,upc,update_date,version,id) values (?,?,?,?,?,?,?,?,?)
Hibernate: insert into beer (beer_name,beer_style,created_date,price,quantity_on_hand,upc,update_date,version,id) values (?,?,?,?,?,?,?,?,?)
Hibernate: insert into beer (beer_name,beer_style,created_date,price,quantity_on_hand,upc,update_date,version,id) values (?,?,?,?,?,?,?,?,?)
Hibernate: insert into beer (beer_name,beer_style,created_date,price,quantity_on_hand,upc,update_date,version,id) values (?,?,?,?,?,?,?,?,?)
Hibernate: insert into beer (beer_name,beer_style,created_date,price,quantity_on_hand,upc,update_date,version,id) values (?,?,?,?,?,?,?,?,?)
Hibernate: insert into beer (beer_name,beer_style,created_date,price,quantity_on_hand,upc,update_date,version,id) values (?,?,?,?,?,?,?,?,?)
Hibernate: insert into beer (beer_name,beer_style,created_date,price,quantity_on_hand,upc,update_date,version,id) values (?,?,?,?,?,?,?,?,?)
Hibernate: insert into beer (beer_name,beer_style,created_date,price,quantity_on_hand,upc,update_date,version,id) values (?,?,?,?,?,?,?,?,?)
Hibernate: insert into customer (created_date,email,name,update_date,version,id) values (?,?,?,?,?,?)
Hibernate: insert into customer (created_date,email,name,update_date,version,id) values (?,?,?,?,?,?)
Hibernate: insert into customer (created_date,email,name,update_date,version,id) values (?,?,?,?,?,?)
Hibernate: select count(*) from beer_order bo1_0
Hibernate: select c1_0.id,c1_0.created_date,c1_0.email,c1_0.name,c1_0.update_date,c1_0.version from customer c1_0
Hibernate: select b1_0.id,b1_0.beer_name,b1_0.beer_style,b1_0.created_date,b1_0.price,b1_0.quantity_on_hand,b1_0.upc,b1_0.update_date,b1_0.version from beer b1_0
Hibernate: insert into beer_order (beer_order_shipment_id,created_date,customer_id,customer_ref,last_modified_date,version,id) values (?,?,?,?,?,?,?)
Hibernate: insert into beer_order_line (beer_id,beer_order_id,created_date,last_modified_date,order_quantity,quantity_allocated,version,id) values (?,?,?,?,?,?,?,?)
Hibernate: insert into beer_order_line (beer_id,beer_order_id,created_date,last_modified_date,order_quantity,quantity_allocated,version,id) values (?,?,?,?,?,?,?,?)
Hibernate: insert into beer_order (beer_order_shipment_id,created_date,customer_id,customer_ref,last_modified_date,version,id) values (?,?,?,?,?,?,?)
Hibernate: insert into beer_order_line (beer_id,beer_order_id,created_date,last_modified_date,order_quantity,quantity_allocated,version,id) values (?,?,?,?,?,?,?,?)
Hibernate: insert into beer_order_line (beer_id,beer_order_id,created_date,last_modified_date,order_quantity,quantity_allocated,version,id) values (?,?,?,?,?,?,?,?)
Hibernate: insert into beer_order (beer_order_shipment_id,created_date,customer_id,customer_ref,last_modified_date,version,id) values (?,?,?,?,?,?,?)
Hibernate: insert into beer_order_line (beer_id,beer_order_id,created_date,last_modified_date,order_quantity,quantity_allocated,version,id) values (?,?,?,?,?,?,?,?)
Hibernate: insert into beer_order_line (beer_id,beer_order_id,created_date,last_modified_date,order_quantity,quantity_allocated,version,id) values (?,?,?,?,?,?,?,?)
Hibernate: insert into beer_order (beer_order_shipment_id,created_date,customer_id,customer_ref,last_modified_date,version,id) values (?,?,?,?,?,?,?)
Hibernate: insert into beer_order_line (beer_id,beer_order_id,created_date,last_modified_date,order_quantity,quantity_allocated,version,id) values (?,?,?,?,?,?,?,?)
Hibernate: insert into beer_order_line (beer_id,beer_order_id,created_date,last_modified_date,order_quantity,quantity_allocated,version,id) values (?,?,?,?,?,?,?,?)
Hibernate: insert into beer_order (beer_order_shipment_id,created_date,customer_id,customer_ref,last_modified_date,version,id) values (?,?,?,?,?,?,?)
Hibernate: insert into beer_order_line (beer_id,beer_order_id,created_date,last_modified_date,order_quantity,quantity_allocated,version,id) values (?,?,?,?,?,?,?,?)
Hibernate: insert into beer_order_line (beer_id,beer_order_id,created_date,last_modified_date,order_quantity,quantity_allocated,version,id) values (?,?,?,?,?,?,?,?)
Hibernate: insert into beer_order (beer_order_shipment_id,created_date,customer_id,customer_ref,last_modified_date,version,id) values (?,?,?,?,?,?,?)
Hibernate: insert into beer_order_line (beer_id,beer_order_id,created_date,last_modified_date,order_quantity,quantity_allocated,version,id) values (?,?,?,?,?,?,?,?)
Hibernate: insert into beer_order_line (beer_id,beer_order_id,created_date,last_modified_date,order_quantity,quantity_allocated,version,id) values (?,?,?,?,?,?,?,?)
Hibernate: select bo1_0.id,bo1_0.beer_order_shipment_id,bo1_0.created_date,bo1_0.customer_id,bo1_0.customer_ref,bo1_0.last_modified_date,bo1_0.version from beer_order bo1_0
Hibernate: select count(*) from beer b1_0
Hibernate: select count(*) from customer c1_0
]]></system-out>
    <system-err><![CDATA[WARNING: A Java agent has been loaded dynamically (/home/toniferr/.m2/repository/net/bytebuddy/byte-buddy-agent/1.14.17/byte-buddy-agent-1.14.17.jar)
WARNING: If a serviceability tool is in use, please run with -XX:+EnableDynamicAgentLoading to hide this warning
WARNING: If a serviceability tool is not in use, please run with -Djdk.instrument.traceUsage for more information
WARNING: Dynamic loading of agents will be disallowed by default in a future release
]]></system-err>
  </testcase>
</testsuite>